2024-06-23 23:35:14,066 - Command executed: run.py ./config/degani.json ./config/deganiSys.json --num 10 --iter 10 --postp
2024-06-23 23:35:14,068 - File created: ./output/20240623233514/config/degani_0.json
2024-06-23 23:35:14,069 - File created: ./output/20240623233514/config/deganiSys_0.json
2024-06-23 23:35:14,089 - Starting post-processing for simulation 0
2024-06-23 23:35:14,090 - Starting post-processing
2024-06-23 23:35:14,090 - First blocking state step: None
2024-06-23 23:35:14,090 - Post-processed file saved to: ./output/20240623233514/computed/degani_0/result/degani_0PostProcessed_Result.json
2024-06-23 23:35:14,091 - First file created: 0
2024-06-23 23:35:14,091 - Command executed: run.py ./config/degani.json ./config/deganiSys.json --num 10 --iter 10 --postp
2024-06-23 23:35:14,092 - File created: ./output/20240623233514/config/degani_1.json
2024-06-23 23:35:14,092 - File created: ./output/20240623233514/config/deganiSys_1.json
2024-06-23 23:35:14,113 - Starting post-processing for simulation 1
2024-06-23 23:35:14,113 - Starting post-processing
2024-06-23 23:35:14,113 - First blocking state step: None
2024-06-23 23:35:14,114 - Post-processed file saved to: ./output/20240623233514/computed/degani_1/result/degani_1PostProcessed_Result.json
2024-06-23 23:35:14,114 - Command executed: run.py ./config/degani.json ./config/deganiSys.json --num 10 --iter 10 --postp
2024-06-23 23:35:14,115 - File created: ./output/20240623233514/config/degani_2.json
2024-06-23 23:35:14,116 - File created: ./output/20240623233514/config/deganiSys_2.json
2024-06-23 23:35:14,142 - Starting post-processing for simulation 2
2024-06-23 23:35:14,142 - Starting post-processing
2024-06-23 23:35:14,143 - First blocking state step: None
2024-06-23 23:35:14,144 - Post-processed file saved to: ./output/20240623233514/computed/degani_2/result/degani_2PostProcessed_Result.json
2024-06-23 23:35:14,144 - Command executed: run.py ./config/degani.json ./config/deganiSys.json --num 10 --iter 10 --postp
2024-06-23 23:35:14,146 - File created: ./output/20240623233514/config/degani_3.json
2024-06-23 23:35:14,146 - File created: ./output/20240623233514/config/deganiSys_3.json
2024-06-23 23:35:14,182 - Starting post-processing for simulation 3
2024-06-23 23:35:14,182 - Starting post-processing
2024-06-23 23:35:14,182 - First blocking state step: None
2024-06-23 23:35:14,183 - Post-processed file saved to: ./output/20240623233514/computed/degani_3/result/degani_3PostProcessed_Result.json
2024-06-23 23:35:14,183 - Command executed: run.py ./config/degani.json ./config/deganiSys.json --num 10 --iter 10 --postp
2024-06-23 23:35:14,186 - File created: ./output/20240623233514/config/degani_4.json
2024-06-23 23:35:14,186 - File created: ./output/20240623233514/config/deganiSys_4.json
2024-06-23 23:35:14,225 - Starting post-processing for simulation 4
2024-06-23 23:35:14,225 - Starting post-processing
2024-06-23 23:35:14,225 - First blocking state step: 6
2024-06-23 23:35:14,226 - Post-processed file saved to: ./output/20240623233514/computed/degani_4/result/degani_4PostProcessed_Result.json
2024-06-23 23:35:14,226 - Command executed: run.py ./config/degani.json ./config/deganiSys.json --num 10 --iter 10 --postp
2024-06-23 23:35:14,228 - File created: ./output/20240623233514/config/degani_5.json
2024-06-23 23:35:14,229 - File created: ./output/20240623233514/config/deganiSys_5.json
2024-06-23 23:35:14,264 - Starting post-processing for simulation 5
2024-06-23 23:35:14,264 - Starting post-processing
2024-06-23 23:35:14,264 - First blocking state step: 0
2024-06-23 23:35:14,265 - Post-processed file saved to: ./output/20240623233514/computed/degani_5/result/degani_5PostProcessed_Result.json
2024-06-23 23:35:14,265 - Command executed: run.py ./config/degani.json ./config/deganiSys.json --num 10 --iter 10 --postp
2024-06-23 23:35:14,266 - File created: ./output/20240623233514/config/degani_6.json
2024-06-23 23:35:14,267 - File created: ./output/20240623233514/config/deganiSys_6.json
2024-06-23 23:35:14,295 - Starting post-processing for simulation 6
2024-06-23 23:35:14,295 - Starting post-processing
2024-06-23 23:35:14,295 - First blocking state step: 0
2024-06-23 23:35:14,295 - Post-processed file saved to: ./output/20240623233514/computed/degani_6/result/degani_6PostProcessed_Result.json
2024-06-23 23:35:14,295 - Command executed: run.py ./config/degani.json ./config/deganiSys.json --num 10 --iter 10 --postp
2024-06-23 23:35:14,297 - File created: ./output/20240623233514/config/degani_7.json
2024-06-23 23:35:14,297 - File created: ./output/20240623233514/config/deganiSys_7.json
2024-06-23 23:35:14,364 - Starting post-processing for simulation 7
2024-06-23 23:35:14,364 - Starting post-processing
2024-06-23 23:35:14,365 - First blocking state step: None
2024-06-23 23:35:14,384 - Post-processed file saved to: ./output/20240623233514/computed/degani_7/result/degani_7PostProcessed_Result.json
2024-06-23 23:35:14,384 - Command executed: run.py ./config/degani.json ./config/deganiSys.json --num 10 --iter 10 --postp
2024-06-23 23:35:14,385 - File created: ./output/20240623233514/config/degani_8.json
2024-06-23 23:35:14,386 - File created: ./output/20240623233514/config/deganiSys_8.json
2024-06-23 23:35:14,407 - Starting post-processing for simulation 8
2024-06-23 23:35:14,407 - Starting post-processing
2024-06-23 23:35:14,407 - First blocking state step: None
2024-06-23 23:35:14,408 - Post-processed file saved to: ./output/20240623233514/computed/degani_8/result/degani_8PostProcessed_Result.json
2024-06-23 23:35:14,408 - Command executed: run.py ./config/degani.json ./config/deganiSys.json --num 10 --iter 10 --postp
2024-06-23 23:35:14,409 - File created: ./output/20240623233514/config/degani_9.json
2024-06-23 23:35:14,410 - File created: ./output/20240623233514/config/deganiSys_9.json
2024-06-23 23:35:14,433 - Starting post-processing for simulation 9
2024-06-23 23:35:14,433 - Starting post-processing
2024-06-23 23:35:14,433 - First blocking state step: None
2024-06-23 23:35:14,434 - Post-processed file saved to: ./output/20240623233514/computed/degani_9/result/degani_9PostProcessed_Result.json
2024-06-23 23:35:14,434 - Last file created: 9
