2024-06-17 18:25:51,401 - Command executed: run.py ./config/degani1.json ./config/deganiSys.json --num 10 --iter 100
2024-06-17 18:25:51,423 - File created: ./output/config/degani1_0.json
2024-06-17 18:25:51,424 - File created: ./output/config/deganiSys_0.json
2024-06-17 18:25:51,446 - First file created: 0
2024-06-17 18:25:51,448 - File created: ./output/config/degani1_1.json
2024-06-17 18:25:51,449 - File created: ./output/config/deganiSys_1.json
2024-06-17 18:25:51,474 - File created: ./output/config/degani1_2.json
2024-06-17 18:25:51,475 - File created: ./output/config/deganiSys_2.json
2024-06-17 18:25:51,501 - File created: ./output/config/degani1_3.json
2024-06-17 18:25:51,502 - File created: ./output/config/deganiSys_3.json
2024-06-17 18:25:51,540 - File created: ./output/config/degani1_4.json
2024-06-17 18:25:51,541 - File created: ./output/config/deganiSys_4.json
2024-06-17 18:25:51,584 - File created: ./output/config/degani1_5.json
2024-06-17 18:25:51,585 - File created: ./output/config/deganiSys_5.json
2024-06-17 18:25:51,629 - File created: ./output/config/degani1_6.json
2024-06-17 18:25:51,630 - File created: ./output/config/deganiSys_6.json
2024-06-17 18:25:51,670 - File created: ./output/config/degani1_7.json
2024-06-17 18:25:51,671 - File created: ./output/config/deganiSys_7.json
2024-06-17 18:25:51,699 - File created: ./output/config/degani1_8.json
2024-06-17 18:25:51,700 - File created: ./output/config/deganiSys_8.json
2024-06-17 18:25:51,723 - File created: ./output/config/degani1_9.json
2024-06-17 18:25:51,724 - File created: ./output/config/deganiSys_9.json
2024-06-17 18:25:51,754 - File created: ./output/config/degani1_10.json
2024-06-17 18:25:51,755 - File created: ./output/config/deganiSys_10.json
2024-06-17 18:25:51,778 - File created: ./output/config/degani1_11.json
2024-06-17 18:25:51,779 - File created: ./output/config/deganiSys_11.json
2024-06-17 18:25:51,804 - File created: ./output/config/degani1_12.json
2024-06-17 18:25:51,805 - File created: ./output/config/deganiSys_12.json
2024-06-17 18:25:51,828 - File created: ./output/config/degani1_13.json
2024-06-17 18:25:51,828 - File created: ./output/config/deganiSys_13.json
2024-06-17 18:25:51,851 - File created: ./output/config/degani1_14.json
2024-06-17 18:25:51,852 - File created: ./output/config/deganiSys_14.json
2024-06-17 18:25:51,876 - File created: ./output/config/degani1_15.json
2024-06-17 18:25:51,877 - File created: ./output/config/deganiSys_15.json
2024-06-17 18:25:51,905 - File created: ./output/config/degani1_16.json
2024-06-17 18:25:51,906 - File created: ./output/config/deganiSys_16.json
2024-06-17 18:25:51,935 - File created: ./output/config/degani1_17.json
2024-06-17 18:25:51,935 - File created: ./output/config/deganiSys_17.json
2024-06-17 18:25:51,962 - File created: ./output/config/degani1_18.json
2024-06-17 18:25:51,963 - File created: ./output/config/deganiSys_18.json
2024-06-17 18:25:51,986 - File created: ./output/config/degani1_19.json
2024-06-17 18:25:51,986 - File created: ./output/config/deganiSys_19.json
2024-06-17 18:25:52,009 - File created: ./output/config/degani1_20.json
2024-06-17 18:25:52,010 - File created: ./output/config/deganiSys_20.json
2024-06-17 18:26:37,571 - File created: ./output/config/degani1_21.json
2024-06-17 18:26:37,572 - File created: ./output/config/deganiSys_21.json
2024-06-17 18:26:37,594 - File created: ./output/config/degani1_22.json
2024-06-17 18:26:37,594 - File created: ./output/config/deganiSys_22.json
2024-06-17 18:26:37,616 - File created: ./output/config/degani1_23.json
2024-06-17 18:26:37,617 - File created: ./output/config/deganiSys_23.json
2024-06-17 18:26:37,638 - File created: ./output/config/degani1_24.json
2024-06-17 18:26:37,638 - File created: ./output/config/deganiSys_24.json
2024-06-17 18:26:37,663 - File created: ./output/config/degani1_25.json
2024-06-17 18:26:37,664 - File created: ./output/config/deganiSys_25.json
2024-06-17 18:26:37,695 - File created: ./output/config/degani1_26.json
2024-06-17 18:26:37,696 - File created: ./output/config/deganiSys_26.json
2024-06-17 18:26:37,744 - File created: ./output/config/degani1_27.json
2024-06-17 18:26:37,745 - File created: ./output/config/deganiSys_27.json
2024-06-17 18:26:37,792 - File created: ./output/config/degani1_28.json
2024-06-17 18:26:37,792 - File created: ./output/config/deganiSys_28.json
2024-06-17 18:26:37,822 - File created: ./output/config/degani1_29.json
2024-06-17 18:26:37,823 - File created: ./output/config/deganiSys_29.json
2024-06-17 18:26:37,844 - File created: ./output/config/degani1_30.json
2024-06-17 18:26:37,845 - File created: ./output/config/deganiSys_30.json
2024-06-17 18:26:37,873 - File created: ./output/config/degani1_31.json
2024-06-17 18:26:37,873 - File created: ./output/config/deganiSys_31.json
2024-06-17 18:26:37,894 - File created: ./output/config/degani1_32.json
2024-06-17 18:26:37,895 - File created: ./output/config/deganiSys_32.json
2024-06-17 18:26:37,919 - File created: ./output/config/degani1_33.json
2024-06-17 18:26:37,919 - File created: ./output/config/deganiSys_33.json
2024-06-17 18:26:37,940 - File created: ./output/config/degani1_34.json
2024-06-17 18:26:37,940 - File created: ./output/config/deganiSys_34.json
2024-06-17 18:26:37,966 - File created: ./output/config/degani1_35.json
2024-06-17 18:26:37,967 - File created: ./output/config/deganiSys_35.json
2024-06-17 18:26:37,987 - File created: ./output/config/degani1_36.json
2024-06-17 18:26:37,988 - File created: ./output/config/deganiSys_36.json
2024-06-17 18:26:38,011 - File created: ./output/config/degani1_37.json
2024-06-17 18:26:38,012 - File created: ./output/config/deganiSys_37.json
2024-06-17 18:26:38,033 - File created: ./output/config/degani1_38.json
2024-06-17 18:26:38,034 - File created: ./output/config/deganiSys_38.json
2024-06-17 18:26:38,054 - File created: ./output/config/degani1_39.json
2024-06-17 18:26:38,055 - File created: ./output/config/deganiSys_39.json
2024-06-17 18:26:38,076 - File created: ./output/config/degani1_40.json
2024-06-17 18:26:38,076 - File created: ./output/config/deganiSys_40.json
2024-06-17 18:26:38,097 - File created: ./output/config/degani1_41.json
2024-06-17 18:26:38,098 - File created: ./output/config/deganiSys_41.json
2024-06-17 18:26:38,121 - File created: ./output/config/degani1_42.json
2024-06-17 18:26:38,121 - File created: ./output/config/deganiSys_42.json
2024-06-17 18:26:38,141 - File created: ./output/config/degani1_43.json
2024-06-17 18:26:38,142 - File created: ./output/config/deganiSys_43.json
2024-06-17 18:26:38,164 - File created: ./output/config/degani1_44.json
2024-06-17 18:26:38,165 - File created: ./output/config/deganiSys_44.json
2024-06-17 18:26:38,186 - File created: ./output/config/degani1_45.json
2024-06-17 18:26:38,186 - File created: ./output/config/deganiSys_45.json
2024-06-17 18:26:38,210 - File created: ./output/config/degani1_46.json
2024-06-17 18:26:38,211 - File created: ./output/config/deganiSys_46.json
2024-06-17 18:26:38,233 - File created: ./output/config/degani1_47.json
2024-06-17 18:26:38,233 - File created: ./output/config/deganiSys_47.json
2024-06-17 18:26:38,254 - File created: ./output/config/degani1_48.json
2024-06-17 18:26:38,254 - File created: ./output/config/deganiSys_48.json
2024-06-17 18:26:38,276 - File created: ./output/config/degani1_49.json
2024-06-17 18:26:38,277 - File created: ./output/config/deganiSys_49.json
2024-06-17 18:26:38,298 - File created: ./output/config/degani1_50.json
2024-06-17 18:26:38,298 - File created: ./output/config/deganiSys_50.json
2024-06-17 18:26:38,319 - File created: ./output/config/degani1_51.json
2024-06-17 18:26:38,320 - File created: ./output/config/deganiSys_51.json
2024-06-17 18:26:38,341 - File created: ./output/config/degani1_52.json
2024-06-17 18:26:38,341 - File created: ./output/config/deganiSys_52.json
2024-06-17 18:26:38,362 - File created: ./output/config/degani1_53.json
2024-06-17 18:26:38,363 - File created: ./output/config/deganiSys_53.json
2024-06-17 18:26:38,384 - File created: ./output/config/degani1_54.json
2024-06-17 18:26:38,384 - File created: ./output/config/deganiSys_54.json
2024-06-17 18:26:38,406 - File created: ./output/config/degani1_55.json
2024-06-17 18:26:38,406 - File created: ./output/config/deganiSys_55.json
2024-06-17 18:26:38,429 - File created: ./output/config/degani1_56.json
2024-06-17 18:26:38,430 - File created: ./output/config/deganiSys_56.json
2024-06-17 18:26:38,452 - File created: ./output/config/degani1_57.json
2024-06-17 18:26:38,452 - File created: ./output/config/deganiSys_57.json
2024-06-17 18:26:38,478 - File created: ./output/config/degani1_58.json
2024-06-17 18:26:38,479 - File created: ./output/config/deganiSys_58.json
2024-06-17 18:26:38,500 - File created: ./output/config/degani1_59.json
2024-06-17 18:26:38,500 - File created: ./output/config/deganiSys_59.json
2024-06-17 18:26:38,529 - File created: ./output/config/degani1_60.json
2024-06-17 18:26:38,529 - File created: ./output/config/deganiSys_60.json
2024-06-17 18:26:38,551 - File created: ./output/config/degani1_61.json
2024-06-17 18:26:38,551 - File created: ./output/config/deganiSys_61.json
2024-06-17 18:26:38,579 - File created: ./output/config/degani1_62.json
2024-06-17 18:26:38,579 - File created: ./output/config/deganiSys_62.json
2024-06-17 18:26:38,603 - File created: ./output/config/degani1_63.json
2024-06-17 18:26:38,604 - File created: ./output/config/deganiSys_63.json
2024-06-17 18:26:38,647 - File created: ./output/config/degani1_64.json
2024-06-17 18:26:38,648 - File created: ./output/config/deganiSys_64.json
2024-06-17 18:26:38,679 - File created: ./output/config/degani1_65.json
2024-06-17 18:26:38,679 - File created: ./output/config/deganiSys_65.json
2024-06-17 18:26:38,702 - File created: ./output/config/degani1_66.json
2024-06-17 18:26:38,703 - File created: ./output/config/deganiSys_66.json
2024-06-17 18:26:38,729 - File created: ./output/config/degani1_67.json
2024-06-17 18:26:38,730 - File created: ./output/config/deganiSys_67.json
2024-06-17 18:26:38,750 - File created: ./output/config/degani1_68.json
2024-06-17 18:26:38,751 - File created: ./output/config/deganiSys_68.json
2024-06-17 18:26:38,781 - File created: ./output/config/degani1_69.json
2024-06-17 18:26:38,781 - File created: ./output/config/deganiSys_69.json
2024-06-17 18:26:38,803 - File created: ./output/config/degani1_70.json
2024-06-17 18:26:38,805 - File created: ./output/config/deganiSys_70.json
2024-06-17 18:26:38,831 - File created: ./output/config/degani1_71.json
2024-06-17 18:26:38,832 - File created: ./output/config/deganiSys_71.json
2024-06-17 18:26:38,855 - File created: ./output/config/degani1_72.json
2024-06-17 18:26:38,856 - File created: ./output/config/deganiSys_72.json
2024-06-17 18:26:38,883 - File created: ./output/config/degani1_73.json
2024-06-17 18:26:38,884 - File created: ./output/config/deganiSys_73.json
2024-06-17 18:26:38,908 - File created: ./output/config/degani1_74.json
2024-06-17 18:26:38,909 - File created: ./output/config/deganiSys_74.json
2024-06-17 18:26:38,934 - File created: ./output/config/degani1_75.json
2024-06-17 18:26:38,935 - File created: ./output/config/deganiSys_75.json
2024-06-17 18:26:38,961 - File created: ./output/config/degani1_76.json
2024-06-17 18:26:38,962 - File created: ./output/config/deganiSys_76.json
2024-06-17 18:26:38,987 - File created: ./output/config/degani1_77.json
2024-06-17 18:26:38,988 - File created: ./output/config/deganiSys_77.json
2024-06-17 18:26:39,020 - File created: ./output/config/degani1_78.json
2024-06-17 18:26:39,020 - File created: ./output/config/deganiSys_78.json
2024-06-17 18:26:39,042 - File created: ./output/config/degani1_79.json
2024-06-17 18:26:39,042 - File created: ./output/config/deganiSys_79.json
2024-06-17 18:26:39,071 - File created: ./output/config/degani1_80.json
2024-06-17 18:26:39,072 - File created: ./output/config/deganiSys_80.json
2024-06-17 18:26:39,092 - File created: ./output/config/degani1_81.json
2024-06-17 18:26:39,092 - File created: ./output/config/deganiSys_81.json
2024-06-17 18:26:39,121 - File created: ./output/config/degani1_82.json
2024-06-17 18:26:39,121 - File created: ./output/config/deganiSys_82.json
2024-06-17 18:26:39,143 - File created: ./output/config/degani1_83.json
2024-06-17 18:26:39,143 - File created: ./output/config/deganiSys_83.json
2024-06-17 18:26:39,171 - File created: ./output/config/degani1_84.json
2024-06-17 18:26:39,172 - File created: ./output/config/deganiSys_84.json
2024-06-17 18:26:39,193 - File created: ./output/config/degani1_85.json
2024-06-17 18:26:39,193 - File created: ./output/config/deganiSys_85.json
2024-06-17 18:26:39,223 - File created: ./output/config/degani1_86.json
2024-06-17 18:26:39,224 - File created: ./output/config/deganiSys_86.json
2024-06-17 18:26:39,246 - File created: ./output/config/degani1_87.json
2024-06-17 18:26:39,247 - File created: ./output/config/deganiSys_87.json
2024-06-17 18:26:39,277 - File created: ./output/config/degani1_88.json
2024-06-17 18:26:39,277 - File created: ./output/config/deganiSys_88.json
2024-06-17 18:26:39,300 - File created: ./output/config/degani1_89.json
2024-06-17 18:26:39,300 - File created: ./output/config/deganiSys_89.json
2024-06-17 18:26:39,330 - File created: ./output/config/degani1_90.json
2024-06-17 18:26:39,330 - File created: ./output/config/deganiSys_90.json
2024-06-17 18:26:39,351 - File created: ./output/config/degani1_91.json
2024-06-17 18:26:39,352 - File created: ./output/config/deganiSys_91.json
2024-06-17 18:26:39,379 - File created: ./output/config/degani1_92.json
2024-06-17 18:26:39,380 - File created: ./output/config/deganiSys_92.json
2024-06-17 18:26:39,400 - File created: ./output/config/degani1_93.json
2024-06-17 18:26:39,401 - File created: ./output/config/deganiSys_93.json
2024-06-17 18:26:39,428 - File created: ./output/config/degani1_94.json
2024-06-17 18:26:39,429 - File created: ./output/config/deganiSys_94.json
2024-06-17 18:26:39,450 - File created: ./output/config/degani1_95.json
2024-06-17 18:26:39,450 - File created: ./output/config/deganiSys_95.json
2024-06-17 18:26:39,476 - File created: ./output/config/degani1_96.json
2024-06-17 18:26:39,476 - File created: ./output/config/deganiSys_96.json
2024-06-17 18:26:39,497 - File created: ./output/config/degani1_97.json
2024-06-17 18:26:39,498 - File created: ./output/config/deganiSys_97.json
2024-06-17 18:26:39,520 - File created: ./output/config/degani1_98.json
2024-06-17 18:26:39,521 - File created: ./output/config/deganiSys_98.json
2024-06-17 18:26:39,543 - File created: ./output/config/degani1_99.json
2024-06-17 18:26:39,544 - File created: ./output/config/deganiSys_99.json
2024-06-17 18:26:39,564 - Last file created: 99
