2024-07-18 13:31:50,199 - Command executed: run.py /Users/angelcui/Documents/GitHub/FMMFSM_simulator/FMMFSM_analyzer_Tl/config/file.json /Users/angelcui/Documents/GitHub/FMMFSM_simulator/FMMFSM_analyzer_Tl/config/fileSys.json --num 10 --iter 20 --postp
2024-07-18 13:31:50,201 - File created: ./output/20240718133150/config/file_0.json
2024-07-18 13:31:50,202 - File created: ./output/20240718133150/config/fileSys_0.json
2024-07-18 13:31:50,304 - Starting post-processing for simulation 0
2024-07-18 13:31:50,304 - Starting post-processing
2024-07-18 13:31:50,304 - First blocking state step: None
2024-07-18 13:31:50,305 - Post-processed file saved to: ./output/20240718133150/computed/file_0/result/file_0PostProcessed_Result.json
2024-07-18 13:31:50,305 - First file created: 0
2024-07-18 13:31:50,306 - File created: ./output/20240718133150/config/file_1.json
2024-07-18 13:31:50,307 - File created: ./output/20240718133150/config/fileSys_1.json
2024-07-18 13:31:50,351 - Starting post-processing for simulation 1
2024-07-18 13:31:50,351 - Starting post-processing
2024-07-18 13:31:50,351 - First blocking state step: None
2024-07-18 13:31:50,352 - Post-processed file saved to: ./output/20240718133150/computed/file_1/result/file_1PostProcessed_Result.json
2024-07-18 13:31:50,352 - File created: ./output/20240718133150/config/file_2.json
2024-07-18 13:31:50,353 - File created: ./output/20240718133150/config/fileSys_2.json
2024-07-18 13:31:50,397 - Starting post-processing for simulation 2
2024-07-18 13:31:50,397 - Starting post-processing
2024-07-18 13:31:50,398 - First blocking state step: None
2024-07-18 13:31:50,398 - Post-processed file saved to: ./output/20240718133150/computed/file_2/result/file_2PostProcessed_Result.json
2024-07-18 13:31:50,399 - File created: ./output/20240718133150/config/file_3.json
2024-07-18 13:31:50,400 - File created: ./output/20240718133150/config/fileSys_3.json
2024-07-18 13:31:50,459 - Starting post-processing for simulation 3
2024-07-18 13:31:50,459 - Starting post-processing
2024-07-18 13:31:50,459 - First blocking state step: None
2024-07-18 13:31:50,460 - Post-processed file saved to: ./output/20240718133150/computed/file_3/result/file_3PostProcessed_Result.json
2024-07-18 13:31:50,461 - File created: ./output/20240718133150/config/file_4.json
2024-07-18 13:31:50,461 - File created: ./output/20240718133150/config/fileSys_4.json
2024-07-18 13:31:50,528 - Starting post-processing for simulation 4
2024-07-18 13:31:50,528 - Starting post-processing
2024-07-18 13:31:50,528 - First blocking state step: None
2024-07-18 13:31:50,529 - Post-processed file saved to: ./output/20240718133150/computed/file_4/result/file_4PostProcessed_Result.json
2024-07-18 13:31:50,530 - File created: ./output/20240718133150/config/file_5.json
2024-07-18 13:31:50,530 - File created: ./output/20240718133150/config/fileSys_5.json
2024-07-18 13:31:50,582 - Starting post-processing for simulation 5
2024-07-18 13:31:50,583 - Starting post-processing
2024-07-18 13:31:50,583 - First blocking state step: None
2024-07-18 13:31:50,583 - Post-processed file saved to: ./output/20240718133150/computed/file_5/result/file_5PostProcessed_Result.json
2024-07-18 13:31:50,584 - File created: ./output/20240718133150/config/file_6.json
2024-07-18 13:31:50,585 - File created: ./output/20240718133150/config/fileSys_6.json
2024-07-18 13:31:50,631 - Starting post-processing for simulation 6
2024-07-18 13:31:50,631 - Starting post-processing
2024-07-18 13:31:50,631 - First blocking state step: None
2024-07-18 13:31:50,631 - Post-processed file saved to: ./output/20240718133150/computed/file_6/result/file_6PostProcessed_Result.json
2024-07-18 13:31:50,632 - File created: ./output/20240718133150/config/file_7.json
2024-07-18 13:31:50,633 - File created: ./output/20240718133150/config/fileSys_7.json
2024-07-18 13:31:50,682 - Starting post-processing for simulation 7
2024-07-18 13:31:50,682 - Starting post-processing
2024-07-18 13:31:50,682 - First blocking state step: None
2024-07-18 13:31:50,683 - Post-processed file saved to: ./output/20240718133150/computed/file_7/result/file_7PostProcessed_Result.json
2024-07-18 13:31:50,684 - File created: ./output/20240718133150/config/file_8.json
2024-07-18 13:31:50,684 - File created: ./output/20240718133150/config/fileSys_8.json
2024-07-18 13:31:50,735 - Starting post-processing for simulation 8
2024-07-18 13:31:50,735 - Starting post-processing
2024-07-18 13:31:50,735 - First blocking state step: None
2024-07-18 13:31:50,736 - Post-processed file saved to: ./output/20240718133150/computed/file_8/result/file_8PostProcessed_Result.json
2024-07-18 13:31:50,737 - File created: ./output/20240718133150/config/file_9.json
2024-07-18 13:31:50,737 - File created: ./output/20240718133150/config/fileSys_9.json
2024-07-18 13:31:50,784 - Starting post-processing for simulation 9
2024-07-18 13:31:50,784 - Starting post-processing
2024-07-18 13:31:50,784 - First blocking state step: None
2024-07-18 13:31:50,785 - Post-processed file saved to: ./output/20240718133150/computed/file_9/result/file_9PostProcessed_Result.json
2024-07-18 13:31:50,786 - File created: ./output/20240718133150/config/file_10.json
2024-07-18 13:31:50,786 - File created: ./output/20240718133150/config/fileSys_10.json
2024-07-18 13:31:50,833 - Starting post-processing for simulation 10
2024-07-18 13:31:50,833 - Starting post-processing
2024-07-18 13:31:50,833 - First blocking state step: None
2024-07-18 13:31:50,833 - Post-processed file saved to: ./output/20240718133150/computed/file_10/result/file_10PostProcessed_Result.json
2024-07-18 13:31:50,834 - File created: ./output/20240718133150/config/file_11.json
2024-07-18 13:31:50,835 - File created: ./output/20240718133150/config/fileSys_11.json
2024-07-18 13:31:50,879 - Starting post-processing for simulation 11
2024-07-18 13:31:50,879 - Starting post-processing
2024-07-18 13:31:50,879 - First blocking state step: None
2024-07-18 13:31:50,879 - Post-processed file saved to: ./output/20240718133150/computed/file_11/result/file_11PostProcessed_Result.json
2024-07-18 13:31:50,880 - File created: ./output/20240718133150/config/file_12.json
2024-07-18 13:31:50,881 - File created: ./output/20240718133150/config/fileSys_12.json
2024-07-18 13:31:50,965 - Starting post-processing for simulation 12
2024-07-18 13:31:50,965 - Starting post-processing
2024-07-18 13:31:50,966 - First blocking state step: None
2024-07-18 13:31:50,974 - Post-processed file saved to: ./output/20240718133150/computed/file_12/result/file_12PostProcessed_Result.json
2024-07-18 13:31:50,976 - File created: ./output/20240718133150/config/file_13.json
2024-07-18 13:31:50,976 - File created: ./output/20240718133150/config/fileSys_13.json
2024-07-18 13:31:51,063 - Starting post-processing for simulation 13
2024-07-18 13:31:51,063 - Starting post-processing
2024-07-18 13:31:51,063 - First blocking state step: None
2024-07-18 13:31:51,063 - Post-processed file saved to: ./output/20240718133150/computed/file_13/result/file_13PostProcessed_Result.json
2024-07-18 13:31:51,064 - File created: ./output/20240718133150/config/file_14.json
2024-07-18 13:31:51,065 - File created: ./output/20240718133150/config/fileSys_14.json
2024-07-18 13:31:51,129 - Starting post-processing for simulation 14
2024-07-18 13:31:51,129 - Starting post-processing
2024-07-18 13:31:51,129 - First blocking state step: None
2024-07-18 13:31:51,131 - Post-processed file saved to: ./output/20240718133150/computed/file_14/result/file_14PostProcessed_Result.json
2024-07-18 13:31:51,132 - File created: ./output/20240718133150/config/file_15.json
2024-07-18 13:31:51,133 - File created: ./output/20240718133150/config/fileSys_15.json
2024-07-18 13:31:51,203 - Starting post-processing for simulation 15
2024-07-18 13:31:51,203 - Starting post-processing
2024-07-18 13:31:51,203 - First blocking state step: None
2024-07-18 13:31:51,203 - Post-processed file saved to: ./output/20240718133150/computed/file_15/result/file_15PostProcessed_Result.json
2024-07-18 13:31:51,205 - File created: ./output/20240718133150/config/file_16.json
2024-07-18 13:31:51,206 - File created: ./output/20240718133150/config/fileSys_16.json
2024-07-18 13:31:51,258 - Starting post-processing for simulation 16
2024-07-18 13:31:51,258 - Starting post-processing
2024-07-18 13:31:51,259 - First blocking state step: None
2024-07-18 13:31:51,260 - Post-processed file saved to: ./output/20240718133150/computed/file_16/result/file_16PostProcessed_Result.json
2024-07-18 13:31:51,261 - File created: ./output/20240718133150/config/file_17.json
2024-07-18 13:31:51,262 - File created: ./output/20240718133150/config/fileSys_17.json
2024-07-18 13:31:51,317 - Starting post-processing for simulation 17
2024-07-18 13:31:51,317 - Starting post-processing
2024-07-18 13:31:51,317 - First blocking state step: None
2024-07-18 13:31:51,318 - Post-processed file saved to: ./output/20240718133150/computed/file_17/result/file_17PostProcessed_Result.json
2024-07-18 13:31:51,319 - File created: ./output/20240718133150/config/file_18.json
2024-07-18 13:31:51,319 - File created: ./output/20240718133150/config/fileSys_18.json
2024-07-18 13:31:51,374 - Starting post-processing for simulation 18
2024-07-18 13:31:51,374 - Starting post-processing
2024-07-18 13:31:51,374 - First blocking state step: None
2024-07-18 13:31:51,375 - Post-processed file saved to: ./output/20240718133150/computed/file_18/result/file_18PostProcessed_Result.json
2024-07-18 13:31:51,376 - File created: ./output/20240718133150/config/file_19.json
2024-07-18 13:31:51,376 - File created: ./output/20240718133150/config/fileSys_19.json
2024-07-18 13:31:51,427 - Starting post-processing for simulation 19
2024-07-18 13:31:51,427 - Starting post-processing
2024-07-18 13:31:51,427 - First blocking state step: None
2024-07-18 13:31:51,428 - Post-processed file saved to: ./output/20240718133150/computed/file_19/result/file_19PostProcessed_Result.json
2024-07-18 13:31:51,429 - Last file created: 19
