2024-07-18 14:54:27,090 - Command executed: run.py /Users/angelcui/Documents/GitHub/FMMFSM_simulator/FMMFSM_analyzer_Tl/config/file2.json /Users/angelcui/Documents/GitHub/FMMFSM_simulator/FMMFSM_analyzer_Tl/config/fileSys.json --num 10 --iter 10 --postp
2024-07-18 14:54:27,092 - File created: ./output/20240718145427/config/file2_0.json
2024-07-18 14:54:27,092 - File created: ./output/20240718145427/config/fileSys_0.json
2024-07-18 14:54:27,149 - Starting post-processing for simulation 0
2024-07-18 14:54:27,149 - Starting post-processing
2024-07-18 14:54:27,149 - First blocking state step: None
2024-07-18 14:54:27,150 - Post-processed file saved to: ./output/20240718145427/computed/file2_0/result/file2_0PostProcessed_Result.json
2024-07-18 14:54:27,150 - First file created: 0
2024-07-18 14:54:27,152 - File created: ./output/20240718145427/config/file2_1.json
2024-07-18 14:54:27,152 - File created: ./output/20240718145427/config/fileSys_1.json
2024-07-18 14:54:27,211 - Starting post-processing for simulation 1
2024-07-18 14:54:27,211 - Starting post-processing
2024-07-18 14:54:27,211 - First blocking state step: None
2024-07-18 14:54:27,211 - Post-processed file saved to: ./output/20240718145427/computed/file2_1/result/file2_1PostProcessed_Result.json
2024-07-18 14:54:27,213 - File created: ./output/20240718145427/config/file2_2.json
2024-07-18 14:54:27,213 - File created: ./output/20240718145427/config/fileSys_2.json
2024-07-18 14:54:27,285 - Starting post-processing for simulation 2
2024-07-18 14:54:27,286 - Starting post-processing
2024-07-18 14:54:27,286 - First blocking state step: None
2024-07-18 14:54:27,286 - Post-processed file saved to: ./output/20240718145427/computed/file2_2/result/file2_2PostProcessed_Result.json
2024-07-18 14:54:27,287 - File created: ./output/20240718145427/config/file2_3.json
2024-07-18 14:54:27,288 - File created: ./output/20240718145427/config/fileSys_3.json
2024-07-18 14:54:27,350 - Starting post-processing for simulation 3
2024-07-18 14:54:27,350 - Starting post-processing
2024-07-18 14:54:27,351 - First blocking state step: None
2024-07-18 14:54:27,352 - Post-processed file saved to: ./output/20240718145427/computed/file2_3/result/file2_3PostProcessed_Result.json
2024-07-18 14:54:27,353 - File created: ./output/20240718145427/config/file2_4.json
2024-07-18 14:54:27,354 - File created: ./output/20240718145427/config/fileSys_4.json
2024-07-18 14:54:27,439 - Starting post-processing for simulation 4
2024-07-18 14:54:27,439 - Starting post-processing
2024-07-18 14:54:27,439 - First blocking state step: None
2024-07-18 14:54:27,440 - Post-processed file saved to: ./output/20240718145427/computed/file2_4/result/file2_4PostProcessed_Result.json
2024-07-18 14:54:27,442 - File created: ./output/20240718145427/config/file2_5.json
2024-07-18 14:54:27,443 - File created: ./output/20240718145427/config/fileSys_5.json
2024-07-18 14:54:27,509 - Starting post-processing for simulation 5
2024-07-18 14:54:27,509 - Starting post-processing
2024-07-18 14:54:27,510 - First blocking state step: None
2024-07-18 14:54:27,510 - Post-processed file saved to: ./output/20240718145427/computed/file2_5/result/file2_5PostProcessed_Result.json
2024-07-18 14:54:27,511 - File created: ./output/20240718145427/config/file2_6.json
2024-07-18 14:54:27,512 - File created: ./output/20240718145427/config/fileSys_6.json
2024-07-18 14:54:27,573 - Starting post-processing for simulation 6
2024-07-18 14:54:27,573 - Starting post-processing
2024-07-18 14:54:27,573 - First blocking state step: None
2024-07-18 14:54:27,574 - Post-processed file saved to: ./output/20240718145427/computed/file2_6/result/file2_6PostProcessed_Result.json
2024-07-18 14:54:27,575 - File created: ./output/20240718145427/config/file2_7.json
2024-07-18 14:54:27,576 - File created: ./output/20240718145427/config/fileSys_7.json
2024-07-18 14:54:27,645 - Starting post-processing for simulation 7
2024-07-18 14:54:27,645 - Starting post-processing
2024-07-18 14:54:27,646 - First blocking state step: None
2024-07-18 14:54:27,646 - Post-processed file saved to: ./output/20240718145427/computed/file2_7/result/file2_7PostProcessed_Result.json
2024-07-18 14:54:27,647 - File created: ./output/20240718145427/config/file2_8.json
2024-07-18 14:54:27,648 - File created: ./output/20240718145427/config/fileSys_8.json
2024-07-18 14:54:27,702 - Starting post-processing for simulation 8
2024-07-18 14:54:27,702 - Starting post-processing
2024-07-18 14:54:27,702 - First blocking state step: None
2024-07-18 14:54:27,703 - Post-processed file saved to: ./output/20240718145427/computed/file2_8/result/file2_8PostProcessed_Result.json
2024-07-18 14:54:27,704 - File created: ./output/20240718145427/config/file2_9.json
2024-07-18 14:54:27,705 - File created: ./output/20240718145427/config/fileSys_9.json
2024-07-18 14:54:27,775 - Starting post-processing for simulation 9
2024-07-18 14:54:27,775 - Starting post-processing
2024-07-18 14:54:27,776 - First blocking state step: None
2024-07-18 14:54:27,776 - Post-processed file saved to: ./output/20240718145427/computed/file2_9/result/file2_9PostProcessed_Result.json
2024-07-18 14:54:27,777 - Last file created: 9
