2024-08-02 15:09:00,638 - Command executed: run.py /Users/angelcui/Documents/GitHub/FMMFSM_simulator/FMMFSM_analyzer_Tl/config/file4.json /Users/angelcui/Documents/GitHub/FMMFSM_simulator/FMMFSM_analyzer_Tl/config/file4Sys.json --num 10 --iter 100 --tl --postp
2024-08-02 15:09:00,640 - File created: ./FMMFSM_analyzer_Tl/output/20240802150900/config/file4_0.json
2024-08-02 15:09:00,641 - File created: ./FMMFSM_analyzer_Tl/output/20240802150900/config/file4Sys_0.json
2024-08-02 15:09:00,685 - Starting post-processing for simulation 0
2024-08-02 15:09:00,685 - Starting post-processing
2024-08-02 15:09:00,685 - First blocking state step: 9
2024-08-02 15:09:00,685 - Post-processed file saved to: ./FMMFSM_analyzer_Tl/output/20240802150900/computed/file4_0/result/file4_0PostProcessed_Result.json
2024-08-02 15:09:00,686 - First file created: 0
2024-08-02 15:09:00,687 - File created: ./FMMFSM_analyzer_Tl/output/20240802150900/config/file4_1.json
2024-08-02 15:09:00,687 - File created: ./FMMFSM_analyzer_Tl/output/20240802150900/config/file4Sys_1.json
2024-08-02 15:09:00,731 - Starting post-processing for simulation 1
2024-08-02 15:09:00,731 - Starting post-processing
2024-08-02 15:09:00,731 - First blocking state step: None
2024-08-02 15:09:00,731 - Post-processed file saved to: ./FMMFSM_analyzer_Tl/output/20240802150900/computed/file4_1/result/file4_1PostProcessed_Result.json
2024-08-02 15:09:00,733 - File created: ./FMMFSM_analyzer_Tl/output/20240802150900/config/file4_2.json
2024-08-02 15:09:00,733 - File created: ./FMMFSM_analyzer_Tl/output/20240802150900/config/file4Sys_2.json
2024-08-02 15:09:00,790 - Starting post-processing for simulation 2
2024-08-02 15:09:00,791 - Starting post-processing
2024-08-02 15:09:00,791 - First blocking state step: None
2024-08-02 15:09:00,791 - Post-processed file saved to: ./FMMFSM_analyzer_Tl/output/20240802150900/computed/file4_2/result/file4_2PostProcessed_Result.json
2024-08-02 15:09:00,792 - File created: ./FMMFSM_analyzer_Tl/output/20240802150900/config/file4_3.json
2024-08-02 15:09:00,793 - File created: ./FMMFSM_analyzer_Tl/output/20240802150900/config/file4Sys_3.json
2024-08-02 15:09:00,859 - Starting post-processing for simulation 3
2024-08-02 15:09:00,859 - Starting post-processing
2024-08-02 15:09:00,860 - First blocking state step: 4
2024-08-02 15:09:00,861 - Post-processed file saved to: ./FMMFSM_analyzer_Tl/output/20240802150900/computed/file4_3/result/file4_3PostProcessed_Result.json
2024-08-02 15:09:00,862 - File created: ./FMMFSM_analyzer_Tl/output/20240802150900/config/file4_4.json
2024-08-02 15:09:00,863 - File created: ./FMMFSM_analyzer_Tl/output/20240802150900/config/file4Sys_4.json
2024-08-02 15:09:00,924 - Starting post-processing for simulation 4
2024-08-02 15:09:00,925 - Starting post-processing
2024-08-02 15:09:00,926 - First blocking state step: None
2024-08-02 15:09:00,927 - Post-processed file saved to: ./FMMFSM_analyzer_Tl/output/20240802150900/computed/file4_4/result/file4_4PostProcessed_Result.json
2024-08-02 15:09:00,928 - File created: ./FMMFSM_analyzer_Tl/output/20240802150900/config/file4_5.json
2024-08-02 15:09:00,929 - File created: ./FMMFSM_analyzer_Tl/output/20240802150900/config/file4Sys_5.json
2024-08-02 15:09:01,103 - Starting post-processing for simulation 5
2024-08-02 15:09:01,103 - Starting post-processing
2024-08-02 15:09:01,103 - First blocking state step: None
2024-08-02 15:09:01,104 - Post-processed file saved to: ./FMMFSM_analyzer_Tl/output/20240802150900/computed/file4_5/result/file4_5PostProcessed_Result.json
2024-08-02 15:09:01,105 - File created: ./FMMFSM_analyzer_Tl/output/20240802150900/config/file4_6.json
2024-08-02 15:09:01,106 - File created: ./FMMFSM_analyzer_Tl/output/20240802150900/config/file4Sys_6.json
2024-08-02 15:09:01,155 - Starting post-processing for simulation 6
2024-08-02 15:09:01,155 - Starting post-processing
2024-08-02 15:09:01,156 - First blocking state step: None
2024-08-02 15:09:01,156 - Post-processed file saved to: ./FMMFSM_analyzer_Tl/output/20240802150900/computed/file4_6/result/file4_6PostProcessed_Result.json
2024-08-02 15:09:01,157 - File created: ./FMMFSM_analyzer_Tl/output/20240802150900/config/file4_7.json
2024-08-02 15:09:01,158 - File created: ./FMMFSM_analyzer_Tl/output/20240802150900/config/file4Sys_7.json
2024-08-02 15:09:01,211 - Starting post-processing for simulation 7
2024-08-02 15:09:01,212 - Starting post-processing
2024-08-02 15:09:01,212 - First blocking state step: None
2024-08-02 15:09:01,213 - Post-processed file saved to: ./FMMFSM_analyzer_Tl/output/20240802150900/computed/file4_7/result/file4_7PostProcessed_Result.json
2024-08-02 15:09:01,214 - File created: ./FMMFSM_analyzer_Tl/output/20240802150900/config/file4_8.json
2024-08-02 15:09:01,215 - File created: ./FMMFSM_analyzer_Tl/output/20240802150900/config/file4Sys_8.json
2024-08-02 15:09:01,307 - Starting post-processing for simulation 8
2024-08-02 15:09:01,307 - Starting post-processing
2024-08-02 15:09:01,307 - First blocking state step: None
2024-08-02 15:09:01,308 - Post-processed file saved to: ./FMMFSM_analyzer_Tl/output/20240802150900/computed/file4_8/result/file4_8PostProcessed_Result.json
2024-08-02 15:09:01,310 - File created: ./FMMFSM_analyzer_Tl/output/20240802150900/config/file4_9.json
2024-08-02 15:09:01,311 - File created: ./FMMFSM_analyzer_Tl/output/20240802150900/config/file4Sys_9.json
2024-08-02 15:09:01,390 - Starting post-processing for simulation 9
2024-08-02 15:09:01,390 - Starting post-processing
2024-08-02 15:09:01,391 - First blocking state step: None
2024-08-02 15:09:01,391 - Post-processed file saved to: ./FMMFSM_analyzer_Tl/output/20240802150900/computed/file4_9/result/file4_9PostProcessed_Result.json
2024-08-02 15:09:01,393 - File created: ./FMMFSM_analyzer_Tl/output/20240802150900/config/file4_10.json
2024-08-02 15:09:01,393 - File created: ./FMMFSM_analyzer_Tl/output/20240802150900/config/file4Sys_10.json
2024-08-02 15:09:01,468 - Starting post-processing for simulation 10
2024-08-02 15:09:01,468 - Starting post-processing
2024-08-02 15:09:01,468 - First blocking state step: 3
2024-08-02 15:09:01,469 - Post-processed file saved to: ./FMMFSM_analyzer_Tl/output/20240802150900/computed/file4_10/result/file4_10PostProcessed_Result.json
2024-08-02 15:09:01,470 - File created: ./FMMFSM_analyzer_Tl/output/20240802150900/config/file4_11.json
2024-08-02 15:09:01,470 - File created: ./FMMFSM_analyzer_Tl/output/20240802150900/config/file4Sys_11.json
2024-08-02 15:09:01,521 - Starting post-processing for simulation 11
2024-08-02 15:09:01,521 - Starting post-processing
2024-08-02 15:09:01,522 - First blocking state step: None
2024-08-02 15:09:01,522 - Post-processed file saved to: ./FMMFSM_analyzer_Tl/output/20240802150900/computed/file4_11/result/file4_11PostProcessed_Result.json
2024-08-02 15:09:01,523 - File created: ./FMMFSM_analyzer_Tl/output/20240802150900/config/file4_12.json
2024-08-02 15:09:01,523 - File created: ./FMMFSM_analyzer_Tl/output/20240802150900/config/file4Sys_12.json
2024-08-02 15:09:01,570 - Starting post-processing for simulation 12
2024-08-02 15:09:01,570 - Starting post-processing
2024-08-02 15:09:01,571 - First blocking state step: 3
2024-08-02 15:09:01,571 - Post-processed file saved to: ./FMMFSM_analyzer_Tl/output/20240802150900/computed/file4_12/result/file4_12PostProcessed_Result.json
2024-08-02 15:09:01,572 - File created: ./FMMFSM_analyzer_Tl/output/20240802150900/config/file4_13.json
2024-08-02 15:09:01,573 - File created: ./FMMFSM_analyzer_Tl/output/20240802150900/config/file4Sys_13.json
2024-08-02 15:09:01,620 - Starting post-processing for simulation 13
2024-08-02 15:09:01,620 - Starting post-processing
2024-08-02 15:09:01,620 - First blocking state step: None
2024-08-02 15:09:01,620 - Post-processed file saved to: ./FMMFSM_analyzer_Tl/output/20240802150900/computed/file4_13/result/file4_13PostProcessed_Result.json
2024-08-02 15:09:01,621 - File created: ./FMMFSM_analyzer_Tl/output/20240802150900/config/file4_14.json
2024-08-02 15:09:01,622 - File created: ./FMMFSM_analyzer_Tl/output/20240802150900/config/file4Sys_14.json
2024-08-02 15:09:01,671 - Starting post-processing for simulation 14
2024-08-02 15:09:01,671 - Starting post-processing
2024-08-02 15:09:01,671 - First blocking state step: 4
2024-08-02 15:09:01,672 - Post-processed file saved to: ./FMMFSM_analyzer_Tl/output/20240802150900/computed/file4_14/result/file4_14PostProcessed_Result.json
2024-08-02 15:09:01,673 - File created: ./FMMFSM_analyzer_Tl/output/20240802150900/config/file4_15.json
2024-08-02 15:09:01,673 - File created: ./FMMFSM_analyzer_Tl/output/20240802150900/config/file4Sys_15.json
2024-08-02 15:09:01,719 - Starting post-processing for simulation 15
2024-08-02 15:09:01,719 - Starting post-processing
2024-08-02 15:09:01,719 - First blocking state step: None
2024-08-02 15:09:01,720 - Post-processed file saved to: ./FMMFSM_analyzer_Tl/output/20240802150900/computed/file4_15/result/file4_15PostProcessed_Result.json
2024-08-02 15:09:01,721 - File created: ./FMMFSM_analyzer_Tl/output/20240802150900/config/file4_16.json
2024-08-02 15:09:01,721 - File created: ./FMMFSM_analyzer_Tl/output/20240802150900/config/file4Sys_16.json
2024-08-02 15:09:01,770 - Starting post-processing for simulation 16
2024-08-02 15:09:01,770 - Starting post-processing
2024-08-02 15:09:01,770 - First blocking state step: 8
2024-08-02 15:09:01,771 - Post-processed file saved to: ./FMMFSM_analyzer_Tl/output/20240802150900/computed/file4_16/result/file4_16PostProcessed_Result.json
2024-08-02 15:09:01,772 - File created: ./FMMFSM_analyzer_Tl/output/20240802150900/config/file4_17.json
2024-08-02 15:09:01,772 - File created: ./FMMFSM_analyzer_Tl/output/20240802150900/config/file4Sys_17.json
2024-08-02 15:09:01,817 - Starting post-processing for simulation 17
2024-08-02 15:09:01,817 - Starting post-processing
2024-08-02 15:09:01,818 - First blocking state step: 8
2024-08-02 15:09:01,818 - Post-processed file saved to: ./FMMFSM_analyzer_Tl/output/20240802150900/computed/file4_17/result/file4_17PostProcessed_Result.json
2024-08-02 15:09:01,819 - File created: ./FMMFSM_analyzer_Tl/output/20240802150900/config/file4_18.json
2024-08-02 15:09:01,819 - File created: ./FMMFSM_analyzer_Tl/output/20240802150900/config/file4Sys_18.json
2024-08-02 15:09:01,866 - Starting post-processing for simulation 18
2024-08-02 15:09:01,866 - Starting post-processing
2024-08-02 15:09:01,866 - First blocking state step: 3
2024-08-02 15:09:01,867 - Post-processed file saved to: ./FMMFSM_analyzer_Tl/output/20240802150900/computed/file4_18/result/file4_18PostProcessed_Result.json
2024-08-02 15:09:01,868 - File created: ./FMMFSM_analyzer_Tl/output/20240802150900/config/file4_19.json
2024-08-02 15:09:01,869 - File created: ./FMMFSM_analyzer_Tl/output/20240802150900/config/file4Sys_19.json
2024-08-02 15:09:01,918 - Starting post-processing for simulation 19
2024-08-02 15:09:01,918 - Starting post-processing
2024-08-02 15:09:01,919 - First blocking state step: 8
2024-08-02 15:09:01,919 - Post-processed file saved to: ./FMMFSM_analyzer_Tl/output/20240802150900/computed/file4_19/result/file4_19PostProcessed_Result.json
2024-08-02 15:09:01,921 - File created: ./FMMFSM_analyzer_Tl/output/20240802150900/config/file4_20.json
2024-08-02 15:09:01,921 - File created: ./FMMFSM_analyzer_Tl/output/20240802150900/config/file4Sys_20.json
2024-08-02 15:09:01,971 - Starting post-processing for simulation 20
2024-08-02 15:09:01,971 - Starting post-processing
2024-08-02 15:09:01,971 - First blocking state step: None
2024-08-02 15:09:01,972 - Post-processed file saved to: ./FMMFSM_analyzer_Tl/output/20240802150900/computed/file4_20/result/file4_20PostProcessed_Result.json
2024-08-02 15:09:01,973 - File created: ./FMMFSM_analyzer_Tl/output/20240802150900/config/file4_21.json
2024-08-02 15:09:01,974 - File created: ./FMMFSM_analyzer_Tl/output/20240802150900/config/file4Sys_21.json
2024-08-02 15:09:02,023 - Starting post-processing for simulation 21
2024-08-02 15:09:02,024 - Starting post-processing
2024-08-02 15:09:02,024 - First blocking state step: None
2024-08-02 15:09:02,024 - Post-processed file saved to: ./FMMFSM_analyzer_Tl/output/20240802150900/computed/file4_21/result/file4_21PostProcessed_Result.json
2024-08-02 15:09:02,025 - File created: ./FMMFSM_analyzer_Tl/output/20240802150900/config/file4_22.json
2024-08-02 15:09:02,026 - File created: ./FMMFSM_analyzer_Tl/output/20240802150900/config/file4Sys_22.json
2024-08-02 15:09:02,080 - Starting post-processing for simulation 22
2024-08-02 15:09:02,080 - Starting post-processing
2024-08-02 15:09:02,080 - First blocking state step: None
2024-08-02 15:09:02,081 - Post-processed file saved to: ./FMMFSM_analyzer_Tl/output/20240802150900/computed/file4_22/result/file4_22PostProcessed_Result.json
2024-08-02 15:09:02,083 - File created: ./FMMFSM_analyzer_Tl/output/20240802150900/config/file4_23.json
2024-08-02 15:09:02,084 - File created: ./FMMFSM_analyzer_Tl/output/20240802150900/config/file4Sys_23.json
2024-08-02 15:09:02,136 - Starting post-processing for simulation 23
2024-08-02 15:09:02,137 - Starting post-processing
2024-08-02 15:09:02,137 - First blocking state step: 3
2024-08-02 15:09:02,138 - Post-processed file saved to: ./FMMFSM_analyzer_Tl/output/20240802150900/computed/file4_23/result/file4_23PostProcessed_Result.json
2024-08-02 15:09:02,139 - File created: ./FMMFSM_analyzer_Tl/output/20240802150900/config/file4_24.json
2024-08-02 15:09:02,139 - File created: ./FMMFSM_analyzer_Tl/output/20240802150900/config/file4Sys_24.json
2024-08-02 15:09:02,186 - Starting post-processing for simulation 24
2024-08-02 15:09:02,186 - Starting post-processing
2024-08-02 15:09:02,186 - First blocking state step: 9
2024-08-02 15:09:02,187 - Post-processed file saved to: ./FMMFSM_analyzer_Tl/output/20240802150900/computed/file4_24/result/file4_24PostProcessed_Result.json
2024-08-02 15:09:02,188 - File created: ./FMMFSM_analyzer_Tl/output/20240802150900/config/file4_25.json
2024-08-02 15:09:02,189 - File created: ./FMMFSM_analyzer_Tl/output/20240802150900/config/file4Sys_25.json
2024-08-02 15:09:02,236 - Starting post-processing for simulation 25
2024-08-02 15:09:02,236 - Starting post-processing
2024-08-02 15:09:02,236 - First blocking state step: None
2024-08-02 15:09:02,236 - Post-processed file saved to: ./FMMFSM_analyzer_Tl/output/20240802150900/computed/file4_25/result/file4_25PostProcessed_Result.json
2024-08-02 15:09:02,237 - File created: ./FMMFSM_analyzer_Tl/output/20240802150900/config/file4_26.json
2024-08-02 15:09:02,238 - File created: ./FMMFSM_analyzer_Tl/output/20240802150900/config/file4Sys_26.json
2024-08-02 15:09:02,286 - Starting post-processing for simulation 26
2024-08-02 15:09:02,286 - Starting post-processing
2024-08-02 15:09:02,286 - First blocking state step: None
2024-08-02 15:09:02,287 - Post-processed file saved to: ./FMMFSM_analyzer_Tl/output/20240802150900/computed/file4_26/result/file4_26PostProcessed_Result.json
2024-08-02 15:09:02,287 - File created: ./FMMFSM_analyzer_Tl/output/20240802150900/config/file4_27.json
2024-08-02 15:09:02,288 - File created: ./FMMFSM_analyzer_Tl/output/20240802150900/config/file4Sys_27.json
2024-08-02 15:09:02,337 - Starting post-processing for simulation 27
2024-08-02 15:09:02,337 - Starting post-processing
2024-08-02 15:09:02,337 - First blocking state step: None
2024-08-02 15:09:02,338 - Post-processed file saved to: ./FMMFSM_analyzer_Tl/output/20240802150900/computed/file4_27/result/file4_27PostProcessed_Result.json
2024-08-02 15:09:02,339 - File created: ./FMMFSM_analyzer_Tl/output/20240802150900/config/file4_28.json
2024-08-02 15:09:02,339 - File created: ./FMMFSM_analyzer_Tl/output/20240802150900/config/file4Sys_28.json
2024-08-02 15:09:02,398 - Starting post-processing for simulation 28
2024-08-02 15:09:02,398 - Starting post-processing
2024-08-02 15:09:02,399 - First blocking state step: 9
2024-08-02 15:09:02,400 - Post-processed file saved to: ./FMMFSM_analyzer_Tl/output/20240802150900/computed/file4_28/result/file4_28PostProcessed_Result.json
2024-08-02 15:09:02,402 - File created: ./FMMFSM_analyzer_Tl/output/20240802150900/config/file4_29.json
2024-08-02 15:09:02,403 - File created: ./FMMFSM_analyzer_Tl/output/20240802150900/config/file4Sys_29.json
2024-08-02 15:09:02,469 - Starting post-processing for simulation 29
2024-08-02 15:09:02,469 - Starting post-processing
2024-08-02 15:09:02,469 - First blocking state step: 1
2024-08-02 15:09:02,470 - Post-processed file saved to: ./FMMFSM_analyzer_Tl/output/20240802150900/computed/file4_29/result/file4_29PostProcessed_Result.json
2024-08-02 15:09:02,471 - File created: ./FMMFSM_analyzer_Tl/output/20240802150900/config/file4_30.json
2024-08-02 15:09:02,472 - File created: ./FMMFSM_analyzer_Tl/output/20240802150900/config/file4Sys_30.json
2024-08-02 15:09:02,523 - Starting post-processing for simulation 30
2024-08-02 15:09:02,523 - Starting post-processing
2024-08-02 15:09:02,523 - First blocking state step: None
2024-08-02 15:09:02,524 - Post-processed file saved to: ./FMMFSM_analyzer_Tl/output/20240802150900/computed/file4_30/result/file4_30PostProcessed_Result.json
2024-08-02 15:09:02,525 - File created: ./FMMFSM_analyzer_Tl/output/20240802150900/config/file4_31.json
2024-08-02 15:09:02,525 - File created: ./FMMFSM_analyzer_Tl/output/20240802150900/config/file4Sys_31.json
2024-08-02 15:09:02,576 - Starting post-processing for simulation 31
2024-08-02 15:09:02,576 - Starting post-processing
2024-08-02 15:09:02,576 - First blocking state step: None
2024-08-02 15:09:02,576 - Post-processed file saved to: ./FMMFSM_analyzer_Tl/output/20240802150900/computed/file4_31/result/file4_31PostProcessed_Result.json
2024-08-02 15:09:02,577 - File created: ./FMMFSM_analyzer_Tl/output/20240802150900/config/file4_32.json
2024-08-02 15:09:02,578 - File created: ./FMMFSM_analyzer_Tl/output/20240802150900/config/file4Sys_32.json
2024-08-02 15:09:02,626 - Starting post-processing for simulation 32
2024-08-02 15:09:02,626 - Starting post-processing
2024-08-02 15:09:02,626 - First blocking state step: None
2024-08-02 15:09:02,628 - Post-processed file saved to: ./FMMFSM_analyzer_Tl/output/20240802150900/computed/file4_32/result/file4_32PostProcessed_Result.json
2024-08-02 15:09:02,629 - File created: ./FMMFSM_analyzer_Tl/output/20240802150900/config/file4_33.json
2024-08-02 15:09:02,630 - File created: ./FMMFSM_analyzer_Tl/output/20240802150900/config/file4Sys_33.json
2024-08-02 15:09:02,681 - Starting post-processing for simulation 33
2024-08-02 15:09:02,681 - Starting post-processing
2024-08-02 15:09:02,681 - First blocking state step: None
2024-08-02 15:09:02,682 - Post-processed file saved to: ./FMMFSM_analyzer_Tl/output/20240802150900/computed/file4_33/result/file4_33PostProcessed_Result.json
2024-08-02 15:09:02,683 - File created: ./FMMFSM_analyzer_Tl/output/20240802150900/config/file4_34.json
2024-08-02 15:09:02,683 - File created: ./FMMFSM_analyzer_Tl/output/20240802150900/config/file4Sys_34.json
2024-08-02 15:09:02,741 - Starting post-processing for simulation 34
2024-08-02 15:09:02,741 - Starting post-processing
2024-08-02 15:09:02,742 - First blocking state step: None
2024-08-02 15:09:02,742 - Post-processed file saved to: ./FMMFSM_analyzer_Tl/output/20240802150900/computed/file4_34/result/file4_34PostProcessed_Result.json
2024-08-02 15:09:02,744 - File created: ./FMMFSM_analyzer_Tl/output/20240802150900/config/file4_35.json
2024-08-02 15:09:02,744 - File created: ./FMMFSM_analyzer_Tl/output/20240802150900/config/file4Sys_35.json
2024-08-02 15:09:02,807 - Starting post-processing for simulation 35
2024-08-02 15:09:02,807 - Starting post-processing
2024-08-02 15:09:02,807 - First blocking state step: None
2024-08-02 15:09:02,808 - Post-processed file saved to: ./FMMFSM_analyzer_Tl/output/20240802150900/computed/file4_35/result/file4_35PostProcessed_Result.json
2024-08-02 15:09:02,809 - File created: ./FMMFSM_analyzer_Tl/output/20240802150900/config/file4_36.json
2024-08-02 15:09:02,809 - File created: ./FMMFSM_analyzer_Tl/output/20240802150900/config/file4Sys_36.json
2024-08-02 15:09:02,871 - Starting post-processing for simulation 36
2024-08-02 15:09:02,871 - Starting post-processing
2024-08-02 15:09:02,871 - First blocking state step: None
2024-08-02 15:09:02,871 - Post-processed file saved to: ./FMMFSM_analyzer_Tl/output/20240802150900/computed/file4_36/result/file4_36PostProcessed_Result.json
2024-08-02 15:09:02,873 - File created: ./FMMFSM_analyzer_Tl/output/20240802150900/config/file4_37.json
2024-08-02 15:09:02,873 - File created: ./FMMFSM_analyzer_Tl/output/20240802150900/config/file4Sys_37.json
2024-08-02 15:09:02,924 - Starting post-processing for simulation 37
2024-08-02 15:09:02,924 - Starting post-processing
2024-08-02 15:09:02,924 - First blocking state step: None
2024-08-02 15:09:02,925 - Post-processed file saved to: ./FMMFSM_analyzer_Tl/output/20240802150900/computed/file4_37/result/file4_37PostProcessed_Result.json
2024-08-02 15:09:02,926 - File created: ./FMMFSM_analyzer_Tl/output/20240802150900/config/file4_38.json
2024-08-02 15:09:02,927 - File created: ./FMMFSM_analyzer_Tl/output/20240802150900/config/file4Sys_38.json
2024-08-02 15:09:02,974 - Starting post-processing for simulation 38
2024-08-02 15:09:02,974 - Starting post-processing
2024-08-02 15:09:02,974 - First blocking state step: None
2024-08-02 15:09:02,975 - Post-processed file saved to: ./FMMFSM_analyzer_Tl/output/20240802150900/computed/file4_38/result/file4_38PostProcessed_Result.json
2024-08-02 15:09:02,976 - File created: ./FMMFSM_analyzer_Tl/output/20240802150900/config/file4_39.json
2024-08-02 15:09:02,977 - File created: ./FMMFSM_analyzer_Tl/output/20240802150900/config/file4Sys_39.json
2024-08-02 15:09:03,023 - Starting post-processing for simulation 39
2024-08-02 15:09:03,023 - Starting post-processing
2024-08-02 15:09:03,023 - First blocking state step: None
2024-08-02 15:09:03,023 - Post-processed file saved to: ./FMMFSM_analyzer_Tl/output/20240802150900/computed/file4_39/result/file4_39PostProcessed_Result.json
2024-08-02 15:09:03,024 - File created: ./FMMFSM_analyzer_Tl/output/20240802150900/config/file4_40.json
2024-08-02 15:09:03,025 - File created: ./FMMFSM_analyzer_Tl/output/20240802150900/config/file4Sys_40.json
2024-08-02 15:09:03,074 - Starting post-processing for simulation 40
2024-08-02 15:09:03,074 - Starting post-processing
2024-08-02 15:09:03,075 - First blocking state step: None
2024-08-02 15:09:03,075 - Post-processed file saved to: ./FMMFSM_analyzer_Tl/output/20240802150900/computed/file4_40/result/file4_40PostProcessed_Result.json
2024-08-02 15:09:03,076 - File created: ./FMMFSM_analyzer_Tl/output/20240802150900/config/file4_41.json
2024-08-02 15:09:03,077 - File created: ./FMMFSM_analyzer_Tl/output/20240802150900/config/file4Sys_41.json
2024-08-02 15:09:03,130 - Starting post-processing for simulation 41
2024-08-02 15:09:03,131 - Starting post-processing
2024-08-02 15:09:03,131 - First blocking state step: None
2024-08-02 15:09:03,131 - Post-processed file saved to: ./FMMFSM_analyzer_Tl/output/20240802150900/computed/file4_41/result/file4_41PostProcessed_Result.json
2024-08-02 15:09:03,132 - File created: ./FMMFSM_analyzer_Tl/output/20240802150900/config/file4_42.json
2024-08-02 15:09:03,134 - File created: ./FMMFSM_analyzer_Tl/output/20240802150900/config/file4Sys_42.json
2024-08-02 15:09:03,187 - Starting post-processing for simulation 42
2024-08-02 15:09:03,187 - Starting post-processing
2024-08-02 15:09:03,187 - First blocking state step: None
2024-08-02 15:09:03,188 - Post-processed file saved to: ./FMMFSM_analyzer_Tl/output/20240802150900/computed/file4_42/result/file4_42PostProcessed_Result.json
2024-08-02 15:09:03,189 - File created: ./FMMFSM_analyzer_Tl/output/20240802150900/config/file4_43.json
2024-08-02 15:09:03,190 - File created: ./FMMFSM_analyzer_Tl/output/20240802150900/config/file4Sys_43.json
2024-08-02 15:09:03,237 - Starting post-processing for simulation 43
2024-08-02 15:09:03,237 - Starting post-processing
2024-08-02 15:09:03,237 - First blocking state step: None
2024-08-02 15:09:03,238 - Post-processed file saved to: ./FMMFSM_analyzer_Tl/output/20240802150900/computed/file4_43/result/file4_43PostProcessed_Result.json
2024-08-02 15:09:03,239 - File created: ./FMMFSM_analyzer_Tl/output/20240802150900/config/file4_44.json
2024-08-02 15:09:03,239 - File created: ./FMMFSM_analyzer_Tl/output/20240802150900/config/file4Sys_44.json
2024-08-02 15:09:03,288 - Starting post-processing for simulation 44
2024-08-02 15:09:03,288 - Starting post-processing
2024-08-02 15:09:03,288 - First blocking state step: None
2024-08-02 15:09:03,289 - Post-processed file saved to: ./FMMFSM_analyzer_Tl/output/20240802150900/computed/file4_44/result/file4_44PostProcessed_Result.json
2024-08-02 15:09:03,290 - File created: ./FMMFSM_analyzer_Tl/output/20240802150900/config/file4_45.json
2024-08-02 15:09:03,290 - File created: ./FMMFSM_analyzer_Tl/output/20240802150900/config/file4Sys_45.json
2024-08-02 15:09:03,337 - Starting post-processing for simulation 45
2024-08-02 15:09:03,337 - Starting post-processing
2024-08-02 15:09:03,337 - First blocking state step: None
2024-08-02 15:09:03,338 - Post-processed file saved to: ./FMMFSM_analyzer_Tl/output/20240802150900/computed/file4_45/result/file4_45PostProcessed_Result.json
2024-08-02 15:09:03,339 - File created: ./FMMFSM_analyzer_Tl/output/20240802150900/config/file4_46.json
2024-08-02 15:09:03,340 - File created: ./FMMFSM_analyzer_Tl/output/20240802150900/config/file4Sys_46.json
2024-08-02 15:09:03,394 - Starting post-processing for simulation 46
2024-08-02 15:09:03,394 - Starting post-processing
2024-08-02 15:09:03,394 - First blocking state step: None
2024-08-02 15:09:03,394 - Post-processed file saved to: ./FMMFSM_analyzer_Tl/output/20240802150900/computed/file4_46/result/file4_46PostProcessed_Result.json
2024-08-02 15:09:03,395 - File created: ./FMMFSM_analyzer_Tl/output/20240802150900/config/file4_47.json
2024-08-02 15:09:03,396 - File created: ./FMMFSM_analyzer_Tl/output/20240802150900/config/file4Sys_47.json
2024-08-02 15:09:03,540 - Starting post-processing for simulation 47
2024-08-02 15:09:03,540 - Starting post-processing
2024-08-02 15:09:03,541 - First blocking state step: None
2024-08-02 15:09:03,542 - Post-processed file saved to: ./FMMFSM_analyzer_Tl/output/20240802150900/computed/file4_47/result/file4_47PostProcessed_Result.json
2024-08-02 15:09:03,543 - File created: ./FMMFSM_analyzer_Tl/output/20240802150900/config/file4_48.json
2024-08-02 15:09:03,544 - File created: ./FMMFSM_analyzer_Tl/output/20240802150900/config/file4Sys_48.json
2024-08-02 15:09:03,601 - Starting post-processing for simulation 48
2024-08-02 15:09:03,601 - Starting post-processing
2024-08-02 15:09:03,601 - First blocking state step: None
2024-08-02 15:09:03,602 - Post-processed file saved to: ./FMMFSM_analyzer_Tl/output/20240802150900/computed/file4_48/result/file4_48PostProcessed_Result.json
2024-08-02 15:09:03,603 - File created: ./FMMFSM_analyzer_Tl/output/20240802150900/config/file4_49.json
2024-08-02 15:09:03,604 - File created: ./FMMFSM_analyzer_Tl/output/20240802150900/config/file4Sys_49.json
2024-08-02 15:09:03,654 - Starting post-processing for simulation 49
2024-08-02 15:09:03,654 - Starting post-processing
2024-08-02 15:09:03,654 - First blocking state step: 4
2024-08-02 15:09:03,654 - Post-processed file saved to: ./FMMFSM_analyzer_Tl/output/20240802150900/computed/file4_49/result/file4_49PostProcessed_Result.json
2024-08-02 15:09:03,655 - File created: ./FMMFSM_analyzer_Tl/output/20240802150900/config/file4_50.json
2024-08-02 15:09:03,656 - File created: ./FMMFSM_analyzer_Tl/output/20240802150900/config/file4Sys_50.json
2024-08-02 15:09:03,702 - Starting post-processing for simulation 50
2024-08-02 15:09:03,702 - Starting post-processing
2024-08-02 15:09:03,702 - First blocking state step: None
2024-08-02 15:09:03,703 - Post-processed file saved to: ./FMMFSM_analyzer_Tl/output/20240802150900/computed/file4_50/result/file4_50PostProcessed_Result.json
2024-08-02 15:09:03,704 - File created: ./FMMFSM_analyzer_Tl/output/20240802150900/config/file4_51.json
2024-08-02 15:09:03,704 - File created: ./FMMFSM_analyzer_Tl/output/20240802150900/config/file4Sys_51.json
2024-08-02 15:09:03,747 - Starting post-processing for simulation 51
2024-08-02 15:09:03,747 - Starting post-processing
2024-08-02 15:09:03,748 - First blocking state step: None
2024-08-02 15:09:03,748 - Post-processed file saved to: ./FMMFSM_analyzer_Tl/output/20240802150900/computed/file4_51/result/file4_51PostProcessed_Result.json
2024-08-02 15:09:03,750 - File created: ./FMMFSM_analyzer_Tl/output/20240802150900/config/file4_52.json
2024-08-02 15:09:03,750 - File created: ./FMMFSM_analyzer_Tl/output/20240802150900/config/file4Sys_52.json
2024-08-02 15:09:03,794 - Starting post-processing for simulation 52
2024-08-02 15:09:03,794 - Starting post-processing
2024-08-02 15:09:03,794 - First blocking state step: None
2024-08-02 15:09:03,795 - Post-processed file saved to: ./FMMFSM_analyzer_Tl/output/20240802150900/computed/file4_52/result/file4_52PostProcessed_Result.json
2024-08-02 15:09:03,796 - File created: ./FMMFSM_analyzer_Tl/output/20240802150900/config/file4_53.json
2024-08-02 15:09:03,797 - File created: ./FMMFSM_analyzer_Tl/output/20240802150900/config/file4Sys_53.json
2024-08-02 15:09:03,841 - Starting post-processing for simulation 53
2024-08-02 15:09:03,841 - Starting post-processing
2024-08-02 15:09:03,842 - First blocking state step: None
2024-08-02 15:09:03,842 - Post-processed file saved to: ./FMMFSM_analyzer_Tl/output/20240802150900/computed/file4_53/result/file4_53PostProcessed_Result.json
2024-08-02 15:09:03,843 - File created: ./FMMFSM_analyzer_Tl/output/20240802150900/config/file4_54.json
2024-08-02 15:09:03,844 - File created: ./FMMFSM_analyzer_Tl/output/20240802150900/config/file4Sys_54.json
2024-08-02 15:09:03,892 - Starting post-processing for simulation 54
2024-08-02 15:09:03,892 - Starting post-processing
2024-08-02 15:09:03,893 - First blocking state step: None
2024-08-02 15:09:03,893 - Post-processed file saved to: ./FMMFSM_analyzer_Tl/output/20240802150900/computed/file4_54/result/file4_54PostProcessed_Result.json
2024-08-02 15:09:03,895 - File created: ./FMMFSM_analyzer_Tl/output/20240802150900/config/file4_55.json
2024-08-02 15:09:03,895 - File created: ./FMMFSM_analyzer_Tl/output/20240802150900/config/file4Sys_55.json
2024-08-02 15:09:03,943 - Starting post-processing for simulation 55
2024-08-02 15:09:03,944 - Starting post-processing
2024-08-02 15:09:03,944 - First blocking state step: None
2024-08-02 15:09:03,945 - Post-processed file saved to: ./FMMFSM_analyzer_Tl/output/20240802150900/computed/file4_55/result/file4_55PostProcessed_Result.json
2024-08-02 15:09:03,946 - File created: ./FMMFSM_analyzer_Tl/output/20240802150900/config/file4_56.json
2024-08-02 15:09:03,946 - File created: ./FMMFSM_analyzer_Tl/output/20240802150900/config/file4Sys_56.json
2024-08-02 15:09:03,998 - Starting post-processing for simulation 56
2024-08-02 15:09:03,998 - Starting post-processing
2024-08-02 15:09:03,999 - First blocking state step: None
2024-08-02 15:09:04,000 - Post-processed file saved to: ./FMMFSM_analyzer_Tl/output/20240802150900/computed/file4_56/result/file4_56PostProcessed_Result.json
2024-08-02 15:09:04,001 - File created: ./FMMFSM_analyzer_Tl/output/20240802150900/config/file4_57.json
2024-08-02 15:09:04,002 - File created: ./FMMFSM_analyzer_Tl/output/20240802150900/config/file4Sys_57.json
2024-08-02 15:09:04,047 - Starting post-processing for simulation 57
2024-08-02 15:09:04,047 - Starting post-processing
2024-08-02 15:09:04,047 - First blocking state step: None
2024-08-02 15:09:04,048 - Post-processed file saved to: ./FMMFSM_analyzer_Tl/output/20240802150900/computed/file4_57/result/file4_57PostProcessed_Result.json
2024-08-02 15:09:04,049 - File created: ./FMMFSM_analyzer_Tl/output/20240802150900/config/file4_58.json
2024-08-02 15:09:04,050 - File created: ./FMMFSM_analyzer_Tl/output/20240802150900/config/file4Sys_58.json
2024-08-02 15:09:04,097 - Starting post-processing for simulation 58
2024-08-02 15:09:04,097 - Starting post-processing
2024-08-02 15:09:04,098 - First blocking state step: None
2024-08-02 15:09:04,099 - Post-processed file saved to: ./FMMFSM_analyzer_Tl/output/20240802150900/computed/file4_58/result/file4_58PostProcessed_Result.json
2024-08-02 15:09:04,100 - File created: ./FMMFSM_analyzer_Tl/output/20240802150900/config/file4_59.json
2024-08-02 15:09:04,101 - File created: ./FMMFSM_analyzer_Tl/output/20240802150900/config/file4Sys_59.json
2024-08-02 15:09:04,153 - Starting post-processing for simulation 59
2024-08-02 15:09:04,154 - Starting post-processing
2024-08-02 15:09:04,154 - First blocking state step: 6
2024-08-02 15:09:04,155 - Post-processed file saved to: ./FMMFSM_analyzer_Tl/output/20240802150900/computed/file4_59/result/file4_59PostProcessed_Result.json
2024-08-02 15:09:04,156 - File created: ./FMMFSM_analyzer_Tl/output/20240802150900/config/file4_60.json
2024-08-02 15:09:04,156 - File created: ./FMMFSM_analyzer_Tl/output/20240802150900/config/file4Sys_60.json
2024-08-02 15:09:04,232 - Starting post-processing for simulation 60
2024-08-02 15:09:04,232 - Starting post-processing
2024-08-02 15:09:04,232 - First blocking state step: None
2024-08-02 15:09:04,233 - Post-processed file saved to: ./FMMFSM_analyzer_Tl/output/20240802150900/computed/file4_60/result/file4_60PostProcessed_Result.json
2024-08-02 15:09:04,234 - File created: ./FMMFSM_analyzer_Tl/output/20240802150900/config/file4_61.json
2024-08-02 15:09:04,235 - File created: ./FMMFSM_analyzer_Tl/output/20240802150900/config/file4Sys_61.json
2024-08-02 15:09:04,296 - Starting post-processing for simulation 61
2024-08-02 15:09:04,296 - Starting post-processing
2024-08-02 15:09:04,296 - First blocking state step: None
2024-08-02 15:09:04,298 - Post-processed file saved to: ./FMMFSM_analyzer_Tl/output/20240802150900/computed/file4_61/result/file4_61PostProcessed_Result.json
2024-08-02 15:09:04,300 - File created: ./FMMFSM_analyzer_Tl/output/20240802150900/config/file4_62.json
2024-08-02 15:09:04,301 - File created: ./FMMFSM_analyzer_Tl/output/20240802150900/config/file4Sys_62.json
2024-08-02 15:09:04,352 - Starting post-processing for simulation 62
2024-08-02 15:09:04,352 - Starting post-processing
2024-08-02 15:09:04,352 - First blocking state step: None
2024-08-02 15:09:04,353 - Post-processed file saved to: ./FMMFSM_analyzer_Tl/output/20240802150900/computed/file4_62/result/file4_62PostProcessed_Result.json
2024-08-02 15:09:04,354 - File created: ./FMMFSM_analyzer_Tl/output/20240802150900/config/file4_63.json
2024-08-02 15:09:04,355 - File created: ./FMMFSM_analyzer_Tl/output/20240802150900/config/file4Sys_63.json
2024-08-02 15:09:04,408 - Starting post-processing for simulation 63
2024-08-02 15:09:04,408 - Starting post-processing
2024-08-02 15:09:04,408 - First blocking state step: 1
2024-08-02 15:09:04,409 - Post-processed file saved to: ./FMMFSM_analyzer_Tl/output/20240802150900/computed/file4_63/result/file4_63PostProcessed_Result.json
2024-08-02 15:09:04,410 - File created: ./FMMFSM_analyzer_Tl/output/20240802150900/config/file4_64.json
2024-08-02 15:09:04,411 - File created: ./FMMFSM_analyzer_Tl/output/20240802150900/config/file4Sys_64.json
2024-08-02 15:09:04,460 - Starting post-processing for simulation 64
2024-08-02 15:09:04,461 - Starting post-processing
2024-08-02 15:09:04,461 - First blocking state step: None
2024-08-02 15:09:04,461 - Post-processed file saved to: ./FMMFSM_analyzer_Tl/output/20240802150900/computed/file4_64/result/file4_64PostProcessed_Result.json
2024-08-02 15:09:04,462 - File created: ./FMMFSM_analyzer_Tl/output/20240802150900/config/file4_65.json
2024-08-02 15:09:04,463 - File created: ./FMMFSM_analyzer_Tl/output/20240802150900/config/file4Sys_65.json
2024-08-02 15:09:04,509 - Starting post-processing for simulation 65
2024-08-02 15:09:04,509 - Starting post-processing
2024-08-02 15:09:04,509 - First blocking state step: None
2024-08-02 15:09:04,510 - Post-processed file saved to: ./FMMFSM_analyzer_Tl/output/20240802150900/computed/file4_65/result/file4_65PostProcessed_Result.json
2024-08-02 15:09:04,512 - File created: ./FMMFSM_analyzer_Tl/output/20240802150900/config/file4_66.json
2024-08-02 15:09:04,512 - File created: ./FMMFSM_analyzer_Tl/output/20240802150900/config/file4Sys_66.json
2024-08-02 15:09:04,556 - Starting post-processing for simulation 66
2024-08-02 15:09:04,556 - Starting post-processing
2024-08-02 15:09:04,556 - First blocking state step: None
2024-08-02 15:09:04,556 - Post-processed file saved to: ./FMMFSM_analyzer_Tl/output/20240802150900/computed/file4_66/result/file4_66PostProcessed_Result.json
2024-08-02 15:09:04,558 - File created: ./FMMFSM_analyzer_Tl/output/20240802150900/config/file4_67.json
2024-08-02 15:09:04,558 - File created: ./FMMFSM_analyzer_Tl/output/20240802150900/config/file4Sys_67.json
2024-08-02 15:09:04,611 - Starting post-processing for simulation 67
2024-08-02 15:09:04,611 - Starting post-processing
2024-08-02 15:09:04,612 - First blocking state step: None
2024-08-02 15:09:04,612 - Post-processed file saved to: ./FMMFSM_analyzer_Tl/output/20240802150900/computed/file4_67/result/file4_67PostProcessed_Result.json
2024-08-02 15:09:04,613 - File created: ./FMMFSM_analyzer_Tl/output/20240802150900/config/file4_68.json
2024-08-02 15:09:04,613 - File created: ./FMMFSM_analyzer_Tl/output/20240802150900/config/file4Sys_68.json
2024-08-02 15:09:04,660 - Starting post-processing for simulation 68
2024-08-02 15:09:04,660 - Starting post-processing
2024-08-02 15:09:04,660 - First blocking state step: None
2024-08-02 15:09:04,661 - Post-processed file saved to: ./FMMFSM_analyzer_Tl/output/20240802150900/computed/file4_68/result/file4_68PostProcessed_Result.json
2024-08-02 15:09:04,662 - File created: ./FMMFSM_analyzer_Tl/output/20240802150900/config/file4_69.json
2024-08-02 15:09:04,663 - File created: ./FMMFSM_analyzer_Tl/output/20240802150900/config/file4Sys_69.json
2024-08-02 15:09:04,715 - Starting post-processing for simulation 69
2024-08-02 15:09:04,715 - Starting post-processing
2024-08-02 15:09:04,715 - First blocking state step: 4
2024-08-02 15:09:04,716 - Post-processed file saved to: ./FMMFSM_analyzer_Tl/output/20240802150900/computed/file4_69/result/file4_69PostProcessed_Result.json
2024-08-02 15:09:04,717 - File created: ./FMMFSM_analyzer_Tl/output/20240802150900/config/file4_70.json
2024-08-02 15:09:04,717 - File created: ./FMMFSM_analyzer_Tl/output/20240802150900/config/file4Sys_70.json
2024-08-02 15:09:04,768 - Starting post-processing for simulation 70
2024-08-02 15:09:04,769 - Starting post-processing
2024-08-02 15:09:04,769 - First blocking state step: None
2024-08-02 15:09:04,770 - Post-processed file saved to: ./FMMFSM_analyzer_Tl/output/20240802150900/computed/file4_70/result/file4_70PostProcessed_Result.json
2024-08-02 15:09:04,771 - File created: ./FMMFSM_analyzer_Tl/output/20240802150900/config/file4_71.json
2024-08-02 15:09:04,771 - File created: ./FMMFSM_analyzer_Tl/output/20240802150900/config/file4Sys_71.json
2024-08-02 15:09:04,819 - Starting post-processing for simulation 71
2024-08-02 15:09:04,819 - Starting post-processing
2024-08-02 15:09:04,819 - First blocking state step: 1
2024-08-02 15:09:04,820 - Post-processed file saved to: ./FMMFSM_analyzer_Tl/output/20240802150900/computed/file4_71/result/file4_71PostProcessed_Result.json
2024-08-02 15:09:04,821 - File created: ./FMMFSM_analyzer_Tl/output/20240802150900/config/file4_72.json
2024-08-02 15:09:04,821 - File created: ./FMMFSM_analyzer_Tl/output/20240802150900/config/file4Sys_72.json
2024-08-02 15:09:04,868 - Starting post-processing for simulation 72
2024-08-02 15:09:04,869 - Starting post-processing
2024-08-02 15:09:04,869 - First blocking state step: None
2024-08-02 15:09:04,869 - Post-processed file saved to: ./FMMFSM_analyzer_Tl/output/20240802150900/computed/file4_72/result/file4_72PostProcessed_Result.json
2024-08-02 15:09:04,870 - File created: ./FMMFSM_analyzer_Tl/output/20240802150900/config/file4_73.json
2024-08-02 15:09:04,871 - File created: ./FMMFSM_analyzer_Tl/output/20240802150900/config/file4Sys_73.json
2024-08-02 15:09:04,920 - Starting post-processing for simulation 73
2024-08-02 15:09:04,920 - Starting post-processing
2024-08-02 15:09:04,920 - First blocking state step: None
2024-08-02 15:09:04,921 - Post-processed file saved to: ./FMMFSM_analyzer_Tl/output/20240802150900/computed/file4_73/result/file4_73PostProcessed_Result.json
2024-08-02 15:09:04,922 - File created: ./FMMFSM_analyzer_Tl/output/20240802150900/config/file4_74.json
2024-08-02 15:09:04,922 - File created: ./FMMFSM_analyzer_Tl/output/20240802150900/config/file4Sys_74.json
2024-08-02 15:09:04,972 - Starting post-processing for simulation 74
2024-08-02 15:09:04,972 - Starting post-processing
2024-08-02 15:09:04,972 - First blocking state step: 7
2024-08-02 15:09:04,973 - Post-processed file saved to: ./FMMFSM_analyzer_Tl/output/20240802150900/computed/file4_74/result/file4_74PostProcessed_Result.json
2024-08-02 15:09:04,974 - File created: ./FMMFSM_analyzer_Tl/output/20240802150900/config/file4_75.json
2024-08-02 15:09:04,975 - File created: ./FMMFSM_analyzer_Tl/output/20240802150900/config/file4Sys_75.json
2024-08-02 15:09:05,025 - Starting post-processing for simulation 75
2024-08-02 15:09:05,025 - Starting post-processing
2024-08-02 15:09:05,025 - First blocking state step: None
2024-08-02 15:09:05,026 - Post-processed file saved to: ./FMMFSM_analyzer_Tl/output/20240802150900/computed/file4_75/result/file4_75PostProcessed_Result.json
2024-08-02 15:09:05,027 - File created: ./FMMFSM_analyzer_Tl/output/20240802150900/config/file4_76.json
2024-08-02 15:09:05,028 - File created: ./FMMFSM_analyzer_Tl/output/20240802150900/config/file4Sys_76.json
2024-08-02 15:09:05,081 - Starting post-processing for simulation 76
2024-08-02 15:09:05,081 - Starting post-processing
2024-08-02 15:09:05,081 - First blocking state step: None
2024-08-02 15:09:05,082 - Post-processed file saved to: ./FMMFSM_analyzer_Tl/output/20240802150900/computed/file4_76/result/file4_76PostProcessed_Result.json
2024-08-02 15:09:05,083 - File created: ./FMMFSM_analyzer_Tl/output/20240802150900/config/file4_77.json
2024-08-02 15:09:05,084 - File created: ./FMMFSM_analyzer_Tl/output/20240802150900/config/file4Sys_77.json
2024-08-02 15:09:05,131 - Starting post-processing for simulation 77
2024-08-02 15:09:05,131 - Starting post-processing
2024-08-02 15:09:05,131 - First blocking state step: None
2024-08-02 15:09:05,132 - Post-processed file saved to: ./FMMFSM_analyzer_Tl/output/20240802150900/computed/file4_77/result/file4_77PostProcessed_Result.json
2024-08-02 15:09:05,133 - File created: ./FMMFSM_analyzer_Tl/output/20240802150900/config/file4_78.json
2024-08-02 15:09:05,133 - File created: ./FMMFSM_analyzer_Tl/output/20240802150900/config/file4Sys_78.json
2024-08-02 15:09:05,178 - Starting post-processing for simulation 78
2024-08-02 15:09:05,178 - Starting post-processing
2024-08-02 15:09:05,179 - First blocking state step: None
2024-08-02 15:09:05,180 - Post-processed file saved to: ./FMMFSM_analyzer_Tl/output/20240802150900/computed/file4_78/result/file4_78PostProcessed_Result.json
2024-08-02 15:09:05,181 - File created: ./FMMFSM_analyzer_Tl/output/20240802150900/config/file4_79.json
2024-08-02 15:09:05,182 - File created: ./FMMFSM_analyzer_Tl/output/20240802150900/config/file4Sys_79.json
2024-08-02 15:09:05,230 - Starting post-processing for simulation 79
2024-08-02 15:09:05,230 - Starting post-processing
2024-08-02 15:09:05,230 - First blocking state step: None
2024-08-02 15:09:05,230 - Post-processed file saved to: ./FMMFSM_analyzer_Tl/output/20240802150900/computed/file4_79/result/file4_79PostProcessed_Result.json
2024-08-02 15:09:05,231 - File created: ./FMMFSM_analyzer_Tl/output/20240802150900/config/file4_80.json
2024-08-02 15:09:05,232 - File created: ./FMMFSM_analyzer_Tl/output/20240802150900/config/file4Sys_80.json
2024-08-02 15:09:05,280 - Starting post-processing for simulation 80
2024-08-02 15:09:05,280 - Starting post-processing
2024-08-02 15:09:05,280 - First blocking state step: None
2024-08-02 15:09:05,281 - Post-processed file saved to: ./FMMFSM_analyzer_Tl/output/20240802150900/computed/file4_80/result/file4_80PostProcessed_Result.json
2024-08-02 15:09:05,283 - File created: ./FMMFSM_analyzer_Tl/output/20240802150900/config/file4_81.json
2024-08-02 15:09:05,283 - File created: ./FMMFSM_analyzer_Tl/output/20240802150900/config/file4Sys_81.json
2024-08-02 15:09:05,327 - Starting post-processing for simulation 81
2024-08-02 15:09:05,327 - Starting post-processing
2024-08-02 15:09:05,327 - First blocking state step: None
2024-08-02 15:09:05,328 - Post-processed file saved to: ./FMMFSM_analyzer_Tl/output/20240802150900/computed/file4_81/result/file4_81PostProcessed_Result.json
2024-08-02 15:09:05,330 - File created: ./FMMFSM_analyzer_Tl/output/20240802150900/config/file4_82.json
2024-08-02 15:09:05,331 - File created: ./FMMFSM_analyzer_Tl/output/20240802150900/config/file4Sys_82.json
2024-08-02 15:09:05,377 - Starting post-processing for simulation 82
2024-08-02 15:09:05,377 - Starting post-processing
2024-08-02 15:09:05,377 - First blocking state step: None
2024-08-02 15:09:05,378 - Post-processed file saved to: ./FMMFSM_analyzer_Tl/output/20240802150900/computed/file4_82/result/file4_82PostProcessed_Result.json
2024-08-02 15:09:05,379 - File created: ./FMMFSM_analyzer_Tl/output/20240802150900/config/file4_83.json
2024-08-02 15:09:05,380 - File created: ./FMMFSM_analyzer_Tl/output/20240802150900/config/file4Sys_83.json
2024-08-02 15:09:05,425 - Starting post-processing for simulation 83
2024-08-02 15:09:05,425 - Starting post-processing
2024-08-02 15:09:05,425 - First blocking state step: 4
2024-08-02 15:09:05,426 - Post-processed file saved to: ./FMMFSM_analyzer_Tl/output/20240802150900/computed/file4_83/result/file4_83PostProcessed_Result.json
2024-08-02 15:09:05,427 - File created: ./FMMFSM_analyzer_Tl/output/20240802150900/config/file4_84.json
2024-08-02 15:09:05,427 - File created: ./FMMFSM_analyzer_Tl/output/20240802150900/config/file4Sys_84.json
2024-08-02 15:09:05,475 - Starting post-processing for simulation 84
2024-08-02 15:09:05,475 - Starting post-processing
2024-08-02 15:09:05,475 - First blocking state step: None
2024-08-02 15:09:05,476 - Post-processed file saved to: ./FMMFSM_analyzer_Tl/output/20240802150900/computed/file4_84/result/file4_84PostProcessed_Result.json
2024-08-02 15:09:05,477 - File created: ./FMMFSM_analyzer_Tl/output/20240802150900/config/file4_85.json
2024-08-02 15:09:05,478 - File created: ./FMMFSM_analyzer_Tl/output/20240802150900/config/file4Sys_85.json
2024-08-02 15:09:05,521 - Starting post-processing for simulation 85
2024-08-02 15:09:05,522 - Starting post-processing
2024-08-02 15:09:05,522 - First blocking state step: 7
2024-08-02 15:09:05,522 - Post-processed file saved to: ./FMMFSM_analyzer_Tl/output/20240802150900/computed/file4_85/result/file4_85PostProcessed_Result.json
2024-08-02 15:09:05,523 - File created: ./FMMFSM_analyzer_Tl/output/20240802150900/config/file4_86.json
2024-08-02 15:09:05,524 - File created: ./FMMFSM_analyzer_Tl/output/20240802150900/config/file4Sys_86.json
2024-08-02 15:09:05,579 - Starting post-processing for simulation 86
2024-08-02 15:09:05,579 - Starting post-processing
2024-08-02 15:09:05,580 - First blocking state step: None
2024-08-02 15:09:05,580 - Post-processed file saved to: ./FMMFSM_analyzer_Tl/output/20240802150900/computed/file4_86/result/file4_86PostProcessed_Result.json
2024-08-02 15:09:05,582 - File created: ./FMMFSM_analyzer_Tl/output/20240802150900/config/file4_87.json
2024-08-02 15:09:05,583 - File created: ./FMMFSM_analyzer_Tl/output/20240802150900/config/file4Sys_87.json
2024-08-02 15:09:05,631 - Starting post-processing for simulation 87
2024-08-02 15:09:05,631 - Starting post-processing
2024-08-02 15:09:05,631 - First blocking state step: 5
2024-08-02 15:09:05,632 - Post-processed file saved to: ./FMMFSM_analyzer_Tl/output/20240802150900/computed/file4_87/result/file4_87PostProcessed_Result.json
2024-08-02 15:09:05,632 - File created: ./FMMFSM_analyzer_Tl/output/20240802150900/config/file4_88.json
2024-08-02 15:09:05,633 - File created: ./FMMFSM_analyzer_Tl/output/20240802150900/config/file4Sys_88.json
2024-08-02 15:09:05,683 - Starting post-processing for simulation 88
2024-08-02 15:09:05,684 - Starting post-processing
2024-08-02 15:09:05,684 - First blocking state step: None
2024-08-02 15:09:05,684 - Post-processed file saved to: ./FMMFSM_analyzer_Tl/output/20240802150900/computed/file4_88/result/file4_88PostProcessed_Result.json
2024-08-02 15:09:05,685 - File created: ./FMMFSM_analyzer_Tl/output/20240802150900/config/file4_89.json
2024-08-02 15:09:05,686 - File created: ./FMMFSM_analyzer_Tl/output/20240802150900/config/file4Sys_89.json
2024-08-02 15:09:05,733 - Starting post-processing for simulation 89
2024-08-02 15:09:05,733 - Starting post-processing
2024-08-02 15:09:05,734 - First blocking state step: None
2024-08-02 15:09:05,734 - Post-processed file saved to: ./FMMFSM_analyzer_Tl/output/20240802150900/computed/file4_89/result/file4_89PostProcessed_Result.json
2024-08-02 15:09:05,735 - File created: ./FMMFSM_analyzer_Tl/output/20240802150900/config/file4_90.json
2024-08-02 15:09:05,736 - File created: ./FMMFSM_analyzer_Tl/output/20240802150900/config/file4Sys_90.json
2024-08-02 15:09:05,779 - Starting post-processing for simulation 90
2024-08-02 15:09:05,779 - Starting post-processing
2024-08-02 15:09:05,779 - First blocking state step: None
2024-08-02 15:09:05,780 - Post-processed file saved to: ./FMMFSM_analyzer_Tl/output/20240802150900/computed/file4_90/result/file4_90PostProcessed_Result.json
2024-08-02 15:09:05,781 - File created: ./FMMFSM_analyzer_Tl/output/20240802150900/config/file4_91.json
2024-08-02 15:09:05,781 - File created: ./FMMFSM_analyzer_Tl/output/20240802150900/config/file4Sys_91.json
2024-08-02 15:09:05,825 - Starting post-processing for simulation 91
2024-08-02 15:09:05,825 - Starting post-processing
2024-08-02 15:09:05,825 - First blocking state step: None
2024-08-02 15:09:05,825 - Post-processed file saved to: ./FMMFSM_analyzer_Tl/output/20240802150900/computed/file4_91/result/file4_91PostProcessed_Result.json
2024-08-02 15:09:05,826 - File created: ./FMMFSM_analyzer_Tl/output/20240802150900/config/file4_92.json
2024-08-02 15:09:05,827 - File created: ./FMMFSM_analyzer_Tl/output/20240802150900/config/file4Sys_92.json
2024-08-02 15:09:05,870 - Starting post-processing for simulation 92
2024-08-02 15:09:05,870 - Starting post-processing
2024-08-02 15:09:05,870 - First blocking state step: None
2024-08-02 15:09:05,871 - Post-processed file saved to: ./FMMFSM_analyzer_Tl/output/20240802150900/computed/file4_92/result/file4_92PostProcessed_Result.json
2024-08-02 15:09:05,871 - File created: ./FMMFSM_analyzer_Tl/output/20240802150900/config/file4_93.json
2024-08-02 15:09:05,872 - File created: ./FMMFSM_analyzer_Tl/output/20240802150900/config/file4Sys_93.json
2024-08-02 15:09:05,916 - Starting post-processing for simulation 93
2024-08-02 15:09:05,917 - Starting post-processing
2024-08-02 15:09:05,917 - First blocking state step: 4
2024-08-02 15:09:05,917 - Post-processed file saved to: ./FMMFSM_analyzer_Tl/output/20240802150900/computed/file4_93/result/file4_93PostProcessed_Result.json
2024-08-02 15:09:05,918 - File created: ./FMMFSM_analyzer_Tl/output/20240802150900/config/file4_94.json
2024-08-02 15:09:05,919 - File created: ./FMMFSM_analyzer_Tl/output/20240802150900/config/file4Sys_94.json
2024-08-02 15:09:05,965 - Starting post-processing for simulation 94
2024-08-02 15:09:05,965 - Starting post-processing
2024-08-02 15:09:05,966 - First blocking state step: None
2024-08-02 15:09:05,966 - Post-processed file saved to: ./FMMFSM_analyzer_Tl/output/20240802150900/computed/file4_94/result/file4_94PostProcessed_Result.json
2024-08-02 15:09:05,967 - File created: ./FMMFSM_analyzer_Tl/output/20240802150900/config/file4_95.json
2024-08-02 15:09:05,968 - File created: ./FMMFSM_analyzer_Tl/output/20240802150900/config/file4Sys_95.json
2024-08-02 15:09:06,014 - Starting post-processing for simulation 95
2024-08-02 15:09:06,014 - Starting post-processing
2024-08-02 15:09:06,014 - First blocking state step: 1
2024-08-02 15:09:06,015 - Post-processed file saved to: ./FMMFSM_analyzer_Tl/output/20240802150900/computed/file4_95/result/file4_95PostProcessed_Result.json
2024-08-02 15:09:06,016 - File created: ./FMMFSM_analyzer_Tl/output/20240802150900/config/file4_96.json
2024-08-02 15:09:06,016 - File created: ./FMMFSM_analyzer_Tl/output/20240802150900/config/file4Sys_96.json
2024-08-02 15:09:06,060 - Starting post-processing for simulation 96
2024-08-02 15:09:06,060 - Starting post-processing
2024-08-02 15:09:06,060 - First blocking state step: None
2024-08-02 15:09:06,061 - Post-processed file saved to: ./FMMFSM_analyzer_Tl/output/20240802150900/computed/file4_96/result/file4_96PostProcessed_Result.json
2024-08-02 15:09:06,062 - File created: ./FMMFSM_analyzer_Tl/output/20240802150900/config/file4_97.json
2024-08-02 15:09:06,063 - File created: ./FMMFSM_analyzer_Tl/output/20240802150900/config/file4Sys_97.json
2024-08-02 15:09:06,108 - Starting post-processing for simulation 97
2024-08-02 15:09:06,108 - Starting post-processing
2024-08-02 15:09:06,108 - First blocking state step: None
2024-08-02 15:09:06,109 - Post-processed file saved to: ./FMMFSM_analyzer_Tl/output/20240802150900/computed/file4_97/result/file4_97PostProcessed_Result.json
2024-08-02 15:09:06,110 - File created: ./FMMFSM_analyzer_Tl/output/20240802150900/config/file4_98.json
2024-08-02 15:09:06,110 - File created: ./FMMFSM_analyzer_Tl/output/20240802150900/config/file4Sys_98.json
2024-08-02 15:09:06,155 - Starting post-processing for simulation 98
2024-08-02 15:09:06,155 - Starting post-processing
2024-08-02 15:09:06,155 - First blocking state step: None
2024-08-02 15:09:06,156 - Post-processed file saved to: ./FMMFSM_analyzer_Tl/output/20240802150900/computed/file4_98/result/file4_98PostProcessed_Result.json
2024-08-02 15:09:06,157 - File created: ./FMMFSM_analyzer_Tl/output/20240802150900/config/file4_99.json
2024-08-02 15:09:06,158 - File created: ./FMMFSM_analyzer_Tl/output/20240802150900/config/file4Sys_99.json
2024-08-02 15:09:06,205 - Starting post-processing for simulation 99
2024-08-02 15:09:06,205 - Starting post-processing
2024-08-02 15:09:06,205 - First blocking state step: 9
2024-08-02 15:09:06,205 - Post-processed file saved to: ./FMMFSM_analyzer_Tl/output/20240802150900/computed/file4_99/result/file4_99PostProcessed_Result.json
2024-08-02 15:09:06,206 - Last file created: 99
