2024-07-29 11:21:59,093 - Command executed: run.py /Users/angelcui/Documents/GitHub/FMMFSM_simulator/FMMFSM_analyzer_Tl/config/file3.json /Users/angelcui/Documents/GitHub/FMMFSM_simulator/FMMFSM_analyzer_Tl/config/fileSys.json --num 10 --iter 100 --postp --tl
2024-07-29 11:21:59,097 - File created: ./FMMFSM_analyzer_Tl/output/20240729112159/config/file3_0.json
2024-07-29 11:21:59,097 - File created: ./FMMFSM_analyzer_Tl/output/20240729112159/config/fileSys_0.json
2024-07-29 11:21:59,285 - Starting post-processing for simulation 0
2024-07-29 11:21:59,285 - Starting post-processing
2024-07-29 11:21:59,286 - First blocking state step: 4
2024-07-29 11:21:59,287 - Post-processed file saved to: ./FMMFSM_analyzer_Tl/output/20240729112159/computed/file3_0/result/file3_0PostProcessed_Result.json
2024-07-29 11:21:59,289 - First file created: 0
2024-07-29 11:21:59,292 - File created: ./FMMFSM_analyzer_Tl/output/20240729112159/config/file3_1.json
2024-07-29 11:21:59,296 - File created: ./FMMFSM_analyzer_Tl/output/20240729112159/config/fileSys_1.json
2024-07-29 11:21:59,435 - Starting post-processing for simulation 1
2024-07-29 11:21:59,435 - Starting post-processing
2024-07-29 11:21:59,436 - First blocking state step: None
2024-07-29 11:21:59,436 - Post-processed file saved to: ./FMMFSM_analyzer_Tl/output/20240729112159/computed/file3_1/result/file3_1PostProcessed_Result.json
2024-07-29 11:21:59,440 - File created: ./FMMFSM_analyzer_Tl/output/20240729112159/config/file3_2.json
2024-07-29 11:21:59,440 - File created: ./FMMFSM_analyzer_Tl/output/20240729112159/config/fileSys_2.json
2024-07-29 11:21:59,587 - Starting post-processing for simulation 2
2024-07-29 11:21:59,587 - Starting post-processing
2024-07-29 11:21:59,590 - First blocking state step: 8
2024-07-29 11:21:59,593 - Post-processed file saved to: ./FMMFSM_analyzer_Tl/output/20240729112159/computed/file3_2/result/file3_2PostProcessed_Result.json
2024-07-29 11:21:59,596 - File created: ./FMMFSM_analyzer_Tl/output/20240729112159/config/file3_3.json
2024-07-29 11:21:59,597 - File created: ./FMMFSM_analyzer_Tl/output/20240729112159/config/fileSys_3.json
2024-07-29 11:21:59,716 - Starting post-processing for simulation 3
2024-07-29 11:21:59,717 - Starting post-processing
2024-07-29 11:21:59,717 - First blocking state step: 6
2024-07-29 11:21:59,718 - Post-processed file saved to: ./FMMFSM_analyzer_Tl/output/20240729112159/computed/file3_3/result/file3_3PostProcessed_Result.json
2024-07-29 11:21:59,720 - File created: ./FMMFSM_analyzer_Tl/output/20240729112159/config/file3_4.json
2024-07-29 11:21:59,720 - File created: ./FMMFSM_analyzer_Tl/output/20240729112159/config/fileSys_4.json
2024-07-29 11:21:59,820 - Starting post-processing for simulation 4
2024-07-29 11:21:59,822 - Starting post-processing
2024-07-29 11:21:59,822 - First blocking state step: None
2024-07-29 11:21:59,823 - Post-processed file saved to: ./FMMFSM_analyzer_Tl/output/20240729112159/computed/file3_4/result/file3_4PostProcessed_Result.json
2024-07-29 11:21:59,825 - File created: ./FMMFSM_analyzer_Tl/output/20240729112159/config/file3_5.json
2024-07-29 11:21:59,827 - File created: ./FMMFSM_analyzer_Tl/output/20240729112159/config/fileSys_5.json
2024-07-29 11:21:59,939 - Starting post-processing for simulation 5
2024-07-29 11:21:59,940 - Starting post-processing
2024-07-29 11:21:59,940 - First blocking state step: None
2024-07-29 11:21:59,940 - Post-processed file saved to: ./FMMFSM_analyzer_Tl/output/20240729112159/computed/file3_5/result/file3_5PostProcessed_Result.json
2024-07-29 11:21:59,942 - File created: ./FMMFSM_analyzer_Tl/output/20240729112159/config/file3_6.json
2024-07-29 11:21:59,943 - File created: ./FMMFSM_analyzer_Tl/output/20240729112159/config/fileSys_6.json
2024-07-29 11:22:00,027 - Starting post-processing for simulation 6
2024-07-29 11:22:00,027 - Starting post-processing
2024-07-29 11:22:00,028 - First blocking state step: 5
2024-07-29 11:22:00,029 - Post-processed file saved to: ./FMMFSM_analyzer_Tl/output/20240729112159/computed/file3_6/result/file3_6PostProcessed_Result.json
2024-07-29 11:22:00,031 - File created: ./FMMFSM_analyzer_Tl/output/20240729112159/config/file3_7.json
2024-07-29 11:22:00,032 - File created: ./FMMFSM_analyzer_Tl/output/20240729112159/config/fileSys_7.json
2024-07-29 11:22:00,161 - Starting post-processing for simulation 7
2024-07-29 11:22:00,162 - Starting post-processing
2024-07-29 11:22:00,162 - First blocking state step: None
2024-07-29 11:22:00,162 - Post-processed file saved to: ./FMMFSM_analyzer_Tl/output/20240729112159/computed/file3_7/result/file3_7PostProcessed_Result.json
2024-07-29 11:22:00,165 - File created: ./FMMFSM_analyzer_Tl/output/20240729112159/config/file3_8.json
2024-07-29 11:22:00,165 - File created: ./FMMFSM_analyzer_Tl/output/20240729112159/config/fileSys_8.json
2024-07-29 11:22:00,293 - Starting post-processing for simulation 8
2024-07-29 11:22:00,294 - Starting post-processing
2024-07-29 11:22:00,294 - First blocking state step: None
2024-07-29 11:22:00,295 - Post-processed file saved to: ./FMMFSM_analyzer_Tl/output/20240729112159/computed/file3_8/result/file3_8PostProcessed_Result.json
2024-07-29 11:22:00,298 - File created: ./FMMFSM_analyzer_Tl/output/20240729112159/config/file3_9.json
2024-07-29 11:22:00,298 - File created: ./FMMFSM_analyzer_Tl/output/20240729112159/config/fileSys_9.json
2024-07-29 11:22:00,424 - Starting post-processing for simulation 9
2024-07-29 11:22:00,425 - Starting post-processing
2024-07-29 11:22:00,425 - First blocking state step: None
2024-07-29 11:22:00,426 - Post-processed file saved to: ./FMMFSM_analyzer_Tl/output/20240729112159/computed/file3_9/result/file3_9PostProcessed_Result.json
2024-07-29 11:22:00,429 - File created: ./FMMFSM_analyzer_Tl/output/20240729112159/config/file3_10.json
2024-07-29 11:22:00,430 - File created: ./FMMFSM_analyzer_Tl/output/20240729112159/config/fileSys_10.json
2024-07-29 11:22:00,529 - Starting post-processing for simulation 10
2024-07-29 11:22:00,529 - Starting post-processing
2024-07-29 11:22:00,530 - First blocking state step: None
2024-07-29 11:22:00,531 - Post-processed file saved to: ./FMMFSM_analyzer_Tl/output/20240729112159/computed/file3_10/result/file3_10PostProcessed_Result.json
2024-07-29 11:22:00,534 - File created: ./FMMFSM_analyzer_Tl/output/20240729112159/config/file3_11.json
2024-07-29 11:22:00,536 - File created: ./FMMFSM_analyzer_Tl/output/20240729112159/config/fileSys_11.json
2024-07-29 11:22:00,641 - Starting post-processing for simulation 11
2024-07-29 11:22:00,641 - Starting post-processing
2024-07-29 11:22:00,641 - First blocking state step: None
2024-07-29 11:22:00,642 - Post-processed file saved to: ./FMMFSM_analyzer_Tl/output/20240729112159/computed/file3_11/result/file3_11PostProcessed_Result.json
2024-07-29 11:22:00,644 - File created: ./FMMFSM_analyzer_Tl/output/20240729112159/config/file3_12.json
2024-07-29 11:22:00,644 - File created: ./FMMFSM_analyzer_Tl/output/20240729112159/config/fileSys_12.json
2024-07-29 11:22:00,732 - Starting post-processing for simulation 12
2024-07-29 11:22:00,732 - Starting post-processing
2024-07-29 11:22:00,733 - First blocking state step: None
2024-07-29 11:22:00,733 - Post-processed file saved to: ./FMMFSM_analyzer_Tl/output/20240729112159/computed/file3_12/result/file3_12PostProcessed_Result.json
2024-07-29 11:22:00,735 - File created: ./FMMFSM_analyzer_Tl/output/20240729112159/config/file3_13.json
2024-07-29 11:22:00,735 - File created: ./FMMFSM_analyzer_Tl/output/20240729112159/config/fileSys_13.json
2024-07-29 11:22:00,859 - Starting post-processing for simulation 13
2024-07-29 11:22:00,859 - Starting post-processing
2024-07-29 11:22:00,860 - First blocking state step: 4
2024-07-29 11:22:00,861 - Post-processed file saved to: ./FMMFSM_analyzer_Tl/output/20240729112159/computed/file3_13/result/file3_13PostProcessed_Result.json
2024-07-29 11:22:00,862 - File created: ./FMMFSM_analyzer_Tl/output/20240729112159/config/file3_14.json
2024-07-29 11:22:00,863 - File created: ./FMMFSM_analyzer_Tl/output/20240729112159/config/fileSys_14.json
2024-07-29 11:22:01,041 - Starting post-processing for simulation 14
2024-07-29 11:22:01,042 - Starting post-processing
2024-07-29 11:22:01,042 - First blocking state step: None
2024-07-29 11:22:01,043 - Post-processed file saved to: ./FMMFSM_analyzer_Tl/output/20240729112159/computed/file3_14/result/file3_14PostProcessed_Result.json
2024-07-29 11:22:01,045 - File created: ./FMMFSM_analyzer_Tl/output/20240729112159/config/file3_15.json
2024-07-29 11:22:01,046 - File created: ./FMMFSM_analyzer_Tl/output/20240729112159/config/fileSys_15.json
2024-07-29 11:22:01,136 - Starting post-processing for simulation 15
2024-07-29 11:22:01,136 - Starting post-processing
2024-07-29 11:22:01,137 - First blocking state step: None
2024-07-29 11:22:01,139 - Post-processed file saved to: ./FMMFSM_analyzer_Tl/output/20240729112159/computed/file3_15/result/file3_15PostProcessed_Result.json
2024-07-29 11:22:01,140 - File created: ./FMMFSM_analyzer_Tl/output/20240729112159/config/file3_16.json
2024-07-29 11:22:01,141 - File created: ./FMMFSM_analyzer_Tl/output/20240729112159/config/fileSys_16.json
2024-07-29 11:22:01,233 - Starting post-processing for simulation 16
2024-07-29 11:22:01,233 - Starting post-processing
2024-07-29 11:22:01,233 - First blocking state step: None
2024-07-29 11:22:01,234 - Post-processed file saved to: ./FMMFSM_analyzer_Tl/output/20240729112159/computed/file3_16/result/file3_16PostProcessed_Result.json
2024-07-29 11:22:01,235 - File created: ./FMMFSM_analyzer_Tl/output/20240729112159/config/file3_17.json
2024-07-29 11:22:01,236 - File created: ./FMMFSM_analyzer_Tl/output/20240729112159/config/fileSys_17.json
2024-07-29 11:22:01,341 - Starting post-processing for simulation 17
2024-07-29 11:22:01,341 - Starting post-processing
2024-07-29 11:22:01,343 - First blocking state step: 9
2024-07-29 11:22:01,345 - Post-processed file saved to: ./FMMFSM_analyzer_Tl/output/20240729112159/computed/file3_17/result/file3_17PostProcessed_Result.json
2024-07-29 11:22:01,347 - File created: ./FMMFSM_analyzer_Tl/output/20240729112159/config/file3_18.json
2024-07-29 11:22:01,349 - File created: ./FMMFSM_analyzer_Tl/output/20240729112159/config/fileSys_18.json
2024-07-29 11:22:01,466 - Starting post-processing for simulation 18
2024-07-29 11:22:01,466 - Starting post-processing
2024-07-29 11:22:01,466 - First blocking state step: None
2024-07-29 11:22:01,467 - Post-processed file saved to: ./FMMFSM_analyzer_Tl/output/20240729112159/computed/file3_18/result/file3_18PostProcessed_Result.json
2024-07-29 11:22:01,469 - File created: ./FMMFSM_analyzer_Tl/output/20240729112159/config/file3_19.json
2024-07-29 11:22:01,473 - File created: ./FMMFSM_analyzer_Tl/output/20240729112159/config/fileSys_19.json
2024-07-29 11:22:01,582 - Starting post-processing for simulation 19
2024-07-29 11:22:01,582 - Starting post-processing
2024-07-29 11:22:01,582 - First blocking state step: None
2024-07-29 11:22:01,583 - Post-processed file saved to: ./FMMFSM_analyzer_Tl/output/20240729112159/computed/file3_19/result/file3_19PostProcessed_Result.json
2024-07-29 11:22:01,584 - File created: ./FMMFSM_analyzer_Tl/output/20240729112159/config/file3_20.json
2024-07-29 11:22:01,585 - File created: ./FMMFSM_analyzer_Tl/output/20240729112159/config/fileSys_20.json
2024-07-29 11:22:01,656 - Starting post-processing for simulation 20
2024-07-29 11:22:01,656 - Starting post-processing
2024-07-29 11:22:01,657 - First blocking state step: None
2024-07-29 11:22:01,658 - Post-processed file saved to: ./FMMFSM_analyzer_Tl/output/20240729112159/computed/file3_20/result/file3_20PostProcessed_Result.json
2024-07-29 11:22:01,659 - File created: ./FMMFSM_analyzer_Tl/output/20240729112159/config/file3_21.json
2024-07-29 11:22:01,660 - File created: ./FMMFSM_analyzer_Tl/output/20240729112159/config/fileSys_21.json
2024-07-29 11:22:01,782 - Starting post-processing for simulation 21
2024-07-29 11:22:01,782 - Starting post-processing
2024-07-29 11:22:01,783 - First blocking state step: 7
2024-07-29 11:22:01,784 - Post-processed file saved to: ./FMMFSM_analyzer_Tl/output/20240729112159/computed/file3_21/result/file3_21PostProcessed_Result.json
2024-07-29 11:22:01,785 - File created: ./FMMFSM_analyzer_Tl/output/20240729112159/config/file3_22.json
2024-07-29 11:22:01,786 - File created: ./FMMFSM_analyzer_Tl/output/20240729112159/config/fileSys_22.json
2024-07-29 11:22:01,882 - Starting post-processing for simulation 22
2024-07-29 11:22:01,882 - Starting post-processing
2024-07-29 11:22:01,883 - First blocking state step: None
2024-07-29 11:22:01,883 - Post-processed file saved to: ./FMMFSM_analyzer_Tl/output/20240729112159/computed/file3_22/result/file3_22PostProcessed_Result.json
2024-07-29 11:22:01,885 - File created: ./FMMFSM_analyzer_Tl/output/20240729112159/config/file3_23.json
2024-07-29 11:22:01,886 - File created: ./FMMFSM_analyzer_Tl/output/20240729112159/config/fileSys_23.json
2024-07-29 11:22:02,049 - Starting post-processing for simulation 23
2024-07-29 11:22:02,049 - Starting post-processing
2024-07-29 11:22:02,049 - First blocking state step: None
2024-07-29 11:22:02,051 - Post-processed file saved to: ./FMMFSM_analyzer_Tl/output/20240729112159/computed/file3_23/result/file3_23PostProcessed_Result.json
2024-07-29 11:22:02,052 - File created: ./FMMFSM_analyzer_Tl/output/20240729112159/config/file3_24.json
2024-07-29 11:22:02,053 - File created: ./FMMFSM_analyzer_Tl/output/20240729112159/config/fileSys_24.json
2024-07-29 11:22:02,129 - Starting post-processing for simulation 24
2024-07-29 11:22:02,129 - Starting post-processing
2024-07-29 11:22:02,129 - First blocking state step: None
2024-07-29 11:22:02,130 - Post-processed file saved to: ./FMMFSM_analyzer_Tl/output/20240729112159/computed/file3_24/result/file3_24PostProcessed_Result.json
2024-07-29 11:22:02,132 - File created: ./FMMFSM_analyzer_Tl/output/20240729112159/config/file3_25.json
2024-07-29 11:22:02,133 - File created: ./FMMFSM_analyzer_Tl/output/20240729112159/config/fileSys_25.json
2024-07-29 11:22:02,251 - Starting post-processing for simulation 25
2024-07-29 11:22:02,251 - Starting post-processing
2024-07-29 11:22:02,252 - First blocking state step: 5
2024-07-29 11:22:02,252 - Post-processed file saved to: ./FMMFSM_analyzer_Tl/output/20240729112159/computed/file3_25/result/file3_25PostProcessed_Result.json
2024-07-29 11:22:02,254 - File created: ./FMMFSM_analyzer_Tl/output/20240729112159/config/file3_26.json
2024-07-29 11:22:02,256 - File created: ./FMMFSM_analyzer_Tl/output/20240729112159/config/fileSys_26.json
2024-07-29 11:22:02,355 - Starting post-processing for simulation 26
2024-07-29 11:22:02,357 - Starting post-processing
2024-07-29 11:22:02,358 - First blocking state step: None
2024-07-29 11:22:02,360 - Post-processed file saved to: ./FMMFSM_analyzer_Tl/output/20240729112159/computed/file3_26/result/file3_26PostProcessed_Result.json
2024-07-29 11:22:02,361 - File created: ./FMMFSM_analyzer_Tl/output/20240729112159/config/file3_27.json
2024-07-29 11:22:02,362 - File created: ./FMMFSM_analyzer_Tl/output/20240729112159/config/fileSys_27.json
2024-07-29 11:22:02,466 - Starting post-processing for simulation 27
2024-07-29 11:22:02,467 - Starting post-processing
2024-07-29 11:22:02,467 - First blocking state step: None
2024-07-29 11:22:02,468 - Post-processed file saved to: ./FMMFSM_analyzer_Tl/output/20240729112159/computed/file3_27/result/file3_27PostProcessed_Result.json
2024-07-29 11:22:02,470 - File created: ./FMMFSM_analyzer_Tl/output/20240729112159/config/file3_28.json
2024-07-29 11:22:02,470 - File created: ./FMMFSM_analyzer_Tl/output/20240729112159/config/fileSys_28.json
2024-07-29 11:22:02,580 - Starting post-processing for simulation 28
2024-07-29 11:22:02,581 - Starting post-processing
2024-07-29 11:22:02,581 - First blocking state step: None
2024-07-29 11:22:02,582 - Post-processed file saved to: ./FMMFSM_analyzer_Tl/output/20240729112159/computed/file3_28/result/file3_28PostProcessed_Result.json
2024-07-29 11:22:02,584 - File created: ./FMMFSM_analyzer_Tl/output/20240729112159/config/file3_29.json
2024-07-29 11:22:02,584 - File created: ./FMMFSM_analyzer_Tl/output/20240729112159/config/fileSys_29.json
2024-07-29 11:22:02,664 - Starting post-processing for simulation 29
2024-07-29 11:22:02,664 - Starting post-processing
2024-07-29 11:22:02,665 - First blocking state step: None
2024-07-29 11:22:02,666 - Post-processed file saved to: ./FMMFSM_analyzer_Tl/output/20240729112159/computed/file3_29/result/file3_29PostProcessed_Result.json
2024-07-29 11:22:02,667 - File created: ./FMMFSM_analyzer_Tl/output/20240729112159/config/file3_30.json
2024-07-29 11:22:02,667 - File created: ./FMMFSM_analyzer_Tl/output/20240729112159/config/fileSys_30.json
2024-07-29 11:22:02,770 - Starting post-processing for simulation 30
2024-07-29 11:22:02,771 - Starting post-processing
2024-07-29 11:22:02,772 - First blocking state step: None
2024-07-29 11:22:02,774 - Post-processed file saved to: ./FMMFSM_analyzer_Tl/output/20240729112159/computed/file3_30/result/file3_30PostProcessed_Result.json
2024-07-29 11:22:02,776 - File created: ./FMMFSM_analyzer_Tl/output/20240729112159/config/file3_31.json
2024-07-29 11:22:02,777 - File created: ./FMMFSM_analyzer_Tl/output/20240729112159/config/fileSys_31.json
2024-07-29 11:22:02,875 - Starting post-processing for simulation 31
2024-07-29 11:22:02,876 - Starting post-processing
2024-07-29 11:22:02,876 - First blocking state step: 7
2024-07-29 11:22:02,877 - Post-processed file saved to: ./FMMFSM_analyzer_Tl/output/20240729112159/computed/file3_31/result/file3_31PostProcessed_Result.json
2024-07-29 11:22:02,878 - File created: ./FMMFSM_analyzer_Tl/output/20240729112159/config/file3_32.json
2024-07-29 11:22:02,879 - File created: ./FMMFSM_analyzer_Tl/output/20240729112159/config/fileSys_32.json
2024-07-29 11:22:03,002 - Starting post-processing for simulation 32
2024-07-29 11:22:03,002 - Starting post-processing
2024-07-29 11:22:03,003 - First blocking state step: None
2024-07-29 11:22:03,003 - Post-processed file saved to: ./FMMFSM_analyzer_Tl/output/20240729112159/computed/file3_32/result/file3_32PostProcessed_Result.json
2024-07-29 11:22:03,006 - File created: ./FMMFSM_analyzer_Tl/output/20240729112159/config/file3_33.json
2024-07-29 11:22:03,006 - File created: ./FMMFSM_analyzer_Tl/output/20240729112159/config/fileSys_33.json
2024-07-29 11:22:03,123 - Starting post-processing for simulation 33
2024-07-29 11:22:03,123 - Starting post-processing
2024-07-29 11:22:03,123 - First blocking state step: None
2024-07-29 11:22:03,125 - Post-processed file saved to: ./FMMFSM_analyzer_Tl/output/20240729112159/computed/file3_33/result/file3_33PostProcessed_Result.json
2024-07-29 11:22:03,126 - File created: ./FMMFSM_analyzer_Tl/output/20240729112159/config/file3_34.json
2024-07-29 11:22:03,126 - File created: ./FMMFSM_analyzer_Tl/output/20240729112159/config/fileSys_34.json
2024-07-29 11:22:03,320 - Starting post-processing for simulation 34
2024-07-29 11:22:03,320 - Starting post-processing
2024-07-29 11:22:03,321 - First blocking state step: None
2024-07-29 11:22:03,322 - Post-processed file saved to: ./FMMFSM_analyzer_Tl/output/20240729112159/computed/file3_34/result/file3_34PostProcessed_Result.json
2024-07-29 11:22:03,324 - File created: ./FMMFSM_analyzer_Tl/output/20240729112159/config/file3_35.json
2024-07-29 11:22:03,325 - File created: ./FMMFSM_analyzer_Tl/output/20240729112159/config/fileSys_35.json
2024-07-29 11:22:03,416 - Starting post-processing for simulation 35
2024-07-29 11:22:03,416 - Starting post-processing
2024-07-29 11:22:03,416 - First blocking state step: 5
2024-07-29 11:22:03,417 - Post-processed file saved to: ./FMMFSM_analyzer_Tl/output/20240729112159/computed/file3_35/result/file3_35PostProcessed_Result.json
2024-07-29 11:22:03,419 - File created: ./FMMFSM_analyzer_Tl/output/20240729112159/config/file3_36.json
2024-07-29 11:22:03,419 - File created: ./FMMFSM_analyzer_Tl/output/20240729112159/config/fileSys_36.json
2024-07-29 11:22:03,514 - Starting post-processing for simulation 36
2024-07-29 11:22:03,514 - Starting post-processing
2024-07-29 11:22:03,515 - First blocking state step: None
2024-07-29 11:22:03,516 - Post-processed file saved to: ./FMMFSM_analyzer_Tl/output/20240729112159/computed/file3_36/result/file3_36PostProcessed_Result.json
2024-07-29 11:22:03,517 - File created: ./FMMFSM_analyzer_Tl/output/20240729112159/config/file3_37.json
2024-07-29 11:22:03,518 - File created: ./FMMFSM_analyzer_Tl/output/20240729112159/config/fileSys_37.json
2024-07-29 11:22:03,655 - Starting post-processing for simulation 37
2024-07-29 11:22:03,655 - Starting post-processing
2024-07-29 11:22:03,655 - First blocking state step: None
2024-07-29 11:22:03,656 - Post-processed file saved to: ./FMMFSM_analyzer_Tl/output/20240729112159/computed/file3_37/result/file3_37PostProcessed_Result.json
2024-07-29 11:22:03,659 - File created: ./FMMFSM_analyzer_Tl/output/20240729112159/config/file3_38.json
2024-07-29 11:22:03,660 - File created: ./FMMFSM_analyzer_Tl/output/20240729112159/config/fileSys_38.json
2024-07-29 11:22:03,744 - Starting post-processing for simulation 38
2024-07-29 11:22:03,744 - Starting post-processing
2024-07-29 11:22:03,744 - First blocking state step: None
2024-07-29 11:22:03,745 - Post-processed file saved to: ./FMMFSM_analyzer_Tl/output/20240729112159/computed/file3_38/result/file3_38PostProcessed_Result.json
2024-07-29 11:22:03,747 - File created: ./FMMFSM_analyzer_Tl/output/20240729112159/config/file3_39.json
2024-07-29 11:22:03,748 - File created: ./FMMFSM_analyzer_Tl/output/20240729112159/config/fileSys_39.json
2024-07-29 11:22:03,832 - Starting post-processing for simulation 39
2024-07-29 11:22:03,832 - Starting post-processing
2024-07-29 11:22:03,833 - First blocking state step: 9
2024-07-29 11:22:03,833 - Post-processed file saved to: ./FMMFSM_analyzer_Tl/output/20240729112159/computed/file3_39/result/file3_39PostProcessed_Result.json
2024-07-29 11:22:03,835 - File created: ./FMMFSM_analyzer_Tl/output/20240729112159/config/file3_40.json
2024-07-29 11:22:03,836 - File created: ./FMMFSM_analyzer_Tl/output/20240729112159/config/fileSys_40.json
2024-07-29 11:22:03,929 - Starting post-processing for simulation 40
2024-07-29 11:22:03,929 - Starting post-processing
2024-07-29 11:22:03,929 - First blocking state step: 7
2024-07-29 11:22:03,930 - Post-processed file saved to: ./FMMFSM_analyzer_Tl/output/20240729112159/computed/file3_40/result/file3_40PostProcessed_Result.json
2024-07-29 11:22:03,932 - File created: ./FMMFSM_analyzer_Tl/output/20240729112159/config/file3_41.json
2024-07-29 11:22:03,932 - File created: ./FMMFSM_analyzer_Tl/output/20240729112159/config/fileSys_41.json
2024-07-29 11:22:04,028 - Starting post-processing for simulation 41
2024-07-29 11:22:04,029 - Starting post-processing
2024-07-29 11:22:04,029 - First blocking state step: None
2024-07-29 11:22:04,030 - Post-processed file saved to: ./FMMFSM_analyzer_Tl/output/20240729112159/computed/file3_41/result/file3_41PostProcessed_Result.json
2024-07-29 11:22:04,032 - File created: ./FMMFSM_analyzer_Tl/output/20240729112159/config/file3_42.json
2024-07-29 11:22:04,033 - File created: ./FMMFSM_analyzer_Tl/output/20240729112159/config/fileSys_42.json
2024-07-29 11:22:04,142 - Starting post-processing for simulation 42
2024-07-29 11:22:04,143 - Starting post-processing
2024-07-29 11:22:04,143 - First blocking state step: None
2024-07-29 11:22:04,143 - Post-processed file saved to: ./FMMFSM_analyzer_Tl/output/20240729112159/computed/file3_42/result/file3_42PostProcessed_Result.json
2024-07-29 11:22:04,145 - File created: ./FMMFSM_analyzer_Tl/output/20240729112159/config/file3_43.json
2024-07-29 11:22:04,146 - File created: ./FMMFSM_analyzer_Tl/output/20240729112159/config/fileSys_43.json
2024-07-29 11:22:04,234 - Starting post-processing for simulation 43
2024-07-29 11:22:04,234 - Starting post-processing
2024-07-29 11:22:04,234 - First blocking state step: None
2024-07-29 11:22:04,235 - Post-processed file saved to: ./FMMFSM_analyzer_Tl/output/20240729112159/computed/file3_43/result/file3_43PostProcessed_Result.json
2024-07-29 11:22:04,237 - File created: ./FMMFSM_analyzer_Tl/output/20240729112159/config/file3_44.json
2024-07-29 11:22:04,239 - File created: ./FMMFSM_analyzer_Tl/output/20240729112159/config/fileSys_44.json
2024-07-29 11:22:04,326 - Starting post-processing for simulation 44
2024-07-29 11:22:04,326 - Starting post-processing
2024-07-29 11:22:04,327 - First blocking state step: None
2024-07-29 11:22:04,327 - Post-processed file saved to: ./FMMFSM_analyzer_Tl/output/20240729112159/computed/file3_44/result/file3_44PostProcessed_Result.json
2024-07-29 11:22:04,328 - File created: ./FMMFSM_analyzer_Tl/output/20240729112159/config/file3_45.json
2024-07-29 11:22:04,329 - File created: ./FMMFSM_analyzer_Tl/output/20240729112159/config/fileSys_45.json
2024-07-29 11:22:04,424 - Starting post-processing for simulation 45
2024-07-29 11:22:04,424 - Starting post-processing
2024-07-29 11:22:04,424 - First blocking state step: None
2024-07-29 11:22:04,425 - Post-processed file saved to: ./FMMFSM_analyzer_Tl/output/20240729112159/computed/file3_45/result/file3_45PostProcessed_Result.json
2024-07-29 11:22:04,426 - File created: ./FMMFSM_analyzer_Tl/output/20240729112159/config/file3_46.json
2024-07-29 11:22:04,427 - File created: ./FMMFSM_analyzer_Tl/output/20240729112159/config/fileSys_46.json
2024-07-29 11:22:04,520 - Starting post-processing for simulation 46
2024-07-29 11:22:04,520 - Starting post-processing
2024-07-29 11:22:04,520 - First blocking state step: None
2024-07-29 11:22:04,523 - Post-processed file saved to: ./FMMFSM_analyzer_Tl/output/20240729112159/computed/file3_46/result/file3_46PostProcessed_Result.json
2024-07-29 11:22:04,525 - File created: ./FMMFSM_analyzer_Tl/output/20240729112159/config/file3_47.json
2024-07-29 11:22:04,526 - File created: ./FMMFSM_analyzer_Tl/output/20240729112159/config/fileSys_47.json
2024-07-29 11:22:04,670 - Starting post-processing for simulation 47
2024-07-29 11:22:04,670 - Starting post-processing
2024-07-29 11:22:04,671 - First blocking state step: 5
2024-07-29 11:22:04,672 - Post-processed file saved to: ./FMMFSM_analyzer_Tl/output/20240729112159/computed/file3_47/result/file3_47PostProcessed_Result.json
2024-07-29 11:22:04,673 - File created: ./FMMFSM_analyzer_Tl/output/20240729112159/config/file3_48.json
2024-07-29 11:22:04,673 - File created: ./FMMFSM_analyzer_Tl/output/20240729112159/config/fileSys_48.json
2024-07-29 11:22:04,764 - Starting post-processing for simulation 48
2024-07-29 11:22:04,764 - Starting post-processing
2024-07-29 11:22:04,765 - First blocking state step: 9
2024-07-29 11:22:04,765 - Post-processed file saved to: ./FMMFSM_analyzer_Tl/output/20240729112159/computed/file3_48/result/file3_48PostProcessed_Result.json
2024-07-29 11:22:04,766 - File created: ./FMMFSM_analyzer_Tl/output/20240729112159/config/file3_49.json
2024-07-29 11:22:04,767 - File created: ./FMMFSM_analyzer_Tl/output/20240729112159/config/fileSys_49.json
2024-07-29 11:22:04,877 - Starting post-processing for simulation 49
2024-07-29 11:22:04,877 - Starting post-processing
2024-07-29 11:22:04,877 - First blocking state step: None
2024-07-29 11:22:04,878 - Post-processed file saved to: ./FMMFSM_analyzer_Tl/output/20240729112159/computed/file3_49/result/file3_49PostProcessed_Result.json
2024-07-29 11:22:04,880 - File created: ./FMMFSM_analyzer_Tl/output/20240729112159/config/file3_50.json
2024-07-29 11:22:04,880 - File created: ./FMMFSM_analyzer_Tl/output/20240729112159/config/fileSys_50.json
2024-07-29 11:22:04,965 - Starting post-processing for simulation 50
2024-07-29 11:22:04,965 - Starting post-processing
2024-07-29 11:22:04,965 - First blocking state step: None
2024-07-29 11:22:04,966 - Post-processed file saved to: ./FMMFSM_analyzer_Tl/output/20240729112159/computed/file3_50/result/file3_50PostProcessed_Result.json
2024-07-29 11:22:04,967 - File created: ./FMMFSM_analyzer_Tl/output/20240729112159/config/file3_51.json
2024-07-29 11:22:04,968 - File created: ./FMMFSM_analyzer_Tl/output/20240729112159/config/fileSys_51.json
2024-07-29 11:22:05,053 - Starting post-processing for simulation 51
2024-07-29 11:22:05,054 - Starting post-processing
2024-07-29 11:22:05,054 - First blocking state step: None
2024-07-29 11:22:05,055 - Post-processed file saved to: ./FMMFSM_analyzer_Tl/output/20240729112159/computed/file3_51/result/file3_51PostProcessed_Result.json
2024-07-29 11:22:05,059 - File created: ./FMMFSM_analyzer_Tl/output/20240729112159/config/file3_52.json
2024-07-29 11:22:05,059 - File created: ./FMMFSM_analyzer_Tl/output/20240729112159/config/fileSys_52.json
2024-07-29 11:22:05,173 - Starting post-processing for simulation 52
2024-07-29 11:22:05,173 - Starting post-processing
2024-07-29 11:22:05,174 - First blocking state step: 7
2024-07-29 11:22:05,175 - Post-processed file saved to: ./FMMFSM_analyzer_Tl/output/20240729112159/computed/file3_52/result/file3_52PostProcessed_Result.json
2024-07-29 11:22:05,178 - File created: ./FMMFSM_analyzer_Tl/output/20240729112159/config/file3_53.json
2024-07-29 11:22:05,179 - File created: ./FMMFSM_analyzer_Tl/output/20240729112159/config/fileSys_53.json
2024-07-29 11:22:05,298 - Starting post-processing for simulation 53
2024-07-29 11:22:05,299 - Starting post-processing
2024-07-29 11:22:05,299 - First blocking state step: None
2024-07-29 11:22:05,299 - Post-processed file saved to: ./FMMFSM_analyzer_Tl/output/20240729112159/computed/file3_53/result/file3_53PostProcessed_Result.json
2024-07-29 11:22:05,301 - File created: ./FMMFSM_analyzer_Tl/output/20240729112159/config/file3_54.json
2024-07-29 11:22:05,302 - File created: ./FMMFSM_analyzer_Tl/output/20240729112159/config/fileSys_54.json
2024-07-29 11:22:05,415 - Starting post-processing for simulation 54
2024-07-29 11:22:05,415 - Starting post-processing
2024-07-29 11:22:05,415 - First blocking state step: None
2024-07-29 11:22:05,416 - Post-processed file saved to: ./FMMFSM_analyzer_Tl/output/20240729112159/computed/file3_54/result/file3_54PostProcessed_Result.json
2024-07-29 11:22:05,419 - File created: ./FMMFSM_analyzer_Tl/output/20240729112159/config/file3_55.json
2024-07-29 11:22:05,419 - File created: ./FMMFSM_analyzer_Tl/output/20240729112159/config/fileSys_55.json
2024-07-29 11:22:05,506 - Starting post-processing for simulation 55
2024-07-29 11:22:05,507 - Starting post-processing
2024-07-29 11:22:05,507 - First blocking state step: None
2024-07-29 11:22:05,508 - Post-processed file saved to: ./FMMFSM_analyzer_Tl/output/20240729112159/computed/file3_55/result/file3_55PostProcessed_Result.json
2024-07-29 11:22:05,509 - File created: ./FMMFSM_analyzer_Tl/output/20240729112159/config/file3_56.json
2024-07-29 11:22:05,510 - File created: ./FMMFSM_analyzer_Tl/output/20240729112159/config/fileSys_56.json
2024-07-29 11:22:05,623 - Starting post-processing for simulation 56
2024-07-29 11:22:05,623 - Starting post-processing
2024-07-29 11:22:05,623 - First blocking state step: None
2024-07-29 11:22:05,626 - Post-processed file saved to: ./FMMFSM_analyzer_Tl/output/20240729112159/computed/file3_56/result/file3_56PostProcessed_Result.json
2024-07-29 11:22:05,628 - File created: ./FMMFSM_analyzer_Tl/output/20240729112159/config/file3_57.json
2024-07-29 11:22:05,629 - File created: ./FMMFSM_analyzer_Tl/output/20240729112159/config/fileSys_57.json
2024-07-29 11:22:05,700 - Starting post-processing for simulation 57
2024-07-29 11:22:05,700 - Starting post-processing
2024-07-29 11:22:05,700 - First blocking state step: None
2024-07-29 11:22:05,701 - Post-processed file saved to: ./FMMFSM_analyzer_Tl/output/20240729112159/computed/file3_57/result/file3_57PostProcessed_Result.json
2024-07-29 11:22:05,703 - File created: ./FMMFSM_analyzer_Tl/output/20240729112159/config/file3_58.json
2024-07-29 11:22:05,703 - File created: ./FMMFSM_analyzer_Tl/output/20240729112159/config/fileSys_58.json
2024-07-29 11:22:05,812 - Starting post-processing for simulation 58
2024-07-29 11:22:05,812 - Starting post-processing
2024-07-29 11:22:05,813 - First blocking state step: None
2024-07-29 11:22:05,813 - Post-processed file saved to: ./FMMFSM_analyzer_Tl/output/20240729112159/computed/file3_58/result/file3_58PostProcessed_Result.json
2024-07-29 11:22:05,815 - File created: ./FMMFSM_analyzer_Tl/output/20240729112159/config/file3_59.json
2024-07-29 11:22:05,815 - File created: ./FMMFSM_analyzer_Tl/output/20240729112159/config/fileSys_59.json
2024-07-29 11:22:05,898 - Starting post-processing for simulation 59
2024-07-29 11:22:05,899 - Starting post-processing
2024-07-29 11:22:05,899 - First blocking state step: None
2024-07-29 11:22:05,900 - Post-processed file saved to: ./FMMFSM_analyzer_Tl/output/20240729112159/computed/file3_59/result/file3_59PostProcessed_Result.json
2024-07-29 11:22:05,902 - File created: ./FMMFSM_analyzer_Tl/output/20240729112159/config/file3_60.json
2024-07-29 11:22:05,903 - File created: ./FMMFSM_analyzer_Tl/output/20240729112159/config/fileSys_60.json
2024-07-29 11:22:05,988 - Starting post-processing for simulation 60
2024-07-29 11:22:05,988 - Starting post-processing
2024-07-29 11:22:05,989 - First blocking state step: None
2024-07-29 11:22:05,990 - Post-processed file saved to: ./FMMFSM_analyzer_Tl/output/20240729112159/computed/file3_60/result/file3_60PostProcessed_Result.json
2024-07-29 11:22:05,992 - File created: ./FMMFSM_analyzer_Tl/output/20240729112159/config/file3_61.json
2024-07-29 11:22:05,993 - File created: ./FMMFSM_analyzer_Tl/output/20240729112159/config/fileSys_61.json
2024-07-29 11:22:06,087 - Starting post-processing for simulation 61
2024-07-29 11:22:06,087 - Starting post-processing
2024-07-29 11:22:06,088 - First blocking state step: None
2024-07-29 11:22:06,090 - Post-processed file saved to: ./FMMFSM_analyzer_Tl/output/20240729112159/computed/file3_61/result/file3_61PostProcessed_Result.json
2024-07-29 11:22:06,092 - File created: ./FMMFSM_analyzer_Tl/output/20240729112159/config/file3_62.json
2024-07-29 11:22:06,092 - File created: ./FMMFSM_analyzer_Tl/output/20240729112159/config/fileSys_62.json
2024-07-29 11:22:06,218 - Starting post-processing for simulation 62
2024-07-29 11:22:06,218 - Starting post-processing
2024-07-29 11:22:06,219 - First blocking state step: 7
2024-07-29 11:22:06,221 - Post-processed file saved to: ./FMMFSM_analyzer_Tl/output/20240729112159/computed/file3_62/result/file3_62PostProcessed_Result.json
2024-07-29 11:22:06,223 - File created: ./FMMFSM_analyzer_Tl/output/20240729112159/config/file3_63.json
2024-07-29 11:22:06,224 - File created: ./FMMFSM_analyzer_Tl/output/20240729112159/config/fileSys_63.json
2024-07-29 11:22:06,304 - Starting post-processing for simulation 63
2024-07-29 11:22:06,304 - Starting post-processing
2024-07-29 11:22:06,305 - First blocking state step: None
2024-07-29 11:22:06,306 - Post-processed file saved to: ./FMMFSM_analyzer_Tl/output/20240729112159/computed/file3_63/result/file3_63PostProcessed_Result.json
2024-07-29 11:22:06,307 - File created: ./FMMFSM_analyzer_Tl/output/20240729112159/config/file3_64.json
2024-07-29 11:22:06,308 - File created: ./FMMFSM_analyzer_Tl/output/20240729112159/config/fileSys_64.json
2024-07-29 11:22:06,384 - Starting post-processing for simulation 64
2024-07-29 11:22:06,384 - Starting post-processing
2024-07-29 11:22:06,384 - First blocking state step: 5
2024-07-29 11:22:06,386 - Post-processed file saved to: ./FMMFSM_analyzer_Tl/output/20240729112159/computed/file3_64/result/file3_64PostProcessed_Result.json
2024-07-29 11:22:06,387 - File created: ./FMMFSM_analyzer_Tl/output/20240729112159/config/file3_65.json
2024-07-29 11:22:06,388 - File created: ./FMMFSM_analyzer_Tl/output/20240729112159/config/fileSys_65.json
2024-07-29 11:22:06,495 - Starting post-processing for simulation 65
2024-07-29 11:22:06,495 - Starting post-processing
2024-07-29 11:22:06,495 - First blocking state step: None
2024-07-29 11:22:06,496 - Post-processed file saved to: ./FMMFSM_analyzer_Tl/output/20240729112159/computed/file3_65/result/file3_65PostProcessed_Result.json
2024-07-29 11:22:06,497 - File created: ./FMMFSM_analyzer_Tl/output/20240729112159/config/file3_66.json
2024-07-29 11:22:06,498 - File created: ./FMMFSM_analyzer_Tl/output/20240729112159/config/fileSys_66.json
2024-07-29 11:22:06,591 - Starting post-processing for simulation 66
2024-07-29 11:22:06,592 - Starting post-processing
2024-07-29 11:22:06,592 - First blocking state step: None
2024-07-29 11:22:06,592 - Post-processed file saved to: ./FMMFSM_analyzer_Tl/output/20240729112159/computed/file3_66/result/file3_66PostProcessed_Result.json
2024-07-29 11:22:06,594 - File created: ./FMMFSM_analyzer_Tl/output/20240729112159/config/file3_67.json
2024-07-29 11:22:06,594 - File created: ./FMMFSM_analyzer_Tl/output/20240729112159/config/fileSys_67.json
2024-07-29 11:22:06,694 - Starting post-processing for simulation 67
2024-07-29 11:22:06,694 - Starting post-processing
2024-07-29 11:22:06,694 - First blocking state step: None
2024-07-29 11:22:06,695 - Post-processed file saved to: ./FMMFSM_analyzer_Tl/output/20240729112159/computed/file3_67/result/file3_67PostProcessed_Result.json
2024-07-29 11:22:06,698 - File created: ./FMMFSM_analyzer_Tl/output/20240729112159/config/file3_68.json
2024-07-29 11:22:06,698 - File created: ./FMMFSM_analyzer_Tl/output/20240729112159/config/fileSys_68.json
2024-07-29 11:22:06,805 - Starting post-processing for simulation 68
2024-07-29 11:22:06,806 - Starting post-processing
2024-07-29 11:22:06,806 - First blocking state step: None
2024-07-29 11:22:06,808 - Post-processed file saved to: ./FMMFSM_analyzer_Tl/output/20240729112159/computed/file3_68/result/file3_68PostProcessed_Result.json
2024-07-29 11:22:06,811 - File created: ./FMMFSM_analyzer_Tl/output/20240729112159/config/file3_69.json
2024-07-29 11:22:06,812 - File created: ./FMMFSM_analyzer_Tl/output/20240729112159/config/fileSys_69.json
2024-07-29 11:22:06,915 - Starting post-processing for simulation 69
2024-07-29 11:22:06,916 - Starting post-processing
2024-07-29 11:22:06,916 - First blocking state step: None
2024-07-29 11:22:06,917 - Post-processed file saved to: ./FMMFSM_analyzer_Tl/output/20240729112159/computed/file3_69/result/file3_69PostProcessed_Result.json
2024-07-29 11:22:06,919 - File created: ./FMMFSM_analyzer_Tl/output/20240729112159/config/file3_70.json
2024-07-29 11:22:06,919 - File created: ./FMMFSM_analyzer_Tl/output/20240729112159/config/fileSys_70.json
2024-07-29 11:22:07,011 - Starting post-processing for simulation 70
2024-07-29 11:22:07,011 - Starting post-processing
2024-07-29 11:22:07,012 - First blocking state step: 8
2024-07-29 11:22:07,012 - Post-processed file saved to: ./FMMFSM_analyzer_Tl/output/20240729112159/computed/file3_70/result/file3_70PostProcessed_Result.json
2024-07-29 11:22:07,015 - File created: ./FMMFSM_analyzer_Tl/output/20240729112159/config/file3_71.json
2024-07-29 11:22:07,015 - File created: ./FMMFSM_analyzer_Tl/output/20240729112159/config/fileSys_71.json
2024-07-29 11:22:07,149 - Starting post-processing for simulation 71
2024-07-29 11:22:07,150 - Starting post-processing
2024-07-29 11:22:07,150 - First blocking state step: None
2024-07-29 11:22:07,151 - Post-processed file saved to: ./FMMFSM_analyzer_Tl/output/20240729112159/computed/file3_71/result/file3_71PostProcessed_Result.json
2024-07-29 11:22:07,152 - File created: ./FMMFSM_analyzer_Tl/output/20240729112159/config/file3_72.json
2024-07-29 11:22:07,153 - File created: ./FMMFSM_analyzer_Tl/output/20240729112159/config/fileSys_72.json
2024-07-29 11:22:07,366 - Starting post-processing for simulation 72
2024-07-29 11:22:07,367 - Starting post-processing
2024-07-29 11:22:07,368 - First blocking state step: None
2024-07-29 11:22:07,369 - Post-processed file saved to: ./FMMFSM_analyzer_Tl/output/20240729112159/computed/file3_72/result/file3_72PostProcessed_Result.json
2024-07-29 11:22:07,371 - File created: ./FMMFSM_analyzer_Tl/output/20240729112159/config/file3_73.json
2024-07-29 11:22:07,371 - File created: ./FMMFSM_analyzer_Tl/output/20240729112159/config/fileSys_73.json
2024-07-29 11:22:07,479 - Starting post-processing for simulation 73
2024-07-29 11:22:07,480 - Starting post-processing
2024-07-29 11:22:07,480 - First blocking state step: 3
2024-07-29 11:22:07,481 - Post-processed file saved to: ./FMMFSM_analyzer_Tl/output/20240729112159/computed/file3_73/result/file3_73PostProcessed_Result.json
2024-07-29 11:22:07,482 - File created: ./FMMFSM_analyzer_Tl/output/20240729112159/config/file3_74.json
2024-07-29 11:22:07,483 - File created: ./FMMFSM_analyzer_Tl/output/20240729112159/config/fileSys_74.json
2024-07-29 11:22:07,567 - Starting post-processing for simulation 74
2024-07-29 11:22:07,568 - Starting post-processing
2024-07-29 11:22:07,568 - First blocking state step: None
2024-07-29 11:22:07,569 - Post-processed file saved to: ./FMMFSM_analyzer_Tl/output/20240729112159/computed/file3_74/result/file3_74PostProcessed_Result.json
2024-07-29 11:22:07,572 - File created: ./FMMFSM_analyzer_Tl/output/20240729112159/config/file3_75.json
2024-07-29 11:22:07,573 - File created: ./FMMFSM_analyzer_Tl/output/20240729112159/config/fileSys_75.json
2024-07-29 11:22:07,650 - Starting post-processing for simulation 75
2024-07-29 11:22:07,650 - Starting post-processing
2024-07-29 11:22:07,650 - First blocking state step: 2
2024-07-29 11:22:07,651 - Post-processed file saved to: ./FMMFSM_analyzer_Tl/output/20240729112159/computed/file3_75/result/file3_75PostProcessed_Result.json
2024-07-29 11:22:07,653 - File created: ./FMMFSM_analyzer_Tl/output/20240729112159/config/file3_76.json
2024-07-29 11:22:07,653 - File created: ./FMMFSM_analyzer_Tl/output/20240729112159/config/fileSys_76.json
2024-07-29 11:22:07,753 - Starting post-processing for simulation 76
2024-07-29 11:22:07,753 - Starting post-processing
2024-07-29 11:22:07,753 - First blocking state step: None
2024-07-29 11:22:07,755 - Post-processed file saved to: ./FMMFSM_analyzer_Tl/output/20240729112159/computed/file3_76/result/file3_76PostProcessed_Result.json
2024-07-29 11:22:07,757 - File created: ./FMMFSM_analyzer_Tl/output/20240729112159/config/file3_77.json
2024-07-29 11:22:07,758 - File created: ./FMMFSM_analyzer_Tl/output/20240729112159/config/fileSys_77.json
2024-07-29 11:22:07,848 - Starting post-processing for simulation 77
2024-07-29 11:22:07,848 - Starting post-processing
2024-07-29 11:22:07,848 - First blocking state step: 6
2024-07-29 11:22:07,849 - Post-processed file saved to: ./FMMFSM_analyzer_Tl/output/20240729112159/computed/file3_77/result/file3_77PostProcessed_Result.json
2024-07-29 11:22:07,851 - File created: ./FMMFSM_analyzer_Tl/output/20240729112159/config/file3_78.json
2024-07-29 11:22:07,852 - File created: ./FMMFSM_analyzer_Tl/output/20240729112159/config/fileSys_78.json
2024-07-29 11:22:07,966 - Starting post-processing for simulation 78
2024-07-29 11:22:07,967 - Starting post-processing
2024-07-29 11:22:07,967 - First blocking state step: 8
2024-07-29 11:22:07,968 - Post-processed file saved to: ./FMMFSM_analyzer_Tl/output/20240729112159/computed/file3_78/result/file3_78PostProcessed_Result.json
2024-07-29 11:22:07,970 - File created: ./FMMFSM_analyzer_Tl/output/20240729112159/config/file3_79.json
2024-07-29 11:22:07,973 - File created: ./FMMFSM_analyzer_Tl/output/20240729112159/config/fileSys_79.json
2024-07-29 11:22:08,100 - Starting post-processing for simulation 79
2024-07-29 11:22:08,100 - Starting post-processing
2024-07-29 11:22:08,101 - First blocking state step: 4
2024-07-29 11:22:08,102 - Post-processed file saved to: ./FMMFSM_analyzer_Tl/output/20240729112159/computed/file3_79/result/file3_79PostProcessed_Result.json
2024-07-29 11:22:08,103 - File created: ./FMMFSM_analyzer_Tl/output/20240729112159/config/file3_80.json
2024-07-29 11:22:08,103 - File created: ./FMMFSM_analyzer_Tl/output/20240729112159/config/fileSys_80.json
2024-07-29 11:22:08,200 - Starting post-processing for simulation 80
2024-07-29 11:22:08,200 - Starting post-processing
2024-07-29 11:22:08,200 - First blocking state step: 4
2024-07-29 11:22:08,200 - Post-processed file saved to: ./FMMFSM_analyzer_Tl/output/20240729112159/computed/file3_80/result/file3_80PostProcessed_Result.json
2024-07-29 11:22:08,202 - File created: ./FMMFSM_analyzer_Tl/output/20240729112159/config/file3_81.json
2024-07-29 11:22:08,203 - File created: ./FMMFSM_analyzer_Tl/output/20240729112159/config/fileSys_81.json
2024-07-29 11:22:08,313 - Starting post-processing for simulation 81
2024-07-29 11:22:08,313 - Starting post-processing
2024-07-29 11:22:08,314 - First blocking state step: 4
2024-07-29 11:22:08,315 - Post-processed file saved to: ./FMMFSM_analyzer_Tl/output/20240729112159/computed/file3_81/result/file3_81PostProcessed_Result.json
2024-07-29 11:22:08,316 - File created: ./FMMFSM_analyzer_Tl/output/20240729112159/config/file3_82.json
2024-07-29 11:22:08,317 - File created: ./FMMFSM_analyzer_Tl/output/20240729112159/config/fileSys_82.json
2024-07-29 11:22:08,402 - Starting post-processing for simulation 82
2024-07-29 11:22:08,402 - Starting post-processing
2024-07-29 11:22:08,402 - First blocking state step: None
2024-07-29 11:22:08,403 - Post-processed file saved to: ./FMMFSM_analyzer_Tl/output/20240729112159/computed/file3_82/result/file3_82PostProcessed_Result.json
2024-07-29 11:22:08,406 - File created: ./FMMFSM_analyzer_Tl/output/20240729112159/config/file3_83.json
2024-07-29 11:22:08,407 - File created: ./FMMFSM_analyzer_Tl/output/20240729112159/config/fileSys_83.json
2024-07-29 11:22:08,496 - Starting post-processing for simulation 83
2024-07-29 11:22:08,496 - Starting post-processing
2024-07-29 11:22:08,497 - First blocking state step: None
2024-07-29 11:22:08,498 - Post-processed file saved to: ./FMMFSM_analyzer_Tl/output/20240729112159/computed/file3_83/result/file3_83PostProcessed_Result.json
2024-07-29 11:22:08,500 - File created: ./FMMFSM_analyzer_Tl/output/20240729112159/config/file3_84.json
2024-07-29 11:22:08,500 - File created: ./FMMFSM_analyzer_Tl/output/20240729112159/config/fileSys_84.json
2024-07-29 11:22:08,584 - Starting post-processing for simulation 84
2024-07-29 11:22:08,584 - Starting post-processing
2024-07-29 11:22:08,584 - First blocking state step: None
2024-07-29 11:22:08,585 - Post-processed file saved to: ./FMMFSM_analyzer_Tl/output/20240729112159/computed/file3_84/result/file3_84PostProcessed_Result.json
2024-07-29 11:22:08,587 - File created: ./FMMFSM_analyzer_Tl/output/20240729112159/config/file3_85.json
2024-07-29 11:22:08,587 - File created: ./FMMFSM_analyzer_Tl/output/20240729112159/config/fileSys_85.json
2024-07-29 11:22:08,681 - Starting post-processing for simulation 85
2024-07-29 11:22:08,682 - Starting post-processing
2024-07-29 11:22:08,682 - First blocking state step: 3
2024-07-29 11:22:08,682 - Post-processed file saved to: ./FMMFSM_analyzer_Tl/output/20240729112159/computed/file3_85/result/file3_85PostProcessed_Result.json
2024-07-29 11:22:08,684 - File created: ./FMMFSM_analyzer_Tl/output/20240729112159/config/file3_86.json
2024-07-29 11:22:08,685 - File created: ./FMMFSM_analyzer_Tl/output/20240729112159/config/fileSys_86.json
2024-07-29 11:22:08,777 - Starting post-processing for simulation 86
2024-07-29 11:22:08,777 - Starting post-processing
2024-07-29 11:22:08,778 - First blocking state step: None
2024-07-29 11:22:08,779 - Post-processed file saved to: ./FMMFSM_analyzer_Tl/output/20240729112159/computed/file3_86/result/file3_86PostProcessed_Result.json
2024-07-29 11:22:08,780 - File created: ./FMMFSM_analyzer_Tl/output/20240729112159/config/file3_87.json
2024-07-29 11:22:08,780 - File created: ./FMMFSM_analyzer_Tl/output/20240729112159/config/fileSys_87.json
2024-07-29 11:22:08,873 - Starting post-processing for simulation 87
2024-07-29 11:22:08,873 - Starting post-processing
2024-07-29 11:22:08,873 - First blocking state step: 3
2024-07-29 11:22:08,873 - Post-processed file saved to: ./FMMFSM_analyzer_Tl/output/20240729112159/computed/file3_87/result/file3_87PostProcessed_Result.json
2024-07-29 11:22:08,875 - File created: ./FMMFSM_analyzer_Tl/output/20240729112159/config/file3_88.json
2024-07-29 11:22:08,876 - File created: ./FMMFSM_analyzer_Tl/output/20240729112159/config/fileSys_88.json
2024-07-29 11:22:08,985 - Starting post-processing for simulation 88
2024-07-29 11:22:08,985 - Starting post-processing
2024-07-29 11:22:08,986 - First blocking state step: None
2024-07-29 11:22:08,986 - Post-processed file saved to: ./FMMFSM_analyzer_Tl/output/20240729112159/computed/file3_88/result/file3_88PostProcessed_Result.json
2024-07-29 11:22:08,989 - File created: ./FMMFSM_analyzer_Tl/output/20240729112159/config/file3_89.json
2024-07-29 11:22:08,989 - File created: ./FMMFSM_analyzer_Tl/output/20240729112159/config/fileSys_89.json
2024-07-29 11:22:09,077 - Starting post-processing for simulation 89
2024-07-29 11:22:09,077 - Starting post-processing
2024-07-29 11:22:09,078 - First blocking state step: None
2024-07-29 11:22:09,079 - Post-processed file saved to: ./FMMFSM_analyzer_Tl/output/20240729112159/computed/file3_89/result/file3_89PostProcessed_Result.json
2024-07-29 11:22:09,080 - File created: ./FMMFSM_analyzer_Tl/output/20240729112159/config/file3_90.json
2024-07-29 11:22:09,081 - File created: ./FMMFSM_analyzer_Tl/output/20240729112159/config/fileSys_90.json
2024-07-29 11:22:09,203 - Starting post-processing for simulation 90
2024-07-29 11:22:09,203 - Starting post-processing
2024-07-29 11:22:09,203 - First blocking state step: None
2024-07-29 11:22:09,204 - Post-processed file saved to: ./FMMFSM_analyzer_Tl/output/20240729112159/computed/file3_90/result/file3_90PostProcessed_Result.json
2024-07-29 11:22:09,206 - File created: ./FMMFSM_analyzer_Tl/output/20240729112159/config/file3_91.json
2024-07-29 11:22:09,206 - File created: ./FMMFSM_analyzer_Tl/output/20240729112159/config/fileSys_91.json
2024-07-29 11:22:09,308 - Starting post-processing for simulation 91
2024-07-29 11:22:09,308 - Starting post-processing
2024-07-29 11:22:09,309 - First blocking state step: 8
2024-07-29 11:22:09,310 - Post-processed file saved to: ./FMMFSM_analyzer_Tl/output/20240729112159/computed/file3_91/result/file3_91PostProcessed_Result.json
2024-07-29 11:22:09,313 - File created: ./FMMFSM_analyzer_Tl/output/20240729112159/config/file3_92.json
2024-07-29 11:22:09,314 - File created: ./FMMFSM_analyzer_Tl/output/20240729112159/config/fileSys_92.json
2024-07-29 11:22:09,409 - Starting post-processing for simulation 92
2024-07-29 11:22:09,409 - Starting post-processing
2024-07-29 11:22:09,409 - First blocking state step: None
2024-07-29 11:22:09,410 - Post-processed file saved to: ./FMMFSM_analyzer_Tl/output/20240729112159/computed/file3_92/result/file3_92PostProcessed_Result.json
2024-07-29 11:22:09,412 - File created: ./FMMFSM_analyzer_Tl/output/20240729112159/config/file3_93.json
2024-07-29 11:22:09,413 - File created: ./FMMFSM_analyzer_Tl/output/20240729112159/config/fileSys_93.json
2024-07-29 11:22:09,541 - Starting post-processing for simulation 93
2024-07-29 11:22:09,541 - Starting post-processing
2024-07-29 11:22:09,542 - First blocking state step: 1
2024-07-29 11:22:09,542 - Post-processed file saved to: ./FMMFSM_analyzer_Tl/output/20240729112159/computed/file3_93/result/file3_93PostProcessed_Result.json
2024-07-29 11:22:09,544 - File created: ./FMMFSM_analyzer_Tl/output/20240729112159/config/file3_94.json
2024-07-29 11:22:09,545 - File created: ./FMMFSM_analyzer_Tl/output/20240729112159/config/fileSys_94.json
2024-07-29 11:22:09,681 - Starting post-processing for simulation 94
2024-07-29 11:22:09,681 - Starting post-processing
2024-07-29 11:22:09,681 - First blocking state step: 3
2024-07-29 11:22:09,682 - Post-processed file saved to: ./FMMFSM_analyzer_Tl/output/20240729112159/computed/file3_94/result/file3_94PostProcessed_Result.json
2024-07-29 11:22:09,684 - File created: ./FMMFSM_analyzer_Tl/output/20240729112159/config/file3_95.json
2024-07-29 11:22:09,685 - File created: ./FMMFSM_analyzer_Tl/output/20240729112159/config/fileSys_95.json
2024-07-29 11:22:09,847 - Starting post-processing for simulation 95
2024-07-29 11:22:09,847 - Starting post-processing
2024-07-29 11:22:09,848 - First blocking state step: None
2024-07-29 11:22:09,860 - Post-processed file saved to: ./FMMFSM_analyzer_Tl/output/20240729112159/computed/file3_95/result/file3_95PostProcessed_Result.json
2024-07-29 11:22:09,863 - File created: ./FMMFSM_analyzer_Tl/output/20240729112159/config/file3_96.json
2024-07-29 11:22:09,864 - File created: ./FMMFSM_analyzer_Tl/output/20240729112159/config/fileSys_96.json
2024-07-29 11:22:09,952 - Starting post-processing for simulation 96
2024-07-29 11:22:09,953 - Starting post-processing
2024-07-29 11:22:09,953 - First blocking state step: 3
2024-07-29 11:22:09,953 - Post-processed file saved to: ./FMMFSM_analyzer_Tl/output/20240729112159/computed/file3_96/result/file3_96PostProcessed_Result.json
2024-07-29 11:22:09,956 - File created: ./FMMFSM_analyzer_Tl/output/20240729112159/config/file3_97.json
2024-07-29 11:22:09,958 - File created: ./FMMFSM_analyzer_Tl/output/20240729112159/config/fileSys_97.json
2024-07-29 11:22:10,058 - Starting post-processing for simulation 97
2024-07-29 11:22:10,059 - Starting post-processing
2024-07-29 11:22:10,059 - First blocking state step: 8
2024-07-29 11:22:10,060 - Post-processed file saved to: ./FMMFSM_analyzer_Tl/output/20240729112159/computed/file3_97/result/file3_97PostProcessed_Result.json
2024-07-29 11:22:10,062 - File created: ./FMMFSM_analyzer_Tl/output/20240729112159/config/file3_98.json
2024-07-29 11:22:10,062 - File created: ./FMMFSM_analyzer_Tl/output/20240729112159/config/fileSys_98.json
2024-07-29 11:22:10,213 - Starting post-processing for simulation 98
2024-07-29 11:22:10,213 - Starting post-processing
2024-07-29 11:22:10,214 - First blocking state step: 9
2024-07-29 11:22:10,216 - Post-processed file saved to: ./FMMFSM_analyzer_Tl/output/20240729112159/computed/file3_98/result/file3_98PostProcessed_Result.json
2024-07-29 11:22:10,220 - File created: ./FMMFSM_analyzer_Tl/output/20240729112159/config/file3_99.json
2024-07-29 11:22:10,221 - File created: ./FMMFSM_analyzer_Tl/output/20240729112159/config/fileSys_99.json
2024-07-29 11:22:10,340 - Starting post-processing for simulation 99
2024-07-29 11:22:10,340 - Starting post-processing
2024-07-29 11:22:10,341 - First blocking state step: None
2024-07-29 11:22:10,341 - Post-processed file saved to: ./FMMFSM_analyzer_Tl/output/20240729112159/computed/file3_99/result/file3_99PostProcessed_Result.json
2024-07-29 11:22:10,342 - Last file created: 99
