2024-07-18 00:18:27,202 - Command executed: run.py /Users/angelcui/Documents/GitHub/FMMFSM_simulator/FMMFSM_analyzer_Tl/config/cruise.json /Users/angelcui/Documents/GitHub/FMMFSM_simulator/FMMFSM_analyzer_Tl/config/cruiseSys.json --num 10 --iter 10 --postp
2024-07-18 00:18:27,235 - File created: ./output/20240718001827/config/cruise_0.json
2024-07-18 00:18:27,238 - File created: ./output/20240718001827/config/cruiseSys_0.json
2024-07-18 00:18:27,266 - Starting post-processing for simulation 0
2024-07-18 00:18:27,266 - Starting post-processing
2024-07-18 00:18:27,266 - First blocking state step: None
2024-07-18 00:18:27,267 - Post-processed file saved to: ./output/20240718001827/computed/cruise_0/result/cruise_0PostProcessed_Result.json
2024-07-18 00:18:27,267 - First file created: 0
2024-07-18 00:18:27,268 - File created: ./output/20240718001827/config/cruise_1.json
2024-07-18 00:18:27,268 - File created: ./output/20240718001827/config/cruiseSys_1.json
2024-07-18 00:18:27,283 - Starting post-processing for simulation 1
2024-07-18 00:18:27,284 - Starting post-processing
2024-07-18 00:18:27,284 - First blocking state step: None
2024-07-18 00:18:27,285 - Post-processed file saved to: ./output/20240718001827/computed/cruise_1/result/cruise_1PostProcessed_Result.json
2024-07-18 00:18:27,286 - File created: ./output/20240718001827/config/cruise_2.json
2024-07-18 00:18:27,286 - File created: ./output/20240718001827/config/cruiseSys_2.json
2024-07-18 00:18:27,308 - Starting post-processing for simulation 2
2024-07-18 00:18:27,308 - Starting post-processing
2024-07-18 00:18:27,308 - First blocking state step: None
2024-07-18 00:18:27,309 - Post-processed file saved to: ./output/20240718001827/computed/cruise_2/result/cruise_2PostProcessed_Result.json
2024-07-18 00:18:27,311 - File created: ./output/20240718001827/config/cruise_3.json
2024-07-18 00:18:27,311 - File created: ./output/20240718001827/config/cruiseSys_3.json
2024-07-18 00:18:27,335 - Starting post-processing for simulation 3
2024-07-18 00:18:27,335 - Starting post-processing
2024-07-18 00:18:27,335 - First blocking state step: None
2024-07-18 00:18:27,336 - Post-processed file saved to: ./output/20240718001827/computed/cruise_3/result/cruise_3PostProcessed_Result.json
2024-07-18 00:18:27,338 - File created: ./output/20240718001827/config/cruise_4.json
2024-07-18 00:18:27,338 - File created: ./output/20240718001827/config/cruiseSys_4.json
2024-07-18 00:18:27,359 - Starting post-processing for simulation 4
2024-07-18 00:18:27,359 - Starting post-processing
2024-07-18 00:18:27,359 - First blocking state step: None
2024-07-18 00:18:27,360 - Post-processed file saved to: ./output/20240718001827/computed/cruise_4/result/cruise_4PostProcessed_Result.json
2024-07-18 00:18:27,361 - File created: ./output/20240718001827/config/cruise_5.json
2024-07-18 00:18:27,361 - File created: ./output/20240718001827/config/cruiseSys_5.json
2024-07-18 00:18:27,380 - Starting post-processing for simulation 5
2024-07-18 00:18:27,381 - Starting post-processing
2024-07-18 00:18:27,381 - First blocking state step: None
2024-07-18 00:18:27,381 - Post-processed file saved to: ./output/20240718001827/computed/cruise_5/result/cruise_5PostProcessed_Result.json
2024-07-18 00:18:27,383 - File created: ./output/20240718001827/config/cruise_6.json
2024-07-18 00:18:27,383 - File created: ./output/20240718001827/config/cruiseSys_6.json
2024-07-18 00:18:27,396 - Starting post-processing for simulation 6
2024-07-18 00:18:27,396 - Starting post-processing
2024-07-18 00:18:27,397 - First blocking state step: None
2024-07-18 00:18:27,397 - Post-processed file saved to: ./output/20240718001827/computed/cruise_6/result/cruise_6PostProcessed_Result.json
2024-07-18 00:18:27,398 - File created: ./output/20240718001827/config/cruise_7.json
2024-07-18 00:18:27,399 - File created: ./output/20240718001827/config/cruiseSys_7.json
2024-07-18 00:18:27,412 - Starting post-processing for simulation 7
2024-07-18 00:18:27,412 - Starting post-processing
2024-07-18 00:18:27,413 - First blocking state step: None
2024-07-18 00:18:27,413 - Post-processed file saved to: ./output/20240718001827/computed/cruise_7/result/cruise_7PostProcessed_Result.json
2024-07-18 00:18:27,415 - File created: ./output/20240718001827/config/cruise_8.json
2024-07-18 00:18:27,415 - File created: ./output/20240718001827/config/cruiseSys_8.json
2024-07-18 00:18:27,429 - Starting post-processing for simulation 8
2024-07-18 00:18:27,429 - Starting post-processing
2024-07-18 00:18:27,430 - First blocking state step: None
2024-07-18 00:18:27,430 - Post-processed file saved to: ./output/20240718001827/computed/cruise_8/result/cruise_8PostProcessed_Result.json
2024-07-18 00:18:27,431 - File created: ./output/20240718001827/config/cruise_9.json
2024-07-18 00:18:27,432 - File created: ./output/20240718001827/config/cruiseSys_9.json
2024-07-18 00:18:27,446 - Starting post-processing for simulation 9
2024-07-18 00:18:27,446 - Starting post-processing
2024-07-18 00:18:27,446 - First blocking state step: None
2024-07-18 00:18:27,447 - Post-processed file saved to: ./output/20240718001827/computed/cruise_9/result/cruise_9PostProcessed_Result.json
2024-07-18 00:18:27,448 - Last file created: 9
