2024-08-01 01:01:34,798 - Command executed: run.py /Users/angelcui/Documents/GitHub/FMMFSM_simulator/FMMFSM_analyzer_Tl/config/file4.json /Users/angelcui/Documents/GitHub/FMMFSM_simulator/FMMFSM_analyzer_Tl/config/file4Sys.json --num 10 --iter 100 --postp --tl
2024-08-01 01:01:34,800 - File created: ./FMMFSM_analyzer_Tl/output/20240801010134/config/file4_0.json
2024-08-01 01:01:34,801 - File created: ./FMMFSM_analyzer_Tl/output/20240801010134/config/file4Sys_0.json
2024-08-01 01:01:34,842 - Starting post-processing for simulation 0
2024-08-01 01:01:34,842 - Starting post-processing
2024-08-01 01:01:34,842 - First blocking state step: None
2024-08-01 01:01:34,843 - Post-processed file saved to: ./FMMFSM_analyzer_Tl/output/20240801010134/computed/file4_0/result/file4_0PostProcessed_Result.json
2024-08-01 01:01:34,843 - First file created: 0
2024-08-01 01:01:34,844 - File created: ./FMMFSM_analyzer_Tl/output/20240801010134/config/file4_1.json
2024-08-01 01:01:34,845 - File created: ./FMMFSM_analyzer_Tl/output/20240801010134/config/file4Sys_1.json
2024-08-01 01:01:34,886 - Starting post-processing for simulation 1
2024-08-01 01:01:34,886 - Starting post-processing
2024-08-01 01:01:34,886 - First blocking state step: None
2024-08-01 01:01:34,887 - Post-processed file saved to: ./FMMFSM_analyzer_Tl/output/20240801010134/computed/file4_1/result/file4_1PostProcessed_Result.json
2024-08-01 01:01:34,888 - File created: ./FMMFSM_analyzer_Tl/output/20240801010134/config/file4_2.json
2024-08-01 01:01:34,888 - File created: ./FMMFSM_analyzer_Tl/output/20240801010134/config/file4Sys_2.json
2024-08-01 01:01:34,931 - Starting post-processing for simulation 2
2024-08-01 01:01:34,931 - Starting post-processing
2024-08-01 01:01:34,931 - First blocking state step: None
2024-08-01 01:01:34,932 - Post-processed file saved to: ./FMMFSM_analyzer_Tl/output/20240801010134/computed/file4_2/result/file4_2PostProcessed_Result.json
2024-08-01 01:01:34,933 - File created: ./FMMFSM_analyzer_Tl/output/20240801010134/config/file4_3.json
2024-08-01 01:01:34,933 - File created: ./FMMFSM_analyzer_Tl/output/20240801010134/config/file4Sys_3.json
2024-08-01 01:01:34,981 - Starting post-processing for simulation 3
2024-08-01 01:01:34,981 - Starting post-processing
2024-08-01 01:01:34,982 - First blocking state step: 4
2024-08-01 01:01:34,982 - Post-processed file saved to: ./FMMFSM_analyzer_Tl/output/20240801010134/computed/file4_3/result/file4_3PostProcessed_Result.json
2024-08-01 01:01:34,983 - File created: ./FMMFSM_analyzer_Tl/output/20240801010134/config/file4_4.json
2024-08-01 01:01:34,984 - File created: ./FMMFSM_analyzer_Tl/output/20240801010134/config/file4Sys_4.json
2024-08-01 01:01:35,034 - Starting post-processing for simulation 4
2024-08-01 01:01:35,034 - Starting post-processing
2024-08-01 01:01:35,034 - First blocking state step: 2
2024-08-01 01:01:35,035 - Post-processed file saved to: ./FMMFSM_analyzer_Tl/output/20240801010134/computed/file4_4/result/file4_4PostProcessed_Result.json
2024-08-01 01:01:35,036 - File created: ./FMMFSM_analyzer_Tl/output/20240801010134/config/file4_5.json
2024-08-01 01:01:35,036 - File created: ./FMMFSM_analyzer_Tl/output/20240801010134/config/file4Sys_5.json
2024-08-01 01:01:35,082 - Starting post-processing for simulation 5
2024-08-01 01:01:35,082 - Starting post-processing
2024-08-01 01:01:35,082 - First blocking state step: None
2024-08-01 01:01:35,082 - Post-processed file saved to: ./FMMFSM_analyzer_Tl/output/20240801010134/computed/file4_5/result/file4_5PostProcessed_Result.json
2024-08-01 01:01:35,083 - File created: ./FMMFSM_analyzer_Tl/output/20240801010134/config/file4_6.json
2024-08-01 01:01:35,084 - File created: ./FMMFSM_analyzer_Tl/output/20240801010134/config/file4Sys_6.json
2024-08-01 01:01:35,126 - Starting post-processing for simulation 6
2024-08-01 01:01:35,126 - Starting post-processing
2024-08-01 01:01:35,126 - First blocking state step: 2
2024-08-01 01:01:35,127 - Post-processed file saved to: ./FMMFSM_analyzer_Tl/output/20240801010134/computed/file4_6/result/file4_6PostProcessed_Result.json
2024-08-01 01:01:35,128 - File created: ./FMMFSM_analyzer_Tl/output/20240801010134/config/file4_7.json
2024-08-01 01:01:35,128 - File created: ./FMMFSM_analyzer_Tl/output/20240801010134/config/file4Sys_7.json
2024-08-01 01:01:35,169 - Starting post-processing for simulation 7
2024-08-01 01:01:35,169 - Starting post-processing
2024-08-01 01:01:35,169 - First blocking state step: None
2024-08-01 01:01:35,170 - Post-processed file saved to: ./FMMFSM_analyzer_Tl/output/20240801010134/computed/file4_7/result/file4_7PostProcessed_Result.json
2024-08-01 01:01:35,171 - File created: ./FMMFSM_analyzer_Tl/output/20240801010134/config/file4_8.json
2024-08-01 01:01:35,171 - File created: ./FMMFSM_analyzer_Tl/output/20240801010134/config/file4Sys_8.json
2024-08-01 01:01:35,213 - Starting post-processing for simulation 8
2024-08-01 01:01:35,213 - Starting post-processing
2024-08-01 01:01:35,213 - First blocking state step: 6
2024-08-01 01:01:35,213 - Post-processed file saved to: ./FMMFSM_analyzer_Tl/output/20240801010134/computed/file4_8/result/file4_8PostProcessed_Result.json
2024-08-01 01:01:35,214 - File created: ./FMMFSM_analyzer_Tl/output/20240801010134/config/file4_9.json
2024-08-01 01:01:35,215 - File created: ./FMMFSM_analyzer_Tl/output/20240801010134/config/file4Sys_9.json
2024-08-01 01:01:35,256 - Starting post-processing for simulation 9
2024-08-01 01:01:35,256 - Starting post-processing
2024-08-01 01:01:35,257 - First blocking state step: 4
2024-08-01 01:01:35,257 - Post-processed file saved to: ./FMMFSM_analyzer_Tl/output/20240801010134/computed/file4_9/result/file4_9PostProcessed_Result.json
2024-08-01 01:01:35,258 - File created: ./FMMFSM_analyzer_Tl/output/20240801010134/config/file4_10.json
2024-08-01 01:01:35,259 - File created: ./FMMFSM_analyzer_Tl/output/20240801010134/config/file4Sys_10.json
2024-08-01 01:01:35,307 - Starting post-processing for simulation 10
2024-08-01 01:01:35,307 - Starting post-processing
2024-08-01 01:01:35,307 - First blocking state step: None
2024-08-01 01:01:35,308 - Post-processed file saved to: ./FMMFSM_analyzer_Tl/output/20240801010134/computed/file4_10/result/file4_10PostProcessed_Result.json
2024-08-01 01:01:35,310 - File created: ./FMMFSM_analyzer_Tl/output/20240801010134/config/file4_11.json
2024-08-01 01:01:35,310 - File created: ./FMMFSM_analyzer_Tl/output/20240801010134/config/file4Sys_11.json
2024-08-01 01:01:35,366 - Starting post-processing for simulation 11
2024-08-01 01:01:35,366 - Starting post-processing
2024-08-01 01:01:35,367 - First blocking state step: None
2024-08-01 01:01:35,367 - Post-processed file saved to: ./FMMFSM_analyzer_Tl/output/20240801010134/computed/file4_11/result/file4_11PostProcessed_Result.json
2024-08-01 01:01:35,368 - File created: ./FMMFSM_analyzer_Tl/output/20240801010134/config/file4_12.json
2024-08-01 01:01:35,369 - File created: ./FMMFSM_analyzer_Tl/output/20240801010134/config/file4Sys_12.json
2024-08-01 01:01:35,459 - Starting post-processing for simulation 12
2024-08-01 01:01:35,459 - Starting post-processing
2024-08-01 01:01:35,459 - First blocking state step: None
2024-08-01 01:01:35,460 - Post-processed file saved to: ./FMMFSM_analyzer_Tl/output/20240801010134/computed/file4_12/result/file4_12PostProcessed_Result.json
2024-08-01 01:01:35,462 - File created: ./FMMFSM_analyzer_Tl/output/20240801010134/config/file4_13.json
2024-08-01 01:01:35,463 - File created: ./FMMFSM_analyzer_Tl/output/20240801010134/config/file4Sys_13.json
2024-08-01 01:01:35,515 - Starting post-processing for simulation 13
2024-08-01 01:01:35,515 - Starting post-processing
2024-08-01 01:01:35,515 - First blocking state step: None
2024-08-01 01:01:35,516 - Post-processed file saved to: ./FMMFSM_analyzer_Tl/output/20240801010134/computed/file4_13/result/file4_13PostProcessed_Result.json
2024-08-01 01:01:35,517 - File created: ./FMMFSM_analyzer_Tl/output/20240801010134/config/file4_14.json
2024-08-01 01:01:35,517 - File created: ./FMMFSM_analyzer_Tl/output/20240801010134/config/file4Sys_14.json
2024-08-01 01:01:35,560 - Starting post-processing for simulation 14
2024-08-01 01:01:35,560 - Starting post-processing
2024-08-01 01:01:35,561 - First blocking state step: None
2024-08-01 01:01:35,562 - Post-processed file saved to: ./FMMFSM_analyzer_Tl/output/20240801010134/computed/file4_14/result/file4_14PostProcessed_Result.json
2024-08-01 01:01:35,563 - File created: ./FMMFSM_analyzer_Tl/output/20240801010134/config/file4_15.json
2024-08-01 01:01:35,563 - File created: ./FMMFSM_analyzer_Tl/output/20240801010134/config/file4Sys_15.json
2024-08-01 01:01:35,604 - Starting post-processing for simulation 15
2024-08-01 01:01:35,604 - Starting post-processing
2024-08-01 01:01:35,604 - First blocking state step: None
2024-08-01 01:01:35,605 - Post-processed file saved to: ./FMMFSM_analyzer_Tl/output/20240801010134/computed/file4_15/result/file4_15PostProcessed_Result.json
2024-08-01 01:01:35,606 - File created: ./FMMFSM_analyzer_Tl/output/20240801010134/config/file4_16.json
2024-08-01 01:01:35,606 - File created: ./FMMFSM_analyzer_Tl/output/20240801010134/config/file4Sys_16.json
2024-08-01 01:01:35,648 - Starting post-processing for simulation 16
2024-08-01 01:01:35,649 - Starting post-processing
2024-08-01 01:01:35,649 - First blocking state step: None
2024-08-01 01:01:35,649 - Post-processed file saved to: ./FMMFSM_analyzer_Tl/output/20240801010134/computed/file4_16/result/file4_16PostProcessed_Result.json
2024-08-01 01:01:35,650 - File created: ./FMMFSM_analyzer_Tl/output/20240801010134/config/file4_17.json
2024-08-01 01:01:35,650 - File created: ./FMMFSM_analyzer_Tl/output/20240801010134/config/file4Sys_17.json
2024-08-01 01:01:35,692 - Starting post-processing for simulation 17
2024-08-01 01:01:35,692 - Starting post-processing
2024-08-01 01:01:35,692 - First blocking state step: None
2024-08-01 01:01:35,693 - Post-processed file saved to: ./FMMFSM_analyzer_Tl/output/20240801010134/computed/file4_17/result/file4_17PostProcessed_Result.json
2024-08-01 01:01:35,694 - File created: ./FMMFSM_analyzer_Tl/output/20240801010134/config/file4_18.json
2024-08-01 01:01:35,695 - File created: ./FMMFSM_analyzer_Tl/output/20240801010134/config/file4Sys_18.json
2024-08-01 01:01:35,736 - Starting post-processing for simulation 18
2024-08-01 01:01:35,737 - Starting post-processing
2024-08-01 01:01:35,737 - First blocking state step: None
2024-08-01 01:01:35,737 - Post-processed file saved to: ./FMMFSM_analyzer_Tl/output/20240801010134/computed/file4_18/result/file4_18PostProcessed_Result.json
2024-08-01 01:01:35,738 - File created: ./FMMFSM_analyzer_Tl/output/20240801010134/config/file4_19.json
2024-08-01 01:01:35,739 - File created: ./FMMFSM_analyzer_Tl/output/20240801010134/config/file4Sys_19.json
2024-08-01 01:01:35,780 - Starting post-processing for simulation 19
2024-08-01 01:01:35,780 - Starting post-processing
2024-08-01 01:01:35,780 - First blocking state step: None
2024-08-01 01:01:35,781 - Post-processed file saved to: ./FMMFSM_analyzer_Tl/output/20240801010134/computed/file4_19/result/file4_19PostProcessed_Result.json
2024-08-01 01:01:35,782 - File created: ./FMMFSM_analyzer_Tl/output/20240801010134/config/file4_20.json
2024-08-01 01:01:35,782 - File created: ./FMMFSM_analyzer_Tl/output/20240801010134/config/file4Sys_20.json
2024-08-01 01:01:35,825 - Starting post-processing for simulation 20
2024-08-01 01:01:35,825 - Starting post-processing
2024-08-01 01:01:35,825 - First blocking state step: None
2024-08-01 01:01:35,826 - Post-processed file saved to: ./FMMFSM_analyzer_Tl/output/20240801010134/computed/file4_20/result/file4_20PostProcessed_Result.json
2024-08-01 01:01:35,827 - File created: ./FMMFSM_analyzer_Tl/output/20240801010134/config/file4_21.json
2024-08-01 01:01:35,827 - File created: ./FMMFSM_analyzer_Tl/output/20240801010134/config/file4Sys_21.json
2024-08-01 01:01:35,867 - Starting post-processing for simulation 21
2024-08-01 01:01:35,868 - Starting post-processing
2024-08-01 01:01:35,868 - First blocking state step: 7
2024-08-01 01:01:35,869 - Post-processed file saved to: ./FMMFSM_analyzer_Tl/output/20240801010134/computed/file4_21/result/file4_21PostProcessed_Result.json
2024-08-01 01:01:35,870 - File created: ./FMMFSM_analyzer_Tl/output/20240801010134/config/file4_22.json
2024-08-01 01:01:35,870 - File created: ./FMMFSM_analyzer_Tl/output/20240801010134/config/file4Sys_22.json
2024-08-01 01:01:35,911 - Starting post-processing for simulation 22
2024-08-01 01:01:35,911 - Starting post-processing
2024-08-01 01:01:35,911 - First blocking state step: None
2024-08-01 01:01:35,912 - Post-processed file saved to: ./FMMFSM_analyzer_Tl/output/20240801010134/computed/file4_22/result/file4_22PostProcessed_Result.json
2024-08-01 01:01:35,913 - File created: ./FMMFSM_analyzer_Tl/output/20240801010134/config/file4_23.json
2024-08-01 01:01:35,913 - File created: ./FMMFSM_analyzer_Tl/output/20240801010134/config/file4Sys_23.json
2024-08-01 01:01:35,955 - Starting post-processing for simulation 23
2024-08-01 01:01:35,955 - Starting post-processing
2024-08-01 01:01:35,955 - First blocking state step: None
2024-08-01 01:01:35,955 - Post-processed file saved to: ./FMMFSM_analyzer_Tl/output/20240801010134/computed/file4_23/result/file4_23PostProcessed_Result.json
2024-08-01 01:01:35,956 - File created: ./FMMFSM_analyzer_Tl/output/20240801010134/config/file4_24.json
2024-08-01 01:01:35,957 - File created: ./FMMFSM_analyzer_Tl/output/20240801010134/config/file4Sys_24.json
2024-08-01 01:01:36,002 - Starting post-processing for simulation 24
2024-08-01 01:01:36,002 - Starting post-processing
2024-08-01 01:01:36,002 - First blocking state step: None
2024-08-01 01:01:36,003 - Post-processed file saved to: ./FMMFSM_analyzer_Tl/output/20240801010134/computed/file4_24/result/file4_24PostProcessed_Result.json
2024-08-01 01:01:36,004 - File created: ./FMMFSM_analyzer_Tl/output/20240801010134/config/file4_25.json
2024-08-01 01:01:36,004 - File created: ./FMMFSM_analyzer_Tl/output/20240801010134/config/file4Sys_25.json
2024-08-01 01:01:36,050 - Starting post-processing for simulation 25
2024-08-01 01:01:36,050 - Starting post-processing
2024-08-01 01:01:36,050 - First blocking state step: None
2024-08-01 01:01:36,050 - Post-processed file saved to: ./FMMFSM_analyzer_Tl/output/20240801010134/computed/file4_25/result/file4_25PostProcessed_Result.json
2024-08-01 01:01:36,051 - File created: ./FMMFSM_analyzer_Tl/output/20240801010134/config/file4_26.json
2024-08-01 01:01:36,052 - File created: ./FMMFSM_analyzer_Tl/output/20240801010134/config/file4Sys_26.json
2024-08-01 01:01:36,095 - Starting post-processing for simulation 26
2024-08-01 01:01:36,095 - Starting post-processing
2024-08-01 01:01:36,095 - First blocking state step: None
2024-08-01 01:01:36,096 - Post-processed file saved to: ./FMMFSM_analyzer_Tl/output/20240801010134/computed/file4_26/result/file4_26PostProcessed_Result.json
2024-08-01 01:01:36,097 - File created: ./FMMFSM_analyzer_Tl/output/20240801010134/config/file4_27.json
2024-08-01 01:01:36,097 - File created: ./FMMFSM_analyzer_Tl/output/20240801010134/config/file4Sys_27.json
2024-08-01 01:01:36,140 - Starting post-processing for simulation 27
2024-08-01 01:01:36,140 - Starting post-processing
2024-08-01 01:01:36,140 - First blocking state step: None
2024-08-01 01:01:36,140 - Post-processed file saved to: ./FMMFSM_analyzer_Tl/output/20240801010134/computed/file4_27/result/file4_27PostProcessed_Result.json
2024-08-01 01:01:36,142 - File created: ./FMMFSM_analyzer_Tl/output/20240801010134/config/file4_28.json
2024-08-01 01:01:36,142 - File created: ./FMMFSM_analyzer_Tl/output/20240801010134/config/file4Sys_28.json
2024-08-01 01:01:36,183 - Starting post-processing for simulation 28
2024-08-01 01:01:36,183 - Starting post-processing
2024-08-01 01:01:36,184 - First blocking state step: 5
2024-08-01 01:01:36,184 - Post-processed file saved to: ./FMMFSM_analyzer_Tl/output/20240801010134/computed/file4_28/result/file4_28PostProcessed_Result.json
2024-08-01 01:01:36,185 - File created: ./FMMFSM_analyzer_Tl/output/20240801010134/config/file4_29.json
2024-08-01 01:01:36,185 - File created: ./FMMFSM_analyzer_Tl/output/20240801010134/config/file4Sys_29.json
2024-08-01 01:01:36,228 - Starting post-processing for simulation 29
2024-08-01 01:01:36,228 - Starting post-processing
2024-08-01 01:01:36,228 - First blocking state step: None
2024-08-01 01:01:36,228 - Post-processed file saved to: ./FMMFSM_analyzer_Tl/output/20240801010134/computed/file4_29/result/file4_29PostProcessed_Result.json
2024-08-01 01:01:36,229 - File created: ./FMMFSM_analyzer_Tl/output/20240801010134/config/file4_30.json
2024-08-01 01:01:36,230 - File created: ./FMMFSM_analyzer_Tl/output/20240801010134/config/file4Sys_30.json
2024-08-01 01:01:36,274 - Starting post-processing for simulation 30
2024-08-01 01:01:36,275 - Starting post-processing
2024-08-01 01:01:36,275 - First blocking state step: None
2024-08-01 01:01:36,275 - Post-processed file saved to: ./FMMFSM_analyzer_Tl/output/20240801010134/computed/file4_30/result/file4_30PostProcessed_Result.json
2024-08-01 01:01:36,277 - File created: ./FMMFSM_analyzer_Tl/output/20240801010134/config/file4_31.json
2024-08-01 01:01:36,277 - File created: ./FMMFSM_analyzer_Tl/output/20240801010134/config/file4Sys_31.json
2024-08-01 01:01:36,319 - Starting post-processing for simulation 31
2024-08-01 01:01:36,319 - Starting post-processing
2024-08-01 01:01:36,319 - First blocking state step: 8
2024-08-01 01:01:36,320 - Post-processed file saved to: ./FMMFSM_analyzer_Tl/output/20240801010134/computed/file4_31/result/file4_31PostProcessed_Result.json
2024-08-01 01:01:36,321 - File created: ./FMMFSM_analyzer_Tl/output/20240801010134/config/file4_32.json
2024-08-01 01:01:36,321 - File created: ./FMMFSM_analyzer_Tl/output/20240801010134/config/file4Sys_32.json
2024-08-01 01:01:36,364 - Starting post-processing for simulation 32
2024-08-01 01:01:36,364 - Starting post-processing
2024-08-01 01:01:36,364 - First blocking state step: 9
2024-08-01 01:01:36,365 - Post-processed file saved to: ./FMMFSM_analyzer_Tl/output/20240801010134/computed/file4_32/result/file4_32PostProcessed_Result.json
2024-08-01 01:01:36,366 - File created: ./FMMFSM_analyzer_Tl/output/20240801010134/config/file4_33.json
2024-08-01 01:01:36,367 - File created: ./FMMFSM_analyzer_Tl/output/20240801010134/config/file4Sys_33.json
2024-08-01 01:01:36,410 - Starting post-processing for simulation 33
2024-08-01 01:01:36,410 - Starting post-processing
2024-08-01 01:01:36,410 - First blocking state step: None
2024-08-01 01:01:36,411 - Post-processed file saved to: ./FMMFSM_analyzer_Tl/output/20240801010134/computed/file4_33/result/file4_33PostProcessed_Result.json
2024-08-01 01:01:36,412 - File created: ./FMMFSM_analyzer_Tl/output/20240801010134/config/file4_34.json
2024-08-01 01:01:36,413 - File created: ./FMMFSM_analyzer_Tl/output/20240801010134/config/file4Sys_34.json
2024-08-01 01:01:36,454 - Starting post-processing for simulation 34
2024-08-01 01:01:36,454 - Starting post-processing
2024-08-01 01:01:36,455 - First blocking state step: None
2024-08-01 01:01:36,455 - Post-processed file saved to: ./FMMFSM_analyzer_Tl/output/20240801010134/computed/file4_34/result/file4_34PostProcessed_Result.json
2024-08-01 01:01:36,456 - File created: ./FMMFSM_analyzer_Tl/output/20240801010134/config/file4_35.json
2024-08-01 01:01:36,456 - File created: ./FMMFSM_analyzer_Tl/output/20240801010134/config/file4Sys_35.json
2024-08-01 01:01:36,499 - Starting post-processing for simulation 35
2024-08-01 01:01:36,499 - Starting post-processing
2024-08-01 01:01:36,499 - First blocking state step: 1
2024-08-01 01:01:36,500 - Post-processed file saved to: ./FMMFSM_analyzer_Tl/output/20240801010134/computed/file4_35/result/file4_35PostProcessed_Result.json
2024-08-01 01:01:36,500 - File created: ./FMMFSM_analyzer_Tl/output/20240801010134/config/file4_36.json
2024-08-01 01:01:36,501 - File created: ./FMMFSM_analyzer_Tl/output/20240801010134/config/file4Sys_36.json
2024-08-01 01:01:36,543 - Starting post-processing for simulation 36
2024-08-01 01:01:36,543 - Starting post-processing
2024-08-01 01:01:36,543 - First blocking state step: None
2024-08-01 01:01:36,543 - Post-processed file saved to: ./FMMFSM_analyzer_Tl/output/20240801010134/computed/file4_36/result/file4_36PostProcessed_Result.json
2024-08-01 01:01:36,544 - File created: ./FMMFSM_analyzer_Tl/output/20240801010134/config/file4_37.json
2024-08-01 01:01:36,545 - File created: ./FMMFSM_analyzer_Tl/output/20240801010134/config/file4Sys_37.json
2024-08-01 01:01:36,586 - Starting post-processing for simulation 37
2024-08-01 01:01:36,586 - Starting post-processing
2024-08-01 01:01:36,586 - First blocking state step: None
2024-08-01 01:01:36,587 - Post-processed file saved to: ./FMMFSM_analyzer_Tl/output/20240801010134/computed/file4_37/result/file4_37PostProcessed_Result.json
2024-08-01 01:01:36,588 - File created: ./FMMFSM_analyzer_Tl/output/20240801010134/config/file4_38.json
2024-08-01 01:01:36,588 - File created: ./FMMFSM_analyzer_Tl/output/20240801010134/config/file4Sys_38.json
2024-08-01 01:01:36,632 - Starting post-processing for simulation 38
2024-08-01 01:01:36,632 - Starting post-processing
2024-08-01 01:01:36,632 - First blocking state step: None
2024-08-01 01:01:36,633 - Post-processed file saved to: ./FMMFSM_analyzer_Tl/output/20240801010134/computed/file4_38/result/file4_38PostProcessed_Result.json
2024-08-01 01:01:36,634 - File created: ./FMMFSM_analyzer_Tl/output/20240801010134/config/file4_39.json
2024-08-01 01:01:36,634 - File created: ./FMMFSM_analyzer_Tl/output/20240801010134/config/file4Sys_39.json
2024-08-01 01:01:36,675 - Starting post-processing for simulation 39
2024-08-01 01:01:36,675 - Starting post-processing
2024-08-01 01:01:36,675 - First blocking state step: None
2024-08-01 01:01:36,676 - Post-processed file saved to: ./FMMFSM_analyzer_Tl/output/20240801010134/computed/file4_39/result/file4_39PostProcessed_Result.json
2024-08-01 01:01:36,677 - File created: ./FMMFSM_analyzer_Tl/output/20240801010134/config/file4_40.json
2024-08-01 01:01:36,678 - File created: ./FMMFSM_analyzer_Tl/output/20240801010134/config/file4Sys_40.json
2024-08-01 01:01:36,719 - Starting post-processing for simulation 40
2024-08-01 01:01:36,719 - Starting post-processing
2024-08-01 01:01:36,719 - First blocking state step: None
2024-08-01 01:01:36,720 - Post-processed file saved to: ./FMMFSM_analyzer_Tl/output/20240801010134/computed/file4_40/result/file4_40PostProcessed_Result.json
2024-08-01 01:01:36,721 - File created: ./FMMFSM_analyzer_Tl/output/20240801010134/config/file4_41.json
2024-08-01 01:01:36,721 - File created: ./FMMFSM_analyzer_Tl/output/20240801010134/config/file4Sys_41.json
2024-08-01 01:01:36,761 - Starting post-processing for simulation 41
2024-08-01 01:01:36,762 - Starting post-processing
2024-08-01 01:01:36,762 - First blocking state step: None
2024-08-01 01:01:36,762 - Post-processed file saved to: ./FMMFSM_analyzer_Tl/output/20240801010134/computed/file4_41/result/file4_41PostProcessed_Result.json
2024-08-01 01:01:36,763 - File created: ./FMMFSM_analyzer_Tl/output/20240801010134/config/file4_42.json
2024-08-01 01:01:36,764 - File created: ./FMMFSM_analyzer_Tl/output/20240801010134/config/file4Sys_42.json
2024-08-01 01:01:36,804 - Starting post-processing for simulation 42
2024-08-01 01:01:36,804 - Starting post-processing
2024-08-01 01:01:36,804 - First blocking state step: None
2024-08-01 01:01:36,805 - Post-processed file saved to: ./FMMFSM_analyzer_Tl/output/20240801010134/computed/file4_42/result/file4_42PostProcessed_Result.json
2024-08-01 01:01:36,806 - File created: ./FMMFSM_analyzer_Tl/output/20240801010134/config/file4_43.json
2024-08-01 01:01:36,807 - File created: ./FMMFSM_analyzer_Tl/output/20240801010134/config/file4Sys_43.json
2024-08-01 01:01:36,859 - Starting post-processing for simulation 43
2024-08-01 01:01:36,859 - Starting post-processing
2024-08-01 01:01:36,860 - First blocking state step: None
2024-08-01 01:01:36,861 - Post-processed file saved to: ./FMMFSM_analyzer_Tl/output/20240801010134/computed/file4_43/result/file4_43PostProcessed_Result.json
2024-08-01 01:01:36,862 - File created: ./FMMFSM_analyzer_Tl/output/20240801010134/config/file4_44.json
2024-08-01 01:01:36,863 - File created: ./FMMFSM_analyzer_Tl/output/20240801010134/config/file4Sys_44.json
2024-08-01 01:01:36,915 - Starting post-processing for simulation 44
2024-08-01 01:01:36,915 - Starting post-processing
2024-08-01 01:01:36,915 - First blocking state step: 4
2024-08-01 01:01:36,916 - Post-processed file saved to: ./FMMFSM_analyzer_Tl/output/20240801010134/computed/file4_44/result/file4_44PostProcessed_Result.json
2024-08-01 01:01:36,917 - File created: ./FMMFSM_analyzer_Tl/output/20240801010134/config/file4_45.json
2024-08-01 01:01:36,917 - File created: ./FMMFSM_analyzer_Tl/output/20240801010134/config/file4Sys_45.json
2024-08-01 01:01:36,957 - Starting post-processing for simulation 45
2024-08-01 01:01:36,957 - Starting post-processing
2024-08-01 01:01:36,957 - First blocking state step: None
2024-08-01 01:01:36,958 - Post-processed file saved to: ./FMMFSM_analyzer_Tl/output/20240801010134/computed/file4_45/result/file4_45PostProcessed_Result.json
2024-08-01 01:01:36,960 - File created: ./FMMFSM_analyzer_Tl/output/20240801010134/config/file4_46.json
2024-08-01 01:01:36,960 - File created: ./FMMFSM_analyzer_Tl/output/20240801010134/config/file4Sys_46.json
2024-08-01 01:01:37,002 - Starting post-processing for simulation 46
2024-08-01 01:01:37,002 - Starting post-processing
2024-08-01 01:01:37,002 - First blocking state step: None
2024-08-01 01:01:37,003 - Post-processed file saved to: ./FMMFSM_analyzer_Tl/output/20240801010134/computed/file4_46/result/file4_46PostProcessed_Result.json
2024-08-01 01:01:37,004 - File created: ./FMMFSM_analyzer_Tl/output/20240801010134/config/file4_47.json
2024-08-01 01:01:37,004 - File created: ./FMMFSM_analyzer_Tl/output/20240801010134/config/file4Sys_47.json
2024-08-01 01:01:37,049 - Starting post-processing for simulation 47
2024-08-01 01:01:37,049 - Starting post-processing
2024-08-01 01:01:37,049 - First blocking state step: 7
2024-08-01 01:01:37,050 - Post-processed file saved to: ./FMMFSM_analyzer_Tl/output/20240801010134/computed/file4_47/result/file4_47PostProcessed_Result.json
2024-08-01 01:01:37,051 - File created: ./FMMFSM_analyzer_Tl/output/20240801010134/config/file4_48.json
2024-08-01 01:01:37,051 - File created: ./FMMFSM_analyzer_Tl/output/20240801010134/config/file4Sys_48.json
2024-08-01 01:01:37,093 - Starting post-processing for simulation 48
2024-08-01 01:01:37,093 - Starting post-processing
2024-08-01 01:01:37,093 - First blocking state step: None
2024-08-01 01:01:37,094 - Post-processed file saved to: ./FMMFSM_analyzer_Tl/output/20240801010134/computed/file4_48/result/file4_48PostProcessed_Result.json
2024-08-01 01:01:37,095 - File created: ./FMMFSM_analyzer_Tl/output/20240801010134/config/file4_49.json
2024-08-01 01:01:37,095 - File created: ./FMMFSM_analyzer_Tl/output/20240801010134/config/file4Sys_49.json
2024-08-01 01:01:37,137 - Starting post-processing for simulation 49
2024-08-01 01:01:37,137 - Starting post-processing
2024-08-01 01:01:37,137 - First blocking state step: None
2024-08-01 01:01:37,137 - Post-processed file saved to: ./FMMFSM_analyzer_Tl/output/20240801010134/computed/file4_49/result/file4_49PostProcessed_Result.json
2024-08-01 01:01:37,138 - File created: ./FMMFSM_analyzer_Tl/output/20240801010134/config/file4_50.json
2024-08-01 01:01:37,139 - File created: ./FMMFSM_analyzer_Tl/output/20240801010134/config/file4Sys_50.json
2024-08-01 01:01:37,179 - Starting post-processing for simulation 50
2024-08-01 01:01:37,180 - Starting post-processing
2024-08-01 01:01:37,180 - First blocking state step: None
2024-08-01 01:01:37,180 - Post-processed file saved to: ./FMMFSM_analyzer_Tl/output/20240801010134/computed/file4_50/result/file4_50PostProcessed_Result.json
2024-08-01 01:01:37,181 - File created: ./FMMFSM_analyzer_Tl/output/20240801010134/config/file4_51.json
2024-08-01 01:01:37,182 - File created: ./FMMFSM_analyzer_Tl/output/20240801010134/config/file4Sys_51.json
2024-08-01 01:01:37,224 - Starting post-processing for simulation 51
2024-08-01 01:01:37,224 - Starting post-processing
2024-08-01 01:01:37,224 - First blocking state step: None
2024-08-01 01:01:37,224 - Post-processed file saved to: ./FMMFSM_analyzer_Tl/output/20240801010134/computed/file4_51/result/file4_51PostProcessed_Result.json
2024-08-01 01:01:37,226 - File created: ./FMMFSM_analyzer_Tl/output/20240801010134/config/file4_52.json
2024-08-01 01:01:37,227 - File created: ./FMMFSM_analyzer_Tl/output/20240801010134/config/file4Sys_52.json
2024-08-01 01:01:37,268 - Starting post-processing for simulation 52
2024-08-01 01:01:37,268 - Starting post-processing
2024-08-01 01:01:37,268 - First blocking state step: None
2024-08-01 01:01:37,268 - Post-processed file saved to: ./FMMFSM_analyzer_Tl/output/20240801010134/computed/file4_52/result/file4_52PostProcessed_Result.json
2024-08-01 01:01:37,269 - File created: ./FMMFSM_analyzer_Tl/output/20240801010134/config/file4_53.json
2024-08-01 01:01:37,270 - File created: ./FMMFSM_analyzer_Tl/output/20240801010134/config/file4Sys_53.json
2024-08-01 01:01:37,311 - Starting post-processing for simulation 53
2024-08-01 01:01:37,311 - Starting post-processing
2024-08-01 01:01:37,311 - First blocking state step: None
2024-08-01 01:01:37,312 - Post-processed file saved to: ./FMMFSM_analyzer_Tl/output/20240801010134/computed/file4_53/result/file4_53PostProcessed_Result.json
2024-08-01 01:01:37,313 - File created: ./FMMFSM_analyzer_Tl/output/20240801010134/config/file4_54.json
2024-08-01 01:01:37,314 - File created: ./FMMFSM_analyzer_Tl/output/20240801010134/config/file4Sys_54.json
2024-08-01 01:01:37,355 - Starting post-processing for simulation 54
2024-08-01 01:01:37,355 - Starting post-processing
2024-08-01 01:01:37,355 - First blocking state step: None
2024-08-01 01:01:37,356 - Post-processed file saved to: ./FMMFSM_analyzer_Tl/output/20240801010134/computed/file4_54/result/file4_54PostProcessed_Result.json
2024-08-01 01:01:37,357 - File created: ./FMMFSM_analyzer_Tl/output/20240801010134/config/file4_55.json
2024-08-01 01:01:37,357 - File created: ./FMMFSM_analyzer_Tl/output/20240801010134/config/file4Sys_55.json
2024-08-01 01:01:37,401 - Starting post-processing for simulation 55
2024-08-01 01:01:37,401 - Starting post-processing
2024-08-01 01:01:37,401 - First blocking state step: None
2024-08-01 01:01:37,402 - Post-processed file saved to: ./FMMFSM_analyzer_Tl/output/20240801010134/computed/file4_55/result/file4_55PostProcessed_Result.json
2024-08-01 01:01:37,403 - File created: ./FMMFSM_analyzer_Tl/output/20240801010134/config/file4_56.json
2024-08-01 01:01:37,403 - File created: ./FMMFSM_analyzer_Tl/output/20240801010134/config/file4Sys_56.json
2024-08-01 01:01:37,445 - Starting post-processing for simulation 56
2024-08-01 01:01:37,445 - Starting post-processing
2024-08-01 01:01:37,445 - First blocking state step: None
2024-08-01 01:01:37,445 - Post-processed file saved to: ./FMMFSM_analyzer_Tl/output/20240801010134/computed/file4_56/result/file4_56PostProcessed_Result.json
2024-08-01 01:01:37,446 - File created: ./FMMFSM_analyzer_Tl/output/20240801010134/config/file4_57.json
2024-08-01 01:01:37,447 - File created: ./FMMFSM_analyzer_Tl/output/20240801010134/config/file4Sys_57.json
2024-08-01 01:01:37,488 - Starting post-processing for simulation 57
2024-08-01 01:01:37,488 - Starting post-processing
2024-08-01 01:01:37,488 - First blocking state step: None
2024-08-01 01:01:37,489 - Post-processed file saved to: ./FMMFSM_analyzer_Tl/output/20240801010134/computed/file4_57/result/file4_57PostProcessed_Result.json
2024-08-01 01:01:37,490 - File created: ./FMMFSM_analyzer_Tl/output/20240801010134/config/file4_58.json
2024-08-01 01:01:37,490 - File created: ./FMMFSM_analyzer_Tl/output/20240801010134/config/file4Sys_58.json
2024-08-01 01:01:37,532 - Starting post-processing for simulation 58
2024-08-01 01:01:37,532 - Starting post-processing
2024-08-01 01:01:37,533 - First blocking state step: None
2024-08-01 01:01:37,533 - Post-processed file saved to: ./FMMFSM_analyzer_Tl/output/20240801010134/computed/file4_58/result/file4_58PostProcessed_Result.json
2024-08-01 01:01:37,534 - File created: ./FMMFSM_analyzer_Tl/output/20240801010134/config/file4_59.json
2024-08-01 01:01:37,534 - File created: ./FMMFSM_analyzer_Tl/output/20240801010134/config/file4Sys_59.json
2024-08-01 01:01:37,577 - Starting post-processing for simulation 59
2024-08-01 01:01:37,577 - Starting post-processing
2024-08-01 01:01:37,577 - First blocking state step: 5
2024-08-01 01:01:37,579 - Post-processed file saved to: ./FMMFSM_analyzer_Tl/output/20240801010134/computed/file4_59/result/file4_59PostProcessed_Result.json
2024-08-01 01:01:37,580 - File created: ./FMMFSM_analyzer_Tl/output/20240801010134/config/file4_60.json
2024-08-01 01:01:37,580 - File created: ./FMMFSM_analyzer_Tl/output/20240801010134/config/file4Sys_60.json
2024-08-01 01:01:37,621 - Starting post-processing for simulation 60
2024-08-01 01:01:37,621 - Starting post-processing
2024-08-01 01:01:37,621 - First blocking state step: None
2024-08-01 01:01:37,622 - Post-processed file saved to: ./FMMFSM_analyzer_Tl/output/20240801010134/computed/file4_60/result/file4_60PostProcessed_Result.json
2024-08-01 01:01:37,623 - File created: ./FMMFSM_analyzer_Tl/output/20240801010134/config/file4_61.json
2024-08-01 01:01:37,623 - File created: ./FMMFSM_analyzer_Tl/output/20240801010134/config/file4Sys_61.json
2024-08-01 01:01:37,664 - Starting post-processing for simulation 61
2024-08-01 01:01:37,664 - Starting post-processing
2024-08-01 01:01:37,664 - First blocking state step: None
2024-08-01 01:01:37,664 - Post-processed file saved to: ./FMMFSM_analyzer_Tl/output/20240801010134/computed/file4_61/result/file4_61PostProcessed_Result.json
2024-08-01 01:01:37,665 - File created: ./FMMFSM_analyzer_Tl/output/20240801010134/config/file4_62.json
2024-08-01 01:01:37,666 - File created: ./FMMFSM_analyzer_Tl/output/20240801010134/config/file4Sys_62.json
2024-08-01 01:01:37,706 - Starting post-processing for simulation 62
2024-08-01 01:01:37,706 - Starting post-processing
2024-08-01 01:01:37,706 - First blocking state step: 9
2024-08-01 01:01:37,707 - Post-processed file saved to: ./FMMFSM_analyzer_Tl/output/20240801010134/computed/file4_62/result/file4_62PostProcessed_Result.json
2024-08-01 01:01:37,708 - File created: ./FMMFSM_analyzer_Tl/output/20240801010134/config/file4_63.json
2024-08-01 01:01:37,708 - File created: ./FMMFSM_analyzer_Tl/output/20240801010134/config/file4Sys_63.json
2024-08-01 01:01:37,751 - Starting post-processing for simulation 63
2024-08-01 01:01:37,751 - Starting post-processing
2024-08-01 01:01:37,751 - First blocking state step: None
2024-08-01 01:01:37,752 - Post-processed file saved to: ./FMMFSM_analyzer_Tl/output/20240801010134/computed/file4_63/result/file4_63PostProcessed_Result.json
2024-08-01 01:01:37,753 - File created: ./FMMFSM_analyzer_Tl/output/20240801010134/config/file4_64.json
2024-08-01 01:01:37,753 - File created: ./FMMFSM_analyzer_Tl/output/20240801010134/config/file4Sys_64.json
2024-08-01 01:01:37,796 - Starting post-processing for simulation 64
2024-08-01 01:01:37,796 - Starting post-processing
2024-08-01 01:01:37,796 - First blocking state step: None
2024-08-01 01:01:37,796 - Post-processed file saved to: ./FMMFSM_analyzer_Tl/output/20240801010134/computed/file4_64/result/file4_64PostProcessed_Result.json
2024-08-01 01:01:37,797 - File created: ./FMMFSM_analyzer_Tl/output/20240801010134/config/file4_65.json
2024-08-01 01:01:37,798 - File created: ./FMMFSM_analyzer_Tl/output/20240801010134/config/file4Sys_65.json
2024-08-01 01:01:37,842 - Starting post-processing for simulation 65
2024-08-01 01:01:37,843 - Starting post-processing
2024-08-01 01:01:37,843 - First blocking state step: None
2024-08-01 01:01:37,844 - Post-processed file saved to: ./FMMFSM_analyzer_Tl/output/20240801010134/computed/file4_65/result/file4_65PostProcessed_Result.json
2024-08-01 01:01:37,844 - File created: ./FMMFSM_analyzer_Tl/output/20240801010134/config/file4_66.json
2024-08-01 01:01:37,845 - File created: ./FMMFSM_analyzer_Tl/output/20240801010134/config/file4Sys_66.json
2024-08-01 01:01:37,887 - Starting post-processing for simulation 66
2024-08-01 01:01:37,887 - Starting post-processing
2024-08-01 01:01:37,888 - First blocking state step: 7
2024-08-01 01:01:37,888 - Post-processed file saved to: ./FMMFSM_analyzer_Tl/output/20240801010134/computed/file4_66/result/file4_66PostProcessed_Result.json
2024-08-01 01:01:37,889 - File created: ./FMMFSM_analyzer_Tl/output/20240801010134/config/file4_67.json
2024-08-01 01:01:37,889 - File created: ./FMMFSM_analyzer_Tl/output/20240801010134/config/file4Sys_67.json
2024-08-01 01:01:37,933 - Starting post-processing for simulation 67
2024-08-01 01:01:37,933 - Starting post-processing
2024-08-01 01:01:37,934 - First blocking state step: None
2024-08-01 01:01:37,934 - Post-processed file saved to: ./FMMFSM_analyzer_Tl/output/20240801010134/computed/file4_67/result/file4_67PostProcessed_Result.json
2024-08-01 01:01:37,935 - File created: ./FMMFSM_analyzer_Tl/output/20240801010134/config/file4_68.json
2024-08-01 01:01:37,935 - File created: ./FMMFSM_analyzer_Tl/output/20240801010134/config/file4Sys_68.json
2024-08-01 01:01:37,977 - Starting post-processing for simulation 68
2024-08-01 01:01:37,978 - Starting post-processing
2024-08-01 01:01:37,978 - First blocking state step: 9
2024-08-01 01:01:37,978 - Post-processed file saved to: ./FMMFSM_analyzer_Tl/output/20240801010134/computed/file4_68/result/file4_68PostProcessed_Result.json
2024-08-01 01:01:37,979 - File created: ./FMMFSM_analyzer_Tl/output/20240801010134/config/file4_69.json
2024-08-01 01:01:37,980 - File created: ./FMMFSM_analyzer_Tl/output/20240801010134/config/file4Sys_69.json
2024-08-01 01:01:38,021 - Starting post-processing for simulation 69
2024-08-01 01:01:38,021 - Starting post-processing
2024-08-01 01:01:38,021 - First blocking state step: None
2024-08-01 01:01:38,022 - Post-processed file saved to: ./FMMFSM_analyzer_Tl/output/20240801010134/computed/file4_69/result/file4_69PostProcessed_Result.json
2024-08-01 01:01:38,023 - File created: ./FMMFSM_analyzer_Tl/output/20240801010134/config/file4_70.json
2024-08-01 01:01:38,023 - File created: ./FMMFSM_analyzer_Tl/output/20240801010134/config/file4Sys_70.json
2024-08-01 01:01:38,065 - Starting post-processing for simulation 70
2024-08-01 01:01:38,065 - Starting post-processing
2024-08-01 01:01:38,065 - First blocking state step: None
2024-08-01 01:01:38,065 - Post-processed file saved to: ./FMMFSM_analyzer_Tl/output/20240801010134/computed/file4_70/result/file4_70PostProcessed_Result.json
2024-08-01 01:01:38,066 - File created: ./FMMFSM_analyzer_Tl/output/20240801010134/config/file4_71.json
2024-08-01 01:01:38,067 - File created: ./FMMFSM_analyzer_Tl/output/20240801010134/config/file4Sys_71.json
2024-08-01 01:01:38,109 - Starting post-processing for simulation 71
2024-08-01 01:01:38,109 - Starting post-processing
2024-08-01 01:01:38,109 - First blocking state step: 7
2024-08-01 01:01:38,110 - Post-processed file saved to: ./FMMFSM_analyzer_Tl/output/20240801010134/computed/file4_71/result/file4_71PostProcessed_Result.json
2024-08-01 01:01:38,111 - File created: ./FMMFSM_analyzer_Tl/output/20240801010134/config/file4_72.json
2024-08-01 01:01:38,112 - File created: ./FMMFSM_analyzer_Tl/output/20240801010134/config/file4Sys_72.json
2024-08-01 01:01:38,155 - Starting post-processing for simulation 72
2024-08-01 01:01:38,155 - Starting post-processing
2024-08-01 01:01:38,155 - First blocking state step: None
2024-08-01 01:01:38,156 - Post-processed file saved to: ./FMMFSM_analyzer_Tl/output/20240801010134/computed/file4_72/result/file4_72PostProcessed_Result.json
2024-08-01 01:01:38,157 - File created: ./FMMFSM_analyzer_Tl/output/20240801010134/config/file4_73.json
2024-08-01 01:01:38,157 - File created: ./FMMFSM_analyzer_Tl/output/20240801010134/config/file4Sys_73.json
2024-08-01 01:01:38,199 - Starting post-processing for simulation 73
2024-08-01 01:01:38,199 - Starting post-processing
2024-08-01 01:01:38,199 - First blocking state step: 6
2024-08-01 01:01:38,199 - Post-processed file saved to: ./FMMFSM_analyzer_Tl/output/20240801010134/computed/file4_73/result/file4_73PostProcessed_Result.json
2024-08-01 01:01:38,200 - File created: ./FMMFSM_analyzer_Tl/output/20240801010134/config/file4_74.json
2024-08-01 01:01:38,201 - File created: ./FMMFSM_analyzer_Tl/output/20240801010134/config/file4Sys_74.json
2024-08-01 01:01:38,242 - Starting post-processing for simulation 74
2024-08-01 01:01:38,242 - Starting post-processing
2024-08-01 01:01:38,242 - First blocking state step: None
2024-08-01 01:01:38,243 - Post-processed file saved to: ./FMMFSM_analyzer_Tl/output/20240801010134/computed/file4_74/result/file4_74PostProcessed_Result.json
2024-08-01 01:01:38,245 - File created: ./FMMFSM_analyzer_Tl/output/20240801010134/config/file4_75.json
2024-08-01 01:01:38,245 - File created: ./FMMFSM_analyzer_Tl/output/20240801010134/config/file4Sys_75.json
2024-08-01 01:01:38,288 - Starting post-processing for simulation 75
2024-08-01 01:01:38,288 - Starting post-processing
2024-08-01 01:01:38,288 - First blocking state step: None
2024-08-01 01:01:38,289 - Post-processed file saved to: ./FMMFSM_analyzer_Tl/output/20240801010134/computed/file4_75/result/file4_75PostProcessed_Result.json
2024-08-01 01:01:38,289 - File created: ./FMMFSM_analyzer_Tl/output/20240801010134/config/file4_76.json
2024-08-01 01:01:38,290 - File created: ./FMMFSM_analyzer_Tl/output/20240801010134/config/file4Sys_76.json
2024-08-01 01:01:38,332 - Starting post-processing for simulation 76
2024-08-01 01:01:38,332 - Starting post-processing
2024-08-01 01:01:38,333 - First blocking state step: 6
2024-08-01 01:01:38,333 - Post-processed file saved to: ./FMMFSM_analyzer_Tl/output/20240801010134/computed/file4_76/result/file4_76PostProcessed_Result.json
2024-08-01 01:01:38,334 - File created: ./FMMFSM_analyzer_Tl/output/20240801010134/config/file4_77.json
2024-08-01 01:01:38,335 - File created: ./FMMFSM_analyzer_Tl/output/20240801010134/config/file4Sys_77.json
2024-08-01 01:01:38,379 - Starting post-processing for simulation 77
2024-08-01 01:01:38,379 - Starting post-processing
2024-08-01 01:01:38,379 - First blocking state step: None
2024-08-01 01:01:38,379 - Post-processed file saved to: ./FMMFSM_analyzer_Tl/output/20240801010134/computed/file4_77/result/file4_77PostProcessed_Result.json
2024-08-01 01:01:38,380 - File created: ./FMMFSM_analyzer_Tl/output/20240801010134/config/file4_78.json
2024-08-01 01:01:38,381 - File created: ./FMMFSM_analyzer_Tl/output/20240801010134/config/file4Sys_78.json
2024-08-01 01:01:38,422 - Starting post-processing for simulation 78
2024-08-01 01:01:38,422 - Starting post-processing
2024-08-01 01:01:38,422 - First blocking state step: None
2024-08-01 01:01:38,423 - Post-processed file saved to: ./FMMFSM_analyzer_Tl/output/20240801010134/computed/file4_78/result/file4_78PostProcessed_Result.json
2024-08-01 01:01:38,424 - File created: ./FMMFSM_analyzer_Tl/output/20240801010134/config/file4_79.json
2024-08-01 01:01:38,424 - File created: ./FMMFSM_analyzer_Tl/output/20240801010134/config/file4Sys_79.json
2024-08-01 01:01:38,465 - Starting post-processing for simulation 79
2024-08-01 01:01:38,465 - Starting post-processing
2024-08-01 01:01:38,465 - First blocking state step: None
2024-08-01 01:01:38,466 - Post-processed file saved to: ./FMMFSM_analyzer_Tl/output/20240801010134/computed/file4_79/result/file4_79PostProcessed_Result.json
2024-08-01 01:01:38,467 - File created: ./FMMFSM_analyzer_Tl/output/20240801010134/config/file4_80.json
2024-08-01 01:01:38,467 - File created: ./FMMFSM_analyzer_Tl/output/20240801010134/config/file4Sys_80.json
2024-08-01 01:01:38,507 - Starting post-processing for simulation 80
2024-08-01 01:01:38,508 - Starting post-processing
2024-08-01 01:01:38,508 - First blocking state step: 3
2024-08-01 01:01:38,508 - Post-processed file saved to: ./FMMFSM_analyzer_Tl/output/20240801010134/computed/file4_80/result/file4_80PostProcessed_Result.json
2024-08-01 01:01:38,509 - File created: ./FMMFSM_analyzer_Tl/output/20240801010134/config/file4_81.json
2024-08-01 01:01:38,510 - File created: ./FMMFSM_analyzer_Tl/output/20240801010134/config/file4Sys_81.json
2024-08-01 01:01:38,551 - Starting post-processing for simulation 81
2024-08-01 01:01:38,551 - Starting post-processing
2024-08-01 01:01:38,551 - First blocking state step: None
2024-08-01 01:01:38,551 - Post-processed file saved to: ./FMMFSM_analyzer_Tl/output/20240801010134/computed/file4_81/result/file4_81PostProcessed_Result.json
2024-08-01 01:01:38,552 - File created: ./FMMFSM_analyzer_Tl/output/20240801010134/config/file4_82.json
2024-08-01 01:01:38,553 - File created: ./FMMFSM_analyzer_Tl/output/20240801010134/config/file4Sys_82.json
2024-08-01 01:01:38,594 - Starting post-processing for simulation 82
2024-08-01 01:01:38,594 - Starting post-processing
2024-08-01 01:01:38,594 - First blocking state step: None
2024-08-01 01:01:38,595 - Post-processed file saved to: ./FMMFSM_analyzer_Tl/output/20240801010134/computed/file4_82/result/file4_82PostProcessed_Result.json
2024-08-01 01:01:38,596 - File created: ./FMMFSM_analyzer_Tl/output/20240801010134/config/file4_83.json
2024-08-01 01:01:38,596 - File created: ./FMMFSM_analyzer_Tl/output/20240801010134/config/file4Sys_83.json
2024-08-01 01:01:38,639 - Starting post-processing for simulation 83
2024-08-01 01:01:38,639 - Starting post-processing
2024-08-01 01:01:38,639 - First blocking state step: None
2024-08-01 01:01:38,639 - Post-processed file saved to: ./FMMFSM_analyzer_Tl/output/20240801010134/computed/file4_83/result/file4_83PostProcessed_Result.json
2024-08-01 01:01:38,640 - File created: ./FMMFSM_analyzer_Tl/output/20240801010134/config/file4_84.json
2024-08-01 01:01:38,641 - File created: ./FMMFSM_analyzer_Tl/output/20240801010134/config/file4Sys_84.json
2024-08-01 01:01:38,683 - Starting post-processing for simulation 84
2024-08-01 01:01:38,683 - Starting post-processing
2024-08-01 01:01:38,683 - First blocking state step: 7
2024-08-01 01:01:38,684 - Post-processed file saved to: ./FMMFSM_analyzer_Tl/output/20240801010134/computed/file4_84/result/file4_84PostProcessed_Result.json
2024-08-01 01:01:38,685 - File created: ./FMMFSM_analyzer_Tl/output/20240801010134/config/file4_85.json
2024-08-01 01:01:38,685 - File created: ./FMMFSM_analyzer_Tl/output/20240801010134/config/file4Sys_85.json
2024-08-01 01:01:38,816 - Starting post-processing for simulation 85
2024-08-01 01:01:38,817 - Starting post-processing
2024-08-01 01:01:38,817 - First blocking state step: 3
2024-08-01 01:01:38,817 - Post-processed file saved to: ./FMMFSM_analyzer_Tl/output/20240801010134/computed/file4_85/result/file4_85PostProcessed_Result.json
2024-08-01 01:01:38,818 - File created: ./FMMFSM_analyzer_Tl/output/20240801010134/config/file4_86.json
2024-08-01 01:01:38,818 - File created: ./FMMFSM_analyzer_Tl/output/20240801010134/config/file4Sys_86.json
2024-08-01 01:01:38,857 - Starting post-processing for simulation 86
2024-08-01 01:01:38,857 - Starting post-processing
2024-08-01 01:01:38,858 - First blocking state step: 4
2024-08-01 01:01:38,858 - Post-processed file saved to: ./FMMFSM_analyzer_Tl/output/20240801010134/computed/file4_86/result/file4_86PostProcessed_Result.json
2024-08-01 01:01:38,860 - File created: ./FMMFSM_analyzer_Tl/output/20240801010134/config/file4_87.json
2024-08-01 01:01:38,860 - File created: ./FMMFSM_analyzer_Tl/output/20240801010134/config/file4Sys_87.json
2024-08-01 01:01:38,902 - Starting post-processing for simulation 87
2024-08-01 01:01:38,902 - Starting post-processing
2024-08-01 01:01:38,902 - First blocking state step: 8
2024-08-01 01:01:38,902 - Post-processed file saved to: ./FMMFSM_analyzer_Tl/output/20240801010134/computed/file4_87/result/file4_87PostProcessed_Result.json
2024-08-01 01:01:38,903 - File created: ./FMMFSM_analyzer_Tl/output/20240801010134/config/file4_88.json
2024-08-01 01:01:38,904 - File created: ./FMMFSM_analyzer_Tl/output/20240801010134/config/file4Sys_88.json
2024-08-01 01:01:38,948 - Starting post-processing for simulation 88
2024-08-01 01:01:38,948 - Starting post-processing
2024-08-01 01:01:38,948 - First blocking state step: None
2024-08-01 01:01:38,949 - Post-processed file saved to: ./FMMFSM_analyzer_Tl/output/20240801010134/computed/file4_88/result/file4_88PostProcessed_Result.json
2024-08-01 01:01:38,951 - File created: ./FMMFSM_analyzer_Tl/output/20240801010134/config/file4_89.json
2024-08-01 01:01:38,951 - File created: ./FMMFSM_analyzer_Tl/output/20240801010134/config/file4Sys_89.json
2024-08-01 01:01:38,999 - Starting post-processing for simulation 89
2024-08-01 01:01:38,999 - Starting post-processing
2024-08-01 01:01:39,000 - First blocking state step: None
2024-08-01 01:01:39,000 - Post-processed file saved to: ./FMMFSM_analyzer_Tl/output/20240801010134/computed/file4_89/result/file4_89PostProcessed_Result.json
2024-08-01 01:01:39,001 - File created: ./FMMFSM_analyzer_Tl/output/20240801010134/config/file4_90.json
2024-08-01 01:01:39,002 - File created: ./FMMFSM_analyzer_Tl/output/20240801010134/config/file4Sys_90.json
2024-08-01 01:01:39,044 - Starting post-processing for simulation 90
2024-08-01 01:01:39,044 - Starting post-processing
2024-08-01 01:01:39,044 - First blocking state step: None
2024-08-01 01:01:39,045 - Post-processed file saved to: ./FMMFSM_analyzer_Tl/output/20240801010134/computed/file4_90/result/file4_90PostProcessed_Result.json
2024-08-01 01:01:39,045 - File created: ./FMMFSM_analyzer_Tl/output/20240801010134/config/file4_91.json
2024-08-01 01:01:39,046 - File created: ./FMMFSM_analyzer_Tl/output/20240801010134/config/file4Sys_91.json
2024-08-01 01:01:39,087 - Starting post-processing for simulation 91
2024-08-01 01:01:39,087 - Starting post-processing
2024-08-01 01:01:39,087 - First blocking state step: None
2024-08-01 01:01:39,088 - Post-processed file saved to: ./FMMFSM_analyzer_Tl/output/20240801010134/computed/file4_91/result/file4_91PostProcessed_Result.json
2024-08-01 01:01:39,089 - File created: ./FMMFSM_analyzer_Tl/output/20240801010134/config/file4_92.json
2024-08-01 01:01:39,089 - File created: ./FMMFSM_analyzer_Tl/output/20240801010134/config/file4Sys_92.json
2024-08-01 01:01:39,130 - Starting post-processing for simulation 92
2024-08-01 01:01:39,130 - Starting post-processing
2024-08-01 01:01:39,131 - First blocking state step: None
2024-08-01 01:01:39,131 - Post-processed file saved to: ./FMMFSM_analyzer_Tl/output/20240801010134/computed/file4_92/result/file4_92PostProcessed_Result.json
2024-08-01 01:01:39,132 - File created: ./FMMFSM_analyzer_Tl/output/20240801010134/config/file4_93.json
2024-08-01 01:01:39,133 - File created: ./FMMFSM_analyzer_Tl/output/20240801010134/config/file4Sys_93.json
2024-08-01 01:01:39,173 - Starting post-processing for simulation 93
2024-08-01 01:01:39,174 - Starting post-processing
2024-08-01 01:01:39,174 - First blocking state step: 9
2024-08-01 01:01:39,174 - Post-processed file saved to: ./FMMFSM_analyzer_Tl/output/20240801010134/computed/file4_93/result/file4_93PostProcessed_Result.json
2024-08-01 01:01:39,175 - File created: ./FMMFSM_analyzer_Tl/output/20240801010134/config/file4_94.json
2024-08-01 01:01:39,176 - File created: ./FMMFSM_analyzer_Tl/output/20240801010134/config/file4Sys_94.json
2024-08-01 01:01:39,215 - Starting post-processing for simulation 94
2024-08-01 01:01:39,215 - Starting post-processing
2024-08-01 01:01:39,216 - First blocking state step: None
2024-08-01 01:01:39,216 - Post-processed file saved to: ./FMMFSM_analyzer_Tl/output/20240801010134/computed/file4_94/result/file4_94PostProcessed_Result.json
2024-08-01 01:01:39,217 - File created: ./FMMFSM_analyzer_Tl/output/20240801010134/config/file4_95.json
2024-08-01 01:01:39,217 - File created: ./FMMFSM_analyzer_Tl/output/20240801010134/config/file4Sys_95.json
2024-08-01 01:01:39,258 - Starting post-processing for simulation 95
2024-08-01 01:01:39,258 - Starting post-processing
2024-08-01 01:01:39,258 - First blocking state step: None
2024-08-01 01:01:39,259 - Post-processed file saved to: ./FMMFSM_analyzer_Tl/output/20240801010134/computed/file4_95/result/file4_95PostProcessed_Result.json
2024-08-01 01:01:39,260 - File created: ./FMMFSM_analyzer_Tl/output/20240801010134/config/file4_96.json
2024-08-01 01:01:39,261 - File created: ./FMMFSM_analyzer_Tl/output/20240801010134/config/file4Sys_96.json
2024-08-01 01:01:39,302 - Starting post-processing for simulation 96
2024-08-01 01:01:39,302 - Starting post-processing
2024-08-01 01:01:39,302 - First blocking state step: None
2024-08-01 01:01:39,303 - Post-processed file saved to: ./FMMFSM_analyzer_Tl/output/20240801010134/computed/file4_96/result/file4_96PostProcessed_Result.json
2024-08-01 01:01:39,304 - File created: ./FMMFSM_analyzer_Tl/output/20240801010134/config/file4_97.json
2024-08-01 01:01:39,304 - File created: ./FMMFSM_analyzer_Tl/output/20240801010134/config/file4Sys_97.json
2024-08-01 01:01:39,348 - Starting post-processing for simulation 97
2024-08-01 01:01:39,348 - Starting post-processing
2024-08-01 01:01:39,348 - First blocking state step: None
2024-08-01 01:01:39,348 - Post-processed file saved to: ./FMMFSM_analyzer_Tl/output/20240801010134/computed/file4_97/result/file4_97PostProcessed_Result.json
2024-08-01 01:01:39,349 - File created: ./FMMFSM_analyzer_Tl/output/20240801010134/config/file4_98.json
2024-08-01 01:01:39,350 - File created: ./FMMFSM_analyzer_Tl/output/20240801010134/config/file4Sys_98.json
2024-08-01 01:01:39,392 - Starting post-processing for simulation 98
2024-08-01 01:01:39,392 - Starting post-processing
2024-08-01 01:01:39,392 - First blocking state step: None
2024-08-01 01:01:39,393 - Post-processed file saved to: ./FMMFSM_analyzer_Tl/output/20240801010134/computed/file4_98/result/file4_98PostProcessed_Result.json
2024-08-01 01:01:39,394 - File created: ./FMMFSM_analyzer_Tl/output/20240801010134/config/file4_99.json
2024-08-01 01:01:39,395 - File created: ./FMMFSM_analyzer_Tl/output/20240801010134/config/file4Sys_99.json
2024-08-01 01:01:39,435 - Starting post-processing for simulation 99
2024-08-01 01:01:39,436 - Starting post-processing
2024-08-01 01:01:39,436 - First blocking state step: None
2024-08-01 01:01:39,436 - Post-processed file saved to: ./FMMFSM_analyzer_Tl/output/20240801010134/computed/file4_99/result/file4_99PostProcessed_Result.json
2024-08-01 01:01:39,437 - Last file created: 99
