2024-07-21 01:13:12,130 - Command executed: run.py /Users/angelcui/Documents/GitHub/FMMFSM_simulator/FMMFSM_analyzer_Tl/config/file2.json /Users/angelcui/Documents/GitHub/FMMFSM_simulator/FMMFSM_analyzer_Tl/config/fileSys.json --num 10 --iter 100 --postp --tl
2024-07-21 01:13:12,132 - File created: ./FMMFSM_analyzer_Tl/output/20240721011312/config/file2_0.json
2024-07-21 01:13:12,133 - File created: ./FMMFSM_analyzer_Tl/output/20240721011312/config/fileSys_0.json
2024-07-21 01:13:12,175 - Starting post-processing for simulation 0
2024-07-21 01:13:12,175 - Starting post-processing
2024-07-21 01:13:12,175 - First blocking state step: None
2024-07-21 01:13:12,176 - Post-processed file saved to: ./FMMFSM_analyzer_Tl/output/20240721011312/computed/file2_0/result/file2_0PostProcessed_Result.json
2024-07-21 01:13:12,176 - First file created: 0
2024-07-21 01:13:12,177 - File created: ./FMMFSM_analyzer_Tl/output/20240721011312/config/file2_1.json
2024-07-21 01:13:12,177 - File created: ./FMMFSM_analyzer_Tl/output/20240721011312/config/fileSys_1.json
2024-07-21 01:13:12,219 - Starting post-processing for simulation 1
2024-07-21 01:13:12,219 - Starting post-processing
2024-07-21 01:13:12,220 - First blocking state step: None
2024-07-21 01:13:12,220 - Post-processed file saved to: ./FMMFSM_analyzer_Tl/output/20240721011312/computed/file2_1/result/file2_1PostProcessed_Result.json
2024-07-21 01:13:12,221 - File created: ./FMMFSM_analyzer_Tl/output/20240721011312/config/file2_2.json
2024-07-21 01:13:12,222 - File created: ./FMMFSM_analyzer_Tl/output/20240721011312/config/fileSys_2.json
2024-07-21 01:13:12,264 - Starting post-processing for simulation 2
2024-07-21 01:13:12,264 - Starting post-processing
2024-07-21 01:13:12,264 - First blocking state step: None
2024-07-21 01:13:12,265 - Post-processed file saved to: ./FMMFSM_analyzer_Tl/output/20240721011312/computed/file2_2/result/file2_2PostProcessed_Result.json
2024-07-21 01:13:12,266 - File created: ./FMMFSM_analyzer_Tl/output/20240721011312/config/file2_3.json
2024-07-21 01:13:12,266 - File created: ./FMMFSM_analyzer_Tl/output/20240721011312/config/fileSys_3.json
2024-07-21 01:13:12,314 - Starting post-processing for simulation 3
2024-07-21 01:13:12,314 - Starting post-processing
2024-07-21 01:13:12,314 - First blocking state step: None
2024-07-21 01:13:12,315 - Post-processed file saved to: ./FMMFSM_analyzer_Tl/output/20240721011312/computed/file2_3/result/file2_3PostProcessed_Result.json
2024-07-21 01:13:12,316 - File created: ./FMMFSM_analyzer_Tl/output/20240721011312/config/file2_4.json
2024-07-21 01:13:12,317 - File created: ./FMMFSM_analyzer_Tl/output/20240721011312/config/fileSys_4.json
2024-07-21 01:13:12,382 - Starting post-processing for simulation 4
2024-07-21 01:13:12,382 - Starting post-processing
2024-07-21 01:13:12,382 - First blocking state step: None
2024-07-21 01:13:12,383 - Post-processed file saved to: ./FMMFSM_analyzer_Tl/output/20240721011312/computed/file2_4/result/file2_4PostProcessed_Result.json
2024-07-21 01:13:12,384 - File created: ./FMMFSM_analyzer_Tl/output/20240721011312/config/file2_5.json
2024-07-21 01:13:12,384 - File created: ./FMMFSM_analyzer_Tl/output/20240721011312/config/fileSys_5.json
2024-07-21 01:13:12,432 - Starting post-processing for simulation 5
2024-07-21 01:13:12,432 - Starting post-processing
2024-07-21 01:13:12,432 - First blocking state step: None
2024-07-21 01:13:12,433 - Post-processed file saved to: ./FMMFSM_analyzer_Tl/output/20240721011312/computed/file2_5/result/file2_5PostProcessed_Result.json
2024-07-21 01:13:12,434 - File created: ./FMMFSM_analyzer_Tl/output/20240721011312/config/file2_6.json
2024-07-21 01:13:12,434 - File created: ./FMMFSM_analyzer_Tl/output/20240721011312/config/fileSys_6.json
2024-07-21 01:13:12,477 - Starting post-processing for simulation 6
2024-07-21 01:13:12,477 - Starting post-processing
2024-07-21 01:13:12,477 - First blocking state step: None
2024-07-21 01:13:12,477 - Post-processed file saved to: ./FMMFSM_analyzer_Tl/output/20240721011312/computed/file2_6/result/file2_6PostProcessed_Result.json
2024-07-21 01:13:12,478 - File created: ./FMMFSM_analyzer_Tl/output/20240721011312/config/file2_7.json
2024-07-21 01:13:12,479 - File created: ./FMMFSM_analyzer_Tl/output/20240721011312/config/fileSys_7.json
2024-07-21 01:13:12,521 - Starting post-processing for simulation 7
2024-07-21 01:13:12,521 - Starting post-processing
2024-07-21 01:13:12,521 - First blocking state step: None
2024-07-21 01:13:12,522 - Post-processed file saved to: ./FMMFSM_analyzer_Tl/output/20240721011312/computed/file2_7/result/file2_7PostProcessed_Result.json
2024-07-21 01:13:12,523 - File created: ./FMMFSM_analyzer_Tl/output/20240721011312/config/file2_8.json
2024-07-21 01:13:12,523 - File created: ./FMMFSM_analyzer_Tl/output/20240721011312/config/fileSys_8.json
2024-07-21 01:13:12,563 - Starting post-processing for simulation 8
2024-07-21 01:13:12,563 - Starting post-processing
2024-07-21 01:13:12,563 - First blocking state step: None
2024-07-21 01:13:12,563 - Post-processed file saved to: ./FMMFSM_analyzer_Tl/output/20240721011312/computed/file2_8/result/file2_8PostProcessed_Result.json
2024-07-21 01:13:12,564 - File created: ./FMMFSM_analyzer_Tl/output/20240721011312/config/file2_9.json
2024-07-21 01:13:12,565 - File created: ./FMMFSM_analyzer_Tl/output/20240721011312/config/fileSys_9.json
2024-07-21 01:13:12,604 - Starting post-processing for simulation 9
2024-07-21 01:13:12,604 - Starting post-processing
2024-07-21 01:13:12,605 - First blocking state step: None
2024-07-21 01:13:12,605 - Post-processed file saved to: ./FMMFSM_analyzer_Tl/output/20240721011312/computed/file2_9/result/file2_9PostProcessed_Result.json
2024-07-21 01:13:12,606 - File created: ./FMMFSM_analyzer_Tl/output/20240721011312/config/file2_10.json
2024-07-21 01:13:12,607 - File created: ./FMMFSM_analyzer_Tl/output/20240721011312/config/fileSys_10.json
2024-07-21 01:13:12,649 - Starting post-processing for simulation 10
2024-07-21 01:13:12,649 - Starting post-processing
2024-07-21 01:13:12,649 - First blocking state step: None
2024-07-21 01:13:12,650 - Post-processed file saved to: ./FMMFSM_analyzer_Tl/output/20240721011312/computed/file2_10/result/file2_10PostProcessed_Result.json
2024-07-21 01:13:12,651 - File created: ./FMMFSM_analyzer_Tl/output/20240721011312/config/file2_11.json
2024-07-21 01:13:12,651 - File created: ./FMMFSM_analyzer_Tl/output/20240721011312/config/fileSys_11.json
2024-07-21 01:13:12,694 - Starting post-processing for simulation 11
2024-07-21 01:13:12,694 - Starting post-processing
2024-07-21 01:13:12,694 - First blocking state step: None
2024-07-21 01:13:12,695 - Post-processed file saved to: ./FMMFSM_analyzer_Tl/output/20240721011312/computed/file2_11/result/file2_11PostProcessed_Result.json
2024-07-21 01:13:12,696 - File created: ./FMMFSM_analyzer_Tl/output/20240721011312/config/file2_12.json
2024-07-21 01:13:12,696 - File created: ./FMMFSM_analyzer_Tl/output/20240721011312/config/fileSys_12.json
2024-07-21 01:13:12,738 - Starting post-processing for simulation 12
2024-07-21 01:13:12,739 - Starting post-processing
2024-07-21 01:13:12,739 - First blocking state step: None
2024-07-21 01:13:12,739 - Post-processed file saved to: ./FMMFSM_analyzer_Tl/output/20240721011312/computed/file2_12/result/file2_12PostProcessed_Result.json
2024-07-21 01:13:12,741 - File created: ./FMMFSM_analyzer_Tl/output/20240721011312/config/file2_13.json
2024-07-21 01:13:12,741 - File created: ./FMMFSM_analyzer_Tl/output/20240721011312/config/fileSys_13.json
2024-07-21 01:13:12,785 - Starting post-processing for simulation 13
2024-07-21 01:13:12,785 - Starting post-processing
2024-07-21 01:13:12,785 - First blocking state step: None
2024-07-21 01:13:12,786 - Post-processed file saved to: ./FMMFSM_analyzer_Tl/output/20240721011312/computed/file2_13/result/file2_13PostProcessed_Result.json
2024-07-21 01:13:12,787 - File created: ./FMMFSM_analyzer_Tl/output/20240721011312/config/file2_14.json
2024-07-21 01:13:12,788 - File created: ./FMMFSM_analyzer_Tl/output/20240721011312/config/fileSys_14.json
2024-07-21 01:13:12,832 - Starting post-processing for simulation 14
2024-07-21 01:13:12,832 - Starting post-processing
2024-07-21 01:13:12,832 - First blocking state step: None
2024-07-21 01:13:12,833 - Post-processed file saved to: ./FMMFSM_analyzer_Tl/output/20240721011312/computed/file2_14/result/file2_14PostProcessed_Result.json
2024-07-21 01:13:12,835 - File created: ./FMMFSM_analyzer_Tl/output/20240721011312/config/file2_15.json
2024-07-21 01:13:12,835 - File created: ./FMMFSM_analyzer_Tl/output/20240721011312/config/fileSys_15.json
2024-07-21 01:13:12,877 - Starting post-processing for simulation 15
2024-07-21 01:13:12,877 - Starting post-processing
2024-07-21 01:13:12,877 - First blocking state step: None
2024-07-21 01:13:12,878 - Post-processed file saved to: ./FMMFSM_analyzer_Tl/output/20240721011312/computed/file2_15/result/file2_15PostProcessed_Result.json
2024-07-21 01:13:12,879 - File created: ./FMMFSM_analyzer_Tl/output/20240721011312/config/file2_16.json
2024-07-21 01:13:12,879 - File created: ./FMMFSM_analyzer_Tl/output/20240721011312/config/fileSys_16.json
2024-07-21 01:13:12,921 - Starting post-processing for simulation 16
2024-07-21 01:13:12,921 - Starting post-processing
2024-07-21 01:13:12,921 - First blocking state step: None
2024-07-21 01:13:12,922 - Post-processed file saved to: ./FMMFSM_analyzer_Tl/output/20240721011312/computed/file2_16/result/file2_16PostProcessed_Result.json
2024-07-21 01:13:12,923 - File created: ./FMMFSM_analyzer_Tl/output/20240721011312/config/file2_17.json
2024-07-21 01:13:12,923 - File created: ./FMMFSM_analyzer_Tl/output/20240721011312/config/fileSys_17.json
2024-07-21 01:13:12,966 - Starting post-processing for simulation 17
2024-07-21 01:13:12,966 - Starting post-processing
2024-07-21 01:13:12,966 - First blocking state step: None
2024-07-21 01:13:12,967 - Post-processed file saved to: ./FMMFSM_analyzer_Tl/output/20240721011312/computed/file2_17/result/file2_17PostProcessed_Result.json
2024-07-21 01:13:12,968 - File created: ./FMMFSM_analyzer_Tl/output/20240721011312/config/file2_18.json
2024-07-21 01:13:12,968 - File created: ./FMMFSM_analyzer_Tl/output/20240721011312/config/fileSys_18.json
2024-07-21 01:13:13,008 - Starting post-processing for simulation 18
2024-07-21 01:13:13,008 - Starting post-processing
2024-07-21 01:13:13,008 - First blocking state step: None
2024-07-21 01:13:13,009 - Post-processed file saved to: ./FMMFSM_analyzer_Tl/output/20240721011312/computed/file2_18/result/file2_18PostProcessed_Result.json
2024-07-21 01:13:13,010 - File created: ./FMMFSM_analyzer_Tl/output/20240721011312/config/file2_19.json
2024-07-21 01:13:13,010 - File created: ./FMMFSM_analyzer_Tl/output/20240721011312/config/fileSys_19.json
2024-07-21 01:13:13,053 - Starting post-processing for simulation 19
2024-07-21 01:13:13,053 - Starting post-processing
2024-07-21 01:13:13,054 - First blocking state step: None
2024-07-21 01:13:13,054 - Post-processed file saved to: ./FMMFSM_analyzer_Tl/output/20240721011312/computed/file2_19/result/file2_19PostProcessed_Result.json
2024-07-21 01:13:13,055 - File created: ./FMMFSM_analyzer_Tl/output/20240721011312/config/file2_20.json
2024-07-21 01:13:13,056 - File created: ./FMMFSM_analyzer_Tl/output/20240721011312/config/fileSys_20.json
2024-07-21 01:13:13,097 - Starting post-processing for simulation 20
2024-07-21 01:13:13,097 - Starting post-processing
2024-07-21 01:13:13,097 - First blocking state step: None
2024-07-21 01:13:13,098 - Post-processed file saved to: ./FMMFSM_analyzer_Tl/output/20240721011312/computed/file2_20/result/file2_20PostProcessed_Result.json
2024-07-21 01:13:13,099 - File created: ./FMMFSM_analyzer_Tl/output/20240721011312/config/file2_21.json
2024-07-21 01:13:13,099 - File created: ./FMMFSM_analyzer_Tl/output/20240721011312/config/fileSys_21.json
2024-07-21 01:13:13,141 - Starting post-processing for simulation 21
2024-07-21 01:13:13,141 - Starting post-processing
2024-07-21 01:13:13,141 - First blocking state step: None
2024-07-21 01:13:13,141 - Post-processed file saved to: ./FMMFSM_analyzer_Tl/output/20240721011312/computed/file2_21/result/file2_21PostProcessed_Result.json
2024-07-21 01:13:13,142 - File created: ./FMMFSM_analyzer_Tl/output/20240721011312/config/file2_22.json
2024-07-21 01:13:13,143 - File created: ./FMMFSM_analyzer_Tl/output/20240721011312/config/fileSys_22.json
2024-07-21 01:13:13,184 - Starting post-processing for simulation 22
2024-07-21 01:13:13,184 - Starting post-processing
2024-07-21 01:13:13,184 - First blocking state step: None
2024-07-21 01:13:13,185 - Post-processed file saved to: ./FMMFSM_analyzer_Tl/output/20240721011312/computed/file2_22/result/file2_22PostProcessed_Result.json
2024-07-21 01:13:13,186 - File created: ./FMMFSM_analyzer_Tl/output/20240721011312/config/file2_23.json
2024-07-21 01:13:13,186 - File created: ./FMMFSM_analyzer_Tl/output/20240721011312/config/fileSys_23.json
2024-07-21 01:13:13,228 - Starting post-processing for simulation 23
2024-07-21 01:13:13,228 - Starting post-processing
2024-07-21 01:13:13,229 - First blocking state step: None
2024-07-21 01:13:13,229 - Post-processed file saved to: ./FMMFSM_analyzer_Tl/output/20240721011312/computed/file2_23/result/file2_23PostProcessed_Result.json
2024-07-21 01:13:13,230 - File created: ./FMMFSM_analyzer_Tl/output/20240721011312/config/file2_24.json
2024-07-21 01:13:13,231 - File created: ./FMMFSM_analyzer_Tl/output/20240721011312/config/fileSys_24.json
2024-07-21 01:13:13,271 - Starting post-processing for simulation 24
2024-07-21 01:13:13,272 - Starting post-processing
2024-07-21 01:13:13,272 - First blocking state step: None
2024-07-21 01:13:13,272 - Post-processed file saved to: ./FMMFSM_analyzer_Tl/output/20240721011312/computed/file2_24/result/file2_24PostProcessed_Result.json
2024-07-21 01:13:13,273 - File created: ./FMMFSM_analyzer_Tl/output/20240721011312/config/file2_25.json
2024-07-21 01:13:13,274 - File created: ./FMMFSM_analyzer_Tl/output/20240721011312/config/fileSys_25.json
2024-07-21 01:13:13,315 - Starting post-processing for simulation 25
2024-07-21 01:13:13,315 - Starting post-processing
2024-07-21 01:13:13,316 - First blocking state step: None
2024-07-21 01:13:13,316 - Post-processed file saved to: ./FMMFSM_analyzer_Tl/output/20240721011312/computed/file2_25/result/file2_25PostProcessed_Result.json
2024-07-21 01:13:13,317 - File created: ./FMMFSM_analyzer_Tl/output/20240721011312/config/file2_26.json
2024-07-21 01:13:13,318 - File created: ./FMMFSM_analyzer_Tl/output/20240721011312/config/fileSys_26.json
2024-07-21 01:13:13,363 - Starting post-processing for simulation 26
2024-07-21 01:13:13,363 - Starting post-processing
2024-07-21 01:13:13,363 - First blocking state step: None
2024-07-21 01:13:13,364 - Post-processed file saved to: ./FMMFSM_analyzer_Tl/output/20240721011312/computed/file2_26/result/file2_26PostProcessed_Result.json
2024-07-21 01:13:13,365 - File created: ./FMMFSM_analyzer_Tl/output/20240721011312/config/file2_27.json
2024-07-21 01:13:13,366 - File created: ./FMMFSM_analyzer_Tl/output/20240721011312/config/fileSys_27.json
2024-07-21 01:13:13,407 - Starting post-processing for simulation 27
2024-07-21 01:13:13,407 - Starting post-processing
2024-07-21 01:13:13,407 - First blocking state step: None
2024-07-21 01:13:13,407 - Post-processed file saved to: ./FMMFSM_analyzer_Tl/output/20240721011312/computed/file2_27/result/file2_27PostProcessed_Result.json
2024-07-21 01:13:13,408 - File created: ./FMMFSM_analyzer_Tl/output/20240721011312/config/file2_28.json
2024-07-21 01:13:13,409 - File created: ./FMMFSM_analyzer_Tl/output/20240721011312/config/fileSys_28.json
2024-07-21 01:13:13,451 - Starting post-processing for simulation 28
2024-07-21 01:13:13,451 - Starting post-processing
2024-07-21 01:13:13,451 - First blocking state step: None
2024-07-21 01:13:13,452 - Post-processed file saved to: ./FMMFSM_analyzer_Tl/output/20240721011312/computed/file2_28/result/file2_28PostProcessed_Result.json
2024-07-21 01:13:13,453 - File created: ./FMMFSM_analyzer_Tl/output/20240721011312/config/file2_29.json
2024-07-21 01:13:13,454 - File created: ./FMMFSM_analyzer_Tl/output/20240721011312/config/fileSys_29.json
2024-07-21 01:13:13,561 - Starting post-processing for simulation 29
2024-07-21 01:13:13,561 - Starting post-processing
2024-07-21 01:13:13,561 - First blocking state step: None
2024-07-21 01:13:13,562 - Post-processed file saved to: ./FMMFSM_analyzer_Tl/output/20240721011312/computed/file2_29/result/file2_29PostProcessed_Result.json
2024-07-21 01:13:13,563 - File created: ./FMMFSM_analyzer_Tl/output/20240721011312/config/file2_30.json
2024-07-21 01:13:13,563 - File created: ./FMMFSM_analyzer_Tl/output/20240721011312/config/fileSys_30.json
2024-07-21 01:13:13,605 - Starting post-processing for simulation 30
2024-07-21 01:13:13,605 - Starting post-processing
2024-07-21 01:13:13,605 - First blocking state step: None
2024-07-21 01:13:13,606 - Post-processed file saved to: ./FMMFSM_analyzer_Tl/output/20240721011312/computed/file2_30/result/file2_30PostProcessed_Result.json
2024-07-21 01:13:13,607 - File created: ./FMMFSM_analyzer_Tl/output/20240721011312/config/file2_31.json
2024-07-21 01:13:13,608 - File created: ./FMMFSM_analyzer_Tl/output/20240721011312/config/fileSys_31.json
2024-07-21 01:13:13,656 - Starting post-processing for simulation 31
2024-07-21 01:13:13,656 - Starting post-processing
2024-07-21 01:13:13,656 - First blocking state step: None
2024-07-21 01:13:13,657 - Post-processed file saved to: ./FMMFSM_analyzer_Tl/output/20240721011312/computed/file2_31/result/file2_31PostProcessed_Result.json
2024-07-21 01:13:13,658 - File created: ./FMMFSM_analyzer_Tl/output/20240721011312/config/file2_32.json
2024-07-21 01:13:13,658 - File created: ./FMMFSM_analyzer_Tl/output/20240721011312/config/fileSys_32.json
2024-07-21 01:13:13,702 - Starting post-processing for simulation 32
2024-07-21 01:13:13,702 - Starting post-processing
2024-07-21 01:13:13,702 - First blocking state step: None
2024-07-21 01:13:13,703 - Post-processed file saved to: ./FMMFSM_analyzer_Tl/output/20240721011312/computed/file2_32/result/file2_32PostProcessed_Result.json
2024-07-21 01:13:13,704 - File created: ./FMMFSM_analyzer_Tl/output/20240721011312/config/file2_33.json
2024-07-21 01:13:13,705 - File created: ./FMMFSM_analyzer_Tl/output/20240721011312/config/fileSys_33.json
2024-07-21 01:13:13,746 - Starting post-processing for simulation 33
2024-07-21 01:13:13,746 - Starting post-processing
2024-07-21 01:13:13,747 - First blocking state step: None
2024-07-21 01:13:13,747 - Post-processed file saved to: ./FMMFSM_analyzer_Tl/output/20240721011312/computed/file2_33/result/file2_33PostProcessed_Result.json
2024-07-21 01:13:13,748 - File created: ./FMMFSM_analyzer_Tl/output/20240721011312/config/file2_34.json
2024-07-21 01:13:13,749 - File created: ./FMMFSM_analyzer_Tl/output/20240721011312/config/fileSys_34.json
2024-07-21 01:13:13,790 - Starting post-processing for simulation 34
2024-07-21 01:13:13,790 - Starting post-processing
2024-07-21 01:13:13,790 - First blocking state step: None
2024-07-21 01:13:13,791 - Post-processed file saved to: ./FMMFSM_analyzer_Tl/output/20240721011312/computed/file2_34/result/file2_34PostProcessed_Result.json
2024-07-21 01:13:13,792 - File created: ./FMMFSM_analyzer_Tl/output/20240721011312/config/file2_35.json
2024-07-21 01:13:13,792 - File created: ./FMMFSM_analyzer_Tl/output/20240721011312/config/fileSys_35.json
2024-07-21 01:13:13,834 - Starting post-processing for simulation 35
2024-07-21 01:13:13,834 - Starting post-processing
2024-07-21 01:13:13,834 - First blocking state step: None
2024-07-21 01:13:13,835 - Post-processed file saved to: ./FMMFSM_analyzer_Tl/output/20240721011312/computed/file2_35/result/file2_35PostProcessed_Result.json
2024-07-21 01:13:13,836 - File created: ./FMMFSM_analyzer_Tl/output/20240721011312/config/file2_36.json
2024-07-21 01:13:13,836 - File created: ./FMMFSM_analyzer_Tl/output/20240721011312/config/fileSys_36.json
2024-07-21 01:13:13,880 - Starting post-processing for simulation 36
2024-07-21 01:13:13,880 - Starting post-processing
2024-07-21 01:13:13,880 - First blocking state step: None
2024-07-21 01:13:13,881 - Post-processed file saved to: ./FMMFSM_analyzer_Tl/output/20240721011312/computed/file2_36/result/file2_36PostProcessed_Result.json
2024-07-21 01:13:13,882 - File created: ./FMMFSM_analyzer_Tl/output/20240721011312/config/file2_37.json
2024-07-21 01:13:13,882 - File created: ./FMMFSM_analyzer_Tl/output/20240721011312/config/fileSys_37.json
2024-07-21 01:13:13,926 - Starting post-processing for simulation 37
2024-07-21 01:13:13,926 - Starting post-processing
2024-07-21 01:13:13,926 - First blocking state step: None
2024-07-21 01:13:13,927 - Post-processed file saved to: ./FMMFSM_analyzer_Tl/output/20240721011312/computed/file2_37/result/file2_37PostProcessed_Result.json
2024-07-21 01:13:13,928 - File created: ./FMMFSM_analyzer_Tl/output/20240721011312/config/file2_38.json
2024-07-21 01:13:13,929 - File created: ./FMMFSM_analyzer_Tl/output/20240721011312/config/fileSys_38.json
2024-07-21 01:13:13,971 - Starting post-processing for simulation 38
2024-07-21 01:13:13,971 - Starting post-processing
2024-07-21 01:13:13,971 - First blocking state step: None
2024-07-21 01:13:13,972 - Post-processed file saved to: ./FMMFSM_analyzer_Tl/output/20240721011312/computed/file2_38/result/file2_38PostProcessed_Result.json
2024-07-21 01:13:13,973 - File created: ./FMMFSM_analyzer_Tl/output/20240721011312/config/file2_39.json
2024-07-21 01:13:13,973 - File created: ./FMMFSM_analyzer_Tl/output/20240721011312/config/fileSys_39.json
2024-07-21 01:13:14,016 - Starting post-processing for simulation 39
2024-07-21 01:13:14,016 - Starting post-processing
2024-07-21 01:13:14,017 - First blocking state step: None
2024-07-21 01:13:14,017 - Post-processed file saved to: ./FMMFSM_analyzer_Tl/output/20240721011312/computed/file2_39/result/file2_39PostProcessed_Result.json
2024-07-21 01:13:14,018 - File created: ./FMMFSM_analyzer_Tl/output/20240721011312/config/file2_40.json
2024-07-21 01:13:14,019 - File created: ./FMMFSM_analyzer_Tl/output/20240721011312/config/fileSys_40.json
2024-07-21 01:13:14,060 - Starting post-processing for simulation 40
2024-07-21 01:13:14,060 - Starting post-processing
2024-07-21 01:13:14,060 - First blocking state step: None
2024-07-21 01:13:14,061 - Post-processed file saved to: ./FMMFSM_analyzer_Tl/output/20240721011312/computed/file2_40/result/file2_40PostProcessed_Result.json
2024-07-21 01:13:14,062 - File created: ./FMMFSM_analyzer_Tl/output/20240721011312/config/file2_41.json
2024-07-21 01:13:14,062 - File created: ./FMMFSM_analyzer_Tl/output/20240721011312/config/fileSys_41.json
2024-07-21 01:13:14,102 - Starting post-processing for simulation 41
2024-07-21 01:13:14,102 - Starting post-processing
2024-07-21 01:13:14,102 - First blocking state step: None
2024-07-21 01:13:14,103 - Post-processed file saved to: ./FMMFSM_analyzer_Tl/output/20240721011312/computed/file2_41/result/file2_41PostProcessed_Result.json
2024-07-21 01:13:14,104 - File created: ./FMMFSM_analyzer_Tl/output/20240721011312/config/file2_42.json
2024-07-21 01:13:14,104 - File created: ./FMMFSM_analyzer_Tl/output/20240721011312/config/fileSys_42.json
2024-07-21 01:13:14,146 - Starting post-processing for simulation 42
2024-07-21 01:13:14,146 - Starting post-processing
2024-07-21 01:13:14,146 - First blocking state step: None
2024-07-21 01:13:14,147 - Post-processed file saved to: ./FMMFSM_analyzer_Tl/output/20240721011312/computed/file2_42/result/file2_42PostProcessed_Result.json
2024-07-21 01:13:14,148 - File created: ./FMMFSM_analyzer_Tl/output/20240721011312/config/file2_43.json
2024-07-21 01:13:14,148 - File created: ./FMMFSM_analyzer_Tl/output/20240721011312/config/fileSys_43.json
2024-07-21 01:13:14,189 - Starting post-processing for simulation 43
2024-07-21 01:13:14,189 - Starting post-processing
2024-07-21 01:13:14,190 - First blocking state step: None
2024-07-21 01:13:14,190 - Post-processed file saved to: ./FMMFSM_analyzer_Tl/output/20240721011312/computed/file2_43/result/file2_43PostProcessed_Result.json
2024-07-21 01:13:14,191 - File created: ./FMMFSM_analyzer_Tl/output/20240721011312/config/file2_44.json
2024-07-21 01:13:14,191 - File created: ./FMMFSM_analyzer_Tl/output/20240721011312/config/fileSys_44.json
2024-07-21 01:13:14,232 - Starting post-processing for simulation 44
2024-07-21 01:13:14,232 - Starting post-processing
2024-07-21 01:13:14,232 - First blocking state step: None
2024-07-21 01:13:14,233 - Post-processed file saved to: ./FMMFSM_analyzer_Tl/output/20240721011312/computed/file2_44/result/file2_44PostProcessed_Result.json
2024-07-21 01:13:14,235 - File created: ./FMMFSM_analyzer_Tl/output/20240721011312/config/file2_45.json
2024-07-21 01:13:14,235 - File created: ./FMMFSM_analyzer_Tl/output/20240721011312/config/fileSys_45.json
2024-07-21 01:13:14,276 - Starting post-processing for simulation 45
2024-07-21 01:13:14,276 - Starting post-processing
2024-07-21 01:13:14,276 - First blocking state step: None
2024-07-21 01:13:14,277 - Post-processed file saved to: ./FMMFSM_analyzer_Tl/output/20240721011312/computed/file2_45/result/file2_45PostProcessed_Result.json
2024-07-21 01:13:14,278 - File created: ./FMMFSM_analyzer_Tl/output/20240721011312/config/file2_46.json
2024-07-21 01:13:14,278 - File created: ./FMMFSM_analyzer_Tl/output/20240721011312/config/fileSys_46.json
2024-07-21 01:13:14,320 - Starting post-processing for simulation 46
2024-07-21 01:13:14,320 - Starting post-processing
2024-07-21 01:13:14,320 - First blocking state step: None
2024-07-21 01:13:14,321 - Post-processed file saved to: ./FMMFSM_analyzer_Tl/output/20240721011312/computed/file2_46/result/file2_46PostProcessed_Result.json
2024-07-21 01:13:14,322 - File created: ./FMMFSM_analyzer_Tl/output/20240721011312/config/file2_47.json
2024-07-21 01:13:14,322 - File created: ./FMMFSM_analyzer_Tl/output/20240721011312/config/fileSys_47.json
2024-07-21 01:13:14,362 - Starting post-processing for simulation 47
2024-07-21 01:13:14,362 - Starting post-processing
2024-07-21 01:13:14,363 - First blocking state step: None
2024-07-21 01:13:14,363 - Post-processed file saved to: ./FMMFSM_analyzer_Tl/output/20240721011312/computed/file2_47/result/file2_47PostProcessed_Result.json
2024-07-21 01:13:14,364 - File created: ./FMMFSM_analyzer_Tl/output/20240721011312/config/file2_48.json
2024-07-21 01:13:14,365 - File created: ./FMMFSM_analyzer_Tl/output/20240721011312/config/fileSys_48.json
2024-07-21 01:13:14,407 - Starting post-processing for simulation 48
2024-07-21 01:13:14,407 - Starting post-processing
2024-07-21 01:13:14,407 - First blocking state step: None
2024-07-21 01:13:14,407 - Post-processed file saved to: ./FMMFSM_analyzer_Tl/output/20240721011312/computed/file2_48/result/file2_48PostProcessed_Result.json
2024-07-21 01:13:14,408 - File created: ./FMMFSM_analyzer_Tl/output/20240721011312/config/file2_49.json
2024-07-21 01:13:14,409 - File created: ./FMMFSM_analyzer_Tl/output/20240721011312/config/fileSys_49.json
2024-07-21 01:13:14,451 - Starting post-processing for simulation 49
2024-07-21 01:13:14,451 - Starting post-processing
2024-07-21 01:13:14,451 - First blocking state step: None
2024-07-21 01:13:14,452 - Post-processed file saved to: ./FMMFSM_analyzer_Tl/output/20240721011312/computed/file2_49/result/file2_49PostProcessed_Result.json
2024-07-21 01:13:14,453 - File created: ./FMMFSM_analyzer_Tl/output/20240721011312/config/file2_50.json
2024-07-21 01:13:14,453 - File created: ./FMMFSM_analyzer_Tl/output/20240721011312/config/fileSys_50.json
2024-07-21 01:13:14,494 - Starting post-processing for simulation 50
2024-07-21 01:13:14,495 - Starting post-processing
2024-07-21 01:13:14,495 - First blocking state step: None
2024-07-21 01:13:14,495 - Post-processed file saved to: ./FMMFSM_analyzer_Tl/output/20240721011312/computed/file2_50/result/file2_50PostProcessed_Result.json
2024-07-21 01:13:14,497 - File created: ./FMMFSM_analyzer_Tl/output/20240721011312/config/file2_51.json
2024-07-21 01:13:14,497 - File created: ./FMMFSM_analyzer_Tl/output/20240721011312/config/fileSys_51.json
2024-07-21 01:13:14,539 - Starting post-processing for simulation 51
2024-07-21 01:13:14,539 - Starting post-processing
2024-07-21 01:13:14,540 - First blocking state step: None
2024-07-21 01:13:14,540 - Post-processed file saved to: ./FMMFSM_analyzer_Tl/output/20240721011312/computed/file2_51/result/file2_51PostProcessed_Result.json
2024-07-21 01:13:14,541 - File created: ./FMMFSM_analyzer_Tl/output/20240721011312/config/file2_52.json
2024-07-21 01:13:14,542 - File created: ./FMMFSM_analyzer_Tl/output/20240721011312/config/fileSys_52.json
2024-07-21 01:13:14,583 - Starting post-processing for simulation 52
2024-07-21 01:13:14,583 - Starting post-processing
2024-07-21 01:13:14,584 - First blocking state step: None
2024-07-21 01:13:14,584 - Post-processed file saved to: ./FMMFSM_analyzer_Tl/output/20240721011312/computed/file2_52/result/file2_52PostProcessed_Result.json
2024-07-21 01:13:14,585 - File created: ./FMMFSM_analyzer_Tl/output/20240721011312/config/file2_53.json
2024-07-21 01:13:14,586 - File created: ./FMMFSM_analyzer_Tl/output/20240721011312/config/fileSys_53.json
2024-07-21 01:13:14,626 - Starting post-processing for simulation 53
2024-07-21 01:13:14,626 - Starting post-processing
2024-07-21 01:13:14,627 - First blocking state step: None
2024-07-21 01:13:14,627 - Post-processed file saved to: ./FMMFSM_analyzer_Tl/output/20240721011312/computed/file2_53/result/file2_53PostProcessed_Result.json
2024-07-21 01:13:14,628 - File created: ./FMMFSM_analyzer_Tl/output/20240721011312/config/file2_54.json
2024-07-21 01:13:14,628 - File created: ./FMMFSM_analyzer_Tl/output/20240721011312/config/fileSys_54.json
2024-07-21 01:13:14,670 - Starting post-processing for simulation 54
2024-07-21 01:13:14,670 - Starting post-processing
2024-07-21 01:13:14,670 - First blocking state step: None
2024-07-21 01:13:14,670 - Post-processed file saved to: ./FMMFSM_analyzer_Tl/output/20240721011312/computed/file2_54/result/file2_54PostProcessed_Result.json
2024-07-21 01:13:14,672 - File created: ./FMMFSM_analyzer_Tl/output/20240721011312/config/file2_55.json
2024-07-21 01:13:14,672 - File created: ./FMMFSM_analyzer_Tl/output/20240721011312/config/fileSys_55.json
2024-07-21 01:13:14,713 - Starting post-processing for simulation 55
2024-07-21 01:13:14,713 - Starting post-processing
2024-07-21 01:13:14,714 - First blocking state step: None
2024-07-21 01:13:14,714 - Post-processed file saved to: ./FMMFSM_analyzer_Tl/output/20240721011312/computed/file2_55/result/file2_55PostProcessed_Result.json
2024-07-21 01:13:14,715 - File created: ./FMMFSM_analyzer_Tl/output/20240721011312/config/file2_56.json
2024-07-21 01:13:14,716 - File created: ./FMMFSM_analyzer_Tl/output/20240721011312/config/fileSys_56.json
2024-07-21 01:13:14,757 - Starting post-processing for simulation 56
2024-07-21 01:13:14,757 - Starting post-processing
2024-07-21 01:13:14,757 - First blocking state step: None
2024-07-21 01:13:14,758 - Post-processed file saved to: ./FMMFSM_analyzer_Tl/output/20240721011312/computed/file2_56/result/file2_56PostProcessed_Result.json
2024-07-21 01:13:14,759 - File created: ./FMMFSM_analyzer_Tl/output/20240721011312/config/file2_57.json
2024-07-21 01:13:14,759 - File created: ./FMMFSM_analyzer_Tl/output/20240721011312/config/fileSys_57.json
2024-07-21 01:13:14,802 - Starting post-processing for simulation 57
2024-07-21 01:13:14,802 - Starting post-processing
2024-07-21 01:13:14,802 - First blocking state step: None
2024-07-21 01:13:14,802 - Post-processed file saved to: ./FMMFSM_analyzer_Tl/output/20240721011312/computed/file2_57/result/file2_57PostProcessed_Result.json
2024-07-21 01:13:14,804 - File created: ./FMMFSM_analyzer_Tl/output/20240721011312/config/file2_58.json
2024-07-21 01:13:14,804 - File created: ./FMMFSM_analyzer_Tl/output/20240721011312/config/fileSys_58.json
2024-07-21 01:13:14,848 - Starting post-processing for simulation 58
2024-07-21 01:13:14,848 - Starting post-processing
2024-07-21 01:13:14,849 - First blocking state step: None
2024-07-21 01:13:14,849 - Post-processed file saved to: ./FMMFSM_analyzer_Tl/output/20240721011312/computed/file2_58/result/file2_58PostProcessed_Result.json
2024-07-21 01:13:14,850 - File created: ./FMMFSM_analyzer_Tl/output/20240721011312/config/file2_59.json
2024-07-21 01:13:14,851 - File created: ./FMMFSM_analyzer_Tl/output/20240721011312/config/fileSys_59.json
2024-07-21 01:13:14,893 - Starting post-processing for simulation 59
2024-07-21 01:13:14,893 - Starting post-processing
2024-07-21 01:13:14,893 - First blocking state step: None
2024-07-21 01:13:14,894 - Post-processed file saved to: ./FMMFSM_analyzer_Tl/output/20240721011312/computed/file2_59/result/file2_59PostProcessed_Result.json
2024-07-21 01:13:14,895 - File created: ./FMMFSM_analyzer_Tl/output/20240721011312/config/file2_60.json
2024-07-21 01:13:14,895 - File created: ./FMMFSM_analyzer_Tl/output/20240721011312/config/fileSys_60.json
2024-07-21 01:13:14,936 - Starting post-processing for simulation 60
2024-07-21 01:13:14,936 - Starting post-processing
2024-07-21 01:13:14,937 - First blocking state step: None
2024-07-21 01:13:14,937 - Post-processed file saved to: ./FMMFSM_analyzer_Tl/output/20240721011312/computed/file2_60/result/file2_60PostProcessed_Result.json
2024-07-21 01:13:14,938 - File created: ./FMMFSM_analyzer_Tl/output/20240721011312/config/file2_61.json
2024-07-21 01:13:14,939 - File created: ./FMMFSM_analyzer_Tl/output/20240721011312/config/fileSys_61.json
2024-07-21 01:13:14,981 - Starting post-processing for simulation 61
2024-07-21 01:13:14,981 - Starting post-processing
2024-07-21 01:13:14,982 - First blocking state step: None
2024-07-21 01:13:14,982 - Post-processed file saved to: ./FMMFSM_analyzer_Tl/output/20240721011312/computed/file2_61/result/file2_61PostProcessed_Result.json
2024-07-21 01:13:14,983 - File created: ./FMMFSM_analyzer_Tl/output/20240721011312/config/file2_62.json
2024-07-21 01:13:14,984 - File created: ./FMMFSM_analyzer_Tl/output/20240721011312/config/fileSys_62.json
2024-07-21 01:13:15,026 - Starting post-processing for simulation 62
2024-07-21 01:13:15,026 - Starting post-processing
2024-07-21 01:13:15,026 - First blocking state step: None
2024-07-21 01:13:15,029 - Post-processed file saved to: ./FMMFSM_analyzer_Tl/output/20240721011312/computed/file2_62/result/file2_62PostProcessed_Result.json
2024-07-21 01:13:15,031 - File created: ./FMMFSM_analyzer_Tl/output/20240721011312/config/file2_63.json
2024-07-21 01:13:15,031 - File created: ./FMMFSM_analyzer_Tl/output/20240721011312/config/fileSys_63.json
2024-07-21 01:13:15,081 - Starting post-processing for simulation 63
2024-07-21 01:13:15,081 - Starting post-processing
2024-07-21 01:13:15,081 - First blocking state step: None
2024-07-21 01:13:15,082 - Post-processed file saved to: ./FMMFSM_analyzer_Tl/output/20240721011312/computed/file2_63/result/file2_63PostProcessed_Result.json
2024-07-21 01:13:15,083 - File created: ./FMMFSM_analyzer_Tl/output/20240721011312/config/file2_64.json
2024-07-21 01:13:15,083 - File created: ./FMMFSM_analyzer_Tl/output/20240721011312/config/fileSys_64.json
2024-07-21 01:13:15,128 - Starting post-processing for simulation 64
2024-07-21 01:13:15,128 - Starting post-processing
2024-07-21 01:13:15,128 - First blocking state step: None
2024-07-21 01:13:15,129 - Post-processed file saved to: ./FMMFSM_analyzer_Tl/output/20240721011312/computed/file2_64/result/file2_64PostProcessed_Result.json
2024-07-21 01:13:15,130 - File created: ./FMMFSM_analyzer_Tl/output/20240721011312/config/file2_65.json
2024-07-21 01:13:15,130 - File created: ./FMMFSM_analyzer_Tl/output/20240721011312/config/fileSys_65.json
2024-07-21 01:13:15,174 - Starting post-processing for simulation 65
2024-07-21 01:13:15,174 - Starting post-processing
2024-07-21 01:13:15,174 - First blocking state step: None
2024-07-21 01:13:15,175 - Post-processed file saved to: ./FMMFSM_analyzer_Tl/output/20240721011312/computed/file2_65/result/file2_65PostProcessed_Result.json
2024-07-21 01:13:15,176 - File created: ./FMMFSM_analyzer_Tl/output/20240721011312/config/file2_66.json
2024-07-21 01:13:15,176 - File created: ./FMMFSM_analyzer_Tl/output/20240721011312/config/fileSys_66.json
2024-07-21 01:13:15,219 - Starting post-processing for simulation 66
2024-07-21 01:13:15,219 - Starting post-processing
2024-07-21 01:13:15,219 - First blocking state step: None
2024-07-21 01:13:15,219 - Post-processed file saved to: ./FMMFSM_analyzer_Tl/output/20240721011312/computed/file2_66/result/file2_66PostProcessed_Result.json
2024-07-21 01:13:15,221 - File created: ./FMMFSM_analyzer_Tl/output/20240721011312/config/file2_67.json
2024-07-21 01:13:15,221 - File created: ./FMMFSM_analyzer_Tl/output/20240721011312/config/fileSys_67.json
2024-07-21 01:13:15,263 - Starting post-processing for simulation 67
2024-07-21 01:13:15,263 - Starting post-processing
2024-07-21 01:13:15,263 - First blocking state step: None
2024-07-21 01:13:15,264 - Post-processed file saved to: ./FMMFSM_analyzer_Tl/output/20240721011312/computed/file2_67/result/file2_67PostProcessed_Result.json
2024-07-21 01:13:15,265 - File created: ./FMMFSM_analyzer_Tl/output/20240721011312/config/file2_68.json
2024-07-21 01:13:15,265 - File created: ./FMMFSM_analyzer_Tl/output/20240721011312/config/fileSys_68.json
2024-07-21 01:13:15,307 - Starting post-processing for simulation 68
2024-07-21 01:13:15,308 - Starting post-processing
2024-07-21 01:13:15,308 - First blocking state step: None
2024-07-21 01:13:15,308 - Post-processed file saved to: ./FMMFSM_analyzer_Tl/output/20240721011312/computed/file2_68/result/file2_68PostProcessed_Result.json
2024-07-21 01:13:15,309 - File created: ./FMMFSM_analyzer_Tl/output/20240721011312/config/file2_69.json
2024-07-21 01:13:15,310 - File created: ./FMMFSM_analyzer_Tl/output/20240721011312/config/fileSys_69.json
2024-07-21 01:13:15,354 - Starting post-processing for simulation 69
2024-07-21 01:13:15,354 - Starting post-processing
2024-07-21 01:13:15,355 - First blocking state step: None
2024-07-21 01:13:15,355 - Post-processed file saved to: ./FMMFSM_analyzer_Tl/output/20240721011312/computed/file2_69/result/file2_69PostProcessed_Result.json
2024-07-21 01:13:15,356 - File created: ./FMMFSM_analyzer_Tl/output/20240721011312/config/file2_70.json
2024-07-21 01:13:15,357 - File created: ./FMMFSM_analyzer_Tl/output/20240721011312/config/fileSys_70.json
2024-07-21 01:13:15,402 - Starting post-processing for simulation 70
2024-07-21 01:13:15,402 - Starting post-processing
2024-07-21 01:13:15,402 - First blocking state step: None
2024-07-21 01:13:15,403 - Post-processed file saved to: ./FMMFSM_analyzer_Tl/output/20240721011312/computed/file2_70/result/file2_70PostProcessed_Result.json
2024-07-21 01:13:15,404 - File created: ./FMMFSM_analyzer_Tl/output/20240721011312/config/file2_71.json
2024-07-21 01:13:15,405 - File created: ./FMMFSM_analyzer_Tl/output/20240721011312/config/fileSys_71.json
2024-07-21 01:13:15,451 - Starting post-processing for simulation 71
2024-07-21 01:13:15,451 - Starting post-processing
2024-07-21 01:13:15,451 - First blocking state step: None
2024-07-21 01:13:15,452 - Post-processed file saved to: ./FMMFSM_analyzer_Tl/output/20240721011312/computed/file2_71/result/file2_71PostProcessed_Result.json
2024-07-21 01:13:15,454 - File created: ./FMMFSM_analyzer_Tl/output/20240721011312/config/file2_72.json
2024-07-21 01:13:15,454 - File created: ./FMMFSM_analyzer_Tl/output/20240721011312/config/fileSys_72.json
2024-07-21 01:13:15,499 - Starting post-processing for simulation 72
2024-07-21 01:13:15,499 - Starting post-processing
2024-07-21 01:13:15,500 - First blocking state step: None
2024-07-21 01:13:15,500 - Post-processed file saved to: ./FMMFSM_analyzer_Tl/output/20240721011312/computed/file2_72/result/file2_72PostProcessed_Result.json
2024-07-21 01:13:15,501 - File created: ./FMMFSM_analyzer_Tl/output/20240721011312/config/file2_73.json
2024-07-21 01:13:15,502 - File created: ./FMMFSM_analyzer_Tl/output/20240721011312/config/fileSys_73.json
2024-07-21 01:13:15,544 - Starting post-processing for simulation 73
2024-07-21 01:13:15,544 - Starting post-processing
2024-07-21 01:13:15,544 - First blocking state step: None
2024-07-21 01:13:15,545 - Post-processed file saved to: ./FMMFSM_analyzer_Tl/output/20240721011312/computed/file2_73/result/file2_73PostProcessed_Result.json
2024-07-21 01:13:15,546 - File created: ./FMMFSM_analyzer_Tl/output/20240721011312/config/file2_74.json
2024-07-21 01:13:15,546 - File created: ./FMMFSM_analyzer_Tl/output/20240721011312/config/fileSys_74.json
2024-07-21 01:13:15,589 - Starting post-processing for simulation 74
2024-07-21 01:13:15,589 - Starting post-processing
2024-07-21 01:13:15,589 - First blocking state step: None
2024-07-21 01:13:15,590 - Post-processed file saved to: ./FMMFSM_analyzer_Tl/output/20240721011312/computed/file2_74/result/file2_74PostProcessed_Result.json
2024-07-21 01:13:15,591 - File created: ./FMMFSM_analyzer_Tl/output/20240721011312/config/file2_75.json
2024-07-21 01:13:15,591 - File created: ./FMMFSM_analyzer_Tl/output/20240721011312/config/fileSys_75.json
2024-07-21 01:13:15,632 - Starting post-processing for simulation 75
2024-07-21 01:13:15,632 - Starting post-processing
2024-07-21 01:13:15,632 - First blocking state step: None
2024-07-21 01:13:15,632 - Post-processed file saved to: ./FMMFSM_analyzer_Tl/output/20240721011312/computed/file2_75/result/file2_75PostProcessed_Result.json
2024-07-21 01:13:15,633 - File created: ./FMMFSM_analyzer_Tl/output/20240721011312/config/file2_76.json
2024-07-21 01:13:15,634 - File created: ./FMMFSM_analyzer_Tl/output/20240721011312/config/fileSys_76.json
2024-07-21 01:13:15,675 - Starting post-processing for simulation 76
2024-07-21 01:13:15,675 - Starting post-processing
2024-07-21 01:13:15,675 - First blocking state step: None
2024-07-21 01:13:15,676 - Post-processed file saved to: ./FMMFSM_analyzer_Tl/output/20240721011312/computed/file2_76/result/file2_76PostProcessed_Result.json
2024-07-21 01:13:15,677 - File created: ./FMMFSM_analyzer_Tl/output/20240721011312/config/file2_77.json
2024-07-21 01:13:15,677 - File created: ./FMMFSM_analyzer_Tl/output/20240721011312/config/fileSys_77.json
2024-07-21 01:13:15,719 - Starting post-processing for simulation 77
2024-07-21 01:13:15,719 - Starting post-processing
2024-07-21 01:13:15,719 - First blocking state step: None
2024-07-21 01:13:15,720 - Post-processed file saved to: ./FMMFSM_analyzer_Tl/output/20240721011312/computed/file2_77/result/file2_77PostProcessed_Result.json
2024-07-21 01:13:15,721 - File created: ./FMMFSM_analyzer_Tl/output/20240721011312/config/file2_78.json
2024-07-21 01:13:15,721 - File created: ./FMMFSM_analyzer_Tl/output/20240721011312/config/fileSys_78.json
2024-07-21 01:13:15,761 - Starting post-processing for simulation 78
2024-07-21 01:13:15,761 - Starting post-processing
2024-07-21 01:13:15,761 - First blocking state step: None
2024-07-21 01:13:15,762 - Post-processed file saved to: ./FMMFSM_analyzer_Tl/output/20240721011312/computed/file2_78/result/file2_78PostProcessed_Result.json
2024-07-21 01:13:15,763 - File created: ./FMMFSM_analyzer_Tl/output/20240721011312/config/file2_79.json
2024-07-21 01:13:15,764 - File created: ./FMMFSM_analyzer_Tl/output/20240721011312/config/fileSys_79.json
2024-07-21 01:13:15,805 - Starting post-processing for simulation 79
2024-07-21 01:13:15,805 - Starting post-processing
2024-07-21 01:13:15,805 - First blocking state step: None
2024-07-21 01:13:15,806 - Post-processed file saved to: ./FMMFSM_analyzer_Tl/output/20240721011312/computed/file2_79/result/file2_79PostProcessed_Result.json
2024-07-21 01:13:15,807 - File created: ./FMMFSM_analyzer_Tl/output/20240721011312/config/file2_80.json
2024-07-21 01:13:15,808 - File created: ./FMMFSM_analyzer_Tl/output/20240721011312/config/fileSys_80.json
2024-07-21 01:13:15,850 - Starting post-processing for simulation 80
2024-07-21 01:13:15,850 - Starting post-processing
2024-07-21 01:13:15,850 - First blocking state step: None
2024-07-21 01:13:15,851 - Post-processed file saved to: ./FMMFSM_analyzer_Tl/output/20240721011312/computed/file2_80/result/file2_80PostProcessed_Result.json
2024-07-21 01:13:15,852 - File created: ./FMMFSM_analyzer_Tl/output/20240721011312/config/file2_81.json
2024-07-21 01:13:15,852 - File created: ./FMMFSM_analyzer_Tl/output/20240721011312/config/fileSys_81.json
2024-07-21 01:13:15,894 - Starting post-processing for simulation 81
2024-07-21 01:13:15,894 - Starting post-processing
2024-07-21 01:13:15,894 - First blocking state step: None
2024-07-21 01:13:15,895 - Post-processed file saved to: ./FMMFSM_analyzer_Tl/output/20240721011312/computed/file2_81/result/file2_81PostProcessed_Result.json
2024-07-21 01:13:15,896 - File created: ./FMMFSM_analyzer_Tl/output/20240721011312/config/file2_82.json
2024-07-21 01:13:15,896 - File created: ./FMMFSM_analyzer_Tl/output/20240721011312/config/fileSys_82.json
2024-07-21 01:13:15,937 - Starting post-processing for simulation 82
2024-07-21 01:13:15,937 - Starting post-processing
2024-07-21 01:13:15,937 - First blocking state step: None
2024-07-21 01:13:15,937 - Post-processed file saved to: ./FMMFSM_analyzer_Tl/output/20240721011312/computed/file2_82/result/file2_82PostProcessed_Result.json
2024-07-21 01:13:15,938 - File created: ./FMMFSM_analyzer_Tl/output/20240721011312/config/file2_83.json
2024-07-21 01:13:15,939 - File created: ./FMMFSM_analyzer_Tl/output/20240721011312/config/fileSys_83.json
2024-07-21 01:13:15,978 - Starting post-processing for simulation 83
2024-07-21 01:13:15,978 - Starting post-processing
2024-07-21 01:13:15,978 - First blocking state step: None
2024-07-21 01:13:15,979 - Post-processed file saved to: ./FMMFSM_analyzer_Tl/output/20240721011312/computed/file2_83/result/file2_83PostProcessed_Result.json
2024-07-21 01:13:15,980 - File created: ./FMMFSM_analyzer_Tl/output/20240721011312/config/file2_84.json
2024-07-21 01:13:15,981 - File created: ./FMMFSM_analyzer_Tl/output/20240721011312/config/fileSys_84.json
2024-07-21 01:13:16,021 - Starting post-processing for simulation 84
2024-07-21 01:13:16,021 - Starting post-processing
2024-07-21 01:13:16,021 - First blocking state step: None
2024-07-21 01:13:16,022 - Post-processed file saved to: ./FMMFSM_analyzer_Tl/output/20240721011312/computed/file2_84/result/file2_84PostProcessed_Result.json
2024-07-21 01:13:16,023 - File created: ./FMMFSM_analyzer_Tl/output/20240721011312/config/file2_85.json
2024-07-21 01:13:16,023 - File created: ./FMMFSM_analyzer_Tl/output/20240721011312/config/fileSys_85.json
2024-07-21 01:13:16,063 - Starting post-processing for simulation 85
2024-07-21 01:13:16,063 - Starting post-processing
2024-07-21 01:13:16,063 - First blocking state step: None
2024-07-21 01:13:16,064 - Post-processed file saved to: ./FMMFSM_analyzer_Tl/output/20240721011312/computed/file2_85/result/file2_85PostProcessed_Result.json
2024-07-21 01:13:16,065 - File created: ./FMMFSM_analyzer_Tl/output/20240721011312/config/file2_86.json
2024-07-21 01:13:16,065 - File created: ./FMMFSM_analyzer_Tl/output/20240721011312/config/fileSys_86.json
2024-07-21 01:13:16,105 - Starting post-processing for simulation 86
2024-07-21 01:13:16,106 - Starting post-processing
2024-07-21 01:13:16,106 - First blocking state step: None
2024-07-21 01:13:16,106 - Post-processed file saved to: ./FMMFSM_analyzer_Tl/output/20240721011312/computed/file2_86/result/file2_86PostProcessed_Result.json
2024-07-21 01:13:16,107 - File created: ./FMMFSM_analyzer_Tl/output/20240721011312/config/file2_87.json
2024-07-21 01:13:16,108 - File created: ./FMMFSM_analyzer_Tl/output/20240721011312/config/fileSys_87.json
2024-07-21 01:13:16,148 - Starting post-processing for simulation 87
2024-07-21 01:13:16,148 - Starting post-processing
2024-07-21 01:13:16,149 - First blocking state step: None
2024-07-21 01:13:16,149 - Post-processed file saved to: ./FMMFSM_analyzer_Tl/output/20240721011312/computed/file2_87/result/file2_87PostProcessed_Result.json
2024-07-21 01:13:16,150 - File created: ./FMMFSM_analyzer_Tl/output/20240721011312/config/file2_88.json
2024-07-21 01:13:16,150 - File created: ./FMMFSM_analyzer_Tl/output/20240721011312/config/fileSys_88.json
2024-07-21 01:13:16,191 - Starting post-processing for simulation 88
2024-07-21 01:13:16,191 - Starting post-processing
2024-07-21 01:13:16,191 - First blocking state step: None
2024-07-21 01:13:16,192 - Post-processed file saved to: ./FMMFSM_analyzer_Tl/output/20240721011312/computed/file2_88/result/file2_88PostProcessed_Result.json
2024-07-21 01:13:16,193 - File created: ./FMMFSM_analyzer_Tl/output/20240721011312/config/file2_89.json
2024-07-21 01:13:16,193 - File created: ./FMMFSM_analyzer_Tl/output/20240721011312/config/fileSys_89.json
2024-07-21 01:13:16,233 - Starting post-processing for simulation 89
2024-07-21 01:13:16,233 - Starting post-processing
2024-07-21 01:13:16,234 - First blocking state step: None
2024-07-21 01:13:16,234 - Post-processed file saved to: ./FMMFSM_analyzer_Tl/output/20240721011312/computed/file2_89/result/file2_89PostProcessed_Result.json
2024-07-21 01:13:16,235 - File created: ./FMMFSM_analyzer_Tl/output/20240721011312/config/file2_90.json
2024-07-21 01:13:16,236 - File created: ./FMMFSM_analyzer_Tl/output/20240721011312/config/fileSys_90.json
2024-07-21 01:13:16,276 - Starting post-processing for simulation 90
2024-07-21 01:13:16,276 - Starting post-processing
2024-07-21 01:13:16,276 - First blocking state step: None
2024-07-21 01:13:16,277 - Post-processed file saved to: ./FMMFSM_analyzer_Tl/output/20240721011312/computed/file2_90/result/file2_90PostProcessed_Result.json
2024-07-21 01:13:16,278 - File created: ./FMMFSM_analyzer_Tl/output/20240721011312/config/file2_91.json
2024-07-21 01:13:16,279 - File created: ./FMMFSM_analyzer_Tl/output/20240721011312/config/fileSys_91.json
2024-07-21 01:13:16,319 - Starting post-processing for simulation 91
2024-07-21 01:13:16,319 - Starting post-processing
2024-07-21 01:13:16,319 - First blocking state step: None
2024-07-21 01:13:16,320 - Post-processed file saved to: ./FMMFSM_analyzer_Tl/output/20240721011312/computed/file2_91/result/file2_91PostProcessed_Result.json
2024-07-21 01:13:16,321 - File created: ./FMMFSM_analyzer_Tl/output/20240721011312/config/file2_92.json
2024-07-21 01:13:16,321 - File created: ./FMMFSM_analyzer_Tl/output/20240721011312/config/fileSys_92.json
2024-07-21 01:13:16,361 - Starting post-processing for simulation 92
2024-07-21 01:13:16,361 - Starting post-processing
2024-07-21 01:13:16,362 - First blocking state step: None
2024-07-21 01:13:16,363 - Post-processed file saved to: ./FMMFSM_analyzer_Tl/output/20240721011312/computed/file2_92/result/file2_92PostProcessed_Result.json
2024-07-21 01:13:16,364 - File created: ./FMMFSM_analyzer_Tl/output/20240721011312/config/file2_93.json
2024-07-21 01:13:16,364 - File created: ./FMMFSM_analyzer_Tl/output/20240721011312/config/fileSys_93.json
2024-07-21 01:13:16,405 - Starting post-processing for simulation 93
2024-07-21 01:13:16,405 - Starting post-processing
2024-07-21 01:13:16,405 - First blocking state step: None
2024-07-21 01:13:16,406 - Post-processed file saved to: ./FMMFSM_analyzer_Tl/output/20240721011312/computed/file2_93/result/file2_93PostProcessed_Result.json
2024-07-21 01:13:16,407 - File created: ./FMMFSM_analyzer_Tl/output/20240721011312/config/file2_94.json
2024-07-21 01:13:16,408 - File created: ./FMMFSM_analyzer_Tl/output/20240721011312/config/fileSys_94.json
2024-07-21 01:13:16,448 - Starting post-processing for simulation 94
2024-07-21 01:13:16,448 - Starting post-processing
2024-07-21 01:13:16,448 - First blocking state step: None
2024-07-21 01:13:16,449 - Post-processed file saved to: ./FMMFSM_analyzer_Tl/output/20240721011312/computed/file2_94/result/file2_94PostProcessed_Result.json
2024-07-21 01:13:16,450 - File created: ./FMMFSM_analyzer_Tl/output/20240721011312/config/file2_95.json
2024-07-21 01:13:16,450 - File created: ./FMMFSM_analyzer_Tl/output/20240721011312/config/fileSys_95.json
2024-07-21 01:13:16,491 - Starting post-processing for simulation 95
2024-07-21 01:13:16,491 - Starting post-processing
2024-07-21 01:13:16,491 - First blocking state step: None
2024-07-21 01:13:16,492 - Post-processed file saved to: ./FMMFSM_analyzer_Tl/output/20240721011312/computed/file2_95/result/file2_95PostProcessed_Result.json
2024-07-21 01:13:16,493 - File created: ./FMMFSM_analyzer_Tl/output/20240721011312/config/file2_96.json
2024-07-21 01:13:16,493 - File created: ./FMMFSM_analyzer_Tl/output/20240721011312/config/fileSys_96.json
2024-07-21 01:13:16,533 - Starting post-processing for simulation 96
2024-07-21 01:13:16,533 - Starting post-processing
2024-07-21 01:13:16,533 - First blocking state step: None
2024-07-21 01:13:16,534 - Post-processed file saved to: ./FMMFSM_analyzer_Tl/output/20240721011312/computed/file2_96/result/file2_96PostProcessed_Result.json
2024-07-21 01:13:16,535 - File created: ./FMMFSM_analyzer_Tl/output/20240721011312/config/file2_97.json
2024-07-21 01:13:16,536 - File created: ./FMMFSM_analyzer_Tl/output/20240721011312/config/fileSys_97.json
2024-07-21 01:13:16,576 - Starting post-processing for simulation 97
2024-07-21 01:13:16,576 - Starting post-processing
2024-07-21 01:13:16,577 - First blocking state step: None
2024-07-21 01:13:16,577 - Post-processed file saved to: ./FMMFSM_analyzer_Tl/output/20240721011312/computed/file2_97/result/file2_97PostProcessed_Result.json
2024-07-21 01:13:16,578 - File created: ./FMMFSM_analyzer_Tl/output/20240721011312/config/file2_98.json
2024-07-21 01:13:16,579 - File created: ./FMMFSM_analyzer_Tl/output/20240721011312/config/fileSys_98.json
2024-07-21 01:13:16,625 - Starting post-processing for simulation 98
2024-07-21 01:13:16,625 - Starting post-processing
2024-07-21 01:13:16,625 - First blocking state step: None
2024-07-21 01:13:16,626 - Post-processed file saved to: ./FMMFSM_analyzer_Tl/output/20240721011312/computed/file2_98/result/file2_98PostProcessed_Result.json
2024-07-21 01:13:16,627 - File created: ./FMMFSM_analyzer_Tl/output/20240721011312/config/file2_99.json
2024-07-21 01:13:16,627 - File created: ./FMMFSM_analyzer_Tl/output/20240721011312/config/fileSys_99.json
2024-07-21 01:13:16,669 - Starting post-processing for simulation 99
2024-07-21 01:13:16,669 - Starting post-processing
2024-07-21 01:13:16,669 - First blocking state step: None
2024-07-21 01:13:16,670 - Post-processed file saved to: ./FMMFSM_analyzer_Tl/output/20240721011312/computed/file2_99/result/file2_99PostProcessed_Result.json
2024-07-21 01:13:16,670 - Last file created: 99
