2024-07-18 14:55:55,435 - Command executed: run.py /Users/angelcui/Documents/GitHub/FMMFSM_simulator/FMMFSM_analyzer_Tl/config/file2.json /Users/angelcui/Documents/GitHub/FMMFSM_simulator/FMMFSM_analyzer_Tl/config/fileSys.json --num 20 --iter 100 --postp
2024-07-18 14:55:55,436 - File created: ./output/20240718145555/config/file2_0.json
2024-07-18 14:55:55,437 - File created: ./output/20240718145555/config/fileSys_0.json
2024-07-18 14:55:55,529 - Starting post-processing for simulation 0
2024-07-18 14:55:55,529 - Starting post-processing
2024-07-18 14:55:55,530 - First blocking state step: None
2024-07-18 14:55:55,531 - Post-processed file saved to: ./output/20240718145555/computed/file2_0/result/file2_0PostProcessed_Result.json
2024-07-18 14:55:55,531 - First file created: 0
2024-07-18 14:55:55,532 - File created: ./output/20240718145555/config/file2_1.json
2024-07-18 14:55:55,533 - File created: ./output/20240718145555/config/fileSys_1.json
2024-07-18 14:55:55,627 - Starting post-processing for simulation 1
2024-07-18 14:55:55,627 - Starting post-processing
2024-07-18 14:55:55,627 - First blocking state step: None
2024-07-18 14:55:55,629 - Post-processed file saved to: ./output/20240718145555/computed/file2_1/result/file2_1PostProcessed_Result.json
2024-07-18 14:55:55,630 - File created: ./output/20240718145555/config/file2_2.json
2024-07-18 14:55:55,630 - File created: ./output/20240718145555/config/fileSys_2.json
2024-07-18 14:55:55,739 - Starting post-processing for simulation 2
2024-07-18 14:55:55,739 - Starting post-processing
2024-07-18 14:55:55,739 - First blocking state step: None
2024-07-18 14:55:55,741 - Post-processed file saved to: ./output/20240718145555/computed/file2_2/result/file2_2PostProcessed_Result.json
2024-07-18 14:55:55,743 - File created: ./output/20240718145555/config/file2_3.json
2024-07-18 14:55:55,743 - File created: ./output/20240718145555/config/fileSys_3.json
2024-07-18 14:55:55,882 - Starting post-processing for simulation 3
2024-07-18 14:55:55,882 - Starting post-processing
2024-07-18 14:55:55,882 - First blocking state step: None
2024-07-18 14:55:55,883 - Post-processed file saved to: ./output/20240718145555/computed/file2_3/result/file2_3PostProcessed_Result.json
2024-07-18 14:55:55,885 - File created: ./output/20240718145555/config/file2_4.json
2024-07-18 14:55:55,885 - File created: ./output/20240718145555/config/fileSys_4.json
2024-07-18 14:55:56,071 - Starting post-processing for simulation 4
2024-07-18 14:55:56,071 - Starting post-processing
2024-07-18 14:55:56,071 - First blocking state step: None
2024-07-18 14:55:56,073 - Post-processed file saved to: ./output/20240718145555/computed/file2_4/result/file2_4PostProcessed_Result.json
2024-07-18 14:55:56,074 - File created: ./output/20240718145555/config/file2_5.json
2024-07-18 14:55:56,074 - File created: ./output/20240718145555/config/fileSys_5.json
2024-07-18 14:55:56,183 - Starting post-processing for simulation 5
2024-07-18 14:55:56,183 - Starting post-processing
2024-07-18 14:55:56,183 - First blocking state step: None
2024-07-18 14:55:56,185 - Post-processed file saved to: ./output/20240718145555/computed/file2_5/result/file2_5PostProcessed_Result.json
2024-07-18 14:55:56,186 - File created: ./output/20240718145555/config/file2_6.json
2024-07-18 14:55:56,188 - File created: ./output/20240718145555/config/fileSys_6.json
2024-07-18 14:55:56,367 - Starting post-processing for simulation 6
2024-07-18 14:55:56,367 - Starting post-processing
2024-07-18 14:55:56,367 - First blocking state step: None
2024-07-18 14:55:56,369 - Post-processed file saved to: ./output/20240718145555/computed/file2_6/result/file2_6PostProcessed_Result.json
2024-07-18 14:55:56,371 - File created: ./output/20240718145555/config/file2_7.json
2024-07-18 14:55:56,371 - File created: ./output/20240718145555/config/fileSys_7.json
2024-07-18 14:55:56,483 - Starting post-processing for simulation 7
2024-07-18 14:55:56,483 - Starting post-processing
2024-07-18 14:55:56,484 - First blocking state step: None
2024-07-18 14:55:56,485 - Post-processed file saved to: ./output/20240718145555/computed/file2_7/result/file2_7PostProcessed_Result.json
2024-07-18 14:55:56,487 - File created: ./output/20240718145555/config/file2_8.json
2024-07-18 14:55:56,488 - File created: ./output/20240718145555/config/fileSys_8.json
2024-07-18 14:55:56,586 - Starting post-processing for simulation 8
2024-07-18 14:55:56,586 - Starting post-processing
2024-07-18 14:55:56,586 - First blocking state step: None
2024-07-18 14:55:56,588 - Post-processed file saved to: ./output/20240718145555/computed/file2_8/result/file2_8PostProcessed_Result.json
2024-07-18 14:55:56,589 - File created: ./output/20240718145555/config/file2_9.json
2024-07-18 14:55:56,589 - File created: ./output/20240718145555/config/fileSys_9.json
2024-07-18 14:55:56,689 - Starting post-processing for simulation 9
2024-07-18 14:55:56,689 - Starting post-processing
2024-07-18 14:55:56,689 - First blocking state step: None
2024-07-18 14:55:56,690 - Post-processed file saved to: ./output/20240718145555/computed/file2_9/result/file2_9PostProcessed_Result.json
2024-07-18 14:55:56,691 - File created: ./output/20240718145555/config/file2_10.json
2024-07-18 14:55:56,692 - File created: ./output/20240718145555/config/fileSys_10.json
2024-07-18 14:55:56,790 - Starting post-processing for simulation 10
2024-07-18 14:55:56,790 - Starting post-processing
2024-07-18 14:55:56,791 - First blocking state step: None
2024-07-18 14:55:56,792 - Post-processed file saved to: ./output/20240718145555/computed/file2_10/result/file2_10PostProcessed_Result.json
2024-07-18 14:55:56,793 - File created: ./output/20240718145555/config/file2_11.json
2024-07-18 14:55:56,793 - File created: ./output/20240718145555/config/fileSys_11.json
2024-07-18 14:55:56,892 - Starting post-processing for simulation 11
2024-07-18 14:55:56,892 - Starting post-processing
2024-07-18 14:55:56,892 - First blocking state step: None
2024-07-18 14:55:56,893 - Post-processed file saved to: ./output/20240718145555/computed/file2_11/result/file2_11PostProcessed_Result.json
2024-07-18 14:55:56,894 - File created: ./output/20240718145555/config/file2_12.json
2024-07-18 14:55:56,895 - File created: ./output/20240718145555/config/fileSys_12.json
2024-07-18 14:55:56,991 - Starting post-processing for simulation 12
2024-07-18 14:55:56,991 - Starting post-processing
2024-07-18 14:55:56,991 - First blocking state step: None
2024-07-18 14:55:56,992 - Post-processed file saved to: ./output/20240718145555/computed/file2_12/result/file2_12PostProcessed_Result.json
2024-07-18 14:55:56,994 - File created: ./output/20240718145555/config/file2_13.json
2024-07-18 14:55:56,994 - File created: ./output/20240718145555/config/fileSys_13.json
2024-07-18 14:55:57,092 - Starting post-processing for simulation 13
2024-07-18 14:55:57,092 - Starting post-processing
2024-07-18 14:55:57,092 - First blocking state step: None
2024-07-18 14:55:57,094 - Post-processed file saved to: ./output/20240718145555/computed/file2_13/result/file2_13PostProcessed_Result.json
2024-07-18 14:55:57,095 - File created: ./output/20240718145555/config/file2_14.json
2024-07-18 14:55:57,095 - File created: ./output/20240718145555/config/fileSys_14.json
2024-07-18 14:55:57,192 - Starting post-processing for simulation 14
2024-07-18 14:55:57,192 - Starting post-processing
2024-07-18 14:55:57,192 - First blocking state step: None
2024-07-18 14:55:57,193 - Post-processed file saved to: ./output/20240718145555/computed/file2_14/result/file2_14PostProcessed_Result.json
2024-07-18 14:55:57,194 - File created: ./output/20240718145555/config/file2_15.json
2024-07-18 14:55:57,195 - File created: ./output/20240718145555/config/fileSys_15.json
2024-07-18 14:55:57,293 - Starting post-processing for simulation 15
2024-07-18 14:55:57,293 - Starting post-processing
2024-07-18 14:55:57,294 - First blocking state step: None
2024-07-18 14:55:57,295 - Post-processed file saved to: ./output/20240718145555/computed/file2_15/result/file2_15PostProcessed_Result.json
2024-07-18 14:55:57,296 - File created: ./output/20240718145555/config/file2_16.json
2024-07-18 14:55:57,296 - File created: ./output/20240718145555/config/fileSys_16.json
2024-07-18 14:55:57,393 - Starting post-processing for simulation 16
2024-07-18 14:55:57,393 - Starting post-processing
2024-07-18 14:55:57,393 - First blocking state step: None
2024-07-18 14:55:57,394 - Post-processed file saved to: ./output/20240718145555/computed/file2_16/result/file2_16PostProcessed_Result.json
2024-07-18 14:55:57,395 - File created: ./output/20240718145555/config/file2_17.json
2024-07-18 14:55:57,396 - File created: ./output/20240718145555/config/fileSys_17.json
2024-07-18 14:55:57,491 - Starting post-processing for simulation 17
2024-07-18 14:55:57,491 - Starting post-processing
2024-07-18 14:55:57,491 - First blocking state step: None
2024-07-18 14:55:57,492 - Post-processed file saved to: ./output/20240718145555/computed/file2_17/result/file2_17PostProcessed_Result.json
2024-07-18 14:55:57,493 - File created: ./output/20240718145555/config/file2_18.json
2024-07-18 14:55:57,494 - File created: ./output/20240718145555/config/fileSys_18.json
2024-07-18 14:55:57,587 - Starting post-processing for simulation 18
2024-07-18 14:55:57,587 - Starting post-processing
2024-07-18 14:55:57,587 - First blocking state step: None
2024-07-18 14:55:57,588 - Post-processed file saved to: ./output/20240718145555/computed/file2_18/result/file2_18PostProcessed_Result.json
2024-07-18 14:55:57,589 - File created: ./output/20240718145555/config/file2_19.json
2024-07-18 14:55:57,590 - File created: ./output/20240718145555/config/fileSys_19.json
2024-07-18 14:55:57,680 - Starting post-processing for simulation 19
2024-07-18 14:55:57,681 - Starting post-processing
2024-07-18 14:55:57,681 - First blocking state step: None
2024-07-18 14:55:57,682 - Post-processed file saved to: ./output/20240718145555/computed/file2_19/result/file2_19PostProcessed_Result.json
2024-07-18 14:55:57,683 - File created: ./output/20240718145555/config/file2_20.json
2024-07-18 14:55:57,683 - File created: ./output/20240718145555/config/fileSys_20.json
2024-07-18 14:55:57,775 - Starting post-processing for simulation 20
2024-07-18 14:55:57,776 - Starting post-processing
2024-07-18 14:55:57,776 - First blocking state step: None
2024-07-18 14:55:57,777 - Post-processed file saved to: ./output/20240718145555/computed/file2_20/result/file2_20PostProcessed_Result.json
2024-07-18 14:55:57,778 - File created: ./output/20240718145555/config/file2_21.json
2024-07-18 14:55:57,778 - File created: ./output/20240718145555/config/fileSys_21.json
2024-07-18 14:55:57,872 - Starting post-processing for simulation 21
2024-07-18 14:55:57,872 - Starting post-processing
2024-07-18 14:55:57,872 - First blocking state step: None
2024-07-18 14:55:57,873 - Post-processed file saved to: ./output/20240718145555/computed/file2_21/result/file2_21PostProcessed_Result.json
2024-07-18 14:55:57,875 - File created: ./output/20240718145555/config/file2_22.json
2024-07-18 14:55:57,875 - File created: ./output/20240718145555/config/fileSys_22.json
2024-07-18 14:55:57,971 - Starting post-processing for simulation 22
2024-07-18 14:55:57,971 - Starting post-processing
2024-07-18 14:55:57,971 - First blocking state step: None
2024-07-18 14:55:57,972 - Post-processed file saved to: ./output/20240718145555/computed/file2_22/result/file2_22PostProcessed_Result.json
2024-07-18 14:55:57,974 - File created: ./output/20240718145555/config/file2_23.json
2024-07-18 14:55:57,974 - File created: ./output/20240718145555/config/fileSys_23.json
2024-07-18 14:55:58,066 - Starting post-processing for simulation 23
2024-07-18 14:55:58,067 - Starting post-processing
2024-07-18 14:55:58,067 - First blocking state step: None
2024-07-18 14:55:58,068 - Post-processed file saved to: ./output/20240718145555/computed/file2_23/result/file2_23PostProcessed_Result.json
2024-07-18 14:55:58,069 - File created: ./output/20240718145555/config/file2_24.json
2024-07-18 14:55:58,069 - File created: ./output/20240718145555/config/fileSys_24.json
2024-07-18 14:55:58,162 - Starting post-processing for simulation 24
2024-07-18 14:55:58,162 - Starting post-processing
2024-07-18 14:55:58,162 - First blocking state step: None
2024-07-18 14:55:58,163 - Post-processed file saved to: ./output/20240718145555/computed/file2_24/result/file2_24PostProcessed_Result.json
2024-07-18 14:55:58,165 - File created: ./output/20240718145555/config/file2_25.json
2024-07-18 14:55:58,165 - File created: ./output/20240718145555/config/fileSys_25.json
2024-07-18 14:55:58,260 - Starting post-processing for simulation 25
2024-07-18 14:55:58,260 - Starting post-processing
2024-07-18 14:55:58,260 - First blocking state step: None
2024-07-18 14:55:58,261 - Post-processed file saved to: ./output/20240718145555/computed/file2_25/result/file2_25PostProcessed_Result.json
2024-07-18 14:55:58,262 - File created: ./output/20240718145555/config/file2_26.json
2024-07-18 14:55:58,263 - File created: ./output/20240718145555/config/fileSys_26.json
2024-07-18 14:55:58,355 - Starting post-processing for simulation 26
2024-07-18 14:55:58,355 - Starting post-processing
2024-07-18 14:55:58,355 - First blocking state step: None
2024-07-18 14:55:58,356 - Post-processed file saved to: ./output/20240718145555/computed/file2_26/result/file2_26PostProcessed_Result.json
2024-07-18 14:55:58,357 - File created: ./output/20240718145555/config/file2_27.json
2024-07-18 14:55:58,358 - File created: ./output/20240718145555/config/fileSys_27.json
2024-07-18 14:55:58,448 - Starting post-processing for simulation 27
2024-07-18 14:55:58,448 - Starting post-processing
2024-07-18 14:55:58,448 - First blocking state step: None
2024-07-18 14:55:58,449 - Post-processed file saved to: ./output/20240718145555/computed/file2_27/result/file2_27PostProcessed_Result.json
2024-07-18 14:55:58,450 - File created: ./output/20240718145555/config/file2_28.json
2024-07-18 14:55:58,451 - File created: ./output/20240718145555/config/fileSys_28.json
2024-07-18 14:55:58,549 - Starting post-processing for simulation 28
2024-07-18 14:55:58,549 - Starting post-processing
2024-07-18 14:55:58,550 - First blocking state step: None
2024-07-18 14:55:58,551 - Post-processed file saved to: ./output/20240718145555/computed/file2_28/result/file2_28PostProcessed_Result.json
2024-07-18 14:55:58,552 - File created: ./output/20240718145555/config/file2_29.json
2024-07-18 14:55:58,553 - File created: ./output/20240718145555/config/fileSys_29.json
2024-07-18 14:55:58,641 - Starting post-processing for simulation 29
2024-07-18 14:55:58,641 - Starting post-processing
2024-07-18 14:55:58,642 - First blocking state step: None
2024-07-18 14:55:58,643 - Post-processed file saved to: ./output/20240718145555/computed/file2_29/result/file2_29PostProcessed_Result.json
2024-07-18 14:55:58,644 - File created: ./output/20240718145555/config/file2_30.json
2024-07-18 14:55:58,644 - File created: ./output/20240718145555/config/fileSys_30.json
2024-07-18 14:55:58,736 - Starting post-processing for simulation 30
2024-07-18 14:55:58,736 - Starting post-processing
2024-07-18 14:55:58,736 - First blocking state step: None
2024-07-18 14:55:58,738 - Post-processed file saved to: ./output/20240718145555/computed/file2_30/result/file2_30PostProcessed_Result.json
2024-07-18 14:55:58,739 - File created: ./output/20240718145555/config/file2_31.json
2024-07-18 14:55:58,739 - File created: ./output/20240718145555/config/fileSys_31.json
2024-07-18 14:55:58,833 - Starting post-processing for simulation 31
2024-07-18 14:55:58,833 - Starting post-processing
2024-07-18 14:55:58,834 - First blocking state step: None
2024-07-18 14:55:58,835 - Post-processed file saved to: ./output/20240718145555/computed/file2_31/result/file2_31PostProcessed_Result.json
2024-07-18 14:55:58,836 - File created: ./output/20240718145555/config/file2_32.json
2024-07-18 14:55:58,837 - File created: ./output/20240718145555/config/fileSys_32.json
2024-07-18 14:55:58,927 - Starting post-processing for simulation 32
2024-07-18 14:55:58,927 - Starting post-processing
2024-07-18 14:55:58,928 - First blocking state step: None
2024-07-18 14:55:58,929 - Post-processed file saved to: ./output/20240718145555/computed/file2_32/result/file2_32PostProcessed_Result.json
2024-07-18 14:55:58,930 - File created: ./output/20240718145555/config/file2_33.json
2024-07-18 14:55:58,930 - File created: ./output/20240718145555/config/fileSys_33.json
2024-07-18 14:55:59,031 - Starting post-processing for simulation 33
2024-07-18 14:55:59,031 - Starting post-processing
2024-07-18 14:55:59,031 - First blocking state step: None
2024-07-18 14:55:59,032 - Post-processed file saved to: ./output/20240718145555/computed/file2_33/result/file2_33PostProcessed_Result.json
2024-07-18 14:55:59,034 - File created: ./output/20240718145555/config/file2_34.json
2024-07-18 14:55:59,034 - File created: ./output/20240718145555/config/fileSys_34.json
2024-07-18 14:55:59,151 - Starting post-processing for simulation 34
2024-07-18 14:55:59,151 - Starting post-processing
2024-07-18 14:55:59,151 - First blocking state step: None
2024-07-18 14:55:59,153 - Post-processed file saved to: ./output/20240718145555/computed/file2_34/result/file2_34PostProcessed_Result.json
2024-07-18 14:55:59,155 - File created: ./output/20240718145555/config/file2_35.json
2024-07-18 14:55:59,156 - File created: ./output/20240718145555/config/fileSys_35.json
2024-07-18 14:55:59,261 - Starting post-processing for simulation 35
2024-07-18 14:55:59,261 - Starting post-processing
2024-07-18 14:55:59,261 - First blocking state step: None
2024-07-18 14:55:59,262 - Post-processed file saved to: ./output/20240718145555/computed/file2_35/result/file2_35PostProcessed_Result.json
2024-07-18 14:55:59,263 - File created: ./output/20240718145555/config/file2_36.json
2024-07-18 14:55:59,264 - File created: ./output/20240718145555/config/fileSys_36.json
2024-07-18 14:55:59,374 - Starting post-processing for simulation 36
2024-07-18 14:55:59,374 - Starting post-processing
2024-07-18 14:55:59,374 - First blocking state step: None
2024-07-18 14:55:59,375 - Post-processed file saved to: ./output/20240718145555/computed/file2_36/result/file2_36PostProcessed_Result.json
2024-07-18 14:55:59,376 - File created: ./output/20240718145555/config/file2_37.json
2024-07-18 14:55:59,377 - File created: ./output/20240718145555/config/fileSys_37.json
2024-07-18 14:55:59,592 - Starting post-processing for simulation 37
2024-07-18 14:55:59,592 - Starting post-processing
2024-07-18 14:55:59,593 - First blocking state step: None
2024-07-18 14:55:59,594 - Post-processed file saved to: ./output/20240718145555/computed/file2_37/result/file2_37PostProcessed_Result.json
2024-07-18 14:55:59,595 - File created: ./output/20240718145555/config/file2_38.json
2024-07-18 14:55:59,596 - File created: ./output/20240718145555/config/fileSys_38.json
2024-07-18 14:55:59,701 - Starting post-processing for simulation 38
2024-07-18 14:55:59,701 - Starting post-processing
2024-07-18 14:55:59,701 - First blocking state step: None
2024-07-18 14:55:59,702 - Post-processed file saved to: ./output/20240718145555/computed/file2_38/result/file2_38PostProcessed_Result.json
2024-07-18 14:55:59,704 - File created: ./output/20240718145555/config/file2_39.json
2024-07-18 14:55:59,705 - File created: ./output/20240718145555/config/fileSys_39.json
2024-07-18 14:55:59,813 - Starting post-processing for simulation 39
2024-07-18 14:55:59,813 - Starting post-processing
2024-07-18 14:55:59,814 - First blocking state step: None
2024-07-18 14:55:59,815 - Post-processed file saved to: ./output/20240718145555/computed/file2_39/result/file2_39PostProcessed_Result.json
2024-07-18 14:55:59,816 - File created: ./output/20240718145555/config/file2_40.json
2024-07-18 14:55:59,817 - File created: ./output/20240718145555/config/fileSys_40.json
2024-07-18 14:55:59,919 - Starting post-processing for simulation 40
2024-07-18 14:55:59,919 - Starting post-processing
2024-07-18 14:55:59,919 - First blocking state step: None
2024-07-18 14:55:59,920 - Post-processed file saved to: ./output/20240718145555/computed/file2_40/result/file2_40PostProcessed_Result.json
2024-07-18 14:55:59,922 - File created: ./output/20240718145555/config/file2_41.json
2024-07-18 14:55:59,922 - File created: ./output/20240718145555/config/fileSys_41.json
2024-07-18 14:56:00,019 - Starting post-processing for simulation 41
2024-07-18 14:56:00,019 - Starting post-processing
2024-07-18 14:56:00,020 - First blocking state step: None
2024-07-18 14:56:00,021 - Post-processed file saved to: ./output/20240718145555/computed/file2_41/result/file2_41PostProcessed_Result.json
2024-07-18 14:56:00,023 - File created: ./output/20240718145555/config/file2_42.json
2024-07-18 14:56:00,023 - File created: ./output/20240718145555/config/fileSys_42.json
2024-07-18 14:56:00,124 - Starting post-processing for simulation 42
2024-07-18 14:56:00,125 - Starting post-processing
2024-07-18 14:56:00,125 - First blocking state step: None
2024-07-18 14:56:00,127 - Post-processed file saved to: ./output/20240718145555/computed/file2_42/result/file2_42PostProcessed_Result.json
2024-07-18 14:56:00,128 - File created: ./output/20240718145555/config/file2_43.json
2024-07-18 14:56:00,129 - File created: ./output/20240718145555/config/fileSys_43.json
2024-07-18 14:56:00,228 - Starting post-processing for simulation 43
2024-07-18 14:56:00,228 - Starting post-processing
2024-07-18 14:56:00,228 - First blocking state step: None
2024-07-18 14:56:00,229 - Post-processed file saved to: ./output/20240718145555/computed/file2_43/result/file2_43PostProcessed_Result.json
2024-07-18 14:56:00,231 - File created: ./output/20240718145555/config/file2_44.json
2024-07-18 14:56:00,231 - File created: ./output/20240718145555/config/fileSys_44.json
2024-07-18 14:56:00,332 - Starting post-processing for simulation 44
2024-07-18 14:56:00,332 - Starting post-processing
2024-07-18 14:56:00,332 - First blocking state step: None
2024-07-18 14:56:00,333 - Post-processed file saved to: ./output/20240718145555/computed/file2_44/result/file2_44PostProcessed_Result.json
2024-07-18 14:56:00,335 - File created: ./output/20240718145555/config/file2_45.json
2024-07-18 14:56:00,335 - File created: ./output/20240718145555/config/fileSys_45.json
2024-07-18 14:56:00,442 - Starting post-processing for simulation 45
2024-07-18 14:56:00,442 - Starting post-processing
2024-07-18 14:56:00,443 - First blocking state step: None
2024-07-18 14:56:00,444 - Post-processed file saved to: ./output/20240718145555/computed/file2_45/result/file2_45PostProcessed_Result.json
2024-07-18 14:56:00,445 - File created: ./output/20240718145555/config/file2_46.json
2024-07-18 14:56:00,445 - File created: ./output/20240718145555/config/fileSys_46.json
2024-07-18 14:56:00,557 - Starting post-processing for simulation 46
2024-07-18 14:56:00,557 - Starting post-processing
2024-07-18 14:56:00,557 - First blocking state step: None
2024-07-18 14:56:00,559 - Post-processed file saved to: ./output/20240718145555/computed/file2_46/result/file2_46PostProcessed_Result.json
2024-07-18 14:56:00,560 - File created: ./output/20240718145555/config/file2_47.json
2024-07-18 14:56:00,560 - File created: ./output/20240718145555/config/fileSys_47.json
2024-07-18 14:56:00,671 - Starting post-processing for simulation 47
2024-07-18 14:56:00,671 - Starting post-processing
2024-07-18 14:56:00,672 - First blocking state step: None
2024-07-18 14:56:00,674 - Post-processed file saved to: ./output/20240718145555/computed/file2_47/result/file2_47PostProcessed_Result.json
2024-07-18 14:56:00,675 - File created: ./output/20240718145555/config/file2_48.json
2024-07-18 14:56:00,676 - File created: ./output/20240718145555/config/fileSys_48.json
2024-07-18 14:56:00,795 - Starting post-processing for simulation 48
2024-07-18 14:56:00,795 - Starting post-processing
2024-07-18 14:56:00,795 - First blocking state step: None
2024-07-18 14:56:00,796 - Post-processed file saved to: ./output/20240718145555/computed/file2_48/result/file2_48PostProcessed_Result.json
2024-07-18 14:56:00,798 - File created: ./output/20240718145555/config/file2_49.json
2024-07-18 14:56:00,798 - File created: ./output/20240718145555/config/fileSys_49.json
2024-07-18 14:56:00,913 - Starting post-processing for simulation 49
2024-07-18 14:56:00,913 - Starting post-processing
2024-07-18 14:56:00,913 - First blocking state step: None
2024-07-18 14:56:00,915 - Post-processed file saved to: ./output/20240718145555/computed/file2_49/result/file2_49PostProcessed_Result.json
2024-07-18 14:56:00,916 - File created: ./output/20240718145555/config/file2_50.json
2024-07-18 14:56:00,917 - File created: ./output/20240718145555/config/fileSys_50.json
2024-07-18 14:56:01,024 - Starting post-processing for simulation 50
2024-07-18 14:56:01,024 - Starting post-processing
2024-07-18 14:56:01,025 - First blocking state step: None
2024-07-18 14:56:01,026 - Post-processed file saved to: ./output/20240718145555/computed/file2_50/result/file2_50PostProcessed_Result.json
2024-07-18 14:56:01,027 - File created: ./output/20240718145555/config/file2_51.json
2024-07-18 14:56:01,027 - File created: ./output/20240718145555/config/fileSys_51.json
2024-07-18 14:56:01,141 - Starting post-processing for simulation 51
2024-07-18 14:56:01,141 - Starting post-processing
2024-07-18 14:56:01,141 - First blocking state step: None
2024-07-18 14:56:01,142 - Post-processed file saved to: ./output/20240718145555/computed/file2_51/result/file2_51PostProcessed_Result.json
2024-07-18 14:56:01,143 - File created: ./output/20240718145555/config/file2_52.json
2024-07-18 14:56:01,143 - File created: ./output/20240718145555/config/fileSys_52.json
2024-07-18 14:56:01,249 - Starting post-processing for simulation 52
2024-07-18 14:56:01,249 - Starting post-processing
2024-07-18 14:56:01,249 - First blocking state step: None
2024-07-18 14:56:01,251 - Post-processed file saved to: ./output/20240718145555/computed/file2_52/result/file2_52PostProcessed_Result.json
2024-07-18 14:56:01,252 - File created: ./output/20240718145555/config/file2_53.json
2024-07-18 14:56:01,253 - File created: ./output/20240718145555/config/fileSys_53.json
2024-07-18 14:56:01,422 - Starting post-processing for simulation 53
2024-07-18 14:56:01,423 - Starting post-processing
2024-07-18 14:56:01,423 - First blocking state step: None
2024-07-18 14:56:01,426 - Post-processed file saved to: ./output/20240718145555/computed/file2_53/result/file2_53PostProcessed_Result.json
2024-07-18 14:56:01,427 - File created: ./output/20240718145555/config/file2_54.json
2024-07-18 14:56:01,427 - File created: ./output/20240718145555/config/fileSys_54.json
2024-07-18 14:56:01,531 - Starting post-processing for simulation 54
2024-07-18 14:56:01,531 - Starting post-processing
2024-07-18 14:56:01,532 - First blocking state step: None
2024-07-18 14:56:01,533 - Post-processed file saved to: ./output/20240718145555/computed/file2_54/result/file2_54PostProcessed_Result.json
2024-07-18 14:56:01,534 - File created: ./output/20240718145555/config/file2_55.json
2024-07-18 14:56:01,535 - File created: ./output/20240718145555/config/fileSys_55.json
2024-07-18 14:56:01,635 - Starting post-processing for simulation 55
2024-07-18 14:56:01,635 - Starting post-processing
2024-07-18 14:56:01,636 - First blocking state step: None
2024-07-18 14:56:01,637 - Post-processed file saved to: ./output/20240718145555/computed/file2_55/result/file2_55PostProcessed_Result.json
2024-07-18 14:56:01,638 - File created: ./output/20240718145555/config/file2_56.json
2024-07-18 14:56:01,638 - File created: ./output/20240718145555/config/fileSys_56.json
2024-07-18 14:56:01,744 - Starting post-processing for simulation 56
2024-07-18 14:56:01,744 - Starting post-processing
2024-07-18 14:56:01,744 - First blocking state step: None
2024-07-18 14:56:01,746 - Post-processed file saved to: ./output/20240718145555/computed/file2_56/result/file2_56PostProcessed_Result.json
2024-07-18 14:56:01,747 - File created: ./output/20240718145555/config/file2_57.json
2024-07-18 14:56:01,747 - File created: ./output/20240718145555/config/fileSys_57.json
2024-07-18 14:56:01,855 - Starting post-processing for simulation 57
2024-07-18 14:56:01,855 - Starting post-processing
2024-07-18 14:56:01,855 - First blocking state step: None
2024-07-18 14:56:01,857 - Post-processed file saved to: ./output/20240718145555/computed/file2_57/result/file2_57PostProcessed_Result.json
2024-07-18 14:56:01,860 - File created: ./output/20240718145555/config/file2_58.json
2024-07-18 14:56:01,861 - File created: ./output/20240718145555/config/fileSys_58.json
2024-07-18 14:56:01,983 - Starting post-processing for simulation 58
2024-07-18 14:56:01,983 - Starting post-processing
2024-07-18 14:56:01,984 - First blocking state step: None
2024-07-18 14:56:01,985 - Post-processed file saved to: ./output/20240718145555/computed/file2_58/result/file2_58PostProcessed_Result.json
2024-07-18 14:56:01,986 - File created: ./output/20240718145555/config/file2_59.json
2024-07-18 14:56:01,987 - File created: ./output/20240718145555/config/fileSys_59.json
2024-07-18 14:56:02,084 - Starting post-processing for simulation 59
2024-07-18 14:56:02,084 - Starting post-processing
2024-07-18 14:56:02,084 - First blocking state step: None
2024-07-18 14:56:02,086 - Post-processed file saved to: ./output/20240718145555/computed/file2_59/result/file2_59PostProcessed_Result.json
2024-07-18 14:56:02,087 - File created: ./output/20240718145555/config/file2_60.json
2024-07-18 14:56:02,088 - File created: ./output/20240718145555/config/fileSys_60.json
2024-07-18 14:56:02,180 - Starting post-processing for simulation 60
2024-07-18 14:56:02,180 - Starting post-processing
2024-07-18 14:56:02,180 - First blocking state step: None
2024-07-18 14:56:02,181 - Post-processed file saved to: ./output/20240718145555/computed/file2_60/result/file2_60PostProcessed_Result.json
2024-07-18 14:56:02,183 - File created: ./output/20240718145555/config/file2_61.json
2024-07-18 14:56:02,183 - File created: ./output/20240718145555/config/fileSys_61.json
2024-07-18 14:56:02,289 - Starting post-processing for simulation 61
2024-07-18 14:56:02,289 - Starting post-processing
2024-07-18 14:56:02,289 - First blocking state step: None
2024-07-18 14:56:02,291 - Post-processed file saved to: ./output/20240718145555/computed/file2_61/result/file2_61PostProcessed_Result.json
2024-07-18 14:56:02,292 - File created: ./output/20240718145555/config/file2_62.json
2024-07-18 14:56:02,292 - File created: ./output/20240718145555/config/fileSys_62.json
2024-07-18 14:56:02,399 - Starting post-processing for simulation 62
2024-07-18 14:56:02,399 - Starting post-processing
2024-07-18 14:56:02,399 - First blocking state step: None
2024-07-18 14:56:02,400 - Post-processed file saved to: ./output/20240718145555/computed/file2_62/result/file2_62PostProcessed_Result.json
2024-07-18 14:56:02,401 - File created: ./output/20240718145555/config/file2_63.json
2024-07-18 14:56:02,402 - File created: ./output/20240718145555/config/fileSys_63.json
2024-07-18 14:56:02,496 - Starting post-processing for simulation 63
2024-07-18 14:56:02,496 - Starting post-processing
2024-07-18 14:56:02,496 - First blocking state step: None
2024-07-18 14:56:02,497 - Post-processed file saved to: ./output/20240718145555/computed/file2_63/result/file2_63PostProcessed_Result.json
2024-07-18 14:56:02,498 - File created: ./output/20240718145555/config/file2_64.json
2024-07-18 14:56:02,499 - File created: ./output/20240718145555/config/fileSys_64.json
2024-07-18 14:56:02,598 - Starting post-processing for simulation 64
2024-07-18 14:56:02,598 - Starting post-processing
2024-07-18 14:56:02,598 - First blocking state step: None
2024-07-18 14:56:02,600 - Post-processed file saved to: ./output/20240718145555/computed/file2_64/result/file2_64PostProcessed_Result.json
2024-07-18 14:56:02,601 - File created: ./output/20240718145555/config/file2_65.json
2024-07-18 14:56:02,602 - File created: ./output/20240718145555/config/fileSys_65.json
2024-07-18 14:56:02,704 - Starting post-processing for simulation 65
2024-07-18 14:56:02,705 - Starting post-processing
2024-07-18 14:56:02,705 - First blocking state step: None
2024-07-18 14:56:02,706 - Post-processed file saved to: ./output/20240718145555/computed/file2_65/result/file2_65PostProcessed_Result.json
2024-07-18 14:56:02,708 - File created: ./output/20240718145555/config/file2_66.json
2024-07-18 14:56:02,708 - File created: ./output/20240718145555/config/fileSys_66.json
2024-07-18 14:56:02,808 - Starting post-processing for simulation 66
2024-07-18 14:56:02,808 - Starting post-processing
2024-07-18 14:56:02,809 - First blocking state step: None
2024-07-18 14:56:02,810 - Post-processed file saved to: ./output/20240718145555/computed/file2_66/result/file2_66PostProcessed_Result.json
2024-07-18 14:56:02,811 - File created: ./output/20240718145555/config/file2_67.json
2024-07-18 14:56:02,812 - File created: ./output/20240718145555/config/fileSys_67.json
2024-07-18 14:56:02,907 - Starting post-processing for simulation 67
2024-07-18 14:56:02,907 - Starting post-processing
2024-07-18 14:56:02,908 - First blocking state step: None
2024-07-18 14:56:02,909 - Post-processed file saved to: ./output/20240718145555/computed/file2_67/result/file2_67PostProcessed_Result.json
2024-07-18 14:56:02,910 - File created: ./output/20240718145555/config/file2_68.json
2024-07-18 14:56:02,911 - File created: ./output/20240718145555/config/fileSys_68.json
2024-07-18 14:56:03,006 - Starting post-processing for simulation 68
2024-07-18 14:56:03,006 - Starting post-processing
2024-07-18 14:56:03,006 - First blocking state step: None
2024-07-18 14:56:03,007 - Post-processed file saved to: ./output/20240718145555/computed/file2_68/result/file2_68PostProcessed_Result.json
2024-07-18 14:56:03,008 - File created: ./output/20240718145555/config/file2_69.json
2024-07-18 14:56:03,009 - File created: ./output/20240718145555/config/fileSys_69.json
2024-07-18 14:56:03,112 - Starting post-processing for simulation 69
2024-07-18 14:56:03,112 - Starting post-processing
2024-07-18 14:56:03,112 - First blocking state step: None
2024-07-18 14:56:03,113 - Post-processed file saved to: ./output/20240718145555/computed/file2_69/result/file2_69PostProcessed_Result.json
2024-07-18 14:56:03,114 - File created: ./output/20240718145555/config/file2_70.json
2024-07-18 14:56:03,115 - File created: ./output/20240718145555/config/fileSys_70.json
2024-07-18 14:56:03,227 - Starting post-processing for simulation 70
2024-07-18 14:56:03,227 - Starting post-processing
2024-07-18 14:56:03,227 - First blocking state step: None
2024-07-18 14:56:03,228 - Post-processed file saved to: ./output/20240718145555/computed/file2_70/result/file2_70PostProcessed_Result.json
2024-07-18 14:56:03,230 - File created: ./output/20240718145555/config/file2_71.json
2024-07-18 14:56:03,230 - File created: ./output/20240718145555/config/fileSys_71.json
2024-07-18 14:56:03,360 - Starting post-processing for simulation 71
2024-07-18 14:56:03,360 - Starting post-processing
2024-07-18 14:56:03,360 - First blocking state step: None
2024-07-18 14:56:03,362 - Post-processed file saved to: ./output/20240718145555/computed/file2_71/result/file2_71PostProcessed_Result.json
2024-07-18 14:56:03,364 - File created: ./output/20240718145555/config/file2_72.json
2024-07-18 14:56:03,365 - File created: ./output/20240718145555/config/fileSys_72.json
2024-07-18 14:56:03,481 - Starting post-processing for simulation 72
2024-07-18 14:56:03,481 - Starting post-processing
2024-07-18 14:56:03,482 - First blocking state step: None
2024-07-18 14:56:03,483 - Post-processed file saved to: ./output/20240718145555/computed/file2_72/result/file2_72PostProcessed_Result.json
2024-07-18 14:56:03,484 - File created: ./output/20240718145555/config/file2_73.json
2024-07-18 14:56:03,484 - File created: ./output/20240718145555/config/fileSys_73.json
2024-07-18 14:56:03,586 - Starting post-processing for simulation 73
2024-07-18 14:56:03,586 - Starting post-processing
2024-07-18 14:56:03,586 - First blocking state step: None
2024-07-18 14:56:03,587 - Post-processed file saved to: ./output/20240718145555/computed/file2_73/result/file2_73PostProcessed_Result.json
2024-07-18 14:56:03,589 - File created: ./output/20240718145555/config/file2_74.json
2024-07-18 14:56:03,590 - File created: ./output/20240718145555/config/fileSys_74.json
2024-07-18 14:56:03,694 - Starting post-processing for simulation 74
2024-07-18 14:56:03,694 - Starting post-processing
2024-07-18 14:56:03,694 - First blocking state step: None
2024-07-18 14:56:03,695 - Post-processed file saved to: ./output/20240718145555/computed/file2_74/result/file2_74PostProcessed_Result.json
2024-07-18 14:56:03,696 - File created: ./output/20240718145555/config/file2_75.json
2024-07-18 14:56:03,697 - File created: ./output/20240718145555/config/fileSys_75.json
2024-07-18 14:56:03,803 - Starting post-processing for simulation 75
2024-07-18 14:56:03,804 - Starting post-processing
2024-07-18 14:56:03,804 - First blocking state step: None
2024-07-18 14:56:03,806 - Post-processed file saved to: ./output/20240718145555/computed/file2_75/result/file2_75PostProcessed_Result.json
2024-07-18 14:56:03,808 - File created: ./output/20240718145555/config/file2_76.json
2024-07-18 14:56:03,809 - File created: ./output/20240718145555/config/fileSys_76.json
2024-07-18 14:56:03,914 - Starting post-processing for simulation 76
2024-07-18 14:56:03,914 - Starting post-processing
2024-07-18 14:56:03,914 - First blocking state step: None
2024-07-18 14:56:03,915 - Post-processed file saved to: ./output/20240718145555/computed/file2_76/result/file2_76PostProcessed_Result.json
2024-07-18 14:56:03,917 - File created: ./output/20240718145555/config/file2_77.json
2024-07-18 14:56:03,917 - File created: ./output/20240718145555/config/fileSys_77.json
2024-07-18 14:56:04,017 - Starting post-processing for simulation 77
2024-07-18 14:56:04,017 - Starting post-processing
2024-07-18 14:56:04,017 - First blocking state step: None
2024-07-18 14:56:04,018 - Post-processed file saved to: ./output/20240718145555/computed/file2_77/result/file2_77PostProcessed_Result.json
2024-07-18 14:56:04,020 - File created: ./output/20240718145555/config/file2_78.json
2024-07-18 14:56:04,020 - File created: ./output/20240718145555/config/fileSys_78.json
2024-07-18 14:56:04,137 - Starting post-processing for simulation 78
2024-07-18 14:56:04,138 - Starting post-processing
2024-07-18 14:56:04,138 - First blocking state step: None
2024-07-18 14:56:04,139 - Post-processed file saved to: ./output/20240718145555/computed/file2_78/result/file2_78PostProcessed_Result.json
2024-07-18 14:56:04,141 - File created: ./output/20240718145555/config/file2_79.json
2024-07-18 14:56:04,141 - File created: ./output/20240718145555/config/fileSys_79.json
2024-07-18 14:56:04,259 - Starting post-processing for simulation 79
2024-07-18 14:56:04,259 - Starting post-processing
2024-07-18 14:56:04,259 - First blocking state step: None
2024-07-18 14:56:04,261 - Post-processed file saved to: ./output/20240718145555/computed/file2_79/result/file2_79PostProcessed_Result.json
2024-07-18 14:56:04,262 - File created: ./output/20240718145555/config/file2_80.json
2024-07-18 14:56:04,262 - File created: ./output/20240718145555/config/fileSys_80.json
2024-07-18 14:56:04,380 - Starting post-processing for simulation 80
2024-07-18 14:56:04,380 - Starting post-processing
2024-07-18 14:56:04,380 - First blocking state step: None
2024-07-18 14:56:04,381 - Post-processed file saved to: ./output/20240718145555/computed/file2_80/result/file2_80PostProcessed_Result.json
2024-07-18 14:56:04,383 - File created: ./output/20240718145555/config/file2_81.json
2024-07-18 14:56:04,383 - File created: ./output/20240718145555/config/fileSys_81.json
2024-07-18 14:56:04,480 - Starting post-processing for simulation 81
2024-07-18 14:56:04,480 - Starting post-processing
2024-07-18 14:56:04,480 - First blocking state step: None
2024-07-18 14:56:04,481 - Post-processed file saved to: ./output/20240718145555/computed/file2_81/result/file2_81PostProcessed_Result.json
2024-07-18 14:56:04,482 - File created: ./output/20240718145555/config/file2_82.json
2024-07-18 14:56:04,483 - File created: ./output/20240718145555/config/fileSys_82.json
2024-07-18 14:56:04,577 - Starting post-processing for simulation 82
2024-07-18 14:56:04,577 - Starting post-processing
2024-07-18 14:56:04,578 - First blocking state step: None
2024-07-18 14:56:04,579 - Post-processed file saved to: ./output/20240718145555/computed/file2_82/result/file2_82PostProcessed_Result.json
2024-07-18 14:56:04,580 - File created: ./output/20240718145555/config/file2_83.json
2024-07-18 14:56:04,580 - File created: ./output/20240718145555/config/fileSys_83.json
2024-07-18 14:56:04,677 - Starting post-processing for simulation 83
2024-07-18 14:56:04,677 - Starting post-processing
2024-07-18 14:56:04,677 - First blocking state step: None
2024-07-18 14:56:04,678 - Post-processed file saved to: ./output/20240718145555/computed/file2_83/result/file2_83PostProcessed_Result.json
2024-07-18 14:56:04,679 - File created: ./output/20240718145555/config/file2_84.json
2024-07-18 14:56:04,680 - File created: ./output/20240718145555/config/fileSys_84.json
2024-07-18 14:56:04,773 - Starting post-processing for simulation 84
2024-07-18 14:56:04,774 - Starting post-processing
2024-07-18 14:56:04,774 - First blocking state step: None
2024-07-18 14:56:04,775 - Post-processed file saved to: ./output/20240718145555/computed/file2_84/result/file2_84PostProcessed_Result.json
2024-07-18 14:56:04,776 - File created: ./output/20240718145555/config/file2_85.json
2024-07-18 14:56:04,776 - File created: ./output/20240718145555/config/fileSys_85.json
2024-07-18 14:56:04,878 - Starting post-processing for simulation 85
2024-07-18 14:56:04,878 - Starting post-processing
2024-07-18 14:56:04,879 - First blocking state step: None
2024-07-18 14:56:04,879 - Post-processed file saved to: ./output/20240718145555/computed/file2_85/result/file2_85PostProcessed_Result.json
2024-07-18 14:56:04,880 - File created: ./output/20240718145555/config/file2_86.json
2024-07-18 14:56:04,881 - File created: ./output/20240718145555/config/fileSys_86.json
2024-07-18 14:56:04,974 - Starting post-processing for simulation 86
2024-07-18 14:56:04,975 - Starting post-processing
2024-07-18 14:56:04,975 - First blocking state step: None
2024-07-18 14:56:04,976 - Post-processed file saved to: ./output/20240718145555/computed/file2_86/result/file2_86PostProcessed_Result.json
2024-07-18 14:56:04,977 - File created: ./output/20240718145555/config/file2_87.json
2024-07-18 14:56:04,978 - File created: ./output/20240718145555/config/fileSys_87.json
2024-07-18 14:56:05,074 - Starting post-processing for simulation 87
2024-07-18 14:56:05,074 - Starting post-processing
2024-07-18 14:56:05,074 - First blocking state step: None
2024-07-18 14:56:05,075 - Post-processed file saved to: ./output/20240718145555/computed/file2_87/result/file2_87PostProcessed_Result.json
2024-07-18 14:56:05,076 - File created: ./output/20240718145555/config/file2_88.json
2024-07-18 14:56:05,077 - File created: ./output/20240718145555/config/fileSys_88.json
2024-07-18 14:56:05,176 - Starting post-processing for simulation 88
2024-07-18 14:56:05,176 - Starting post-processing
2024-07-18 14:56:05,176 - First blocking state step: None
2024-07-18 14:56:05,178 - Post-processed file saved to: ./output/20240718145555/computed/file2_88/result/file2_88PostProcessed_Result.json
2024-07-18 14:56:05,179 - File created: ./output/20240718145555/config/file2_89.json
2024-07-18 14:56:05,179 - File created: ./output/20240718145555/config/fileSys_89.json
2024-07-18 14:56:05,400 - Starting post-processing for simulation 89
2024-07-18 14:56:05,401 - Starting post-processing
2024-07-18 14:56:05,401 - First blocking state step: None
2024-07-18 14:56:05,402 - Post-processed file saved to: ./output/20240718145555/computed/file2_89/result/file2_89PostProcessed_Result.json
2024-07-18 14:56:05,404 - File created: ./output/20240718145555/config/file2_90.json
2024-07-18 14:56:05,405 - File created: ./output/20240718145555/config/fileSys_90.json
2024-07-18 14:56:05,512 - Starting post-processing for simulation 90
2024-07-18 14:56:05,513 - Starting post-processing
2024-07-18 14:56:05,513 - First blocking state step: None
2024-07-18 14:56:05,514 - Post-processed file saved to: ./output/20240718145555/computed/file2_90/result/file2_90PostProcessed_Result.json
2024-07-18 14:56:05,515 - File created: ./output/20240718145555/config/file2_91.json
2024-07-18 14:56:05,516 - File created: ./output/20240718145555/config/fileSys_91.json
2024-07-18 14:56:05,618 - Starting post-processing for simulation 91
2024-07-18 14:56:05,618 - Starting post-processing
2024-07-18 14:56:05,618 - First blocking state step: None
2024-07-18 14:56:05,619 - Post-processed file saved to: ./output/20240718145555/computed/file2_91/result/file2_91PostProcessed_Result.json
2024-07-18 14:56:05,621 - File created: ./output/20240718145555/config/file2_92.json
2024-07-18 14:56:05,622 - File created: ./output/20240718145555/config/fileSys_92.json
2024-07-18 14:56:05,728 - Starting post-processing for simulation 92
2024-07-18 14:56:05,728 - Starting post-processing
2024-07-18 14:56:05,728 - First blocking state step: None
2024-07-18 14:56:05,730 - Post-processed file saved to: ./output/20240718145555/computed/file2_92/result/file2_92PostProcessed_Result.json
2024-07-18 14:56:05,731 - File created: ./output/20240718145555/config/file2_93.json
2024-07-18 14:56:05,732 - File created: ./output/20240718145555/config/fileSys_93.json
2024-07-18 14:56:05,837 - Starting post-processing for simulation 93
2024-07-18 14:56:05,837 - Starting post-processing
2024-07-18 14:56:05,838 - First blocking state step: None
2024-07-18 14:56:05,840 - Post-processed file saved to: ./output/20240718145555/computed/file2_93/result/file2_93PostProcessed_Result.json
2024-07-18 14:56:05,841 - File created: ./output/20240718145555/config/file2_94.json
2024-07-18 14:56:05,841 - File created: ./output/20240718145555/config/fileSys_94.json
2024-07-18 14:56:05,952 - Starting post-processing for simulation 94
2024-07-18 14:56:05,953 - Starting post-processing
2024-07-18 14:56:05,953 - First blocking state step: None
2024-07-18 14:56:05,955 - Post-processed file saved to: ./output/20240718145555/computed/file2_94/result/file2_94PostProcessed_Result.json
2024-07-18 14:56:05,957 - File created: ./output/20240718145555/config/file2_95.json
2024-07-18 14:56:05,957 - File created: ./output/20240718145555/config/fileSys_95.json
2024-07-18 14:56:06,076 - Starting post-processing for simulation 95
2024-07-18 14:56:06,076 - Starting post-processing
2024-07-18 14:56:06,076 - First blocking state step: None
2024-07-18 14:56:06,077 - Post-processed file saved to: ./output/20240718145555/computed/file2_95/result/file2_95PostProcessed_Result.json
2024-07-18 14:56:06,078 - File created: ./output/20240718145555/config/file2_96.json
2024-07-18 14:56:06,079 - File created: ./output/20240718145555/config/fileSys_96.json
2024-07-18 14:56:06,199 - Starting post-processing for simulation 96
2024-07-18 14:56:06,199 - Starting post-processing
2024-07-18 14:56:06,200 - First blocking state step: None
2024-07-18 14:56:06,201 - Post-processed file saved to: ./output/20240718145555/computed/file2_96/result/file2_96PostProcessed_Result.json
2024-07-18 14:56:06,202 - File created: ./output/20240718145555/config/file2_97.json
2024-07-18 14:56:06,202 - File created: ./output/20240718145555/config/fileSys_97.json
2024-07-18 14:56:06,297 - Starting post-processing for simulation 97
2024-07-18 14:56:06,297 - Starting post-processing
2024-07-18 14:56:06,297 - First blocking state step: None
2024-07-18 14:56:06,298 - Post-processed file saved to: ./output/20240718145555/computed/file2_97/result/file2_97PostProcessed_Result.json
2024-07-18 14:56:06,299 - File created: ./output/20240718145555/config/file2_98.json
2024-07-18 14:56:06,300 - File created: ./output/20240718145555/config/fileSys_98.json
2024-07-18 14:56:06,391 - Starting post-processing for simulation 98
2024-07-18 14:56:06,392 - Starting post-processing
2024-07-18 14:56:06,392 - First blocking state step: None
2024-07-18 14:56:06,393 - Post-processed file saved to: ./output/20240718145555/computed/file2_98/result/file2_98PostProcessed_Result.json
2024-07-18 14:56:06,394 - File created: ./output/20240718145555/config/file2_99.json
2024-07-18 14:56:06,394 - File created: ./output/20240718145555/config/fileSys_99.json
2024-07-18 14:56:06,487 - Starting post-processing for simulation 99
2024-07-18 14:56:06,488 - Starting post-processing
2024-07-18 14:56:06,488 - First blocking state step: None
2024-07-18 14:56:06,489 - Post-processed file saved to: ./output/20240718145555/computed/file2_99/result/file2_99PostProcessed_Result.json
2024-07-18 14:56:06,490 - Last file created: 99
