2024-08-02 14:47:29,317 - Command executed: run.py /Users/angelcui/Documents/GitHub/FMMFSM_simulator/FMMFSM_analyzer_Tl/config/file1.json /Users/angelcui/Documents/GitHub/FMMFSM_simulator/FMMFSM_analyzer_Tl/config/fileSys.json --num 10 --iter 100 --tl --postp
2024-08-02 14:47:29,319 - File created: ./FMMFSM_analyzer_Tl/output/20240802144729/config/file1_0.json
2024-08-02 14:47:29,320 - File created: ./FMMFSM_analyzer_Tl/output/20240802144729/config/fileSys_0.json
2024-08-02 14:47:29,361 - Starting post-processing for simulation 0
2024-08-02 14:47:29,361 - Starting post-processing
2024-08-02 14:47:29,361 - First blocking state step: 6
2024-08-02 14:47:29,362 - Post-processed file saved to: ./FMMFSM_analyzer_Tl/output/20240802144729/computed/file1_0/result/file1_0PostProcessed_Result.json
2024-08-02 14:47:29,362 - First file created: 0
2024-08-02 14:47:29,363 - File created: ./FMMFSM_analyzer_Tl/output/20240802144729/config/file1_1.json
2024-08-02 14:47:29,364 - File created: ./FMMFSM_analyzer_Tl/output/20240802144729/config/fileSys_1.json
2024-08-02 14:47:29,404 - Starting post-processing for simulation 1
2024-08-02 14:47:29,405 - Starting post-processing
2024-08-02 14:47:29,405 - First blocking state step: 2
2024-08-02 14:47:29,405 - Post-processed file saved to: ./FMMFSM_analyzer_Tl/output/20240802144729/computed/file1_1/result/file1_1PostProcessed_Result.json
2024-08-02 14:47:29,406 - File created: ./FMMFSM_analyzer_Tl/output/20240802144729/config/file1_2.json
2024-08-02 14:47:29,407 - File created: ./FMMFSM_analyzer_Tl/output/20240802144729/config/fileSys_2.json
2024-08-02 14:47:29,448 - Starting post-processing for simulation 2
2024-08-02 14:47:29,448 - Starting post-processing
2024-08-02 14:47:29,449 - First blocking state step: 5
2024-08-02 14:47:29,449 - Post-processed file saved to: ./FMMFSM_analyzer_Tl/output/20240802144729/computed/file1_2/result/file1_2PostProcessed_Result.json
2024-08-02 14:47:29,450 - File created: ./FMMFSM_analyzer_Tl/output/20240802144729/config/file1_3.json
2024-08-02 14:47:29,450 - File created: ./FMMFSM_analyzer_Tl/output/20240802144729/config/fileSys_3.json
2024-08-02 14:47:29,492 - Starting post-processing for simulation 3
2024-08-02 14:47:29,492 - Starting post-processing
2024-08-02 14:47:29,492 - First blocking state step: 1
2024-08-02 14:47:29,492 - Post-processed file saved to: ./FMMFSM_analyzer_Tl/output/20240802144729/computed/file1_3/result/file1_3PostProcessed_Result.json
2024-08-02 14:47:29,493 - File created: ./FMMFSM_analyzer_Tl/output/20240802144729/config/file1_4.json
2024-08-02 14:47:29,494 - File created: ./FMMFSM_analyzer_Tl/output/20240802144729/config/fileSys_4.json
2024-08-02 14:47:29,535 - Starting post-processing for simulation 4
2024-08-02 14:47:29,535 - Starting post-processing
2024-08-02 14:47:29,535 - First blocking state step: 1
2024-08-02 14:47:29,536 - Post-processed file saved to: ./FMMFSM_analyzer_Tl/output/20240802144729/computed/file1_4/result/file1_4PostProcessed_Result.json
2024-08-02 14:47:29,537 - File created: ./FMMFSM_analyzer_Tl/output/20240802144729/config/file1_5.json
2024-08-02 14:47:29,538 - File created: ./FMMFSM_analyzer_Tl/output/20240802144729/config/fileSys_5.json
2024-08-02 14:47:29,589 - Starting post-processing for simulation 5
2024-08-02 14:47:29,589 - Starting post-processing
2024-08-02 14:47:29,589 - First blocking state step: None
2024-08-02 14:47:29,590 - Post-processed file saved to: ./FMMFSM_analyzer_Tl/output/20240802144729/computed/file1_5/result/file1_5PostProcessed_Result.json
2024-08-02 14:47:29,592 - File created: ./FMMFSM_analyzer_Tl/output/20240802144729/config/file1_6.json
2024-08-02 14:47:29,592 - File created: ./FMMFSM_analyzer_Tl/output/20240802144729/config/fileSys_6.json
2024-08-02 14:47:29,648 - Starting post-processing for simulation 6
2024-08-02 14:47:29,649 - Starting post-processing
2024-08-02 14:47:29,649 - First blocking state step: 9
2024-08-02 14:47:29,649 - Post-processed file saved to: ./FMMFSM_analyzer_Tl/output/20240802144729/computed/file1_6/result/file1_6PostProcessed_Result.json
2024-08-02 14:47:29,650 - File created: ./FMMFSM_analyzer_Tl/output/20240802144729/config/file1_7.json
2024-08-02 14:47:29,651 - File created: ./FMMFSM_analyzer_Tl/output/20240802144729/config/fileSys_7.json
2024-08-02 14:47:29,692 - Starting post-processing for simulation 7
2024-08-02 14:47:29,692 - Starting post-processing
2024-08-02 14:47:29,692 - First blocking state step: 5
2024-08-02 14:47:29,693 - Post-processed file saved to: ./FMMFSM_analyzer_Tl/output/20240802144729/computed/file1_7/result/file1_7PostProcessed_Result.json
2024-08-02 14:47:29,694 - File created: ./FMMFSM_analyzer_Tl/output/20240802144729/config/file1_8.json
2024-08-02 14:47:29,694 - File created: ./FMMFSM_analyzer_Tl/output/20240802144729/config/fileSys_8.json
2024-08-02 14:47:29,736 - Starting post-processing for simulation 8
2024-08-02 14:47:29,736 - Starting post-processing
2024-08-02 14:47:29,736 - First blocking state step: 5
2024-08-02 14:47:29,737 - Post-processed file saved to: ./FMMFSM_analyzer_Tl/output/20240802144729/computed/file1_8/result/file1_8PostProcessed_Result.json
2024-08-02 14:47:29,738 - File created: ./FMMFSM_analyzer_Tl/output/20240802144729/config/file1_9.json
2024-08-02 14:47:29,738 - File created: ./FMMFSM_analyzer_Tl/output/20240802144729/config/fileSys_9.json
2024-08-02 14:47:29,780 - Starting post-processing for simulation 9
2024-08-02 14:47:29,781 - Starting post-processing
2024-08-02 14:47:29,781 - First blocking state step: 5
2024-08-02 14:47:29,781 - Post-processed file saved to: ./FMMFSM_analyzer_Tl/output/20240802144729/computed/file1_9/result/file1_9PostProcessed_Result.json
2024-08-02 14:47:29,782 - File created: ./FMMFSM_analyzer_Tl/output/20240802144729/config/file1_10.json
2024-08-02 14:47:29,783 - File created: ./FMMFSM_analyzer_Tl/output/20240802144729/config/fileSys_10.json
2024-08-02 14:47:29,824 - Starting post-processing for simulation 10
2024-08-02 14:47:29,824 - Starting post-processing
2024-08-02 14:47:29,824 - First blocking state step: 8
2024-08-02 14:47:29,825 - Post-processed file saved to: ./FMMFSM_analyzer_Tl/output/20240802144729/computed/file1_10/result/file1_10PostProcessed_Result.json
2024-08-02 14:47:29,826 - File created: ./FMMFSM_analyzer_Tl/output/20240802144729/config/file1_11.json
2024-08-02 14:47:29,827 - File created: ./FMMFSM_analyzer_Tl/output/20240802144729/config/fileSys_11.json
2024-08-02 14:47:29,867 - Starting post-processing for simulation 11
2024-08-02 14:47:29,868 - Starting post-processing
2024-08-02 14:47:29,868 - First blocking state step: None
2024-08-02 14:47:29,869 - Post-processed file saved to: ./FMMFSM_analyzer_Tl/output/20240802144729/computed/file1_11/result/file1_11PostProcessed_Result.json
2024-08-02 14:47:29,870 - File created: ./FMMFSM_analyzer_Tl/output/20240802144729/config/file1_12.json
2024-08-02 14:47:29,871 - File created: ./FMMFSM_analyzer_Tl/output/20240802144729/config/fileSys_12.json
2024-08-02 14:47:29,913 - Starting post-processing for simulation 12
2024-08-02 14:47:29,913 - Starting post-processing
2024-08-02 14:47:29,913 - First blocking state step: 3
2024-08-02 14:47:29,914 - Post-processed file saved to: ./FMMFSM_analyzer_Tl/output/20240802144729/computed/file1_12/result/file1_12PostProcessed_Result.json
2024-08-02 14:47:29,915 - File created: ./FMMFSM_analyzer_Tl/output/20240802144729/config/file1_13.json
2024-08-02 14:47:29,915 - File created: ./FMMFSM_analyzer_Tl/output/20240802144729/config/fileSys_13.json
2024-08-02 14:47:29,958 - Starting post-processing for simulation 13
2024-08-02 14:47:29,958 - Starting post-processing
2024-08-02 14:47:29,958 - First blocking state step: 8
2024-08-02 14:47:29,959 - Post-processed file saved to: ./FMMFSM_analyzer_Tl/output/20240802144729/computed/file1_13/result/file1_13PostProcessed_Result.json
2024-08-02 14:47:29,960 - File created: ./FMMFSM_analyzer_Tl/output/20240802144729/config/file1_14.json
2024-08-02 14:47:29,961 - File created: ./FMMFSM_analyzer_Tl/output/20240802144729/config/fileSys_14.json
2024-08-02 14:47:30,003 - Starting post-processing for simulation 14
2024-08-02 14:47:30,003 - Starting post-processing
2024-08-02 14:47:30,003 - First blocking state step: 4
2024-08-02 14:47:30,004 - Post-processed file saved to: ./FMMFSM_analyzer_Tl/output/20240802144729/computed/file1_14/result/file1_14PostProcessed_Result.json
2024-08-02 14:47:30,005 - File created: ./FMMFSM_analyzer_Tl/output/20240802144729/config/file1_15.json
2024-08-02 14:47:30,005 - File created: ./FMMFSM_analyzer_Tl/output/20240802144729/config/fileSys_15.json
2024-08-02 14:47:30,048 - Starting post-processing for simulation 15
2024-08-02 14:47:30,048 - Starting post-processing
2024-08-02 14:47:30,048 - First blocking state step: 6
2024-08-02 14:47:30,049 - Post-processed file saved to: ./FMMFSM_analyzer_Tl/output/20240802144729/computed/file1_15/result/file1_15PostProcessed_Result.json
2024-08-02 14:47:30,050 - File created: ./FMMFSM_analyzer_Tl/output/20240802144729/config/file1_16.json
2024-08-02 14:47:30,050 - File created: ./FMMFSM_analyzer_Tl/output/20240802144729/config/fileSys_16.json
2024-08-02 14:47:30,091 - Starting post-processing for simulation 16
2024-08-02 14:47:30,091 - Starting post-processing
2024-08-02 14:47:30,092 - First blocking state step: 5
2024-08-02 14:47:30,092 - Post-processed file saved to: ./FMMFSM_analyzer_Tl/output/20240802144729/computed/file1_16/result/file1_16PostProcessed_Result.json
2024-08-02 14:47:30,093 - File created: ./FMMFSM_analyzer_Tl/output/20240802144729/config/file1_17.json
2024-08-02 14:47:30,094 - File created: ./FMMFSM_analyzer_Tl/output/20240802144729/config/fileSys_17.json
2024-08-02 14:47:30,136 - Starting post-processing for simulation 17
2024-08-02 14:47:30,136 - Starting post-processing
2024-08-02 14:47:30,136 - First blocking state step: 4
2024-08-02 14:47:30,137 - Post-processed file saved to: ./FMMFSM_analyzer_Tl/output/20240802144729/computed/file1_17/result/file1_17PostProcessed_Result.json
2024-08-02 14:47:30,138 - File created: ./FMMFSM_analyzer_Tl/output/20240802144729/config/file1_18.json
2024-08-02 14:47:30,138 - File created: ./FMMFSM_analyzer_Tl/output/20240802144729/config/fileSys_18.json
2024-08-02 14:47:30,180 - Starting post-processing for simulation 18
2024-08-02 14:47:30,181 - Starting post-processing
2024-08-02 14:47:30,181 - First blocking state step: 4
2024-08-02 14:47:30,181 - Post-processed file saved to: ./FMMFSM_analyzer_Tl/output/20240802144729/computed/file1_18/result/file1_18PostProcessed_Result.json
2024-08-02 14:47:30,182 - File created: ./FMMFSM_analyzer_Tl/output/20240802144729/config/file1_19.json
2024-08-02 14:47:30,183 - File created: ./FMMFSM_analyzer_Tl/output/20240802144729/config/fileSys_19.json
2024-08-02 14:47:30,222 - Starting post-processing for simulation 19
2024-08-02 14:47:30,223 - Starting post-processing
2024-08-02 14:47:30,223 - First blocking state step: 4
2024-08-02 14:47:30,223 - Post-processed file saved to: ./FMMFSM_analyzer_Tl/output/20240802144729/computed/file1_19/result/file1_19PostProcessed_Result.json
2024-08-02 14:47:30,224 - File created: ./FMMFSM_analyzer_Tl/output/20240802144729/config/file1_20.json
2024-08-02 14:47:30,225 - File created: ./FMMFSM_analyzer_Tl/output/20240802144729/config/fileSys_20.json
2024-08-02 14:47:30,266 - Starting post-processing for simulation 20
2024-08-02 14:47:30,266 - Starting post-processing
2024-08-02 14:47:30,266 - First blocking state step: 6
2024-08-02 14:47:30,267 - Post-processed file saved to: ./FMMFSM_analyzer_Tl/output/20240802144729/computed/file1_20/result/file1_20PostProcessed_Result.json
2024-08-02 14:47:30,268 - File created: ./FMMFSM_analyzer_Tl/output/20240802144729/config/file1_21.json
2024-08-02 14:47:30,268 - File created: ./FMMFSM_analyzer_Tl/output/20240802144729/config/fileSys_21.json
2024-08-02 14:47:30,313 - Starting post-processing for simulation 21
2024-08-02 14:47:30,313 - Starting post-processing
2024-08-02 14:47:30,314 - First blocking state step: 6
2024-08-02 14:47:30,314 - Post-processed file saved to: ./FMMFSM_analyzer_Tl/output/20240802144729/computed/file1_21/result/file1_21PostProcessed_Result.json
2024-08-02 14:47:30,315 - File created: ./FMMFSM_analyzer_Tl/output/20240802144729/config/file1_22.json
2024-08-02 14:47:30,316 - File created: ./FMMFSM_analyzer_Tl/output/20240802144729/config/fileSys_22.json
2024-08-02 14:47:30,356 - Starting post-processing for simulation 22
2024-08-02 14:47:30,356 - Starting post-processing
2024-08-02 14:47:30,356 - First blocking state step: 9
2024-08-02 14:47:30,356 - Post-processed file saved to: ./FMMFSM_analyzer_Tl/output/20240802144729/computed/file1_22/result/file1_22PostProcessed_Result.json
2024-08-02 14:47:30,358 - File created: ./FMMFSM_analyzer_Tl/output/20240802144729/config/file1_23.json
2024-08-02 14:47:30,358 - File created: ./FMMFSM_analyzer_Tl/output/20240802144729/config/fileSys_23.json
2024-08-02 14:47:30,399 - Starting post-processing for simulation 23
2024-08-02 14:47:30,400 - Starting post-processing
2024-08-02 14:47:30,400 - First blocking state step: 4
2024-08-02 14:47:30,400 - Post-processed file saved to: ./FMMFSM_analyzer_Tl/output/20240802144729/computed/file1_23/result/file1_23PostProcessed_Result.json
2024-08-02 14:47:30,401 - File created: ./FMMFSM_analyzer_Tl/output/20240802144729/config/file1_24.json
2024-08-02 14:47:30,402 - File created: ./FMMFSM_analyzer_Tl/output/20240802144729/config/fileSys_24.json
2024-08-02 14:47:30,442 - Starting post-processing for simulation 24
2024-08-02 14:47:30,442 - Starting post-processing
2024-08-02 14:47:30,442 - First blocking state step: None
2024-08-02 14:47:30,443 - Post-processed file saved to: ./FMMFSM_analyzer_Tl/output/20240802144729/computed/file1_24/result/file1_24PostProcessed_Result.json
2024-08-02 14:47:30,444 - File created: ./FMMFSM_analyzer_Tl/output/20240802144729/config/file1_25.json
2024-08-02 14:47:30,444 - File created: ./FMMFSM_analyzer_Tl/output/20240802144729/config/fileSys_25.json
2024-08-02 14:47:30,486 - Starting post-processing for simulation 25
2024-08-02 14:47:30,486 - Starting post-processing
2024-08-02 14:47:30,486 - First blocking state step: None
2024-08-02 14:47:30,487 - Post-processed file saved to: ./FMMFSM_analyzer_Tl/output/20240802144729/computed/file1_25/result/file1_25PostProcessed_Result.json
2024-08-02 14:47:30,488 - File created: ./FMMFSM_analyzer_Tl/output/20240802144729/config/file1_26.json
2024-08-02 14:47:30,488 - File created: ./FMMFSM_analyzer_Tl/output/20240802144729/config/fileSys_26.json
2024-08-02 14:47:30,531 - Starting post-processing for simulation 26
2024-08-02 14:47:30,531 - Starting post-processing
2024-08-02 14:47:30,531 - First blocking state step: 3
2024-08-02 14:47:30,531 - Post-processed file saved to: ./FMMFSM_analyzer_Tl/output/20240802144729/computed/file1_26/result/file1_26PostProcessed_Result.json
2024-08-02 14:47:30,532 - File created: ./FMMFSM_analyzer_Tl/output/20240802144729/config/file1_27.json
2024-08-02 14:47:30,533 - File created: ./FMMFSM_analyzer_Tl/output/20240802144729/config/fileSys_27.json
2024-08-02 14:47:30,574 - Starting post-processing for simulation 27
2024-08-02 14:47:30,574 - Starting post-processing
2024-08-02 14:47:30,574 - First blocking state step: 4
2024-08-02 14:47:30,575 - Post-processed file saved to: ./FMMFSM_analyzer_Tl/output/20240802144729/computed/file1_27/result/file1_27PostProcessed_Result.json
2024-08-02 14:47:30,576 - File created: ./FMMFSM_analyzer_Tl/output/20240802144729/config/file1_28.json
2024-08-02 14:47:30,576 - File created: ./FMMFSM_analyzer_Tl/output/20240802144729/config/fileSys_28.json
2024-08-02 14:47:30,619 - Starting post-processing for simulation 28
2024-08-02 14:47:30,619 - Starting post-processing
2024-08-02 14:47:30,619 - First blocking state step: 5
2024-08-02 14:47:30,620 - Post-processed file saved to: ./FMMFSM_analyzer_Tl/output/20240802144729/computed/file1_28/result/file1_28PostProcessed_Result.json
2024-08-02 14:47:30,621 - File created: ./FMMFSM_analyzer_Tl/output/20240802144729/config/file1_29.json
2024-08-02 14:47:30,621 - File created: ./FMMFSM_analyzer_Tl/output/20240802144729/config/fileSys_29.json
2024-08-02 14:47:30,663 - Starting post-processing for simulation 29
2024-08-02 14:47:30,663 - Starting post-processing
2024-08-02 14:47:30,663 - First blocking state step: 3
2024-08-02 14:47:30,663 - Post-processed file saved to: ./FMMFSM_analyzer_Tl/output/20240802144729/computed/file1_29/result/file1_29PostProcessed_Result.json
2024-08-02 14:47:30,664 - File created: ./FMMFSM_analyzer_Tl/output/20240802144729/config/file1_30.json
2024-08-02 14:47:30,665 - File created: ./FMMFSM_analyzer_Tl/output/20240802144729/config/fileSys_30.json
2024-08-02 14:47:30,705 - Starting post-processing for simulation 30
2024-08-02 14:47:30,705 - Starting post-processing
2024-08-02 14:47:30,705 - First blocking state step: 4
2024-08-02 14:47:30,706 - Post-processed file saved to: ./FMMFSM_analyzer_Tl/output/20240802144729/computed/file1_30/result/file1_30PostProcessed_Result.json
2024-08-02 14:47:30,707 - File created: ./FMMFSM_analyzer_Tl/output/20240802144729/config/file1_31.json
2024-08-02 14:47:30,707 - File created: ./FMMFSM_analyzer_Tl/output/20240802144729/config/fileSys_31.json
2024-08-02 14:47:30,750 - Starting post-processing for simulation 31
2024-08-02 14:47:30,750 - Starting post-processing
2024-08-02 14:47:30,750 - First blocking state step: 3
2024-08-02 14:47:30,751 - Post-processed file saved to: ./FMMFSM_analyzer_Tl/output/20240802144729/computed/file1_31/result/file1_31PostProcessed_Result.json
2024-08-02 14:47:30,752 - File created: ./FMMFSM_analyzer_Tl/output/20240802144729/config/file1_32.json
2024-08-02 14:47:30,752 - File created: ./FMMFSM_analyzer_Tl/output/20240802144729/config/fileSys_32.json
2024-08-02 14:47:30,793 - Starting post-processing for simulation 32
2024-08-02 14:47:30,793 - Starting post-processing
2024-08-02 14:47:30,793 - First blocking state step: None
2024-08-02 14:47:30,794 - Post-processed file saved to: ./FMMFSM_analyzer_Tl/output/20240802144729/computed/file1_32/result/file1_32PostProcessed_Result.json
2024-08-02 14:47:30,795 - File created: ./FMMFSM_analyzer_Tl/output/20240802144729/config/file1_33.json
2024-08-02 14:47:30,796 - File created: ./FMMFSM_analyzer_Tl/output/20240802144729/config/fileSys_33.json
2024-08-02 14:47:30,837 - Starting post-processing for simulation 33
2024-08-02 14:47:30,837 - Starting post-processing
2024-08-02 14:47:30,837 - First blocking state step: 1
2024-08-02 14:47:30,838 - Post-processed file saved to: ./FMMFSM_analyzer_Tl/output/20240802144729/computed/file1_33/result/file1_33PostProcessed_Result.json
2024-08-02 14:47:30,839 - File created: ./FMMFSM_analyzer_Tl/output/20240802144729/config/file1_34.json
2024-08-02 14:47:30,840 - File created: ./FMMFSM_analyzer_Tl/output/20240802144729/config/fileSys_34.json
2024-08-02 14:47:30,880 - Starting post-processing for simulation 34
2024-08-02 14:47:30,880 - Starting post-processing
2024-08-02 14:47:30,881 - First blocking state step: 5
2024-08-02 14:47:30,882 - Post-processed file saved to: ./FMMFSM_analyzer_Tl/output/20240802144729/computed/file1_34/result/file1_34PostProcessed_Result.json
2024-08-02 14:47:30,883 - File created: ./FMMFSM_analyzer_Tl/output/20240802144729/config/file1_35.json
2024-08-02 14:47:30,883 - File created: ./FMMFSM_analyzer_Tl/output/20240802144729/config/fileSys_35.json
2024-08-02 14:47:30,924 - Starting post-processing for simulation 35
2024-08-02 14:47:30,924 - Starting post-processing
2024-08-02 14:47:30,925 - First blocking state step: 5
2024-08-02 14:47:30,925 - Post-processed file saved to: ./FMMFSM_analyzer_Tl/output/20240802144729/computed/file1_35/result/file1_35PostProcessed_Result.json
2024-08-02 14:47:30,926 - File created: ./FMMFSM_analyzer_Tl/output/20240802144729/config/file1_36.json
2024-08-02 14:47:30,927 - File created: ./FMMFSM_analyzer_Tl/output/20240802144729/config/fileSys_36.json
2024-08-02 14:47:31,016 - Starting post-processing for simulation 36
2024-08-02 14:47:31,016 - Starting post-processing
2024-08-02 14:47:31,016 - First blocking state step: 1
2024-08-02 14:47:31,017 - Post-processed file saved to: ./FMMFSM_analyzer_Tl/output/20240802144729/computed/file1_36/result/file1_36PostProcessed_Result.json
2024-08-02 14:47:31,018 - File created: ./FMMFSM_analyzer_Tl/output/20240802144729/config/file1_37.json
2024-08-02 14:47:31,018 - File created: ./FMMFSM_analyzer_Tl/output/20240802144729/config/fileSys_37.json
2024-08-02 14:47:31,061 - Starting post-processing for simulation 37
2024-08-02 14:47:31,061 - Starting post-processing
2024-08-02 14:47:31,061 - First blocking state step: 2
2024-08-02 14:47:31,062 - Post-processed file saved to: ./FMMFSM_analyzer_Tl/output/20240802144729/computed/file1_37/result/file1_37PostProcessed_Result.json
2024-08-02 14:47:31,063 - File created: ./FMMFSM_analyzer_Tl/output/20240802144729/config/file1_38.json
2024-08-02 14:47:31,064 - File created: ./FMMFSM_analyzer_Tl/output/20240802144729/config/fileSys_38.json
2024-08-02 14:47:31,105 - Starting post-processing for simulation 38
2024-08-02 14:47:31,105 - Starting post-processing
2024-08-02 14:47:31,105 - First blocking state step: 6
2024-08-02 14:47:31,106 - Post-processed file saved to: ./FMMFSM_analyzer_Tl/output/20240802144729/computed/file1_38/result/file1_38PostProcessed_Result.json
2024-08-02 14:47:31,108 - File created: ./FMMFSM_analyzer_Tl/output/20240802144729/config/file1_39.json
2024-08-02 14:47:31,108 - File created: ./FMMFSM_analyzer_Tl/output/20240802144729/config/fileSys_39.json
2024-08-02 14:47:31,150 - Starting post-processing for simulation 39
2024-08-02 14:47:31,150 - Starting post-processing
2024-08-02 14:47:31,150 - First blocking state step: 4
2024-08-02 14:47:31,151 - Post-processed file saved to: ./FMMFSM_analyzer_Tl/output/20240802144729/computed/file1_39/result/file1_39PostProcessed_Result.json
2024-08-02 14:47:31,153 - File created: ./FMMFSM_analyzer_Tl/output/20240802144729/config/file1_40.json
2024-08-02 14:47:31,153 - File created: ./FMMFSM_analyzer_Tl/output/20240802144729/config/fileSys_40.json
2024-08-02 14:47:31,196 - Starting post-processing for simulation 40
2024-08-02 14:47:31,196 - Starting post-processing
2024-08-02 14:47:31,196 - First blocking state step: 3
2024-08-02 14:47:31,196 - Post-processed file saved to: ./FMMFSM_analyzer_Tl/output/20240802144729/computed/file1_40/result/file1_40PostProcessed_Result.json
2024-08-02 14:47:31,197 - File created: ./FMMFSM_analyzer_Tl/output/20240802144729/config/file1_41.json
2024-08-02 14:47:31,198 - File created: ./FMMFSM_analyzer_Tl/output/20240802144729/config/fileSys_41.json
2024-08-02 14:47:31,239 - Starting post-processing for simulation 41
2024-08-02 14:47:31,239 - Starting post-processing
2024-08-02 14:47:31,239 - First blocking state step: 4
2024-08-02 14:47:31,239 - Post-processed file saved to: ./FMMFSM_analyzer_Tl/output/20240802144729/computed/file1_41/result/file1_41PostProcessed_Result.json
2024-08-02 14:47:31,240 - File created: ./FMMFSM_analyzer_Tl/output/20240802144729/config/file1_42.json
2024-08-02 14:47:31,241 - File created: ./FMMFSM_analyzer_Tl/output/20240802144729/config/fileSys_42.json
2024-08-02 14:47:31,283 - Starting post-processing for simulation 42
2024-08-02 14:47:31,283 - Starting post-processing
2024-08-02 14:47:31,283 - First blocking state step: 8
2024-08-02 14:47:31,284 - Post-processed file saved to: ./FMMFSM_analyzer_Tl/output/20240802144729/computed/file1_42/result/file1_42PostProcessed_Result.json
2024-08-02 14:47:31,285 - File created: ./FMMFSM_analyzer_Tl/output/20240802144729/config/file1_43.json
2024-08-02 14:47:31,286 - File created: ./FMMFSM_analyzer_Tl/output/20240802144729/config/fileSys_43.json
2024-08-02 14:47:31,328 - Starting post-processing for simulation 43
2024-08-02 14:47:31,328 - Starting post-processing
2024-08-02 14:47:31,328 - First blocking state step: 6
2024-08-02 14:47:31,329 - Post-processed file saved to: ./FMMFSM_analyzer_Tl/output/20240802144729/computed/file1_43/result/file1_43PostProcessed_Result.json
2024-08-02 14:47:31,330 - File created: ./FMMFSM_analyzer_Tl/output/20240802144729/config/file1_44.json
2024-08-02 14:47:31,330 - File created: ./FMMFSM_analyzer_Tl/output/20240802144729/config/fileSys_44.json
2024-08-02 14:47:31,371 - Starting post-processing for simulation 44
2024-08-02 14:47:31,371 - Starting post-processing
2024-08-02 14:47:31,371 - First blocking state step: 7
2024-08-02 14:47:31,372 - Post-processed file saved to: ./FMMFSM_analyzer_Tl/output/20240802144729/computed/file1_44/result/file1_44PostProcessed_Result.json
2024-08-02 14:47:31,373 - File created: ./FMMFSM_analyzer_Tl/output/20240802144729/config/file1_45.json
2024-08-02 14:47:31,374 - File created: ./FMMFSM_analyzer_Tl/output/20240802144729/config/fileSys_45.json
2024-08-02 14:47:31,416 - Starting post-processing for simulation 45
2024-08-02 14:47:31,416 - Starting post-processing
2024-08-02 14:47:31,417 - First blocking state step: 6
2024-08-02 14:47:31,417 - Post-processed file saved to: ./FMMFSM_analyzer_Tl/output/20240802144729/computed/file1_45/result/file1_45PostProcessed_Result.json
2024-08-02 14:47:31,419 - File created: ./FMMFSM_analyzer_Tl/output/20240802144729/config/file1_46.json
2024-08-02 14:47:31,419 - File created: ./FMMFSM_analyzer_Tl/output/20240802144729/config/fileSys_46.json
2024-08-02 14:47:31,460 - Starting post-processing for simulation 46
2024-08-02 14:47:31,460 - Starting post-processing
2024-08-02 14:47:31,461 - First blocking state step: 6
2024-08-02 14:47:31,461 - Post-processed file saved to: ./FMMFSM_analyzer_Tl/output/20240802144729/computed/file1_46/result/file1_46PostProcessed_Result.json
2024-08-02 14:47:31,462 - File created: ./FMMFSM_analyzer_Tl/output/20240802144729/config/file1_47.json
2024-08-02 14:47:31,463 - File created: ./FMMFSM_analyzer_Tl/output/20240802144729/config/fileSys_47.json
2024-08-02 14:47:31,503 - Starting post-processing for simulation 47
2024-08-02 14:47:31,504 - Starting post-processing
2024-08-02 14:47:31,504 - First blocking state step: 6
2024-08-02 14:47:31,504 - Post-processed file saved to: ./FMMFSM_analyzer_Tl/output/20240802144729/computed/file1_47/result/file1_47PostProcessed_Result.json
2024-08-02 14:47:31,505 - File created: ./FMMFSM_analyzer_Tl/output/20240802144729/config/file1_48.json
2024-08-02 14:47:31,506 - File created: ./FMMFSM_analyzer_Tl/output/20240802144729/config/fileSys_48.json
2024-08-02 14:47:31,549 - Starting post-processing for simulation 48
2024-08-02 14:47:31,549 - Starting post-processing
2024-08-02 14:47:31,550 - First blocking state step: 2
2024-08-02 14:47:31,550 - Post-processed file saved to: ./FMMFSM_analyzer_Tl/output/20240802144729/computed/file1_48/result/file1_48PostProcessed_Result.json
2024-08-02 14:47:31,552 - File created: ./FMMFSM_analyzer_Tl/output/20240802144729/config/file1_49.json
2024-08-02 14:47:31,552 - File created: ./FMMFSM_analyzer_Tl/output/20240802144729/config/fileSys_49.json
2024-08-02 14:47:31,594 - Starting post-processing for simulation 49
2024-08-02 14:47:31,594 - Starting post-processing
2024-08-02 14:47:31,595 - First blocking state step: 4
2024-08-02 14:47:31,595 - Post-processed file saved to: ./FMMFSM_analyzer_Tl/output/20240802144729/computed/file1_49/result/file1_49PostProcessed_Result.json
2024-08-02 14:47:31,597 - File created: ./FMMFSM_analyzer_Tl/output/20240802144729/config/file1_50.json
2024-08-02 14:47:31,597 - File created: ./FMMFSM_analyzer_Tl/output/20240802144729/config/fileSys_50.json
2024-08-02 14:47:31,640 - Starting post-processing for simulation 50
2024-08-02 14:47:31,640 - Starting post-processing
2024-08-02 14:47:31,640 - First blocking state step: 6
2024-08-02 14:47:31,641 - Post-processed file saved to: ./FMMFSM_analyzer_Tl/output/20240802144729/computed/file1_50/result/file1_50PostProcessed_Result.json
2024-08-02 14:47:31,642 - File created: ./FMMFSM_analyzer_Tl/output/20240802144729/config/file1_51.json
2024-08-02 14:47:31,642 - File created: ./FMMFSM_analyzer_Tl/output/20240802144729/config/fileSys_51.json
2024-08-02 14:47:31,686 - Starting post-processing for simulation 51
2024-08-02 14:47:31,686 - Starting post-processing
2024-08-02 14:47:31,686 - First blocking state step: 4
2024-08-02 14:47:31,687 - Post-processed file saved to: ./FMMFSM_analyzer_Tl/output/20240802144729/computed/file1_51/result/file1_51PostProcessed_Result.json
2024-08-02 14:47:31,688 - File created: ./FMMFSM_analyzer_Tl/output/20240802144729/config/file1_52.json
2024-08-02 14:47:31,688 - File created: ./FMMFSM_analyzer_Tl/output/20240802144729/config/fileSys_52.json
2024-08-02 14:47:31,730 - Starting post-processing for simulation 52
2024-08-02 14:47:31,730 - Starting post-processing
2024-08-02 14:47:31,730 - First blocking state step: 5
2024-08-02 14:47:31,730 - Post-processed file saved to: ./FMMFSM_analyzer_Tl/output/20240802144729/computed/file1_52/result/file1_52PostProcessed_Result.json
2024-08-02 14:47:31,731 - File created: ./FMMFSM_analyzer_Tl/output/20240802144729/config/file1_53.json
2024-08-02 14:47:31,732 - File created: ./FMMFSM_analyzer_Tl/output/20240802144729/config/fileSys_53.json
2024-08-02 14:47:31,775 - Starting post-processing for simulation 53
2024-08-02 14:47:31,775 - Starting post-processing
2024-08-02 14:47:31,776 - First blocking state step: 6
2024-08-02 14:47:31,776 - Post-processed file saved to: ./FMMFSM_analyzer_Tl/output/20240802144729/computed/file1_53/result/file1_53PostProcessed_Result.json
2024-08-02 14:47:31,777 - File created: ./FMMFSM_analyzer_Tl/output/20240802144729/config/file1_54.json
2024-08-02 14:47:31,778 - File created: ./FMMFSM_analyzer_Tl/output/20240802144729/config/fileSys_54.json
2024-08-02 14:47:31,820 - Starting post-processing for simulation 54
2024-08-02 14:47:31,820 - Starting post-processing
2024-08-02 14:47:31,821 - First blocking state step: 4
2024-08-02 14:47:31,822 - Post-processed file saved to: ./FMMFSM_analyzer_Tl/output/20240802144729/computed/file1_54/result/file1_54PostProcessed_Result.json
2024-08-02 14:47:31,823 - File created: ./FMMFSM_analyzer_Tl/output/20240802144729/config/file1_55.json
2024-08-02 14:47:31,824 - File created: ./FMMFSM_analyzer_Tl/output/20240802144729/config/fileSys_55.json
2024-08-02 14:47:31,867 - Starting post-processing for simulation 55
2024-08-02 14:47:31,867 - Starting post-processing
2024-08-02 14:47:31,868 - First blocking state step: 9
2024-08-02 14:47:31,868 - Post-processed file saved to: ./FMMFSM_analyzer_Tl/output/20240802144729/computed/file1_55/result/file1_55PostProcessed_Result.json
2024-08-02 14:47:31,869 - File created: ./FMMFSM_analyzer_Tl/output/20240802144729/config/file1_56.json
2024-08-02 14:47:31,870 - File created: ./FMMFSM_analyzer_Tl/output/20240802144729/config/fileSys_56.json
2024-08-02 14:47:31,914 - Starting post-processing for simulation 56
2024-08-02 14:47:31,914 - Starting post-processing
2024-08-02 14:47:31,914 - First blocking state step: 2
2024-08-02 14:47:31,915 - Post-processed file saved to: ./FMMFSM_analyzer_Tl/output/20240802144729/computed/file1_56/result/file1_56PostProcessed_Result.json
2024-08-02 14:47:31,916 - File created: ./FMMFSM_analyzer_Tl/output/20240802144729/config/file1_57.json
2024-08-02 14:47:31,916 - File created: ./FMMFSM_analyzer_Tl/output/20240802144729/config/fileSys_57.json
2024-08-02 14:47:31,957 - Starting post-processing for simulation 57
2024-08-02 14:47:31,957 - Starting post-processing
2024-08-02 14:47:31,957 - First blocking state step: 2
2024-08-02 14:47:31,958 - Post-processed file saved to: ./FMMFSM_analyzer_Tl/output/20240802144729/computed/file1_57/result/file1_57PostProcessed_Result.json
2024-08-02 14:47:31,959 - File created: ./FMMFSM_analyzer_Tl/output/20240802144729/config/file1_58.json
2024-08-02 14:47:31,960 - File created: ./FMMFSM_analyzer_Tl/output/20240802144729/config/fileSys_58.json
2024-08-02 14:47:32,003 - Starting post-processing for simulation 58
2024-08-02 14:47:32,003 - Starting post-processing
2024-08-02 14:47:32,003 - First blocking state step: 5
2024-08-02 14:47:32,004 - Post-processed file saved to: ./FMMFSM_analyzer_Tl/output/20240802144729/computed/file1_58/result/file1_58PostProcessed_Result.json
2024-08-02 14:47:32,005 - File created: ./FMMFSM_analyzer_Tl/output/20240802144729/config/file1_59.json
2024-08-02 14:47:32,005 - File created: ./FMMFSM_analyzer_Tl/output/20240802144729/config/fileSys_59.json
2024-08-02 14:47:32,050 - Starting post-processing for simulation 59
2024-08-02 14:47:32,050 - Starting post-processing
2024-08-02 14:47:32,050 - First blocking state step: 6
2024-08-02 14:47:32,051 - Post-processed file saved to: ./FMMFSM_analyzer_Tl/output/20240802144729/computed/file1_59/result/file1_59PostProcessed_Result.json
2024-08-02 14:47:32,052 - File created: ./FMMFSM_analyzer_Tl/output/20240802144729/config/file1_60.json
2024-08-02 14:47:32,052 - File created: ./FMMFSM_analyzer_Tl/output/20240802144729/config/fileSys_60.json
2024-08-02 14:47:32,095 - Starting post-processing for simulation 60
2024-08-02 14:47:32,095 - Starting post-processing
2024-08-02 14:47:32,096 - First blocking state step: 4
2024-08-02 14:47:32,096 - Post-processed file saved to: ./FMMFSM_analyzer_Tl/output/20240802144729/computed/file1_60/result/file1_60PostProcessed_Result.json
2024-08-02 14:47:32,097 - File created: ./FMMFSM_analyzer_Tl/output/20240802144729/config/file1_61.json
2024-08-02 14:47:32,098 - File created: ./FMMFSM_analyzer_Tl/output/20240802144729/config/fileSys_61.json
2024-08-02 14:47:32,139 - Starting post-processing for simulation 61
2024-08-02 14:47:32,139 - Starting post-processing
2024-08-02 14:47:32,139 - First blocking state step: 3
2024-08-02 14:47:32,140 - Post-processed file saved to: ./FMMFSM_analyzer_Tl/output/20240802144729/computed/file1_61/result/file1_61PostProcessed_Result.json
2024-08-02 14:47:32,141 - File created: ./FMMFSM_analyzer_Tl/output/20240802144729/config/file1_62.json
2024-08-02 14:47:32,142 - File created: ./FMMFSM_analyzer_Tl/output/20240802144729/config/fileSys_62.json
2024-08-02 14:47:32,185 - Starting post-processing for simulation 62
2024-08-02 14:47:32,185 - Starting post-processing
2024-08-02 14:47:32,186 - First blocking state step: 6
2024-08-02 14:47:32,186 - Post-processed file saved to: ./FMMFSM_analyzer_Tl/output/20240802144729/computed/file1_62/result/file1_62PostProcessed_Result.json
2024-08-02 14:47:32,187 - File created: ./FMMFSM_analyzer_Tl/output/20240802144729/config/file1_63.json
2024-08-02 14:47:32,187 - File created: ./FMMFSM_analyzer_Tl/output/20240802144729/config/fileSys_63.json
2024-08-02 14:47:32,229 - Starting post-processing for simulation 63
2024-08-02 14:47:32,229 - Starting post-processing
2024-08-02 14:47:32,229 - First blocking state step: 6
2024-08-02 14:47:32,230 - Post-processed file saved to: ./FMMFSM_analyzer_Tl/output/20240802144729/computed/file1_63/result/file1_63PostProcessed_Result.json
2024-08-02 14:47:32,231 - File created: ./FMMFSM_analyzer_Tl/output/20240802144729/config/file1_64.json
2024-08-02 14:47:32,231 - File created: ./FMMFSM_analyzer_Tl/output/20240802144729/config/fileSys_64.json
2024-08-02 14:47:32,274 - Starting post-processing for simulation 64
2024-08-02 14:47:32,274 - Starting post-processing
2024-08-02 14:47:32,274 - First blocking state step: 4
2024-08-02 14:47:32,274 - Post-processed file saved to: ./FMMFSM_analyzer_Tl/output/20240802144729/computed/file1_64/result/file1_64PostProcessed_Result.json
2024-08-02 14:47:32,276 - File created: ./FMMFSM_analyzer_Tl/output/20240802144729/config/file1_65.json
2024-08-02 14:47:32,276 - File created: ./FMMFSM_analyzer_Tl/output/20240802144729/config/fileSys_65.json
2024-08-02 14:47:32,318 - Starting post-processing for simulation 65
2024-08-02 14:47:32,318 - Starting post-processing
2024-08-02 14:47:32,318 - First blocking state step: 6
2024-08-02 14:47:32,318 - Post-processed file saved to: ./FMMFSM_analyzer_Tl/output/20240802144729/computed/file1_65/result/file1_65PostProcessed_Result.json
2024-08-02 14:47:32,320 - File created: ./FMMFSM_analyzer_Tl/output/20240802144729/config/file1_66.json
2024-08-02 14:47:32,320 - File created: ./FMMFSM_analyzer_Tl/output/20240802144729/config/fileSys_66.json
2024-08-02 14:47:32,364 - Starting post-processing for simulation 66
2024-08-02 14:47:32,364 - Starting post-processing
2024-08-02 14:47:32,364 - First blocking state step: 6
2024-08-02 14:47:32,365 - Post-processed file saved to: ./FMMFSM_analyzer_Tl/output/20240802144729/computed/file1_66/result/file1_66PostProcessed_Result.json
2024-08-02 14:47:32,366 - File created: ./FMMFSM_analyzer_Tl/output/20240802144729/config/file1_67.json
2024-08-02 14:47:32,366 - File created: ./FMMFSM_analyzer_Tl/output/20240802144729/config/fileSys_67.json
2024-08-02 14:47:32,411 - Starting post-processing for simulation 67
2024-08-02 14:47:32,411 - Starting post-processing
2024-08-02 14:47:32,411 - First blocking state step: 1
2024-08-02 14:47:32,411 - Post-processed file saved to: ./FMMFSM_analyzer_Tl/output/20240802144729/computed/file1_67/result/file1_67PostProcessed_Result.json
2024-08-02 14:47:32,412 - File created: ./FMMFSM_analyzer_Tl/output/20240802144729/config/file1_68.json
2024-08-02 14:47:32,413 - File created: ./FMMFSM_analyzer_Tl/output/20240802144729/config/fileSys_68.json
2024-08-02 14:47:32,454 - Starting post-processing for simulation 68
2024-08-02 14:47:32,455 - Starting post-processing
2024-08-02 14:47:32,455 - First blocking state step: None
2024-08-02 14:47:32,456 - Post-processed file saved to: ./FMMFSM_analyzer_Tl/output/20240802144729/computed/file1_68/result/file1_68PostProcessed_Result.json
2024-08-02 14:47:32,457 - File created: ./FMMFSM_analyzer_Tl/output/20240802144729/config/file1_69.json
2024-08-02 14:47:32,458 - File created: ./FMMFSM_analyzer_Tl/output/20240802144729/config/fileSys_69.json
2024-08-02 14:47:32,503 - Starting post-processing for simulation 69
2024-08-02 14:47:32,503 - Starting post-processing
2024-08-02 14:47:32,503 - First blocking state step: 8
2024-08-02 14:47:32,503 - Post-processed file saved to: ./FMMFSM_analyzer_Tl/output/20240802144729/computed/file1_69/result/file1_69PostProcessed_Result.json
2024-08-02 14:47:32,505 - File created: ./FMMFSM_analyzer_Tl/output/20240802144729/config/file1_70.json
2024-08-02 14:47:32,505 - File created: ./FMMFSM_analyzer_Tl/output/20240802144729/config/fileSys_70.json
2024-08-02 14:47:32,546 - Starting post-processing for simulation 70
2024-08-02 14:47:32,546 - Starting post-processing
2024-08-02 14:47:32,547 - First blocking state step: 6
2024-08-02 14:47:32,547 - Post-processed file saved to: ./FMMFSM_analyzer_Tl/output/20240802144729/computed/file1_70/result/file1_70PostProcessed_Result.json
2024-08-02 14:47:32,548 - File created: ./FMMFSM_analyzer_Tl/output/20240802144729/config/file1_71.json
2024-08-02 14:47:32,548 - File created: ./FMMFSM_analyzer_Tl/output/20240802144729/config/fileSys_71.json
2024-08-02 14:47:32,590 - Starting post-processing for simulation 71
2024-08-02 14:47:32,590 - Starting post-processing
2024-08-02 14:47:32,590 - First blocking state step: None
2024-08-02 14:47:32,591 - Post-processed file saved to: ./FMMFSM_analyzer_Tl/output/20240802144729/computed/file1_71/result/file1_71PostProcessed_Result.json
2024-08-02 14:47:32,592 - File created: ./FMMFSM_analyzer_Tl/output/20240802144729/config/file1_72.json
2024-08-02 14:47:32,593 - File created: ./FMMFSM_analyzer_Tl/output/20240802144729/config/fileSys_72.json
2024-08-02 14:47:32,635 - Starting post-processing for simulation 72
2024-08-02 14:47:32,635 - Starting post-processing
2024-08-02 14:47:32,635 - First blocking state step: 5
2024-08-02 14:47:32,636 - Post-processed file saved to: ./FMMFSM_analyzer_Tl/output/20240802144729/computed/file1_72/result/file1_72PostProcessed_Result.json
2024-08-02 14:47:32,637 - File created: ./FMMFSM_analyzer_Tl/output/20240802144729/config/file1_73.json
2024-08-02 14:47:32,637 - File created: ./FMMFSM_analyzer_Tl/output/20240802144729/config/fileSys_73.json
2024-08-02 14:47:32,681 - Starting post-processing for simulation 73
2024-08-02 14:47:32,681 - Starting post-processing
2024-08-02 14:47:32,682 - First blocking state step: 4
2024-08-02 14:47:32,682 - Post-processed file saved to: ./FMMFSM_analyzer_Tl/output/20240802144729/computed/file1_73/result/file1_73PostProcessed_Result.json
2024-08-02 14:47:32,683 - File created: ./FMMFSM_analyzer_Tl/output/20240802144729/config/file1_74.json
2024-08-02 14:47:32,684 - File created: ./FMMFSM_analyzer_Tl/output/20240802144729/config/fileSys_74.json
2024-08-02 14:47:32,729 - Starting post-processing for simulation 74
2024-08-02 14:47:32,729 - Starting post-processing
2024-08-02 14:47:32,730 - First blocking state step: 5
2024-08-02 14:47:32,730 - Post-processed file saved to: ./FMMFSM_analyzer_Tl/output/20240802144729/computed/file1_74/result/file1_74PostProcessed_Result.json
2024-08-02 14:47:32,731 - File created: ./FMMFSM_analyzer_Tl/output/20240802144729/config/file1_75.json
2024-08-02 14:47:32,731 - File created: ./FMMFSM_analyzer_Tl/output/20240802144729/config/fileSys_75.json
2024-08-02 14:47:32,774 - Starting post-processing for simulation 75
2024-08-02 14:47:32,774 - Starting post-processing
2024-08-02 14:47:32,774 - First blocking state step: 5
2024-08-02 14:47:32,775 - Post-processed file saved to: ./FMMFSM_analyzer_Tl/output/20240802144729/computed/file1_75/result/file1_75PostProcessed_Result.json
2024-08-02 14:47:32,776 - File created: ./FMMFSM_analyzer_Tl/output/20240802144729/config/file1_76.json
2024-08-02 14:47:32,777 - File created: ./FMMFSM_analyzer_Tl/output/20240802144729/config/fileSys_76.json
2024-08-02 14:47:32,818 - Starting post-processing for simulation 76
2024-08-02 14:47:32,818 - Starting post-processing
2024-08-02 14:47:32,818 - First blocking state step: 4
2024-08-02 14:47:32,819 - Post-processed file saved to: ./FMMFSM_analyzer_Tl/output/20240802144729/computed/file1_76/result/file1_76PostProcessed_Result.json
2024-08-02 14:47:32,820 - File created: ./FMMFSM_analyzer_Tl/output/20240802144729/config/file1_77.json
2024-08-02 14:47:32,820 - File created: ./FMMFSM_analyzer_Tl/output/20240802144729/config/fileSys_77.json
2024-08-02 14:47:32,863 - Starting post-processing for simulation 77
2024-08-02 14:47:32,864 - Starting post-processing
2024-08-02 14:47:32,864 - First blocking state step: 4
2024-08-02 14:47:32,864 - Post-processed file saved to: ./FMMFSM_analyzer_Tl/output/20240802144729/computed/file1_77/result/file1_77PostProcessed_Result.json
2024-08-02 14:47:32,865 - File created: ./FMMFSM_analyzer_Tl/output/20240802144729/config/file1_78.json
2024-08-02 14:47:32,866 - File created: ./FMMFSM_analyzer_Tl/output/20240802144729/config/fileSys_78.json
2024-08-02 14:47:32,907 - Starting post-processing for simulation 78
2024-08-02 14:47:32,907 - Starting post-processing
2024-08-02 14:47:32,907 - First blocking state step: 3
2024-08-02 14:47:32,908 - Post-processed file saved to: ./FMMFSM_analyzer_Tl/output/20240802144729/computed/file1_78/result/file1_78PostProcessed_Result.json
2024-08-02 14:47:32,909 - File created: ./FMMFSM_analyzer_Tl/output/20240802144729/config/file1_79.json
2024-08-02 14:47:32,910 - File created: ./FMMFSM_analyzer_Tl/output/20240802144729/config/fileSys_79.json
2024-08-02 14:47:32,954 - Starting post-processing for simulation 79
2024-08-02 14:47:32,954 - Starting post-processing
2024-08-02 14:47:32,955 - First blocking state step: 4
2024-08-02 14:47:32,955 - Post-processed file saved to: ./FMMFSM_analyzer_Tl/output/20240802144729/computed/file1_79/result/file1_79PostProcessed_Result.json
2024-08-02 14:47:32,957 - File created: ./FMMFSM_analyzer_Tl/output/20240802144729/config/file1_80.json
2024-08-02 14:47:32,957 - File created: ./FMMFSM_analyzer_Tl/output/20240802144729/config/fileSys_80.json
2024-08-02 14:47:33,000 - Starting post-processing for simulation 80
2024-08-02 14:47:33,000 - Starting post-processing
2024-08-02 14:47:33,000 - First blocking state step: 4
2024-08-02 14:47:33,001 - Post-processed file saved to: ./FMMFSM_analyzer_Tl/output/20240802144729/computed/file1_80/result/file1_80PostProcessed_Result.json
2024-08-02 14:47:33,003 - File created: ./FMMFSM_analyzer_Tl/output/20240802144729/config/file1_81.json
2024-08-02 14:47:33,003 - File created: ./FMMFSM_analyzer_Tl/output/20240802144729/config/fileSys_81.json
2024-08-02 14:47:33,055 - Starting post-processing for simulation 81
2024-08-02 14:47:33,055 - Starting post-processing
2024-08-02 14:47:33,055 - First blocking state step: 2
2024-08-02 14:47:33,056 - Post-processed file saved to: ./FMMFSM_analyzer_Tl/output/20240802144729/computed/file1_81/result/file1_81PostProcessed_Result.json
2024-08-02 14:47:33,057 - File created: ./FMMFSM_analyzer_Tl/output/20240802144729/config/file1_82.json
2024-08-02 14:47:33,058 - File created: ./FMMFSM_analyzer_Tl/output/20240802144729/config/fileSys_82.json
2024-08-02 14:47:33,100 - Starting post-processing for simulation 82
2024-08-02 14:47:33,100 - Starting post-processing
2024-08-02 14:47:33,100 - First blocking state step: 5
2024-08-02 14:47:33,100 - Post-processed file saved to: ./FMMFSM_analyzer_Tl/output/20240802144729/computed/file1_82/result/file1_82PostProcessed_Result.json
2024-08-02 14:47:33,101 - File created: ./FMMFSM_analyzer_Tl/output/20240802144729/config/file1_83.json
2024-08-02 14:47:33,102 - File created: ./FMMFSM_analyzer_Tl/output/20240802144729/config/fileSys_83.json
2024-08-02 14:47:33,148 - Starting post-processing for simulation 83
2024-08-02 14:47:33,148 - Starting post-processing
2024-08-02 14:47:33,148 - First blocking state step: 8
2024-08-02 14:47:33,149 - Post-processed file saved to: ./FMMFSM_analyzer_Tl/output/20240802144729/computed/file1_83/result/file1_83PostProcessed_Result.json
2024-08-02 14:47:33,150 - File created: ./FMMFSM_analyzer_Tl/output/20240802144729/config/file1_84.json
2024-08-02 14:47:33,151 - File created: ./FMMFSM_analyzer_Tl/output/20240802144729/config/fileSys_84.json
2024-08-02 14:47:33,193 - Starting post-processing for simulation 84
2024-08-02 14:47:33,193 - Starting post-processing
2024-08-02 14:47:33,193 - First blocking state step: 6
2024-08-02 14:47:33,194 - Post-processed file saved to: ./FMMFSM_analyzer_Tl/output/20240802144729/computed/file1_84/result/file1_84PostProcessed_Result.json
2024-08-02 14:47:33,195 - File created: ./FMMFSM_analyzer_Tl/output/20240802144729/config/file1_85.json
2024-08-02 14:47:33,195 - File created: ./FMMFSM_analyzer_Tl/output/20240802144729/config/fileSys_85.json
2024-08-02 14:47:33,240 - Starting post-processing for simulation 85
2024-08-02 14:47:33,240 - Starting post-processing
2024-08-02 14:47:33,240 - First blocking state step: 9
2024-08-02 14:47:33,241 - Post-processed file saved to: ./FMMFSM_analyzer_Tl/output/20240802144729/computed/file1_85/result/file1_85PostProcessed_Result.json
2024-08-02 14:47:33,242 - File created: ./FMMFSM_analyzer_Tl/output/20240802144729/config/file1_86.json
2024-08-02 14:47:33,242 - File created: ./FMMFSM_analyzer_Tl/output/20240802144729/config/fileSys_86.json
2024-08-02 14:47:33,288 - Starting post-processing for simulation 86
2024-08-02 14:47:33,288 - Starting post-processing
2024-08-02 14:47:33,288 - First blocking state step: 3
2024-08-02 14:47:33,289 - Post-processed file saved to: ./FMMFSM_analyzer_Tl/output/20240802144729/computed/file1_86/result/file1_86PostProcessed_Result.json
2024-08-02 14:47:33,290 - File created: ./FMMFSM_analyzer_Tl/output/20240802144729/config/file1_87.json
2024-08-02 14:47:33,291 - File created: ./FMMFSM_analyzer_Tl/output/20240802144729/config/fileSys_87.json
2024-08-02 14:47:33,334 - Starting post-processing for simulation 87
2024-08-02 14:47:33,334 - Starting post-processing
2024-08-02 14:47:33,334 - First blocking state step: 2
2024-08-02 14:47:33,335 - Post-processed file saved to: ./FMMFSM_analyzer_Tl/output/20240802144729/computed/file1_87/result/file1_87PostProcessed_Result.json
2024-08-02 14:47:33,336 - File created: ./FMMFSM_analyzer_Tl/output/20240802144729/config/file1_88.json
2024-08-02 14:47:33,337 - File created: ./FMMFSM_analyzer_Tl/output/20240802144729/config/fileSys_88.json
2024-08-02 14:47:33,379 - Starting post-processing for simulation 88
2024-08-02 14:47:33,379 - Starting post-processing
2024-08-02 14:47:33,379 - First blocking state step: 4
2024-08-02 14:47:33,380 - Post-processed file saved to: ./FMMFSM_analyzer_Tl/output/20240802144729/computed/file1_88/result/file1_88PostProcessed_Result.json
2024-08-02 14:47:33,381 - File created: ./FMMFSM_analyzer_Tl/output/20240802144729/config/file1_89.json
2024-08-02 14:47:33,382 - File created: ./FMMFSM_analyzer_Tl/output/20240802144729/config/fileSys_89.json
2024-08-02 14:47:33,428 - Starting post-processing for simulation 89
2024-08-02 14:47:33,428 - Starting post-processing
2024-08-02 14:47:33,429 - First blocking state step: 4
2024-08-02 14:47:33,429 - Post-processed file saved to: ./FMMFSM_analyzer_Tl/output/20240802144729/computed/file1_89/result/file1_89PostProcessed_Result.json
2024-08-02 14:47:33,431 - File created: ./FMMFSM_analyzer_Tl/output/20240802144729/config/file1_90.json
2024-08-02 14:47:33,432 - File created: ./FMMFSM_analyzer_Tl/output/20240802144729/config/fileSys_90.json
2024-08-02 14:47:33,475 - Starting post-processing for simulation 90
2024-08-02 14:47:33,475 - Starting post-processing
2024-08-02 14:47:33,476 - First blocking state step: 8
2024-08-02 14:47:33,477 - Post-processed file saved to: ./FMMFSM_analyzer_Tl/output/20240802144729/computed/file1_90/result/file1_90PostProcessed_Result.json
2024-08-02 14:47:33,478 - File created: ./FMMFSM_analyzer_Tl/output/20240802144729/config/file1_91.json
2024-08-02 14:47:33,479 - File created: ./FMMFSM_analyzer_Tl/output/20240802144729/config/fileSys_91.json
2024-08-02 14:47:33,522 - Starting post-processing for simulation 91
2024-08-02 14:47:33,523 - Starting post-processing
2024-08-02 14:47:33,523 - First blocking state step: 4
2024-08-02 14:47:33,524 - Post-processed file saved to: ./FMMFSM_analyzer_Tl/output/20240802144729/computed/file1_91/result/file1_91PostProcessed_Result.json
2024-08-02 14:47:33,525 - File created: ./FMMFSM_analyzer_Tl/output/20240802144729/config/file1_92.json
2024-08-02 14:47:33,526 - File created: ./FMMFSM_analyzer_Tl/output/20240802144729/config/fileSys_92.json
2024-08-02 14:47:33,570 - Starting post-processing for simulation 92
2024-08-02 14:47:33,570 - Starting post-processing
2024-08-02 14:47:33,570 - First blocking state step: 1
2024-08-02 14:47:33,571 - Post-processed file saved to: ./FMMFSM_analyzer_Tl/output/20240802144729/computed/file1_92/result/file1_92PostProcessed_Result.json
2024-08-02 14:47:33,572 - File created: ./FMMFSM_analyzer_Tl/output/20240802144729/config/file1_93.json
2024-08-02 14:47:33,573 - File created: ./FMMFSM_analyzer_Tl/output/20240802144729/config/fileSys_93.json
2024-08-02 14:47:33,616 - Starting post-processing for simulation 93
2024-08-02 14:47:33,616 - Starting post-processing
2024-08-02 14:47:33,616 - First blocking state step: 2
2024-08-02 14:47:33,617 - Post-processed file saved to: ./FMMFSM_analyzer_Tl/output/20240802144729/computed/file1_93/result/file1_93PostProcessed_Result.json
2024-08-02 14:47:33,619 - File created: ./FMMFSM_analyzer_Tl/output/20240802144729/config/file1_94.json
2024-08-02 14:47:33,619 - File created: ./FMMFSM_analyzer_Tl/output/20240802144729/config/fileSys_94.json
2024-08-02 14:47:33,666 - Starting post-processing for simulation 94
2024-08-02 14:47:33,666 - Starting post-processing
2024-08-02 14:47:33,666 - First blocking state step: 4
2024-08-02 14:47:33,666 - Post-processed file saved to: ./FMMFSM_analyzer_Tl/output/20240802144729/computed/file1_94/result/file1_94PostProcessed_Result.json
2024-08-02 14:47:33,668 - File created: ./FMMFSM_analyzer_Tl/output/20240802144729/config/file1_95.json
2024-08-02 14:47:33,668 - File created: ./FMMFSM_analyzer_Tl/output/20240802144729/config/fileSys_95.json
2024-08-02 14:47:33,711 - Starting post-processing for simulation 95
2024-08-02 14:47:33,711 - Starting post-processing
2024-08-02 14:47:33,711 - First blocking state step: 9
2024-08-02 14:47:33,712 - Post-processed file saved to: ./FMMFSM_analyzer_Tl/output/20240802144729/computed/file1_95/result/file1_95PostProcessed_Result.json
2024-08-02 14:47:33,713 - File created: ./FMMFSM_analyzer_Tl/output/20240802144729/config/file1_96.json
2024-08-02 14:47:33,714 - File created: ./FMMFSM_analyzer_Tl/output/20240802144729/config/fileSys_96.json
2024-08-02 14:47:33,756 - Starting post-processing for simulation 96
2024-08-02 14:47:33,756 - Starting post-processing
2024-08-02 14:47:33,756 - First blocking state step: 5
2024-08-02 14:47:33,757 - Post-processed file saved to: ./FMMFSM_analyzer_Tl/output/20240802144729/computed/file1_96/result/file1_96PostProcessed_Result.json
2024-08-02 14:47:33,758 - File created: ./FMMFSM_analyzer_Tl/output/20240802144729/config/file1_97.json
2024-08-02 14:47:33,758 - File created: ./FMMFSM_analyzer_Tl/output/20240802144729/config/fileSys_97.json
2024-08-02 14:47:33,801 - Starting post-processing for simulation 97
2024-08-02 14:47:33,801 - Starting post-processing
2024-08-02 14:47:33,801 - First blocking state step: 4
2024-08-02 14:47:33,802 - Post-processed file saved to: ./FMMFSM_analyzer_Tl/output/20240802144729/computed/file1_97/result/file1_97PostProcessed_Result.json
2024-08-02 14:47:33,803 - File created: ./FMMFSM_analyzer_Tl/output/20240802144729/config/file1_98.json
2024-08-02 14:47:33,804 - File created: ./FMMFSM_analyzer_Tl/output/20240802144729/config/fileSys_98.json
2024-08-02 14:47:33,845 - Starting post-processing for simulation 98
2024-08-02 14:47:33,845 - Starting post-processing
2024-08-02 14:47:33,846 - First blocking state step: 6
2024-08-02 14:47:33,846 - Post-processed file saved to: ./FMMFSM_analyzer_Tl/output/20240802144729/computed/file1_98/result/file1_98PostProcessed_Result.json
2024-08-02 14:47:33,847 - File created: ./FMMFSM_analyzer_Tl/output/20240802144729/config/file1_99.json
2024-08-02 14:47:33,848 - File created: ./FMMFSM_analyzer_Tl/output/20240802144729/config/fileSys_99.json
2024-08-02 14:47:33,889 - Starting post-processing for simulation 99
2024-08-02 14:47:33,889 - Starting post-processing
2024-08-02 14:47:33,890 - First blocking state step: 1
2024-08-02 14:47:33,890 - Post-processed file saved to: ./FMMFSM_analyzer_Tl/output/20240802144729/computed/file1_99/result/file1_99PostProcessed_Result.json
2024-08-02 14:47:33,891 - Last file created: 99
