2024-08-02 14:40:57,635 - Command executed: run.py /Users/angelcui/Documents/GitHub/FMMFSM_simulator/FMMFSM_analyzer_Tl/config/file2.json /Users/angelcui/Documents/GitHub/FMMFSM_simulator/FMMFSM_analyzer_Tl/config/fileSys.json --num 10 --iter 100 --tl --postp
2024-08-02 14:40:57,639 - File created: ./FMMFSM_analyzer_Tl/output/20240802144057/config/file2_0.json
2024-08-02 14:40:57,639 - File created: ./FMMFSM_analyzer_Tl/output/20240802144057/config/fileSys_0.json
2024-08-02 14:40:57,680 - Starting post-processing for simulation 0
2024-08-02 14:40:57,680 - Starting post-processing
2024-08-02 14:40:57,680 - First blocking state step: None
2024-08-02 14:40:57,681 - Post-processed file saved to: ./FMMFSM_analyzer_Tl/output/20240802144057/computed/file2_0/result/file2_0PostProcessed_Result.json
2024-08-02 14:40:57,681 - First file created: 0
2024-08-02 14:40:57,682 - File created: ./FMMFSM_analyzer_Tl/output/20240802144057/config/file2_1.json
2024-08-02 14:40:57,683 - File created: ./FMMFSM_analyzer_Tl/output/20240802144057/config/fileSys_1.json
2024-08-02 14:40:57,723 - Starting post-processing for simulation 1
2024-08-02 14:40:57,723 - Starting post-processing
2024-08-02 14:40:57,723 - First blocking state step: 5
2024-08-02 14:40:57,724 - Post-processed file saved to: ./FMMFSM_analyzer_Tl/output/20240802144057/computed/file2_1/result/file2_1PostProcessed_Result.json
2024-08-02 14:40:57,725 - File created: ./FMMFSM_analyzer_Tl/output/20240802144057/config/file2_2.json
2024-08-02 14:40:57,725 - File created: ./FMMFSM_analyzer_Tl/output/20240802144057/config/fileSys_2.json
2024-08-02 14:40:57,765 - Starting post-processing for simulation 2
2024-08-02 14:40:57,765 - Starting post-processing
2024-08-02 14:40:57,765 - First blocking state step: 9
2024-08-02 14:40:57,766 - Post-processed file saved to: ./FMMFSM_analyzer_Tl/output/20240802144057/computed/file2_2/result/file2_2PostProcessed_Result.json
2024-08-02 14:40:57,767 - File created: ./FMMFSM_analyzer_Tl/output/20240802144057/config/file2_3.json
2024-08-02 14:40:57,767 - File created: ./FMMFSM_analyzer_Tl/output/20240802144057/config/fileSys_3.json
2024-08-02 14:40:57,808 - Starting post-processing for simulation 3
2024-08-02 14:40:57,808 - Starting post-processing
2024-08-02 14:40:57,808 - First blocking state step: 6
2024-08-02 14:40:57,809 - Post-processed file saved to: ./FMMFSM_analyzer_Tl/output/20240802144057/computed/file2_3/result/file2_3PostProcessed_Result.json
2024-08-02 14:40:57,810 - File created: ./FMMFSM_analyzer_Tl/output/20240802144057/config/file2_4.json
2024-08-02 14:40:57,810 - File created: ./FMMFSM_analyzer_Tl/output/20240802144057/config/fileSys_4.json
2024-08-02 14:40:57,850 - Starting post-processing for simulation 4
2024-08-02 14:40:57,851 - Starting post-processing
2024-08-02 14:40:57,851 - First blocking state step: None
2024-08-02 14:40:57,851 - Post-processed file saved to: ./FMMFSM_analyzer_Tl/output/20240802144057/computed/file2_4/result/file2_4PostProcessed_Result.json
2024-08-02 14:40:57,852 - File created: ./FMMFSM_analyzer_Tl/output/20240802144057/config/file2_5.json
2024-08-02 14:40:57,853 - File created: ./FMMFSM_analyzer_Tl/output/20240802144057/config/fileSys_5.json
2024-08-02 14:40:57,902 - Starting post-processing for simulation 5
2024-08-02 14:40:57,902 - Starting post-processing
2024-08-02 14:40:57,902 - First blocking state step: None
2024-08-02 14:40:57,903 - Post-processed file saved to: ./FMMFSM_analyzer_Tl/output/20240802144057/computed/file2_5/result/file2_5PostProcessed_Result.json
2024-08-02 14:40:57,904 - File created: ./FMMFSM_analyzer_Tl/output/20240802144057/config/file2_6.json
2024-08-02 14:40:57,905 - File created: ./FMMFSM_analyzer_Tl/output/20240802144057/config/fileSys_6.json
2024-08-02 14:40:57,965 - Starting post-processing for simulation 6
2024-08-02 14:40:57,965 - Starting post-processing
2024-08-02 14:40:57,965 - First blocking state step: None
2024-08-02 14:40:57,966 - Post-processed file saved to: ./FMMFSM_analyzer_Tl/output/20240802144057/computed/file2_6/result/file2_6PostProcessed_Result.json
2024-08-02 14:40:57,967 - File created: ./FMMFSM_analyzer_Tl/output/20240802144057/config/file2_7.json
2024-08-02 14:40:57,967 - File created: ./FMMFSM_analyzer_Tl/output/20240802144057/config/fileSys_7.json
2024-08-02 14:40:58,008 - Starting post-processing for simulation 7
2024-08-02 14:40:58,009 - Starting post-processing
2024-08-02 14:40:58,009 - First blocking state step: None
2024-08-02 14:40:58,009 - Post-processed file saved to: ./FMMFSM_analyzer_Tl/output/20240802144057/computed/file2_7/result/file2_7PostProcessed_Result.json
2024-08-02 14:40:58,010 - File created: ./FMMFSM_analyzer_Tl/output/20240802144057/config/file2_8.json
2024-08-02 14:40:58,011 - File created: ./FMMFSM_analyzer_Tl/output/20240802144057/config/fileSys_8.json
2024-08-02 14:40:58,050 - Starting post-processing for simulation 8
2024-08-02 14:40:58,050 - Starting post-processing
2024-08-02 14:40:58,050 - First blocking state step: None
2024-08-02 14:40:58,051 - Post-processed file saved to: ./FMMFSM_analyzer_Tl/output/20240802144057/computed/file2_8/result/file2_8PostProcessed_Result.json
2024-08-02 14:40:58,052 - File created: ./FMMFSM_analyzer_Tl/output/20240802144057/config/file2_9.json
2024-08-02 14:40:58,052 - File created: ./FMMFSM_analyzer_Tl/output/20240802144057/config/fileSys_9.json
2024-08-02 14:40:58,093 - Starting post-processing for simulation 9
2024-08-02 14:40:58,093 - Starting post-processing
2024-08-02 14:40:58,093 - First blocking state step: 5
2024-08-02 14:40:58,093 - Post-processed file saved to: ./FMMFSM_analyzer_Tl/output/20240802144057/computed/file2_9/result/file2_9PostProcessed_Result.json
2024-08-02 14:40:58,094 - File created: ./FMMFSM_analyzer_Tl/output/20240802144057/config/file2_10.json
2024-08-02 14:40:58,095 - File created: ./FMMFSM_analyzer_Tl/output/20240802144057/config/fileSys_10.json
2024-08-02 14:40:58,135 - Starting post-processing for simulation 10
2024-08-02 14:40:58,135 - Starting post-processing
2024-08-02 14:40:58,135 - First blocking state step: 8
2024-08-02 14:40:58,136 - Post-processed file saved to: ./FMMFSM_analyzer_Tl/output/20240802144057/computed/file2_10/result/file2_10PostProcessed_Result.json
2024-08-02 14:40:58,137 - File created: ./FMMFSM_analyzer_Tl/output/20240802144057/config/file2_11.json
2024-08-02 14:40:58,137 - File created: ./FMMFSM_analyzer_Tl/output/20240802144057/config/fileSys_11.json
2024-08-02 14:40:58,177 - Starting post-processing for simulation 11
2024-08-02 14:40:58,177 - Starting post-processing
2024-08-02 14:40:58,177 - First blocking state step: 8
2024-08-02 14:40:58,178 - Post-processed file saved to: ./FMMFSM_analyzer_Tl/output/20240802144057/computed/file2_11/result/file2_11PostProcessed_Result.json
2024-08-02 14:40:58,179 - File created: ./FMMFSM_analyzer_Tl/output/20240802144057/config/file2_12.json
2024-08-02 14:40:58,179 - File created: ./FMMFSM_analyzer_Tl/output/20240802144057/config/fileSys_12.json
2024-08-02 14:40:58,271 - Starting post-processing for simulation 12
2024-08-02 14:40:58,271 - Starting post-processing
2024-08-02 14:40:58,271 - First blocking state step: 5
2024-08-02 14:40:58,272 - Post-processed file saved to: ./FMMFSM_analyzer_Tl/output/20240802144057/computed/file2_12/result/file2_12PostProcessed_Result.json
2024-08-02 14:40:58,273 - File created: ./FMMFSM_analyzer_Tl/output/20240802144057/config/file2_13.json
2024-08-02 14:40:58,273 - File created: ./FMMFSM_analyzer_Tl/output/20240802144057/config/fileSys_13.json
2024-08-02 14:40:58,314 - Starting post-processing for simulation 13
2024-08-02 14:40:58,314 - Starting post-processing
2024-08-02 14:40:58,315 - First blocking state step: None
2024-08-02 14:40:58,315 - Post-processed file saved to: ./FMMFSM_analyzer_Tl/output/20240802144057/computed/file2_13/result/file2_13PostProcessed_Result.json
2024-08-02 14:40:58,316 - File created: ./FMMFSM_analyzer_Tl/output/20240802144057/config/file2_14.json
2024-08-02 14:40:58,317 - File created: ./FMMFSM_analyzer_Tl/output/20240802144057/config/fileSys_14.json
2024-08-02 14:40:58,357 - Starting post-processing for simulation 14
2024-08-02 14:40:58,357 - Starting post-processing
2024-08-02 14:40:58,357 - First blocking state step: 7
2024-08-02 14:40:58,358 - Post-processed file saved to: ./FMMFSM_analyzer_Tl/output/20240802144057/computed/file2_14/result/file2_14PostProcessed_Result.json
2024-08-02 14:40:58,359 - File created: ./FMMFSM_analyzer_Tl/output/20240802144057/config/file2_15.json
2024-08-02 14:40:58,359 - File created: ./FMMFSM_analyzer_Tl/output/20240802144057/config/fileSys_15.json
2024-08-02 14:40:58,401 - Starting post-processing for simulation 15
2024-08-02 14:40:58,401 - Starting post-processing
2024-08-02 14:40:58,401 - First blocking state step: None
2024-08-02 14:40:58,402 - Post-processed file saved to: ./FMMFSM_analyzer_Tl/output/20240802144057/computed/file2_15/result/file2_15PostProcessed_Result.json
2024-08-02 14:40:58,403 - File created: ./FMMFSM_analyzer_Tl/output/20240802144057/config/file2_16.json
2024-08-02 14:40:58,403 - File created: ./FMMFSM_analyzer_Tl/output/20240802144057/config/fileSys_16.json
2024-08-02 14:40:58,445 - Starting post-processing for simulation 16
2024-08-02 14:40:58,446 - Starting post-processing
2024-08-02 14:40:58,446 - First blocking state step: 9
2024-08-02 14:40:58,446 - Post-processed file saved to: ./FMMFSM_analyzer_Tl/output/20240802144057/computed/file2_16/result/file2_16PostProcessed_Result.json
2024-08-02 14:40:58,448 - File created: ./FMMFSM_analyzer_Tl/output/20240802144057/config/file2_17.json
2024-08-02 14:40:58,448 - File created: ./FMMFSM_analyzer_Tl/output/20240802144057/config/fileSys_17.json
2024-08-02 14:40:58,488 - Starting post-processing for simulation 17
2024-08-02 14:40:58,488 - Starting post-processing
2024-08-02 14:40:58,489 - First blocking state step: None
2024-08-02 14:40:58,489 - Post-processed file saved to: ./FMMFSM_analyzer_Tl/output/20240802144057/computed/file2_17/result/file2_17PostProcessed_Result.json
2024-08-02 14:40:58,490 - File created: ./FMMFSM_analyzer_Tl/output/20240802144057/config/file2_18.json
2024-08-02 14:40:58,491 - File created: ./FMMFSM_analyzer_Tl/output/20240802144057/config/fileSys_18.json
2024-08-02 14:40:58,531 - Starting post-processing for simulation 18
2024-08-02 14:40:58,531 - Starting post-processing
2024-08-02 14:40:58,531 - First blocking state step: 3
2024-08-02 14:40:58,532 - Post-processed file saved to: ./FMMFSM_analyzer_Tl/output/20240802144057/computed/file2_18/result/file2_18PostProcessed_Result.json
2024-08-02 14:40:58,533 - File created: ./FMMFSM_analyzer_Tl/output/20240802144057/config/file2_19.json
2024-08-02 14:40:58,533 - File created: ./FMMFSM_analyzer_Tl/output/20240802144057/config/fileSys_19.json
2024-08-02 14:40:58,573 - Starting post-processing for simulation 19
2024-08-02 14:40:58,573 - Starting post-processing
2024-08-02 14:40:58,573 - First blocking state step: 2
2024-08-02 14:40:58,574 - Post-processed file saved to: ./FMMFSM_analyzer_Tl/output/20240802144057/computed/file2_19/result/file2_19PostProcessed_Result.json
2024-08-02 14:40:58,575 - File created: ./FMMFSM_analyzer_Tl/output/20240802144057/config/file2_20.json
2024-08-02 14:40:58,575 - File created: ./FMMFSM_analyzer_Tl/output/20240802144057/config/fileSys_20.json
2024-08-02 14:40:58,615 - Starting post-processing for simulation 20
2024-08-02 14:40:58,615 - Starting post-processing
2024-08-02 14:40:58,616 - First blocking state step: 4
2024-08-02 14:40:58,616 - Post-processed file saved to: ./FMMFSM_analyzer_Tl/output/20240802144057/computed/file2_20/result/file2_20PostProcessed_Result.json
2024-08-02 14:40:58,617 - File created: ./FMMFSM_analyzer_Tl/output/20240802144057/config/file2_21.json
2024-08-02 14:40:58,618 - File created: ./FMMFSM_analyzer_Tl/output/20240802144057/config/fileSys_21.json
2024-08-02 14:40:58,667 - Starting post-processing for simulation 21
2024-08-02 14:40:58,667 - Starting post-processing
2024-08-02 14:40:58,667 - First blocking state step: None
2024-08-02 14:40:58,668 - Post-processed file saved to: ./FMMFSM_analyzer_Tl/output/20240802144057/computed/file2_21/result/file2_21PostProcessed_Result.json
2024-08-02 14:40:58,669 - File created: ./FMMFSM_analyzer_Tl/output/20240802144057/config/file2_22.json
2024-08-02 14:40:58,669 - File created: ./FMMFSM_analyzer_Tl/output/20240802144057/config/fileSys_22.json
2024-08-02 14:40:58,717 - Starting post-processing for simulation 22
2024-08-02 14:40:58,717 - Starting post-processing
2024-08-02 14:40:58,717 - First blocking state step: None
2024-08-02 14:40:58,718 - Post-processed file saved to: ./FMMFSM_analyzer_Tl/output/20240802144057/computed/file2_22/result/file2_22PostProcessed_Result.json
2024-08-02 14:40:58,719 - File created: ./FMMFSM_analyzer_Tl/output/20240802144057/config/file2_23.json
2024-08-02 14:40:58,719 - File created: ./FMMFSM_analyzer_Tl/output/20240802144057/config/fileSys_23.json
2024-08-02 14:40:58,767 - Starting post-processing for simulation 23
2024-08-02 14:40:58,767 - Starting post-processing
2024-08-02 14:40:58,768 - First blocking state step: None
2024-08-02 14:40:58,768 - Post-processed file saved to: ./FMMFSM_analyzer_Tl/output/20240802144057/computed/file2_23/result/file2_23PostProcessed_Result.json
2024-08-02 14:40:58,769 - File created: ./FMMFSM_analyzer_Tl/output/20240802144057/config/file2_24.json
2024-08-02 14:40:58,770 - File created: ./FMMFSM_analyzer_Tl/output/20240802144057/config/fileSys_24.json
2024-08-02 14:40:58,809 - Starting post-processing for simulation 24
2024-08-02 14:40:58,809 - Starting post-processing
2024-08-02 14:40:58,810 - First blocking state step: 3
2024-08-02 14:40:58,810 - Post-processed file saved to: ./FMMFSM_analyzer_Tl/output/20240802144057/computed/file2_24/result/file2_24PostProcessed_Result.json
2024-08-02 14:40:58,811 - File created: ./FMMFSM_analyzer_Tl/output/20240802144057/config/file2_25.json
2024-08-02 14:40:58,811 - File created: ./FMMFSM_analyzer_Tl/output/20240802144057/config/fileSys_25.json
2024-08-02 14:40:58,851 - Starting post-processing for simulation 25
2024-08-02 14:40:58,851 - Starting post-processing
2024-08-02 14:40:58,851 - First blocking state step: None
2024-08-02 14:40:58,852 - Post-processed file saved to: ./FMMFSM_analyzer_Tl/output/20240802144057/computed/file2_25/result/file2_25PostProcessed_Result.json
2024-08-02 14:40:58,853 - File created: ./FMMFSM_analyzer_Tl/output/20240802144057/config/file2_26.json
2024-08-02 14:40:58,853 - File created: ./FMMFSM_analyzer_Tl/output/20240802144057/config/fileSys_26.json
2024-08-02 14:40:58,896 - Starting post-processing for simulation 26
2024-08-02 14:40:58,896 - Starting post-processing
2024-08-02 14:40:58,896 - First blocking state step: 8
2024-08-02 14:40:58,897 - Post-processed file saved to: ./FMMFSM_analyzer_Tl/output/20240802144057/computed/file2_26/result/file2_26PostProcessed_Result.json
2024-08-02 14:40:58,898 - File created: ./FMMFSM_analyzer_Tl/output/20240802144057/config/file2_27.json
2024-08-02 14:40:58,898 - File created: ./FMMFSM_analyzer_Tl/output/20240802144057/config/fileSys_27.json
2024-08-02 14:40:58,939 - Starting post-processing for simulation 27
2024-08-02 14:40:58,939 - Starting post-processing
2024-08-02 14:40:58,939 - First blocking state step: None
2024-08-02 14:40:58,940 - Post-processed file saved to: ./FMMFSM_analyzer_Tl/output/20240802144057/computed/file2_27/result/file2_27PostProcessed_Result.json
2024-08-02 14:40:58,941 - File created: ./FMMFSM_analyzer_Tl/output/20240802144057/config/file2_28.json
2024-08-02 14:40:58,941 - File created: ./FMMFSM_analyzer_Tl/output/20240802144057/config/fileSys_28.json
2024-08-02 14:40:58,981 - Starting post-processing for simulation 28
2024-08-02 14:40:58,981 - Starting post-processing
2024-08-02 14:40:58,982 - First blocking state step: None
2024-08-02 14:40:58,982 - Post-processed file saved to: ./FMMFSM_analyzer_Tl/output/20240802144057/computed/file2_28/result/file2_28PostProcessed_Result.json
2024-08-02 14:40:58,983 - File created: ./FMMFSM_analyzer_Tl/output/20240802144057/config/file2_29.json
2024-08-02 14:40:58,984 - File created: ./FMMFSM_analyzer_Tl/output/20240802144057/config/fileSys_29.json
2024-08-02 14:40:59,027 - Starting post-processing for simulation 29
2024-08-02 14:40:59,027 - Starting post-processing
2024-08-02 14:40:59,027 - First blocking state step: None
2024-08-02 14:40:59,028 - Post-processed file saved to: ./FMMFSM_analyzer_Tl/output/20240802144057/computed/file2_29/result/file2_29PostProcessed_Result.json
2024-08-02 14:40:59,029 - File created: ./FMMFSM_analyzer_Tl/output/20240802144057/config/file2_30.json
2024-08-02 14:40:59,029 - File created: ./FMMFSM_analyzer_Tl/output/20240802144057/config/fileSys_30.json
2024-08-02 14:40:59,070 - Starting post-processing for simulation 30
2024-08-02 14:40:59,070 - Starting post-processing
2024-08-02 14:40:59,070 - First blocking state step: None
2024-08-02 14:40:59,071 - Post-processed file saved to: ./FMMFSM_analyzer_Tl/output/20240802144057/computed/file2_30/result/file2_30PostProcessed_Result.json
2024-08-02 14:40:59,072 - File created: ./FMMFSM_analyzer_Tl/output/20240802144057/config/file2_31.json
2024-08-02 14:40:59,072 - File created: ./FMMFSM_analyzer_Tl/output/20240802144057/config/fileSys_31.json
2024-08-02 14:40:59,112 - Starting post-processing for simulation 31
2024-08-02 14:40:59,112 - Starting post-processing
2024-08-02 14:40:59,113 - First blocking state step: 9
2024-08-02 14:40:59,113 - Post-processed file saved to: ./FMMFSM_analyzer_Tl/output/20240802144057/computed/file2_31/result/file2_31PostProcessed_Result.json
2024-08-02 14:40:59,114 - File created: ./FMMFSM_analyzer_Tl/output/20240802144057/config/file2_32.json
2024-08-02 14:40:59,115 - File created: ./FMMFSM_analyzer_Tl/output/20240802144057/config/fileSys_32.json
2024-08-02 14:40:59,157 - Starting post-processing for simulation 32
2024-08-02 14:40:59,157 - Starting post-processing
2024-08-02 14:40:59,157 - First blocking state step: None
2024-08-02 14:40:59,158 - Post-processed file saved to: ./FMMFSM_analyzer_Tl/output/20240802144057/computed/file2_32/result/file2_32PostProcessed_Result.json
2024-08-02 14:40:59,159 - File created: ./FMMFSM_analyzer_Tl/output/20240802144057/config/file2_33.json
2024-08-02 14:40:59,159 - File created: ./FMMFSM_analyzer_Tl/output/20240802144057/config/fileSys_33.json
2024-08-02 14:40:59,199 - Starting post-processing for simulation 33
2024-08-02 14:40:59,199 - Starting post-processing
2024-08-02 14:40:59,199 - First blocking state step: None
2024-08-02 14:40:59,200 - Post-processed file saved to: ./FMMFSM_analyzer_Tl/output/20240802144057/computed/file2_33/result/file2_33PostProcessed_Result.json
2024-08-02 14:40:59,201 - File created: ./FMMFSM_analyzer_Tl/output/20240802144057/config/file2_34.json
2024-08-02 14:40:59,201 - File created: ./FMMFSM_analyzer_Tl/output/20240802144057/config/fileSys_34.json
2024-08-02 14:40:59,242 - Starting post-processing for simulation 34
2024-08-02 14:40:59,242 - Starting post-processing
2024-08-02 14:40:59,242 - First blocking state step: None
2024-08-02 14:40:59,243 - Post-processed file saved to: ./FMMFSM_analyzer_Tl/output/20240802144057/computed/file2_34/result/file2_34PostProcessed_Result.json
2024-08-02 14:40:59,244 - File created: ./FMMFSM_analyzer_Tl/output/20240802144057/config/file2_35.json
2024-08-02 14:40:59,244 - File created: ./FMMFSM_analyzer_Tl/output/20240802144057/config/fileSys_35.json
2024-08-02 14:40:59,285 - Starting post-processing for simulation 35
2024-08-02 14:40:59,285 - Starting post-processing
2024-08-02 14:40:59,285 - First blocking state step: None
2024-08-02 14:40:59,286 - Post-processed file saved to: ./FMMFSM_analyzer_Tl/output/20240802144057/computed/file2_35/result/file2_35PostProcessed_Result.json
2024-08-02 14:40:59,287 - File created: ./FMMFSM_analyzer_Tl/output/20240802144057/config/file2_36.json
2024-08-02 14:40:59,287 - File created: ./FMMFSM_analyzer_Tl/output/20240802144057/config/fileSys_36.json
2024-08-02 14:40:59,327 - Starting post-processing for simulation 36
2024-08-02 14:40:59,327 - Starting post-processing
2024-08-02 14:40:59,327 - First blocking state step: None
2024-08-02 14:40:59,328 - Post-processed file saved to: ./FMMFSM_analyzer_Tl/output/20240802144057/computed/file2_36/result/file2_36PostProcessed_Result.json
2024-08-02 14:40:59,329 - File created: ./FMMFSM_analyzer_Tl/output/20240802144057/config/file2_37.json
2024-08-02 14:40:59,330 - File created: ./FMMFSM_analyzer_Tl/output/20240802144057/config/fileSys_37.json
2024-08-02 14:40:59,371 - Starting post-processing for simulation 37
2024-08-02 14:40:59,371 - Starting post-processing
2024-08-02 14:40:59,371 - First blocking state step: 5
2024-08-02 14:40:59,372 - Post-processed file saved to: ./FMMFSM_analyzer_Tl/output/20240802144057/computed/file2_37/result/file2_37PostProcessed_Result.json
2024-08-02 14:40:59,373 - File created: ./FMMFSM_analyzer_Tl/output/20240802144057/config/file2_38.json
2024-08-02 14:40:59,373 - File created: ./FMMFSM_analyzer_Tl/output/20240802144057/config/fileSys_38.json
2024-08-02 14:40:59,413 - Starting post-processing for simulation 38
2024-08-02 14:40:59,413 - Starting post-processing
2024-08-02 14:40:59,413 - First blocking state step: 5
2024-08-02 14:40:59,414 - Post-processed file saved to: ./FMMFSM_analyzer_Tl/output/20240802144057/computed/file2_38/result/file2_38PostProcessed_Result.json
2024-08-02 14:40:59,415 - File created: ./FMMFSM_analyzer_Tl/output/20240802144057/config/file2_39.json
2024-08-02 14:40:59,415 - File created: ./FMMFSM_analyzer_Tl/output/20240802144057/config/fileSys_39.json
2024-08-02 14:40:59,455 - Starting post-processing for simulation 39
2024-08-02 14:40:59,455 - Starting post-processing
2024-08-02 14:40:59,455 - First blocking state step: None
2024-08-02 14:40:59,456 - Post-processed file saved to: ./FMMFSM_analyzer_Tl/output/20240802144057/computed/file2_39/result/file2_39PostProcessed_Result.json
2024-08-02 14:40:59,457 - File created: ./FMMFSM_analyzer_Tl/output/20240802144057/config/file2_40.json
2024-08-02 14:40:59,457 - File created: ./FMMFSM_analyzer_Tl/output/20240802144057/config/fileSys_40.json
2024-08-02 14:40:59,500 - Starting post-processing for simulation 40
2024-08-02 14:40:59,500 - Starting post-processing
2024-08-02 14:40:59,500 - First blocking state step: None
2024-08-02 14:40:59,501 - Post-processed file saved to: ./FMMFSM_analyzer_Tl/output/20240802144057/computed/file2_40/result/file2_40PostProcessed_Result.json
2024-08-02 14:40:59,502 - File created: ./FMMFSM_analyzer_Tl/output/20240802144057/config/file2_41.json
2024-08-02 14:40:59,502 - File created: ./FMMFSM_analyzer_Tl/output/20240802144057/config/fileSys_41.json
2024-08-02 14:40:59,542 - Starting post-processing for simulation 41
2024-08-02 14:40:59,543 - Starting post-processing
2024-08-02 14:40:59,543 - First blocking state step: None
2024-08-02 14:40:59,543 - Post-processed file saved to: ./FMMFSM_analyzer_Tl/output/20240802144057/computed/file2_41/result/file2_41PostProcessed_Result.json
2024-08-02 14:40:59,544 - File created: ./FMMFSM_analyzer_Tl/output/20240802144057/config/file2_42.json
2024-08-02 14:40:59,545 - File created: ./FMMFSM_analyzer_Tl/output/20240802144057/config/fileSys_42.json
2024-08-02 14:40:59,584 - Starting post-processing for simulation 42
2024-08-02 14:40:59,585 - Starting post-processing
2024-08-02 14:40:59,585 - First blocking state step: 9
2024-08-02 14:40:59,585 - Post-processed file saved to: ./FMMFSM_analyzer_Tl/output/20240802144057/computed/file2_42/result/file2_42PostProcessed_Result.json
2024-08-02 14:40:59,586 - File created: ./FMMFSM_analyzer_Tl/output/20240802144057/config/file2_43.json
2024-08-02 14:40:59,587 - File created: ./FMMFSM_analyzer_Tl/output/20240802144057/config/fileSys_43.json
2024-08-02 14:40:59,630 - Starting post-processing for simulation 43
2024-08-02 14:40:59,630 - Starting post-processing
2024-08-02 14:40:59,631 - First blocking state step: 1
2024-08-02 14:40:59,631 - Post-processed file saved to: ./FMMFSM_analyzer_Tl/output/20240802144057/computed/file2_43/result/file2_43PostProcessed_Result.json
2024-08-02 14:40:59,632 - File created: ./FMMFSM_analyzer_Tl/output/20240802144057/config/file2_44.json
2024-08-02 14:40:59,632 - File created: ./FMMFSM_analyzer_Tl/output/20240802144057/config/fileSys_44.json
2024-08-02 14:40:59,673 - Starting post-processing for simulation 44
2024-08-02 14:40:59,673 - Starting post-processing
2024-08-02 14:40:59,673 - First blocking state step: 8
2024-08-02 14:40:59,674 - Post-processed file saved to: ./FMMFSM_analyzer_Tl/output/20240802144057/computed/file2_44/result/file2_44PostProcessed_Result.json
2024-08-02 14:40:59,675 - File created: ./FMMFSM_analyzer_Tl/output/20240802144057/config/file2_45.json
2024-08-02 14:40:59,675 - File created: ./FMMFSM_analyzer_Tl/output/20240802144057/config/fileSys_45.json
2024-08-02 14:40:59,717 - Starting post-processing for simulation 45
2024-08-02 14:40:59,717 - Starting post-processing
2024-08-02 14:40:59,717 - First blocking state step: 4
2024-08-02 14:40:59,717 - Post-processed file saved to: ./FMMFSM_analyzer_Tl/output/20240802144057/computed/file2_45/result/file2_45PostProcessed_Result.json
2024-08-02 14:40:59,718 - File created: ./FMMFSM_analyzer_Tl/output/20240802144057/config/file2_46.json
2024-08-02 14:40:59,719 - File created: ./FMMFSM_analyzer_Tl/output/20240802144057/config/fileSys_46.json
2024-08-02 14:40:59,758 - Starting post-processing for simulation 46
2024-08-02 14:40:59,759 - Starting post-processing
2024-08-02 14:40:59,759 - First blocking state step: 6
2024-08-02 14:40:59,759 - Post-processed file saved to: ./FMMFSM_analyzer_Tl/output/20240802144057/computed/file2_46/result/file2_46PostProcessed_Result.json
2024-08-02 14:40:59,760 - File created: ./FMMFSM_analyzer_Tl/output/20240802144057/config/file2_47.json
2024-08-02 14:40:59,761 - File created: ./FMMFSM_analyzer_Tl/output/20240802144057/config/fileSys_47.json
2024-08-02 14:40:59,800 - Starting post-processing for simulation 47
2024-08-02 14:40:59,801 - Starting post-processing
2024-08-02 14:40:59,801 - First blocking state step: 4
2024-08-02 14:40:59,801 - Post-processed file saved to: ./FMMFSM_analyzer_Tl/output/20240802144057/computed/file2_47/result/file2_47PostProcessed_Result.json
2024-08-02 14:40:59,802 - File created: ./FMMFSM_analyzer_Tl/output/20240802144057/config/file2_48.json
2024-08-02 14:40:59,803 - File created: ./FMMFSM_analyzer_Tl/output/20240802144057/config/fileSys_48.json
2024-08-02 14:40:59,844 - Starting post-processing for simulation 48
2024-08-02 14:40:59,844 - Starting post-processing
2024-08-02 14:40:59,844 - First blocking state step: 2
2024-08-02 14:40:59,844 - Post-processed file saved to: ./FMMFSM_analyzer_Tl/output/20240802144057/computed/file2_48/result/file2_48PostProcessed_Result.json
2024-08-02 14:40:59,845 - File created: ./FMMFSM_analyzer_Tl/output/20240802144057/config/file2_49.json
2024-08-02 14:40:59,846 - File created: ./FMMFSM_analyzer_Tl/output/20240802144057/config/fileSys_49.json
2024-08-02 14:40:59,886 - Starting post-processing for simulation 49
2024-08-02 14:40:59,886 - Starting post-processing
2024-08-02 14:40:59,886 - First blocking state step: None
2024-08-02 14:40:59,887 - Post-processed file saved to: ./FMMFSM_analyzer_Tl/output/20240802144057/computed/file2_49/result/file2_49PostProcessed_Result.json
2024-08-02 14:40:59,888 - File created: ./FMMFSM_analyzer_Tl/output/20240802144057/config/file2_50.json
2024-08-02 14:40:59,888 - File created: ./FMMFSM_analyzer_Tl/output/20240802144057/config/fileSys_50.json
2024-08-02 14:40:59,929 - Starting post-processing for simulation 50
2024-08-02 14:40:59,929 - Starting post-processing
2024-08-02 14:40:59,929 - First blocking state step: None
2024-08-02 14:40:59,930 - Post-processed file saved to: ./FMMFSM_analyzer_Tl/output/20240802144057/computed/file2_50/result/file2_50PostProcessed_Result.json
2024-08-02 14:40:59,931 - File created: ./FMMFSM_analyzer_Tl/output/20240802144057/config/file2_51.json
2024-08-02 14:40:59,931 - File created: ./FMMFSM_analyzer_Tl/output/20240802144057/config/fileSys_51.json
2024-08-02 14:40:59,972 - Starting post-processing for simulation 51
2024-08-02 14:40:59,972 - Starting post-processing
2024-08-02 14:40:59,972 - First blocking state step: 6
2024-08-02 14:40:59,972 - Post-processed file saved to: ./FMMFSM_analyzer_Tl/output/20240802144057/computed/file2_51/result/file2_51PostProcessed_Result.json
2024-08-02 14:40:59,973 - File created: ./FMMFSM_analyzer_Tl/output/20240802144057/config/file2_52.json
2024-08-02 14:40:59,974 - File created: ./FMMFSM_analyzer_Tl/output/20240802144057/config/fileSys_52.json
2024-08-02 14:41:00,013 - Starting post-processing for simulation 52
2024-08-02 14:41:00,013 - Starting post-processing
2024-08-02 14:41:00,013 - First blocking state step: None
2024-08-02 14:41:00,014 - Post-processed file saved to: ./FMMFSM_analyzer_Tl/output/20240802144057/computed/file2_52/result/file2_52PostProcessed_Result.json
2024-08-02 14:41:00,015 - File created: ./FMMFSM_analyzer_Tl/output/20240802144057/config/file2_53.json
2024-08-02 14:41:00,015 - File created: ./FMMFSM_analyzer_Tl/output/20240802144057/config/fileSys_53.json
2024-08-02 14:41:00,056 - Starting post-processing for simulation 53
2024-08-02 14:41:00,056 - Starting post-processing
2024-08-02 14:41:00,056 - First blocking state step: None
2024-08-02 14:41:00,057 - Post-processed file saved to: ./FMMFSM_analyzer_Tl/output/20240802144057/computed/file2_53/result/file2_53PostProcessed_Result.json
2024-08-02 14:41:00,058 - File created: ./FMMFSM_analyzer_Tl/output/20240802144057/config/file2_54.json
2024-08-02 14:41:00,058 - File created: ./FMMFSM_analyzer_Tl/output/20240802144057/config/fileSys_54.json
2024-08-02 14:41:00,099 - Starting post-processing for simulation 54
2024-08-02 14:41:00,099 - Starting post-processing
2024-08-02 14:41:00,099 - First blocking state step: None
2024-08-02 14:41:00,100 - Post-processed file saved to: ./FMMFSM_analyzer_Tl/output/20240802144057/computed/file2_54/result/file2_54PostProcessed_Result.json
2024-08-02 14:41:00,101 - File created: ./FMMFSM_analyzer_Tl/output/20240802144057/config/file2_55.json
2024-08-02 14:41:00,101 - File created: ./FMMFSM_analyzer_Tl/output/20240802144057/config/fileSys_55.json
2024-08-02 14:41:00,142 - Starting post-processing for simulation 55
2024-08-02 14:41:00,142 - Starting post-processing
2024-08-02 14:41:00,142 - First blocking state step: 2
2024-08-02 14:41:00,143 - Post-processed file saved to: ./FMMFSM_analyzer_Tl/output/20240802144057/computed/file2_55/result/file2_55PostProcessed_Result.json
2024-08-02 14:41:00,144 - File created: ./FMMFSM_analyzer_Tl/output/20240802144057/config/file2_56.json
2024-08-02 14:41:00,144 - File created: ./FMMFSM_analyzer_Tl/output/20240802144057/config/fileSys_56.json
2024-08-02 14:41:00,186 - Starting post-processing for simulation 56
2024-08-02 14:41:00,186 - Starting post-processing
2024-08-02 14:41:00,186 - First blocking state step: None
2024-08-02 14:41:00,187 - Post-processed file saved to: ./FMMFSM_analyzer_Tl/output/20240802144057/computed/file2_56/result/file2_56PostProcessed_Result.json
2024-08-02 14:41:00,188 - File created: ./FMMFSM_analyzer_Tl/output/20240802144057/config/file2_57.json
2024-08-02 14:41:00,188 - File created: ./FMMFSM_analyzer_Tl/output/20240802144057/config/fileSys_57.json
2024-08-02 14:41:00,228 - Starting post-processing for simulation 57
2024-08-02 14:41:00,228 - Starting post-processing
2024-08-02 14:41:00,228 - First blocking state step: 2
2024-08-02 14:41:00,228 - Post-processed file saved to: ./FMMFSM_analyzer_Tl/output/20240802144057/computed/file2_57/result/file2_57PostProcessed_Result.json
2024-08-02 14:41:00,229 - File created: ./FMMFSM_analyzer_Tl/output/20240802144057/config/file2_58.json
2024-08-02 14:41:00,230 - File created: ./FMMFSM_analyzer_Tl/output/20240802144057/config/fileSys_58.json
2024-08-02 14:41:00,270 - Starting post-processing for simulation 58
2024-08-02 14:41:00,270 - Starting post-processing
2024-08-02 14:41:00,270 - First blocking state step: 7
2024-08-02 14:41:00,271 - Post-processed file saved to: ./FMMFSM_analyzer_Tl/output/20240802144057/computed/file2_58/result/file2_58PostProcessed_Result.json
2024-08-02 14:41:00,272 - File created: ./FMMFSM_analyzer_Tl/output/20240802144057/config/file2_59.json
2024-08-02 14:41:00,272 - File created: ./FMMFSM_analyzer_Tl/output/20240802144057/config/fileSys_59.json
2024-08-02 14:41:00,313 - Starting post-processing for simulation 59
2024-08-02 14:41:00,313 - Starting post-processing
2024-08-02 14:41:00,313 - First blocking state step: None
2024-08-02 14:41:00,314 - Post-processed file saved to: ./FMMFSM_analyzer_Tl/output/20240802144057/computed/file2_59/result/file2_59PostProcessed_Result.json
2024-08-02 14:41:00,315 - File created: ./FMMFSM_analyzer_Tl/output/20240802144057/config/file2_60.json
2024-08-02 14:41:00,315 - File created: ./FMMFSM_analyzer_Tl/output/20240802144057/config/fileSys_60.json
2024-08-02 14:41:00,356 - Starting post-processing for simulation 60
2024-08-02 14:41:00,356 - Starting post-processing
2024-08-02 14:41:00,356 - First blocking state step: None
2024-08-02 14:41:00,357 - Post-processed file saved to: ./FMMFSM_analyzer_Tl/output/20240802144057/computed/file2_60/result/file2_60PostProcessed_Result.json
2024-08-02 14:41:00,358 - File created: ./FMMFSM_analyzer_Tl/output/20240802144057/config/file2_61.json
2024-08-02 14:41:00,358 - File created: ./FMMFSM_analyzer_Tl/output/20240802144057/config/fileSys_61.json
2024-08-02 14:41:00,398 - Starting post-processing for simulation 61
2024-08-02 14:41:00,398 - Starting post-processing
2024-08-02 14:41:00,398 - First blocking state step: None
2024-08-02 14:41:00,399 - Post-processed file saved to: ./FMMFSM_analyzer_Tl/output/20240802144057/computed/file2_61/result/file2_61PostProcessed_Result.json
2024-08-02 14:41:00,400 - File created: ./FMMFSM_analyzer_Tl/output/20240802144057/config/file2_62.json
2024-08-02 14:41:00,400 - File created: ./FMMFSM_analyzer_Tl/output/20240802144057/config/fileSys_62.json
2024-08-02 14:41:00,441 - Starting post-processing for simulation 62
2024-08-02 14:41:00,441 - Starting post-processing
2024-08-02 14:41:00,441 - First blocking state step: 7
2024-08-02 14:41:00,442 - Post-processed file saved to: ./FMMFSM_analyzer_Tl/output/20240802144057/computed/file2_62/result/file2_62PostProcessed_Result.json
2024-08-02 14:41:00,443 - File created: ./FMMFSM_analyzer_Tl/output/20240802144057/config/file2_63.json
2024-08-02 14:41:00,443 - File created: ./FMMFSM_analyzer_Tl/output/20240802144057/config/fileSys_63.json
2024-08-02 14:41:00,487 - Starting post-processing for simulation 63
2024-08-02 14:41:00,487 - Starting post-processing
2024-08-02 14:41:00,487 - First blocking state step: None
2024-08-02 14:41:00,488 - Post-processed file saved to: ./FMMFSM_analyzer_Tl/output/20240802144057/computed/file2_63/result/file2_63PostProcessed_Result.json
2024-08-02 14:41:00,488 - File created: ./FMMFSM_analyzer_Tl/output/20240802144057/config/file2_64.json
2024-08-02 14:41:00,489 - File created: ./FMMFSM_analyzer_Tl/output/20240802144057/config/fileSys_64.json
2024-08-02 14:41:00,528 - Starting post-processing for simulation 64
2024-08-02 14:41:00,528 - Starting post-processing
2024-08-02 14:41:00,528 - First blocking state step: None
2024-08-02 14:41:00,529 - Post-processed file saved to: ./FMMFSM_analyzer_Tl/output/20240802144057/computed/file2_64/result/file2_64PostProcessed_Result.json
2024-08-02 14:41:00,530 - File created: ./FMMFSM_analyzer_Tl/output/20240802144057/config/file2_65.json
2024-08-02 14:41:00,530 - File created: ./FMMFSM_analyzer_Tl/output/20240802144057/config/fileSys_65.json
2024-08-02 14:41:00,571 - Starting post-processing for simulation 65
2024-08-02 14:41:00,571 - Starting post-processing
2024-08-02 14:41:00,572 - First blocking state step: 4
2024-08-02 14:41:00,572 - Post-processed file saved to: ./FMMFSM_analyzer_Tl/output/20240802144057/computed/file2_65/result/file2_65PostProcessed_Result.json
2024-08-02 14:41:00,573 - File created: ./FMMFSM_analyzer_Tl/output/20240802144057/config/file2_66.json
2024-08-02 14:41:00,573 - File created: ./FMMFSM_analyzer_Tl/output/20240802144057/config/fileSys_66.json
2024-08-02 14:41:00,614 - Starting post-processing for simulation 66
2024-08-02 14:41:00,614 - Starting post-processing
2024-08-02 14:41:00,614 - First blocking state step: None
2024-08-02 14:41:00,615 - Post-processed file saved to: ./FMMFSM_analyzer_Tl/output/20240802144057/computed/file2_66/result/file2_66PostProcessed_Result.json
2024-08-02 14:41:00,616 - File created: ./FMMFSM_analyzer_Tl/output/20240802144057/config/file2_67.json
2024-08-02 14:41:00,616 - File created: ./FMMFSM_analyzer_Tl/output/20240802144057/config/fileSys_67.json
2024-08-02 14:41:00,656 - Starting post-processing for simulation 67
2024-08-02 14:41:00,657 - Starting post-processing
2024-08-02 14:41:00,657 - First blocking state step: None
2024-08-02 14:41:00,657 - Post-processed file saved to: ./FMMFSM_analyzer_Tl/output/20240802144057/computed/file2_67/result/file2_67PostProcessed_Result.json
2024-08-02 14:41:00,658 - File created: ./FMMFSM_analyzer_Tl/output/20240802144057/config/file2_68.json
2024-08-02 14:41:00,659 - File created: ./FMMFSM_analyzer_Tl/output/20240802144057/config/fileSys_68.json
2024-08-02 14:41:00,699 - Starting post-processing for simulation 68
2024-08-02 14:41:00,699 - Starting post-processing
2024-08-02 14:41:00,699 - First blocking state step: 9
2024-08-02 14:41:00,699 - Post-processed file saved to: ./FMMFSM_analyzer_Tl/output/20240802144057/computed/file2_68/result/file2_68PostProcessed_Result.json
2024-08-02 14:41:00,700 - File created: ./FMMFSM_analyzer_Tl/output/20240802144057/config/file2_69.json
2024-08-02 14:41:00,701 - File created: ./FMMFSM_analyzer_Tl/output/20240802144057/config/fileSys_69.json
2024-08-02 14:41:00,742 - Starting post-processing for simulation 69
2024-08-02 14:41:00,742 - Starting post-processing
2024-08-02 14:41:00,742 - First blocking state step: 5
2024-08-02 14:41:00,743 - Post-processed file saved to: ./FMMFSM_analyzer_Tl/output/20240802144057/computed/file2_69/result/file2_69PostProcessed_Result.json
2024-08-02 14:41:00,744 - File created: ./FMMFSM_analyzer_Tl/output/20240802144057/config/file2_70.json
2024-08-02 14:41:00,744 - File created: ./FMMFSM_analyzer_Tl/output/20240802144057/config/fileSys_70.json
2024-08-02 14:41:00,785 - Starting post-processing for simulation 70
2024-08-02 14:41:00,785 - Starting post-processing
2024-08-02 14:41:00,786 - First blocking state step: 4
2024-08-02 14:41:00,786 - Post-processed file saved to: ./FMMFSM_analyzer_Tl/output/20240802144057/computed/file2_70/result/file2_70PostProcessed_Result.json
2024-08-02 14:41:00,787 - File created: ./FMMFSM_analyzer_Tl/output/20240802144057/config/file2_71.json
2024-08-02 14:41:00,788 - File created: ./FMMFSM_analyzer_Tl/output/20240802144057/config/fileSys_71.json
2024-08-02 14:41:00,829 - Starting post-processing for simulation 71
2024-08-02 14:41:00,829 - Starting post-processing
2024-08-02 14:41:00,829 - First blocking state step: 5
2024-08-02 14:41:00,830 - Post-processed file saved to: ./FMMFSM_analyzer_Tl/output/20240802144057/computed/file2_71/result/file2_71PostProcessed_Result.json
2024-08-02 14:41:00,831 - File created: ./FMMFSM_analyzer_Tl/output/20240802144057/config/file2_72.json
2024-08-02 14:41:00,831 - File created: ./FMMFSM_analyzer_Tl/output/20240802144057/config/fileSys_72.json
2024-08-02 14:41:00,872 - Starting post-processing for simulation 72
2024-08-02 14:41:00,872 - Starting post-processing
2024-08-02 14:41:00,872 - First blocking state step: None
2024-08-02 14:41:00,873 - Post-processed file saved to: ./FMMFSM_analyzer_Tl/output/20240802144057/computed/file2_72/result/file2_72PostProcessed_Result.json
2024-08-02 14:41:00,874 - File created: ./FMMFSM_analyzer_Tl/output/20240802144057/config/file2_73.json
2024-08-02 14:41:00,874 - File created: ./FMMFSM_analyzer_Tl/output/20240802144057/config/fileSys_73.json
2024-08-02 14:41:00,914 - Starting post-processing for simulation 73
2024-08-02 14:41:00,915 - Starting post-processing
2024-08-02 14:41:00,915 - First blocking state step: None
2024-08-02 14:41:00,915 - Post-processed file saved to: ./FMMFSM_analyzer_Tl/output/20240802144057/computed/file2_73/result/file2_73PostProcessed_Result.json
2024-08-02 14:41:00,916 - File created: ./FMMFSM_analyzer_Tl/output/20240802144057/config/file2_74.json
2024-08-02 14:41:00,917 - File created: ./FMMFSM_analyzer_Tl/output/20240802144057/config/fileSys_74.json
2024-08-02 14:41:00,957 - Starting post-processing for simulation 74
2024-08-02 14:41:00,957 - Starting post-processing
2024-08-02 14:41:00,958 - First blocking state step: 1
2024-08-02 14:41:00,958 - Post-processed file saved to: ./FMMFSM_analyzer_Tl/output/20240802144057/computed/file2_74/result/file2_74PostProcessed_Result.json
2024-08-02 14:41:00,959 - File created: ./FMMFSM_analyzer_Tl/output/20240802144057/config/file2_75.json
2024-08-02 14:41:00,959 - File created: ./FMMFSM_analyzer_Tl/output/20240802144057/config/fileSys_75.json
2024-08-02 14:41:00,999 - Starting post-processing for simulation 75
2024-08-02 14:41:00,999 - Starting post-processing
2024-08-02 14:41:01,000 - First blocking state step: 2
2024-08-02 14:41:01,000 - Post-processed file saved to: ./FMMFSM_analyzer_Tl/output/20240802144057/computed/file2_75/result/file2_75PostProcessed_Result.json
2024-08-02 14:41:01,001 - File created: ./FMMFSM_analyzer_Tl/output/20240802144057/config/file2_76.json
2024-08-02 14:41:01,001 - File created: ./FMMFSM_analyzer_Tl/output/20240802144057/config/fileSys_76.json
2024-08-02 14:41:01,040 - Starting post-processing for simulation 76
2024-08-02 14:41:01,040 - Starting post-processing
2024-08-02 14:41:01,041 - First blocking state step: None
2024-08-02 14:41:01,041 - Post-processed file saved to: ./FMMFSM_analyzer_Tl/output/20240802144057/computed/file2_76/result/file2_76PostProcessed_Result.json
2024-08-02 14:41:01,042 - File created: ./FMMFSM_analyzer_Tl/output/20240802144057/config/file2_77.json
2024-08-02 14:41:01,042 - File created: ./FMMFSM_analyzer_Tl/output/20240802144057/config/fileSys_77.json
2024-08-02 14:41:01,083 - Starting post-processing for simulation 77
2024-08-02 14:41:01,083 - Starting post-processing
2024-08-02 14:41:01,084 - First blocking state step: 5
2024-08-02 14:41:01,084 - Post-processed file saved to: ./FMMFSM_analyzer_Tl/output/20240802144057/computed/file2_77/result/file2_77PostProcessed_Result.json
2024-08-02 14:41:01,085 - File created: ./FMMFSM_analyzer_Tl/output/20240802144057/config/file2_78.json
2024-08-02 14:41:01,085 - File created: ./FMMFSM_analyzer_Tl/output/20240802144057/config/fileSys_78.json
2024-08-02 14:41:01,125 - Starting post-processing for simulation 78
2024-08-02 14:41:01,126 - Starting post-processing
2024-08-02 14:41:01,126 - First blocking state step: 4
2024-08-02 14:41:01,126 - Post-processed file saved to: ./FMMFSM_analyzer_Tl/output/20240802144057/computed/file2_78/result/file2_78PostProcessed_Result.json
2024-08-02 14:41:01,127 - File created: ./FMMFSM_analyzer_Tl/output/20240802144057/config/file2_79.json
2024-08-02 14:41:01,128 - File created: ./FMMFSM_analyzer_Tl/output/20240802144057/config/fileSys_79.json
2024-08-02 14:41:01,168 - Starting post-processing for simulation 79
2024-08-02 14:41:01,168 - Starting post-processing
2024-08-02 14:41:01,168 - First blocking state step: None
2024-08-02 14:41:01,169 - Post-processed file saved to: ./FMMFSM_analyzer_Tl/output/20240802144057/computed/file2_79/result/file2_79PostProcessed_Result.json
2024-08-02 14:41:01,170 - File created: ./FMMFSM_analyzer_Tl/output/20240802144057/config/file2_80.json
2024-08-02 14:41:01,170 - File created: ./FMMFSM_analyzer_Tl/output/20240802144057/config/fileSys_80.json
2024-08-02 14:41:01,212 - Starting post-processing for simulation 80
2024-08-02 14:41:01,212 - Starting post-processing
2024-08-02 14:41:01,212 - First blocking state step: 4
2024-08-02 14:41:01,213 - Post-processed file saved to: ./FMMFSM_analyzer_Tl/output/20240802144057/computed/file2_80/result/file2_80PostProcessed_Result.json
2024-08-02 14:41:01,214 - File created: ./FMMFSM_analyzer_Tl/output/20240802144057/config/file2_81.json
2024-08-02 14:41:01,214 - File created: ./FMMFSM_analyzer_Tl/output/20240802144057/config/fileSys_81.json
2024-08-02 14:41:01,255 - Starting post-processing for simulation 81
2024-08-02 14:41:01,255 - Starting post-processing
2024-08-02 14:41:01,255 - First blocking state step: None
2024-08-02 14:41:01,256 - Post-processed file saved to: ./FMMFSM_analyzer_Tl/output/20240802144057/computed/file2_81/result/file2_81PostProcessed_Result.json
2024-08-02 14:41:01,257 - File created: ./FMMFSM_analyzer_Tl/output/20240802144057/config/file2_82.json
2024-08-02 14:41:01,257 - File created: ./FMMFSM_analyzer_Tl/output/20240802144057/config/fileSys_82.json
2024-08-02 14:41:01,296 - Starting post-processing for simulation 82
2024-08-02 14:41:01,296 - Starting post-processing
2024-08-02 14:41:01,296 - First blocking state step: 7
2024-08-02 14:41:01,297 - Post-processed file saved to: ./FMMFSM_analyzer_Tl/output/20240802144057/computed/file2_82/result/file2_82PostProcessed_Result.json
2024-08-02 14:41:01,298 - File created: ./FMMFSM_analyzer_Tl/output/20240802144057/config/file2_83.json
2024-08-02 14:41:01,298 - File created: ./FMMFSM_analyzer_Tl/output/20240802144057/config/fileSys_83.json
2024-08-02 14:41:01,339 - Starting post-processing for simulation 83
2024-08-02 14:41:01,339 - Starting post-processing
2024-08-02 14:41:01,339 - First blocking state step: None
2024-08-02 14:41:01,340 - Post-processed file saved to: ./FMMFSM_analyzer_Tl/output/20240802144057/computed/file2_83/result/file2_83PostProcessed_Result.json
2024-08-02 14:41:01,341 - File created: ./FMMFSM_analyzer_Tl/output/20240802144057/config/file2_84.json
2024-08-02 14:41:01,341 - File created: ./FMMFSM_analyzer_Tl/output/20240802144057/config/fileSys_84.json
2024-08-02 14:41:01,380 - Starting post-processing for simulation 84
2024-08-02 14:41:01,381 - Starting post-processing
2024-08-02 14:41:01,381 - First blocking state step: None
2024-08-02 14:41:01,381 - Post-processed file saved to: ./FMMFSM_analyzer_Tl/output/20240802144057/computed/file2_84/result/file2_84PostProcessed_Result.json
2024-08-02 14:41:01,382 - File created: ./FMMFSM_analyzer_Tl/output/20240802144057/config/file2_85.json
2024-08-02 14:41:01,382 - File created: ./FMMFSM_analyzer_Tl/output/20240802144057/config/fileSys_85.json
2024-08-02 14:41:01,422 - Starting post-processing for simulation 85
2024-08-02 14:41:01,422 - Starting post-processing
2024-08-02 14:41:01,422 - First blocking state step: 4
2024-08-02 14:41:01,423 - Post-processed file saved to: ./FMMFSM_analyzer_Tl/output/20240802144057/computed/file2_85/result/file2_85PostProcessed_Result.json
2024-08-02 14:41:01,424 - File created: ./FMMFSM_analyzer_Tl/output/20240802144057/config/file2_86.json
2024-08-02 14:41:01,424 - File created: ./FMMFSM_analyzer_Tl/output/20240802144057/config/fileSys_86.json
2024-08-02 14:41:01,465 - Starting post-processing for simulation 86
2024-08-02 14:41:01,465 - Starting post-processing
2024-08-02 14:41:01,465 - First blocking state step: 9
2024-08-02 14:41:01,466 - Post-processed file saved to: ./FMMFSM_analyzer_Tl/output/20240802144057/computed/file2_86/result/file2_86PostProcessed_Result.json
2024-08-02 14:41:01,467 - File created: ./FMMFSM_analyzer_Tl/output/20240802144057/config/file2_87.json
2024-08-02 14:41:01,467 - File created: ./FMMFSM_analyzer_Tl/output/20240802144057/config/fileSys_87.json
2024-08-02 14:41:01,507 - Starting post-processing for simulation 87
2024-08-02 14:41:01,507 - Starting post-processing
2024-08-02 14:41:01,507 - First blocking state step: None
2024-08-02 14:41:01,508 - Post-processed file saved to: ./FMMFSM_analyzer_Tl/output/20240802144057/computed/file2_87/result/file2_87PostProcessed_Result.json
2024-08-02 14:41:01,509 - File created: ./FMMFSM_analyzer_Tl/output/20240802144057/config/file2_88.json
2024-08-02 14:41:01,509 - File created: ./FMMFSM_analyzer_Tl/output/20240802144057/config/fileSys_88.json
2024-08-02 14:41:01,548 - Starting post-processing for simulation 88
2024-08-02 14:41:01,548 - Starting post-processing
2024-08-02 14:41:01,548 - First blocking state step: 9
2024-08-02 14:41:01,549 - Post-processed file saved to: ./FMMFSM_analyzer_Tl/output/20240802144057/computed/file2_88/result/file2_88PostProcessed_Result.json
2024-08-02 14:41:01,550 - File created: ./FMMFSM_analyzer_Tl/output/20240802144057/config/file2_89.json
2024-08-02 14:41:01,550 - File created: ./FMMFSM_analyzer_Tl/output/20240802144057/config/fileSys_89.json
2024-08-02 14:41:01,590 - Starting post-processing for simulation 89
2024-08-02 14:41:01,590 - Starting post-processing
2024-08-02 14:41:01,591 - First blocking state step: None
2024-08-02 14:41:01,591 - Post-processed file saved to: ./FMMFSM_analyzer_Tl/output/20240802144057/computed/file2_89/result/file2_89PostProcessed_Result.json
2024-08-02 14:41:01,592 - File created: ./FMMFSM_analyzer_Tl/output/20240802144057/config/file2_90.json
2024-08-02 14:41:01,593 - File created: ./FMMFSM_analyzer_Tl/output/20240802144057/config/fileSys_90.json
2024-08-02 14:41:01,632 - Starting post-processing for simulation 90
2024-08-02 14:41:01,633 - Starting post-processing
2024-08-02 14:41:01,633 - First blocking state step: 1
2024-08-02 14:41:01,633 - Post-processed file saved to: ./FMMFSM_analyzer_Tl/output/20240802144057/computed/file2_90/result/file2_90PostProcessed_Result.json
2024-08-02 14:41:01,634 - File created: ./FMMFSM_analyzer_Tl/output/20240802144057/config/file2_91.json
2024-08-02 14:41:01,635 - File created: ./FMMFSM_analyzer_Tl/output/20240802144057/config/fileSys_91.json
2024-08-02 14:41:01,676 - Starting post-processing for simulation 91
2024-08-02 14:41:01,676 - Starting post-processing
2024-08-02 14:41:01,676 - First blocking state step: 2
2024-08-02 14:41:01,677 - Post-processed file saved to: ./FMMFSM_analyzer_Tl/output/20240802144057/computed/file2_91/result/file2_91PostProcessed_Result.json
2024-08-02 14:41:01,678 - File created: ./FMMFSM_analyzer_Tl/output/20240802144057/config/file2_92.json
2024-08-02 14:41:01,678 - File created: ./FMMFSM_analyzer_Tl/output/20240802144057/config/fileSys_92.json
2024-08-02 14:41:01,718 - Starting post-processing for simulation 92
2024-08-02 14:41:01,718 - Starting post-processing
2024-08-02 14:41:01,718 - First blocking state step: None
2024-08-02 14:41:01,719 - Post-processed file saved to: ./FMMFSM_analyzer_Tl/output/20240802144057/computed/file2_92/result/file2_92PostProcessed_Result.json
2024-08-02 14:41:01,720 - File created: ./FMMFSM_analyzer_Tl/output/20240802144057/config/file2_93.json
2024-08-02 14:41:01,720 - File created: ./FMMFSM_analyzer_Tl/output/20240802144057/config/fileSys_93.json
2024-08-02 14:41:01,760 - Starting post-processing for simulation 93
2024-08-02 14:41:01,760 - Starting post-processing
2024-08-02 14:41:01,760 - First blocking state step: 6
2024-08-02 14:41:01,761 - Post-processed file saved to: ./FMMFSM_analyzer_Tl/output/20240802144057/computed/file2_93/result/file2_93PostProcessed_Result.json
2024-08-02 14:41:01,762 - File created: ./FMMFSM_analyzer_Tl/output/20240802144057/config/file2_94.json
2024-08-02 14:41:01,762 - File created: ./FMMFSM_analyzer_Tl/output/20240802144057/config/fileSys_94.json
2024-08-02 14:41:01,803 - Starting post-processing for simulation 94
2024-08-02 14:41:01,803 - Starting post-processing
2024-08-02 14:41:01,803 - First blocking state step: 2
2024-08-02 14:41:01,804 - Post-processed file saved to: ./FMMFSM_analyzer_Tl/output/20240802144057/computed/file2_94/result/file2_94PostProcessed_Result.json
2024-08-02 14:41:01,805 - File created: ./FMMFSM_analyzer_Tl/output/20240802144057/config/file2_95.json
2024-08-02 14:41:01,805 - File created: ./FMMFSM_analyzer_Tl/output/20240802144057/config/fileSys_95.json
2024-08-02 14:41:01,846 - Starting post-processing for simulation 95
2024-08-02 14:41:01,846 - Starting post-processing
2024-08-02 14:41:01,847 - First blocking state step: None
2024-08-02 14:41:01,847 - Post-processed file saved to: ./FMMFSM_analyzer_Tl/output/20240802144057/computed/file2_95/result/file2_95PostProcessed_Result.json
2024-08-02 14:41:01,848 - File created: ./FMMFSM_analyzer_Tl/output/20240802144057/config/file2_96.json
2024-08-02 14:41:01,849 - File created: ./FMMFSM_analyzer_Tl/output/20240802144057/config/fileSys_96.json
2024-08-02 14:41:01,888 - Starting post-processing for simulation 96
2024-08-02 14:41:01,889 - Starting post-processing
2024-08-02 14:41:01,889 - First blocking state step: None
2024-08-02 14:41:01,889 - Post-processed file saved to: ./FMMFSM_analyzer_Tl/output/20240802144057/computed/file2_96/result/file2_96PostProcessed_Result.json
2024-08-02 14:41:01,890 - File created: ./FMMFSM_analyzer_Tl/output/20240802144057/config/file2_97.json
2024-08-02 14:41:01,891 - File created: ./FMMFSM_analyzer_Tl/output/20240802144057/config/fileSys_97.json
2024-08-02 14:41:01,931 - Starting post-processing for simulation 97
2024-08-02 14:41:01,931 - Starting post-processing
2024-08-02 14:41:01,931 - First blocking state step: 4
2024-08-02 14:41:01,931 - Post-processed file saved to: ./FMMFSM_analyzer_Tl/output/20240802144057/computed/file2_97/result/file2_97PostProcessed_Result.json
2024-08-02 14:41:01,932 - File created: ./FMMFSM_analyzer_Tl/output/20240802144057/config/file2_98.json
2024-08-02 14:41:01,933 - File created: ./FMMFSM_analyzer_Tl/output/20240802144057/config/fileSys_98.json
2024-08-02 14:41:01,974 - Starting post-processing for simulation 98
2024-08-02 14:41:01,975 - Starting post-processing
2024-08-02 14:41:01,975 - First blocking state step: None
2024-08-02 14:41:01,975 - Post-processed file saved to: ./FMMFSM_analyzer_Tl/output/20240802144057/computed/file2_98/result/file2_98PostProcessed_Result.json
2024-08-02 14:41:01,976 - File created: ./FMMFSM_analyzer_Tl/output/20240802144057/config/file2_99.json
2024-08-02 14:41:01,977 - File created: ./FMMFSM_analyzer_Tl/output/20240802144057/config/fileSys_99.json
2024-08-02 14:41:02,016 - Starting post-processing for simulation 99
2024-08-02 14:41:02,017 - Starting post-processing
2024-08-02 14:41:02,017 - First blocking state step: None
2024-08-02 14:41:02,017 - Post-processed file saved to: ./FMMFSM_analyzer_Tl/output/20240802144057/computed/file2_99/result/file2_99PostProcessed_Result.json
2024-08-02 14:41:02,018 - Last file created: 99
