2024-09-18 12:38:38,920 - Command executed: run.py /Users/angelcui/Documents/GitHub/FMMFSM_simulator/FMMFSM_analyzer_Tl/config/file1.json /Users/angelcui/Documents/GitHub/FMMFSM_simulator/FMMFSM_analyzer_Tl/config/fileSys.json --num 10 --iter 100 --postp --tl
2024-09-18 12:38:38,923 - File created: ./FMMFSM_analyzer_Tl/output/20240918123838/config/file1_0.json
2024-09-18 12:38:38,923 - File created: ./FMMFSM_analyzer_Tl/output/20240918123838/config/fileSys_0.json
2024-09-18 12:38:38,965 - Starting post-processing for simulation 0
2024-09-18 12:38:38,966 - Starting post-processing
2024-09-18 12:38:38,966 - First blocking state step: None
2024-09-18 12:38:38,967 - Post-processed file saved to: ./FMMFSM_analyzer_Tl/output/20240918123838/computed/file1_0/result/file1_0PostProcessed_Result.json
2024-09-18 12:38:38,967 - First file created: 0
2024-09-18 12:38:38,968 - File created: ./FMMFSM_analyzer_Tl/output/20240918123838/config/file1_1.json
2024-09-18 12:38:38,969 - File created: ./FMMFSM_analyzer_Tl/output/20240918123838/config/fileSys_1.json
2024-09-18 12:38:39,014 - Starting post-processing for simulation 1
2024-09-18 12:38:39,014 - Starting post-processing
2024-09-18 12:38:39,014 - First blocking state step: None
2024-09-18 12:38:39,016 - Post-processed file saved to: ./FMMFSM_analyzer_Tl/output/20240918123838/computed/file1_1/result/file1_1PostProcessed_Result.json
2024-09-18 12:38:39,016 - File created: ./FMMFSM_analyzer_Tl/output/20240918123838/config/file1_2.json
2024-09-18 12:38:39,017 - File created: ./FMMFSM_analyzer_Tl/output/20240918123838/config/fileSys_2.json
2024-09-18 12:38:39,060 - Starting post-processing for simulation 2
2024-09-18 12:38:39,060 - Starting post-processing
2024-09-18 12:38:39,060 - First blocking state step: None
2024-09-18 12:38:39,062 - Post-processed file saved to: ./FMMFSM_analyzer_Tl/output/20240918123838/computed/file1_2/result/file1_2PostProcessed_Result.json
2024-09-18 12:38:39,063 - File created: ./FMMFSM_analyzer_Tl/output/20240918123838/config/file1_3.json
2024-09-18 12:38:39,063 - File created: ./FMMFSM_analyzer_Tl/output/20240918123838/config/fileSys_3.json
2024-09-18 12:38:39,119 - Starting post-processing for simulation 3
2024-09-18 12:38:39,120 - Starting post-processing
2024-09-18 12:38:39,120 - First blocking state step: None
2024-09-18 12:38:39,121 - Post-processed file saved to: ./FMMFSM_analyzer_Tl/output/20240918123838/computed/file1_3/result/file1_3PostProcessed_Result.json
2024-09-18 12:38:39,122 - File created: ./FMMFSM_analyzer_Tl/output/20240918123838/config/file1_4.json
2024-09-18 12:38:39,122 - File created: ./FMMFSM_analyzer_Tl/output/20240918123838/config/fileSys_4.json
2024-09-18 12:38:39,172 - Starting post-processing for simulation 4
2024-09-18 12:38:39,172 - Starting post-processing
2024-09-18 12:38:39,173 - First blocking state step: None
2024-09-18 12:38:39,174 - Post-processed file saved to: ./FMMFSM_analyzer_Tl/output/20240918123838/computed/file1_4/result/file1_4PostProcessed_Result.json
2024-09-18 12:38:39,175 - File created: ./FMMFSM_analyzer_Tl/output/20240918123838/config/file1_5.json
2024-09-18 12:38:39,175 - File created: ./FMMFSM_analyzer_Tl/output/20240918123838/config/fileSys_5.json
2024-09-18 12:38:39,218 - Starting post-processing for simulation 5
2024-09-18 12:38:39,218 - Starting post-processing
2024-09-18 12:38:39,218 - First blocking state step: None
2024-09-18 12:38:39,219 - Post-processed file saved to: ./FMMFSM_analyzer_Tl/output/20240918123838/computed/file1_5/result/file1_5PostProcessed_Result.json
2024-09-18 12:38:39,220 - File created: ./FMMFSM_analyzer_Tl/output/20240918123838/config/file1_6.json
2024-09-18 12:38:39,221 - File created: ./FMMFSM_analyzer_Tl/output/20240918123838/config/fileSys_6.json
2024-09-18 12:38:39,264 - Starting post-processing for simulation 6
2024-09-18 12:38:39,265 - Starting post-processing
2024-09-18 12:38:39,265 - First blocking state step: None
2024-09-18 12:38:39,267 - Post-processed file saved to: ./FMMFSM_analyzer_Tl/output/20240918123838/computed/file1_6/result/file1_6PostProcessed_Result.json
2024-09-18 12:38:39,268 - File created: ./FMMFSM_analyzer_Tl/output/20240918123838/config/file1_7.json
2024-09-18 12:38:39,270 - File created: ./FMMFSM_analyzer_Tl/output/20240918123838/config/fileSys_7.json
2024-09-18 12:38:39,314 - Starting post-processing for simulation 7
2024-09-18 12:38:39,314 - Starting post-processing
2024-09-18 12:38:39,314 - First blocking state step: None
2024-09-18 12:38:39,315 - Post-processed file saved to: ./FMMFSM_analyzer_Tl/output/20240918123838/computed/file1_7/result/file1_7PostProcessed_Result.json
2024-09-18 12:38:39,316 - File created: ./FMMFSM_analyzer_Tl/output/20240918123838/config/file1_8.json
2024-09-18 12:38:39,317 - File created: ./FMMFSM_analyzer_Tl/output/20240918123838/config/fileSys_8.json
2024-09-18 12:38:39,360 - Starting post-processing for simulation 8
2024-09-18 12:38:39,360 - Starting post-processing
2024-09-18 12:38:39,360 - First blocking state step: None
2024-09-18 12:38:39,361 - Post-processed file saved to: ./FMMFSM_analyzer_Tl/output/20240918123838/computed/file1_8/result/file1_8PostProcessed_Result.json
2024-09-18 12:38:39,362 - File created: ./FMMFSM_analyzer_Tl/output/20240918123838/config/file1_9.json
2024-09-18 12:38:39,363 - File created: ./FMMFSM_analyzer_Tl/output/20240918123838/config/fileSys_9.json
2024-09-18 12:38:39,405 - Starting post-processing for simulation 9
2024-09-18 12:38:39,405 - Starting post-processing
2024-09-18 12:38:39,405 - First blocking state step: None
2024-09-18 12:38:39,407 - Post-processed file saved to: ./FMMFSM_analyzer_Tl/output/20240918123838/computed/file1_9/result/file1_9PostProcessed_Result.json
2024-09-18 12:38:39,408 - File created: ./FMMFSM_analyzer_Tl/output/20240918123838/config/file1_10.json
2024-09-18 12:38:39,408 - File created: ./FMMFSM_analyzer_Tl/output/20240918123838/config/fileSys_10.json
2024-09-18 12:38:39,450 - Starting post-processing for simulation 10
2024-09-18 12:38:39,450 - Starting post-processing
2024-09-18 12:38:39,451 - First blocking state step: None
2024-09-18 12:38:39,451 - Post-processed file saved to: ./FMMFSM_analyzer_Tl/output/20240918123838/computed/file1_10/result/file1_10PostProcessed_Result.json
2024-09-18 12:38:39,452 - File created: ./FMMFSM_analyzer_Tl/output/20240918123838/config/file1_11.json
2024-09-18 12:38:39,453 - File created: ./FMMFSM_analyzer_Tl/output/20240918123838/config/fileSys_11.json
2024-09-18 12:38:39,497 - Starting post-processing for simulation 11
2024-09-18 12:38:39,497 - Starting post-processing
2024-09-18 12:38:39,497 - First blocking state step: None
2024-09-18 12:38:39,498 - Post-processed file saved to: ./FMMFSM_analyzer_Tl/output/20240918123838/computed/file1_11/result/file1_11PostProcessed_Result.json
2024-09-18 12:38:39,499 - File created: ./FMMFSM_analyzer_Tl/output/20240918123838/config/file1_12.json
2024-09-18 12:38:39,499 - File created: ./FMMFSM_analyzer_Tl/output/20240918123838/config/fileSys_12.json
2024-09-18 12:38:39,543 - Starting post-processing for simulation 12
2024-09-18 12:38:39,543 - Starting post-processing
2024-09-18 12:38:39,543 - First blocking state step: None
2024-09-18 12:38:39,544 - Post-processed file saved to: ./FMMFSM_analyzer_Tl/output/20240918123838/computed/file1_12/result/file1_12PostProcessed_Result.json
2024-09-18 12:38:39,546 - File created: ./FMMFSM_analyzer_Tl/output/20240918123838/config/file1_13.json
2024-09-18 12:38:39,546 - File created: ./FMMFSM_analyzer_Tl/output/20240918123838/config/fileSys_13.json
2024-09-18 12:38:39,588 - Starting post-processing for simulation 13
2024-09-18 12:38:39,588 - Starting post-processing
2024-09-18 12:38:39,588 - First blocking state step: None
2024-09-18 12:38:39,589 - Post-processed file saved to: ./FMMFSM_analyzer_Tl/output/20240918123838/computed/file1_13/result/file1_13PostProcessed_Result.json
2024-09-18 12:38:39,590 - File created: ./FMMFSM_analyzer_Tl/output/20240918123838/config/file1_14.json
2024-09-18 12:38:39,591 - File created: ./FMMFSM_analyzer_Tl/output/20240918123838/config/fileSys_14.json
2024-09-18 12:38:39,635 - Starting post-processing for simulation 14
2024-09-18 12:38:39,635 - Starting post-processing
2024-09-18 12:38:39,635 - First blocking state step: None
2024-09-18 12:38:39,636 - Post-processed file saved to: ./FMMFSM_analyzer_Tl/output/20240918123838/computed/file1_14/result/file1_14PostProcessed_Result.json
2024-09-18 12:38:39,637 - File created: ./FMMFSM_analyzer_Tl/output/20240918123838/config/file1_15.json
2024-09-18 12:38:39,638 - File created: ./FMMFSM_analyzer_Tl/output/20240918123838/config/fileSys_15.json
2024-09-18 12:38:39,682 - Starting post-processing for simulation 15
2024-09-18 12:38:39,682 - Starting post-processing
2024-09-18 12:38:39,682 - First blocking state step: None
2024-09-18 12:38:39,683 - Post-processed file saved to: ./FMMFSM_analyzer_Tl/output/20240918123838/computed/file1_15/result/file1_15PostProcessed_Result.json
2024-09-18 12:38:39,684 - File created: ./FMMFSM_analyzer_Tl/output/20240918123838/config/file1_16.json
2024-09-18 12:38:39,685 - File created: ./FMMFSM_analyzer_Tl/output/20240918123838/config/fileSys_16.json
2024-09-18 12:38:39,810 - Starting post-processing for simulation 16
2024-09-18 12:38:39,810 - Starting post-processing
2024-09-18 12:38:39,810 - First blocking state step: None
2024-09-18 12:38:39,812 - Post-processed file saved to: ./FMMFSM_analyzer_Tl/output/20240918123838/computed/file1_16/result/file1_16PostProcessed_Result.json
2024-09-18 12:38:39,813 - File created: ./FMMFSM_analyzer_Tl/output/20240918123838/config/file1_17.json
2024-09-18 12:38:39,813 - File created: ./FMMFSM_analyzer_Tl/output/20240918123838/config/fileSys_17.json
2024-09-18 12:38:39,864 - Starting post-processing for simulation 17
2024-09-18 12:38:39,864 - Starting post-processing
2024-09-18 12:38:39,865 - First blocking state step: None
2024-09-18 12:38:39,866 - Post-processed file saved to: ./FMMFSM_analyzer_Tl/output/20240918123838/computed/file1_17/result/file1_17PostProcessed_Result.json
2024-09-18 12:38:39,868 - File created: ./FMMFSM_analyzer_Tl/output/20240918123838/config/file1_18.json
2024-09-18 12:38:39,869 - File created: ./FMMFSM_analyzer_Tl/output/20240918123838/config/fileSys_18.json
2024-09-18 12:38:39,916 - Starting post-processing for simulation 18
2024-09-18 12:38:39,916 - Starting post-processing
2024-09-18 12:38:39,916 - First blocking state step: None
2024-09-18 12:38:39,917 - Post-processed file saved to: ./FMMFSM_analyzer_Tl/output/20240918123838/computed/file1_18/result/file1_18PostProcessed_Result.json
2024-09-18 12:38:39,918 - File created: ./FMMFSM_analyzer_Tl/output/20240918123838/config/file1_19.json
2024-09-18 12:38:39,919 - File created: ./FMMFSM_analyzer_Tl/output/20240918123838/config/fileSys_19.json
2024-09-18 12:38:39,963 - Starting post-processing for simulation 19
2024-09-18 12:38:39,963 - Starting post-processing
2024-09-18 12:38:39,964 - First blocking state step: None
2024-09-18 12:38:39,965 - Post-processed file saved to: ./FMMFSM_analyzer_Tl/output/20240918123838/computed/file1_19/result/file1_19PostProcessed_Result.json
2024-09-18 12:38:39,965 - File created: ./FMMFSM_analyzer_Tl/output/20240918123838/config/file1_20.json
2024-09-18 12:38:39,966 - File created: ./FMMFSM_analyzer_Tl/output/20240918123838/config/fileSys_20.json
2024-09-18 12:38:40,009 - Starting post-processing for simulation 20
2024-09-18 12:38:40,009 - Starting post-processing
2024-09-18 12:38:40,010 - First blocking state step: None
2024-09-18 12:38:40,011 - Post-processed file saved to: ./FMMFSM_analyzer_Tl/output/20240918123838/computed/file1_20/result/file1_20PostProcessed_Result.json
2024-09-18 12:38:40,012 - File created: ./FMMFSM_analyzer_Tl/output/20240918123838/config/file1_21.json
2024-09-18 12:38:40,013 - File created: ./FMMFSM_analyzer_Tl/output/20240918123838/config/fileSys_21.json
2024-09-18 12:38:40,056 - Starting post-processing for simulation 21
2024-09-18 12:38:40,057 - Starting post-processing
2024-09-18 12:38:40,057 - First blocking state step: None
2024-09-18 12:38:40,058 - Post-processed file saved to: ./FMMFSM_analyzer_Tl/output/20240918123838/computed/file1_21/result/file1_21PostProcessed_Result.json
2024-09-18 12:38:40,059 - File created: ./FMMFSM_analyzer_Tl/output/20240918123838/config/file1_22.json
2024-09-18 12:38:40,059 - File created: ./FMMFSM_analyzer_Tl/output/20240918123838/config/fileSys_22.json
2024-09-18 12:38:40,104 - Starting post-processing for simulation 22
2024-09-18 12:38:40,104 - Starting post-processing
2024-09-18 12:38:40,104 - First blocking state step: None
2024-09-18 12:38:40,106 - Post-processed file saved to: ./FMMFSM_analyzer_Tl/output/20240918123838/computed/file1_22/result/file1_22PostProcessed_Result.json
2024-09-18 12:38:40,107 - File created: ./FMMFSM_analyzer_Tl/output/20240918123838/config/file1_23.json
2024-09-18 12:38:40,107 - File created: ./FMMFSM_analyzer_Tl/output/20240918123838/config/fileSys_23.json
2024-09-18 12:38:40,151 - Starting post-processing for simulation 23
2024-09-18 12:38:40,151 - Starting post-processing
2024-09-18 12:38:40,152 - First blocking state step: None
2024-09-18 12:38:40,153 - Post-processed file saved to: ./FMMFSM_analyzer_Tl/output/20240918123838/computed/file1_23/result/file1_23PostProcessed_Result.json
2024-09-18 12:38:40,154 - File created: ./FMMFSM_analyzer_Tl/output/20240918123838/config/file1_24.json
2024-09-18 12:38:40,155 - File created: ./FMMFSM_analyzer_Tl/output/20240918123838/config/fileSys_24.json
2024-09-18 12:38:40,198 - Starting post-processing for simulation 24
2024-09-18 12:38:40,198 - Starting post-processing
2024-09-18 12:38:40,198 - First blocking state step: None
2024-09-18 12:38:40,199 - Post-processed file saved to: ./FMMFSM_analyzer_Tl/output/20240918123838/computed/file1_24/result/file1_24PostProcessed_Result.json
2024-09-18 12:38:40,200 - File created: ./FMMFSM_analyzer_Tl/output/20240918123838/config/file1_25.json
2024-09-18 12:38:40,201 - File created: ./FMMFSM_analyzer_Tl/output/20240918123838/config/fileSys_25.json
2024-09-18 12:38:40,252 - Starting post-processing for simulation 25
2024-09-18 12:38:40,252 - Starting post-processing
2024-09-18 12:38:40,252 - First blocking state step: None
2024-09-18 12:38:40,253 - Post-processed file saved to: ./FMMFSM_analyzer_Tl/output/20240918123838/computed/file1_25/result/file1_25PostProcessed_Result.json
2024-09-18 12:38:40,255 - File created: ./FMMFSM_analyzer_Tl/output/20240918123838/config/file1_26.json
2024-09-18 12:38:40,255 - File created: ./FMMFSM_analyzer_Tl/output/20240918123838/config/fileSys_26.json
2024-09-18 12:38:40,299 - Starting post-processing for simulation 26
2024-09-18 12:38:40,299 - Starting post-processing
2024-09-18 12:38:40,300 - First blocking state step: None
2024-09-18 12:38:40,301 - Post-processed file saved to: ./FMMFSM_analyzer_Tl/output/20240918123838/computed/file1_26/result/file1_26PostProcessed_Result.json
2024-09-18 12:38:40,302 - File created: ./FMMFSM_analyzer_Tl/output/20240918123838/config/file1_27.json
2024-09-18 12:38:40,302 - File created: ./FMMFSM_analyzer_Tl/output/20240918123838/config/fileSys_27.json
2024-09-18 12:38:40,346 - Starting post-processing for simulation 27
2024-09-18 12:38:40,346 - Starting post-processing
2024-09-18 12:38:40,346 - First blocking state step: None
2024-09-18 12:38:40,347 - Post-processed file saved to: ./FMMFSM_analyzer_Tl/output/20240918123838/computed/file1_27/result/file1_27PostProcessed_Result.json
2024-09-18 12:38:40,349 - File created: ./FMMFSM_analyzer_Tl/output/20240918123838/config/file1_28.json
2024-09-18 12:38:40,349 - File created: ./FMMFSM_analyzer_Tl/output/20240918123838/config/fileSys_28.json
2024-09-18 12:38:40,397 - Starting post-processing for simulation 28
2024-09-18 12:38:40,397 - Starting post-processing
2024-09-18 12:38:40,397 - First blocking state step: None
2024-09-18 12:38:40,398 - Post-processed file saved to: ./FMMFSM_analyzer_Tl/output/20240918123838/computed/file1_28/result/file1_28PostProcessed_Result.json
2024-09-18 12:38:40,399 - File created: ./FMMFSM_analyzer_Tl/output/20240918123838/config/file1_29.json
2024-09-18 12:38:40,400 - File created: ./FMMFSM_analyzer_Tl/output/20240918123838/config/fileSys_29.json
2024-09-18 12:38:40,443 - Starting post-processing for simulation 29
2024-09-18 12:38:40,443 - Starting post-processing
2024-09-18 12:38:40,443 - First blocking state step: None
2024-09-18 12:38:40,444 - Post-processed file saved to: ./FMMFSM_analyzer_Tl/output/20240918123838/computed/file1_29/result/file1_29PostProcessed_Result.json
2024-09-18 12:38:40,445 - File created: ./FMMFSM_analyzer_Tl/output/20240918123838/config/file1_30.json
2024-09-18 12:38:40,445 - File created: ./FMMFSM_analyzer_Tl/output/20240918123838/config/fileSys_30.json
2024-09-18 12:38:40,488 - Starting post-processing for simulation 30
2024-09-18 12:38:40,489 - Starting post-processing
2024-09-18 12:38:40,489 - First blocking state step: None
2024-09-18 12:38:40,490 - Post-processed file saved to: ./FMMFSM_analyzer_Tl/output/20240918123838/computed/file1_30/result/file1_30PostProcessed_Result.json
2024-09-18 12:38:40,491 - File created: ./FMMFSM_analyzer_Tl/output/20240918123838/config/file1_31.json
2024-09-18 12:38:40,491 - File created: ./FMMFSM_analyzer_Tl/output/20240918123838/config/fileSys_31.json
2024-09-18 12:38:40,543 - Starting post-processing for simulation 31
2024-09-18 12:38:40,543 - Starting post-processing
2024-09-18 12:38:40,544 - First blocking state step: None
2024-09-18 12:38:40,546 - Post-processed file saved to: ./FMMFSM_analyzer_Tl/output/20240918123838/computed/file1_31/result/file1_31PostProcessed_Result.json
2024-09-18 12:38:40,548 - File created: ./FMMFSM_analyzer_Tl/output/20240918123838/config/file1_32.json
2024-09-18 12:38:40,549 - File created: ./FMMFSM_analyzer_Tl/output/20240918123838/config/fileSys_32.json
2024-09-18 12:38:40,613 - Starting post-processing for simulation 32
2024-09-18 12:38:40,613 - Starting post-processing
2024-09-18 12:38:40,614 - First blocking state step: None
2024-09-18 12:38:40,615 - Post-processed file saved to: ./FMMFSM_analyzer_Tl/output/20240918123838/computed/file1_32/result/file1_32PostProcessed_Result.json
2024-09-18 12:38:40,616 - File created: ./FMMFSM_analyzer_Tl/output/20240918123838/config/file1_33.json
2024-09-18 12:38:40,616 - File created: ./FMMFSM_analyzer_Tl/output/20240918123838/config/fileSys_33.json
2024-09-18 12:38:40,661 - Starting post-processing for simulation 33
2024-09-18 12:38:40,661 - Starting post-processing
2024-09-18 12:38:40,662 - First blocking state step: None
2024-09-18 12:38:40,663 - Post-processed file saved to: ./FMMFSM_analyzer_Tl/output/20240918123838/computed/file1_33/result/file1_33PostProcessed_Result.json
2024-09-18 12:38:40,664 - File created: ./FMMFSM_analyzer_Tl/output/20240918123838/config/file1_34.json
2024-09-18 12:38:40,665 - File created: ./FMMFSM_analyzer_Tl/output/20240918123838/config/fileSys_34.json
2024-09-18 12:38:40,710 - Starting post-processing for simulation 34
2024-09-18 12:38:40,710 - Starting post-processing
2024-09-18 12:38:40,710 - First blocking state step: None
2024-09-18 12:38:40,711 - Post-processed file saved to: ./FMMFSM_analyzer_Tl/output/20240918123838/computed/file1_34/result/file1_34PostProcessed_Result.json
2024-09-18 12:38:40,712 - File created: ./FMMFSM_analyzer_Tl/output/20240918123838/config/file1_35.json
2024-09-18 12:38:40,713 - File created: ./FMMFSM_analyzer_Tl/output/20240918123838/config/fileSys_35.json
2024-09-18 12:38:40,757 - Starting post-processing for simulation 35
2024-09-18 12:38:40,757 - Starting post-processing
2024-09-18 12:38:40,758 - First blocking state step: None
2024-09-18 12:38:40,759 - Post-processed file saved to: ./FMMFSM_analyzer_Tl/output/20240918123838/computed/file1_35/result/file1_35PostProcessed_Result.json
2024-09-18 12:38:40,760 - File created: ./FMMFSM_analyzer_Tl/output/20240918123838/config/file1_36.json
2024-09-18 12:38:40,760 - File created: ./FMMFSM_analyzer_Tl/output/20240918123838/config/fileSys_36.json
2024-09-18 12:38:40,803 - Starting post-processing for simulation 36
2024-09-18 12:38:40,803 - Starting post-processing
2024-09-18 12:38:40,803 - First blocking state step: None
2024-09-18 12:38:40,804 - Post-processed file saved to: ./FMMFSM_analyzer_Tl/output/20240918123838/computed/file1_36/result/file1_36PostProcessed_Result.json
2024-09-18 12:38:40,805 - File created: ./FMMFSM_analyzer_Tl/output/20240918123838/config/file1_37.json
2024-09-18 12:38:40,806 - File created: ./FMMFSM_analyzer_Tl/output/20240918123838/config/fileSys_37.json
2024-09-18 12:38:40,849 - Starting post-processing for simulation 37
2024-09-18 12:38:40,849 - Starting post-processing
2024-09-18 12:38:40,849 - First blocking state step: None
2024-09-18 12:38:40,850 - Post-processed file saved to: ./FMMFSM_analyzer_Tl/output/20240918123838/computed/file1_37/result/file1_37PostProcessed_Result.json
2024-09-18 12:38:40,851 - File created: ./FMMFSM_analyzer_Tl/output/20240918123838/config/file1_38.json
2024-09-18 12:38:40,851 - File created: ./FMMFSM_analyzer_Tl/output/20240918123838/config/fileSys_38.json
2024-09-18 12:38:40,893 - Starting post-processing for simulation 38
2024-09-18 12:38:40,894 - Starting post-processing
2024-09-18 12:38:40,894 - First blocking state step: None
2024-09-18 12:38:40,895 - Post-processed file saved to: ./FMMFSM_analyzer_Tl/output/20240918123838/computed/file1_38/result/file1_38PostProcessed_Result.json
2024-09-18 12:38:40,896 - File created: ./FMMFSM_analyzer_Tl/output/20240918123838/config/file1_39.json
2024-09-18 12:38:40,897 - File created: ./FMMFSM_analyzer_Tl/output/20240918123838/config/fileSys_39.json
2024-09-18 12:38:40,941 - Starting post-processing for simulation 39
2024-09-18 12:38:40,941 - Starting post-processing
2024-09-18 12:38:40,941 - First blocking state step: None
2024-09-18 12:38:40,943 - Post-processed file saved to: ./FMMFSM_analyzer_Tl/output/20240918123838/computed/file1_39/result/file1_39PostProcessed_Result.json
2024-09-18 12:38:40,944 - File created: ./FMMFSM_analyzer_Tl/output/20240918123838/config/file1_40.json
2024-09-18 12:38:40,944 - File created: ./FMMFSM_analyzer_Tl/output/20240918123838/config/fileSys_40.json
2024-09-18 12:38:40,986 - Starting post-processing for simulation 40
2024-09-18 12:38:40,986 - Starting post-processing
2024-09-18 12:38:40,987 - First blocking state step: None
2024-09-18 12:38:40,987 - Post-processed file saved to: ./FMMFSM_analyzer_Tl/output/20240918123838/computed/file1_40/result/file1_40PostProcessed_Result.json
2024-09-18 12:38:40,988 - File created: ./FMMFSM_analyzer_Tl/output/20240918123838/config/file1_41.json
2024-09-18 12:38:40,989 - File created: ./FMMFSM_analyzer_Tl/output/20240918123838/config/fileSys_41.json
2024-09-18 12:38:41,031 - Starting post-processing for simulation 41
2024-09-18 12:38:41,031 - Starting post-processing
2024-09-18 12:38:41,031 - First blocking state step: None
2024-09-18 12:38:41,032 - Post-processed file saved to: ./FMMFSM_analyzer_Tl/output/20240918123838/computed/file1_41/result/file1_41PostProcessed_Result.json
2024-09-18 12:38:41,033 - File created: ./FMMFSM_analyzer_Tl/output/20240918123838/config/file1_42.json
2024-09-18 12:38:41,034 - File created: ./FMMFSM_analyzer_Tl/output/20240918123838/config/fileSys_42.json
2024-09-18 12:38:41,075 - Starting post-processing for simulation 42
2024-09-18 12:38:41,076 - Starting post-processing
2024-09-18 12:38:41,076 - First blocking state step: None
2024-09-18 12:38:41,077 - Post-processed file saved to: ./FMMFSM_analyzer_Tl/output/20240918123838/computed/file1_42/result/file1_42PostProcessed_Result.json
2024-09-18 12:38:41,078 - File created: ./FMMFSM_analyzer_Tl/output/20240918123838/config/file1_43.json
2024-09-18 12:38:41,079 - File created: ./FMMFSM_analyzer_Tl/output/20240918123838/config/fileSys_43.json
2024-09-18 12:38:41,121 - Starting post-processing for simulation 43
2024-09-18 12:38:41,121 - Starting post-processing
2024-09-18 12:38:41,121 - First blocking state step: None
2024-09-18 12:38:41,123 - Post-processed file saved to: ./FMMFSM_analyzer_Tl/output/20240918123838/computed/file1_43/result/file1_43PostProcessed_Result.json
2024-09-18 12:38:41,124 - File created: ./FMMFSM_analyzer_Tl/output/20240918123838/config/file1_44.json
2024-09-18 12:38:41,124 - File created: ./FMMFSM_analyzer_Tl/output/20240918123838/config/fileSys_44.json
2024-09-18 12:38:41,167 - Starting post-processing for simulation 44
2024-09-18 12:38:41,167 - Starting post-processing
2024-09-18 12:38:41,167 - First blocking state step: None
2024-09-18 12:38:41,168 - Post-processed file saved to: ./FMMFSM_analyzer_Tl/output/20240918123838/computed/file1_44/result/file1_44PostProcessed_Result.json
2024-09-18 12:38:41,169 - File created: ./FMMFSM_analyzer_Tl/output/20240918123838/config/file1_45.json
2024-09-18 12:38:41,169 - File created: ./FMMFSM_analyzer_Tl/output/20240918123838/config/fileSys_45.json
2024-09-18 12:38:41,211 - Starting post-processing for simulation 45
2024-09-18 12:38:41,211 - Starting post-processing
2024-09-18 12:38:41,212 - First blocking state step: None
2024-09-18 12:38:41,213 - Post-processed file saved to: ./FMMFSM_analyzer_Tl/output/20240918123838/computed/file1_45/result/file1_45PostProcessed_Result.json
2024-09-18 12:38:41,214 - File created: ./FMMFSM_analyzer_Tl/output/20240918123838/config/file1_46.json
2024-09-18 12:38:41,214 - File created: ./FMMFSM_analyzer_Tl/output/20240918123838/config/fileSys_46.json
2024-09-18 12:38:41,259 - Starting post-processing for simulation 46
2024-09-18 12:38:41,259 - Starting post-processing
2024-09-18 12:38:41,259 - First blocking state step: None
2024-09-18 12:38:41,260 - Post-processed file saved to: ./FMMFSM_analyzer_Tl/output/20240918123838/computed/file1_46/result/file1_46PostProcessed_Result.json
2024-09-18 12:38:41,261 - File created: ./FMMFSM_analyzer_Tl/output/20240918123838/config/file1_47.json
2024-09-18 12:38:41,262 - File created: ./FMMFSM_analyzer_Tl/output/20240918123838/config/fileSys_47.json
2024-09-18 12:38:41,304 - Starting post-processing for simulation 47
2024-09-18 12:38:41,304 - Starting post-processing
2024-09-18 12:38:41,305 - First blocking state step: None
2024-09-18 12:38:41,306 - Post-processed file saved to: ./FMMFSM_analyzer_Tl/output/20240918123838/computed/file1_47/result/file1_47PostProcessed_Result.json
2024-09-18 12:38:41,307 - File created: ./FMMFSM_analyzer_Tl/output/20240918123838/config/file1_48.json
2024-09-18 12:38:41,307 - File created: ./FMMFSM_analyzer_Tl/output/20240918123838/config/fileSys_48.json
2024-09-18 12:38:41,349 - Starting post-processing for simulation 48
2024-09-18 12:38:41,350 - Starting post-processing
2024-09-18 12:38:41,350 - First blocking state step: None
2024-09-18 12:38:41,351 - Post-processed file saved to: ./FMMFSM_analyzer_Tl/output/20240918123838/computed/file1_48/result/file1_48PostProcessed_Result.json
2024-09-18 12:38:41,352 - File created: ./FMMFSM_analyzer_Tl/output/20240918123838/config/file1_49.json
2024-09-18 12:38:41,352 - File created: ./FMMFSM_analyzer_Tl/output/20240918123838/config/fileSys_49.json
2024-09-18 12:38:41,396 - Starting post-processing for simulation 49
2024-09-18 12:38:41,396 - Starting post-processing
2024-09-18 12:38:41,396 - First blocking state step: None
2024-09-18 12:38:41,397 - Post-processed file saved to: ./FMMFSM_analyzer_Tl/output/20240918123838/computed/file1_49/result/file1_49PostProcessed_Result.json
2024-09-18 12:38:41,398 - File created: ./FMMFSM_analyzer_Tl/output/20240918123838/config/file1_50.json
2024-09-18 12:38:41,399 - File created: ./FMMFSM_analyzer_Tl/output/20240918123838/config/fileSys_50.json
2024-09-18 12:38:41,441 - Starting post-processing for simulation 50
2024-09-18 12:38:41,441 - Starting post-processing
2024-09-18 12:38:41,442 - First blocking state step: None
2024-09-18 12:38:41,443 - Post-processed file saved to: ./FMMFSM_analyzer_Tl/output/20240918123838/computed/file1_50/result/file1_50PostProcessed_Result.json
2024-09-18 12:38:41,444 - File created: ./FMMFSM_analyzer_Tl/output/20240918123838/config/file1_51.json
2024-09-18 12:38:41,444 - File created: ./FMMFSM_analyzer_Tl/output/20240918123838/config/fileSys_51.json
2024-09-18 12:38:41,487 - Starting post-processing for simulation 51
2024-09-18 12:38:41,487 - Starting post-processing
2024-09-18 12:38:41,487 - First blocking state step: None
2024-09-18 12:38:41,489 - Post-processed file saved to: ./FMMFSM_analyzer_Tl/output/20240918123838/computed/file1_51/result/file1_51PostProcessed_Result.json
2024-09-18 12:38:41,490 - File created: ./FMMFSM_analyzer_Tl/output/20240918123838/config/file1_52.json
2024-09-18 12:38:41,490 - File created: ./FMMFSM_analyzer_Tl/output/20240918123838/config/fileSys_52.json
2024-09-18 12:38:41,534 - Starting post-processing for simulation 52
2024-09-18 12:38:41,534 - Starting post-processing
2024-09-18 12:38:41,534 - First blocking state step: None
2024-09-18 12:38:41,535 - Post-processed file saved to: ./FMMFSM_analyzer_Tl/output/20240918123838/computed/file1_52/result/file1_52PostProcessed_Result.json
2024-09-18 12:38:41,537 - File created: ./FMMFSM_analyzer_Tl/output/20240918123838/config/file1_53.json
2024-09-18 12:38:41,537 - File created: ./FMMFSM_analyzer_Tl/output/20240918123838/config/fileSys_53.json
2024-09-18 12:38:41,578 - Starting post-processing for simulation 53
2024-09-18 12:38:41,578 - Starting post-processing
2024-09-18 12:38:41,578 - First blocking state step: None
2024-09-18 12:38:41,579 - Post-processed file saved to: ./FMMFSM_analyzer_Tl/output/20240918123838/computed/file1_53/result/file1_53PostProcessed_Result.json
2024-09-18 12:38:41,580 - File created: ./FMMFSM_analyzer_Tl/output/20240918123838/config/file1_54.json
2024-09-18 12:38:41,581 - File created: ./FMMFSM_analyzer_Tl/output/20240918123838/config/fileSys_54.json
2024-09-18 12:38:41,622 - Starting post-processing for simulation 54
2024-09-18 12:38:41,622 - Starting post-processing
2024-09-18 12:38:41,622 - First blocking state step: None
2024-09-18 12:38:41,623 - Post-processed file saved to: ./FMMFSM_analyzer_Tl/output/20240918123838/computed/file1_54/result/file1_54PostProcessed_Result.json
2024-09-18 12:38:41,624 - File created: ./FMMFSM_analyzer_Tl/output/20240918123838/config/file1_55.json
2024-09-18 12:38:41,624 - File created: ./FMMFSM_analyzer_Tl/output/20240918123838/config/fileSys_55.json
2024-09-18 12:38:41,667 - Starting post-processing for simulation 55
2024-09-18 12:38:41,667 - Starting post-processing
2024-09-18 12:38:41,667 - First blocking state step: None
2024-09-18 12:38:41,668 - Post-processed file saved to: ./FMMFSM_analyzer_Tl/output/20240918123838/computed/file1_55/result/file1_55PostProcessed_Result.json
2024-09-18 12:38:41,669 - File created: ./FMMFSM_analyzer_Tl/output/20240918123838/config/file1_56.json
2024-09-18 12:38:41,669 - File created: ./FMMFSM_analyzer_Tl/output/20240918123838/config/fileSys_56.json
2024-09-18 12:38:41,712 - Starting post-processing for simulation 56
2024-09-18 12:38:41,712 - Starting post-processing
2024-09-18 12:38:41,712 - First blocking state step: None
2024-09-18 12:38:41,713 - Post-processed file saved to: ./FMMFSM_analyzer_Tl/output/20240918123838/computed/file1_56/result/file1_56PostProcessed_Result.json
2024-09-18 12:38:41,714 - File created: ./FMMFSM_analyzer_Tl/output/20240918123838/config/file1_57.json
2024-09-18 12:38:41,715 - File created: ./FMMFSM_analyzer_Tl/output/20240918123838/config/fileSys_57.json
2024-09-18 12:38:41,757 - Starting post-processing for simulation 57
2024-09-18 12:38:41,757 - Starting post-processing
2024-09-18 12:38:41,758 - First blocking state step: None
2024-09-18 12:38:41,758 - Post-processed file saved to: ./FMMFSM_analyzer_Tl/output/20240918123838/computed/file1_57/result/file1_57PostProcessed_Result.json
2024-09-18 12:38:41,759 - File created: ./FMMFSM_analyzer_Tl/output/20240918123838/config/file1_58.json
2024-09-18 12:38:41,760 - File created: ./FMMFSM_analyzer_Tl/output/20240918123838/config/fileSys_58.json
2024-09-18 12:38:41,802 - Starting post-processing for simulation 58
2024-09-18 12:38:41,802 - Starting post-processing
2024-09-18 12:38:41,802 - First blocking state step: None
2024-09-18 12:38:41,803 - Post-processed file saved to: ./FMMFSM_analyzer_Tl/output/20240918123838/computed/file1_58/result/file1_58PostProcessed_Result.json
2024-09-18 12:38:41,804 - File created: ./FMMFSM_analyzer_Tl/output/20240918123838/config/file1_59.json
2024-09-18 12:38:41,805 - File created: ./FMMFSM_analyzer_Tl/output/20240918123838/config/fileSys_59.json
2024-09-18 12:38:41,846 - Starting post-processing for simulation 59
2024-09-18 12:38:41,846 - Starting post-processing
2024-09-18 12:38:41,846 - First blocking state step: None
2024-09-18 12:38:41,847 - Post-processed file saved to: ./FMMFSM_analyzer_Tl/output/20240918123838/computed/file1_59/result/file1_59PostProcessed_Result.json
2024-09-18 12:38:41,848 - File created: ./FMMFSM_analyzer_Tl/output/20240918123838/config/file1_60.json
2024-09-18 12:38:41,849 - File created: ./FMMFSM_analyzer_Tl/output/20240918123838/config/fileSys_60.json
2024-09-18 12:38:41,892 - Starting post-processing for simulation 60
2024-09-18 12:38:41,892 - Starting post-processing
2024-09-18 12:38:41,892 - First blocking state step: None
2024-09-18 12:38:41,893 - Post-processed file saved to: ./FMMFSM_analyzer_Tl/output/20240918123838/computed/file1_60/result/file1_60PostProcessed_Result.json
2024-09-18 12:38:41,895 - File created: ./FMMFSM_analyzer_Tl/output/20240918123838/config/file1_61.json
2024-09-18 12:38:41,895 - File created: ./FMMFSM_analyzer_Tl/output/20240918123838/config/fileSys_61.json
2024-09-18 12:38:41,938 - Starting post-processing for simulation 61
2024-09-18 12:38:41,938 - Starting post-processing
2024-09-18 12:38:41,938 - First blocking state step: None
2024-09-18 12:38:41,939 - Post-processed file saved to: ./FMMFSM_analyzer_Tl/output/20240918123838/computed/file1_61/result/file1_61PostProcessed_Result.json
2024-09-18 12:38:41,940 - File created: ./FMMFSM_analyzer_Tl/output/20240918123838/config/file1_62.json
2024-09-18 12:38:41,941 - File created: ./FMMFSM_analyzer_Tl/output/20240918123838/config/fileSys_62.json
2024-09-18 12:38:41,983 - Starting post-processing for simulation 62
2024-09-18 12:38:41,983 - Starting post-processing
2024-09-18 12:38:41,983 - First blocking state step: None
2024-09-18 12:38:41,984 - Post-processed file saved to: ./FMMFSM_analyzer_Tl/output/20240918123838/computed/file1_62/result/file1_62PostProcessed_Result.json
2024-09-18 12:38:41,985 - File created: ./FMMFSM_analyzer_Tl/output/20240918123838/config/file1_63.json
2024-09-18 12:38:41,986 - File created: ./FMMFSM_analyzer_Tl/output/20240918123838/config/fileSys_63.json
2024-09-18 12:38:42,032 - Starting post-processing for simulation 63
2024-09-18 12:38:42,032 - Starting post-processing
2024-09-18 12:38:42,032 - First blocking state step: None
2024-09-18 12:38:42,033 - Post-processed file saved to: ./FMMFSM_analyzer_Tl/output/20240918123838/computed/file1_63/result/file1_63PostProcessed_Result.json
2024-09-18 12:38:42,034 - File created: ./FMMFSM_analyzer_Tl/output/20240918123838/config/file1_64.json
2024-09-18 12:38:42,035 - File created: ./FMMFSM_analyzer_Tl/output/20240918123838/config/fileSys_64.json
2024-09-18 12:38:42,079 - Starting post-processing for simulation 64
2024-09-18 12:38:42,079 - Starting post-processing
2024-09-18 12:38:42,079 - First blocking state step: None
2024-09-18 12:38:42,080 - Post-processed file saved to: ./FMMFSM_analyzer_Tl/output/20240918123838/computed/file1_64/result/file1_64PostProcessed_Result.json
2024-09-18 12:38:42,082 - File created: ./FMMFSM_analyzer_Tl/output/20240918123838/config/file1_65.json
2024-09-18 12:38:42,083 - File created: ./FMMFSM_analyzer_Tl/output/20240918123838/config/fileSys_65.json
2024-09-18 12:38:42,128 - Starting post-processing for simulation 65
2024-09-18 12:38:42,128 - Starting post-processing
2024-09-18 12:38:42,128 - First blocking state step: None
2024-09-18 12:38:42,129 - Post-processed file saved to: ./FMMFSM_analyzer_Tl/output/20240918123838/computed/file1_65/result/file1_65PostProcessed_Result.json
2024-09-18 12:38:42,131 - File created: ./FMMFSM_analyzer_Tl/output/20240918123838/config/file1_66.json
2024-09-18 12:38:42,131 - File created: ./FMMFSM_analyzer_Tl/output/20240918123838/config/fileSys_66.json
2024-09-18 12:38:42,175 - Starting post-processing for simulation 66
2024-09-18 12:38:42,175 - Starting post-processing
2024-09-18 12:38:42,175 - First blocking state step: None
2024-09-18 12:38:42,176 - Post-processed file saved to: ./FMMFSM_analyzer_Tl/output/20240918123838/computed/file1_66/result/file1_66PostProcessed_Result.json
2024-09-18 12:38:42,177 - File created: ./FMMFSM_analyzer_Tl/output/20240918123838/config/file1_67.json
2024-09-18 12:38:42,177 - File created: ./FMMFSM_analyzer_Tl/output/20240918123838/config/fileSys_67.json
2024-09-18 12:38:42,220 - Starting post-processing for simulation 67
2024-09-18 12:38:42,220 - Starting post-processing
2024-09-18 12:38:42,221 - First blocking state step: None
2024-09-18 12:38:42,222 - Post-processed file saved to: ./FMMFSM_analyzer_Tl/output/20240918123838/computed/file1_67/result/file1_67PostProcessed_Result.json
2024-09-18 12:38:42,223 - File created: ./FMMFSM_analyzer_Tl/output/20240918123838/config/file1_68.json
2024-09-18 12:38:42,223 - File created: ./FMMFSM_analyzer_Tl/output/20240918123838/config/fileSys_68.json
2024-09-18 12:38:42,267 - Starting post-processing for simulation 68
2024-09-18 12:38:42,267 - Starting post-processing
2024-09-18 12:38:42,267 - First blocking state step: None
2024-09-18 12:38:42,268 - Post-processed file saved to: ./FMMFSM_analyzer_Tl/output/20240918123838/computed/file1_68/result/file1_68PostProcessed_Result.json
2024-09-18 12:38:42,269 - File created: ./FMMFSM_analyzer_Tl/output/20240918123838/config/file1_69.json
2024-09-18 12:38:42,269 - File created: ./FMMFSM_analyzer_Tl/output/20240918123838/config/fileSys_69.json
2024-09-18 12:38:42,312 - Starting post-processing for simulation 69
2024-09-18 12:38:42,312 - Starting post-processing
2024-09-18 12:38:42,312 - First blocking state step: None
2024-09-18 12:38:42,313 - Post-processed file saved to: ./FMMFSM_analyzer_Tl/output/20240918123838/computed/file1_69/result/file1_69PostProcessed_Result.json
2024-09-18 12:38:42,314 - File created: ./FMMFSM_analyzer_Tl/output/20240918123838/config/file1_70.json
2024-09-18 12:38:42,314 - File created: ./FMMFSM_analyzer_Tl/output/20240918123838/config/fileSys_70.json
2024-09-18 12:38:42,355 - Starting post-processing for simulation 70
2024-09-18 12:38:42,355 - Starting post-processing
2024-09-18 12:38:42,356 - First blocking state step: None
2024-09-18 12:38:42,357 - Post-processed file saved to: ./FMMFSM_analyzer_Tl/output/20240918123838/computed/file1_70/result/file1_70PostProcessed_Result.json
2024-09-18 12:38:42,358 - File created: ./FMMFSM_analyzer_Tl/output/20240918123838/config/file1_71.json
2024-09-18 12:38:42,358 - File created: ./FMMFSM_analyzer_Tl/output/20240918123838/config/fileSys_71.json
2024-09-18 12:38:42,400 - Starting post-processing for simulation 71
2024-09-18 12:38:42,400 - Starting post-processing
2024-09-18 12:38:42,400 - First blocking state step: None
2024-09-18 12:38:42,401 - Post-processed file saved to: ./FMMFSM_analyzer_Tl/output/20240918123838/computed/file1_71/result/file1_71PostProcessed_Result.json
2024-09-18 12:38:42,402 - File created: ./FMMFSM_analyzer_Tl/output/20240918123838/config/file1_72.json
2024-09-18 12:38:42,403 - File created: ./FMMFSM_analyzer_Tl/output/20240918123838/config/fileSys_72.json
2024-09-18 12:38:42,444 - Starting post-processing for simulation 72
2024-09-18 12:38:42,444 - Starting post-processing
2024-09-18 12:38:42,444 - First blocking state step: None
2024-09-18 12:38:42,445 - Post-processed file saved to: ./FMMFSM_analyzer_Tl/output/20240918123838/computed/file1_72/result/file1_72PostProcessed_Result.json
2024-09-18 12:38:42,446 - File created: ./FMMFSM_analyzer_Tl/output/20240918123838/config/file1_73.json
2024-09-18 12:38:42,447 - File created: ./FMMFSM_analyzer_Tl/output/20240918123838/config/fileSys_73.json
2024-09-18 12:38:42,489 - Starting post-processing for simulation 73
2024-09-18 12:38:42,490 - Starting post-processing
2024-09-18 12:38:42,490 - First blocking state step: None
2024-09-18 12:38:42,491 - Post-processed file saved to: ./FMMFSM_analyzer_Tl/output/20240918123838/computed/file1_73/result/file1_73PostProcessed_Result.json
2024-09-18 12:38:42,492 - File created: ./FMMFSM_analyzer_Tl/output/20240918123838/config/file1_74.json
2024-09-18 12:38:42,492 - File created: ./FMMFSM_analyzer_Tl/output/20240918123838/config/fileSys_74.json
2024-09-18 12:38:42,538 - Starting post-processing for simulation 74
2024-09-18 12:38:42,538 - Starting post-processing
2024-09-18 12:38:42,538 - First blocking state step: None
2024-09-18 12:38:42,540 - Post-processed file saved to: ./FMMFSM_analyzer_Tl/output/20240918123838/computed/file1_74/result/file1_74PostProcessed_Result.json
2024-09-18 12:38:42,540 - File created: ./FMMFSM_analyzer_Tl/output/20240918123838/config/file1_75.json
2024-09-18 12:38:42,541 - File created: ./FMMFSM_analyzer_Tl/output/20240918123838/config/fileSys_75.json
2024-09-18 12:38:42,583 - Starting post-processing for simulation 75
2024-09-18 12:38:42,583 - Starting post-processing
2024-09-18 12:38:42,583 - First blocking state step: None
2024-09-18 12:38:42,584 - Post-processed file saved to: ./FMMFSM_analyzer_Tl/output/20240918123838/computed/file1_75/result/file1_75PostProcessed_Result.json
2024-09-18 12:38:42,585 - File created: ./FMMFSM_analyzer_Tl/output/20240918123838/config/file1_76.json
2024-09-18 12:38:42,585 - File created: ./FMMFSM_analyzer_Tl/output/20240918123838/config/fileSys_76.json
2024-09-18 12:38:42,627 - Starting post-processing for simulation 76
2024-09-18 12:38:42,627 - Starting post-processing
2024-09-18 12:38:42,627 - First blocking state step: None
2024-09-18 12:38:42,628 - Post-processed file saved to: ./FMMFSM_analyzer_Tl/output/20240918123838/computed/file1_76/result/file1_76PostProcessed_Result.json
2024-09-18 12:38:42,629 - File created: ./FMMFSM_analyzer_Tl/output/20240918123838/config/file1_77.json
2024-09-18 12:38:42,630 - File created: ./FMMFSM_analyzer_Tl/output/20240918123838/config/fileSys_77.json
2024-09-18 12:38:42,671 - Starting post-processing for simulation 77
2024-09-18 12:38:42,671 - Starting post-processing
2024-09-18 12:38:42,671 - First blocking state step: None
2024-09-18 12:38:42,672 - Post-processed file saved to: ./FMMFSM_analyzer_Tl/output/20240918123838/computed/file1_77/result/file1_77PostProcessed_Result.json
2024-09-18 12:38:42,673 - File created: ./FMMFSM_analyzer_Tl/output/20240918123838/config/file1_78.json
2024-09-18 12:38:42,674 - File created: ./FMMFSM_analyzer_Tl/output/20240918123838/config/fileSys_78.json
2024-09-18 12:38:42,715 - Starting post-processing for simulation 78
2024-09-18 12:38:42,715 - Starting post-processing
2024-09-18 12:38:42,715 - First blocking state step: None
2024-09-18 12:38:42,716 - Post-processed file saved to: ./FMMFSM_analyzer_Tl/output/20240918123838/computed/file1_78/result/file1_78PostProcessed_Result.json
2024-09-18 12:38:42,717 - File created: ./FMMFSM_analyzer_Tl/output/20240918123838/config/file1_79.json
2024-09-18 12:38:42,718 - File created: ./FMMFSM_analyzer_Tl/output/20240918123838/config/fileSys_79.json
2024-09-18 12:38:42,762 - Starting post-processing for simulation 79
2024-09-18 12:38:42,762 - Starting post-processing
2024-09-18 12:38:42,762 - First blocking state step: None
2024-09-18 12:38:42,763 - Post-processed file saved to: ./FMMFSM_analyzer_Tl/output/20240918123838/computed/file1_79/result/file1_79PostProcessed_Result.json
2024-09-18 12:38:42,764 - File created: ./FMMFSM_analyzer_Tl/output/20240918123838/config/file1_80.json
2024-09-18 12:38:42,765 - File created: ./FMMFSM_analyzer_Tl/output/20240918123838/config/fileSys_80.json
2024-09-18 12:38:42,812 - Starting post-processing for simulation 80
2024-09-18 12:38:42,812 - Starting post-processing
2024-09-18 12:38:42,812 - First blocking state step: None
2024-09-18 12:38:42,813 - Post-processed file saved to: ./FMMFSM_analyzer_Tl/output/20240918123838/computed/file1_80/result/file1_80PostProcessed_Result.json
2024-09-18 12:38:42,814 - File created: ./FMMFSM_analyzer_Tl/output/20240918123838/config/file1_81.json
2024-09-18 12:38:42,814 - File created: ./FMMFSM_analyzer_Tl/output/20240918123838/config/fileSys_81.json
2024-09-18 12:38:42,855 - Starting post-processing for simulation 81
2024-09-18 12:38:42,855 - Starting post-processing
2024-09-18 12:38:42,855 - First blocking state step: None
2024-09-18 12:38:42,856 - Post-processed file saved to: ./FMMFSM_analyzer_Tl/output/20240918123838/computed/file1_81/result/file1_81PostProcessed_Result.json
2024-09-18 12:38:42,857 - File created: ./FMMFSM_analyzer_Tl/output/20240918123838/config/file1_82.json
2024-09-18 12:38:42,857 - File created: ./FMMFSM_analyzer_Tl/output/20240918123838/config/fileSys_82.json
2024-09-18 12:38:42,899 - Starting post-processing for simulation 82
2024-09-18 12:38:42,899 - Starting post-processing
2024-09-18 12:38:42,900 - First blocking state step: None
2024-09-18 12:38:42,901 - Post-processed file saved to: ./FMMFSM_analyzer_Tl/output/20240918123838/computed/file1_82/result/file1_82PostProcessed_Result.json
2024-09-18 12:38:42,902 - File created: ./FMMFSM_analyzer_Tl/output/20240918123838/config/file1_83.json
2024-09-18 12:38:42,902 - File created: ./FMMFSM_analyzer_Tl/output/20240918123838/config/fileSys_83.json
2024-09-18 12:38:42,944 - Starting post-processing for simulation 83
2024-09-18 12:38:42,944 - Starting post-processing
2024-09-18 12:38:42,945 - First blocking state step: None
2024-09-18 12:38:42,945 - Post-processed file saved to: ./FMMFSM_analyzer_Tl/output/20240918123838/computed/file1_83/result/file1_83PostProcessed_Result.json
2024-09-18 12:38:42,947 - File created: ./FMMFSM_analyzer_Tl/output/20240918123838/config/file1_84.json
2024-09-18 12:38:42,947 - File created: ./FMMFSM_analyzer_Tl/output/20240918123838/config/fileSys_84.json
2024-09-18 12:38:42,989 - Starting post-processing for simulation 84
2024-09-18 12:38:42,989 - Starting post-processing
2024-09-18 12:38:42,989 - First blocking state step: None
2024-09-18 12:38:42,990 - Post-processed file saved to: ./FMMFSM_analyzer_Tl/output/20240918123838/computed/file1_84/result/file1_84PostProcessed_Result.json
2024-09-18 12:38:42,991 - File created: ./FMMFSM_analyzer_Tl/output/20240918123838/config/file1_85.json
2024-09-18 12:38:42,992 - File created: ./FMMFSM_analyzer_Tl/output/20240918123838/config/fileSys_85.json
2024-09-18 12:38:43,035 - Starting post-processing for simulation 85
2024-09-18 12:38:43,035 - Starting post-processing
2024-09-18 12:38:43,035 - First blocking state step: None
2024-09-18 12:38:43,036 - Post-processed file saved to: ./FMMFSM_analyzer_Tl/output/20240918123838/computed/file1_85/result/file1_85PostProcessed_Result.json
2024-09-18 12:38:43,037 - File created: ./FMMFSM_analyzer_Tl/output/20240918123838/config/file1_86.json
2024-09-18 12:38:43,037 - File created: ./FMMFSM_analyzer_Tl/output/20240918123838/config/fileSys_86.json
2024-09-18 12:38:43,079 - Starting post-processing for simulation 86
2024-09-18 12:38:43,079 - Starting post-processing
2024-09-18 12:38:43,080 - First blocking state step: None
2024-09-18 12:38:43,080 - Post-processed file saved to: ./FMMFSM_analyzer_Tl/output/20240918123838/computed/file1_86/result/file1_86PostProcessed_Result.json
2024-09-18 12:38:43,081 - File created: ./FMMFSM_analyzer_Tl/output/20240918123838/config/file1_87.json
2024-09-18 12:38:43,082 - File created: ./FMMFSM_analyzer_Tl/output/20240918123838/config/fileSys_87.json
2024-09-18 12:38:43,125 - Starting post-processing for simulation 87
2024-09-18 12:38:43,125 - Starting post-processing
2024-09-18 12:38:43,125 - First blocking state step: None
2024-09-18 12:38:43,126 - Post-processed file saved to: ./FMMFSM_analyzer_Tl/output/20240918123838/computed/file1_87/result/file1_87PostProcessed_Result.json
2024-09-18 12:38:43,128 - File created: ./FMMFSM_analyzer_Tl/output/20240918123838/config/file1_88.json
2024-09-18 12:38:43,129 - File created: ./FMMFSM_analyzer_Tl/output/20240918123838/config/fileSys_88.json
2024-09-18 12:38:43,170 - Starting post-processing for simulation 88
2024-09-18 12:38:43,170 - Starting post-processing
2024-09-18 12:38:43,170 - First blocking state step: None
2024-09-18 12:38:43,171 - Post-processed file saved to: ./FMMFSM_analyzer_Tl/output/20240918123838/computed/file1_88/result/file1_88PostProcessed_Result.json
2024-09-18 12:38:43,172 - File created: ./FMMFSM_analyzer_Tl/output/20240918123838/config/file1_89.json
2024-09-18 12:38:43,172 - File created: ./FMMFSM_analyzer_Tl/output/20240918123838/config/fileSys_89.json
2024-09-18 12:38:43,215 - Starting post-processing for simulation 89
2024-09-18 12:38:43,215 - Starting post-processing
2024-09-18 12:38:43,215 - First blocking state step: None
2024-09-18 12:38:43,216 - Post-processed file saved to: ./FMMFSM_analyzer_Tl/output/20240918123838/computed/file1_89/result/file1_89PostProcessed_Result.json
2024-09-18 12:38:43,217 - File created: ./FMMFSM_analyzer_Tl/output/20240918123838/config/file1_90.json
2024-09-18 12:38:43,218 - File created: ./FMMFSM_analyzer_Tl/output/20240918123838/config/fileSys_90.json
2024-09-18 12:38:43,261 - Starting post-processing for simulation 90
2024-09-18 12:38:43,261 - Starting post-processing
2024-09-18 12:38:43,261 - First blocking state step: None
2024-09-18 12:38:43,262 - Post-processed file saved to: ./FMMFSM_analyzer_Tl/output/20240918123838/computed/file1_90/result/file1_90PostProcessed_Result.json
2024-09-18 12:38:43,263 - File created: ./FMMFSM_analyzer_Tl/output/20240918123838/config/file1_91.json
2024-09-18 12:38:43,265 - File created: ./FMMFSM_analyzer_Tl/output/20240918123838/config/fileSys_91.json
2024-09-18 12:38:43,309 - Starting post-processing for simulation 91
2024-09-18 12:38:43,309 - Starting post-processing
2024-09-18 12:38:43,309 - First blocking state step: None
2024-09-18 12:38:43,310 - Post-processed file saved to: ./FMMFSM_analyzer_Tl/output/20240918123838/computed/file1_91/result/file1_91PostProcessed_Result.json
2024-09-18 12:38:43,311 - File created: ./FMMFSM_analyzer_Tl/output/20240918123838/config/file1_92.json
2024-09-18 12:38:43,311 - File created: ./FMMFSM_analyzer_Tl/output/20240918123838/config/fileSys_92.json
2024-09-18 12:38:43,356 - Starting post-processing for simulation 92
2024-09-18 12:38:43,357 - Starting post-processing
2024-09-18 12:38:43,357 - First blocking state step: None
2024-09-18 12:38:43,358 - Post-processed file saved to: ./FMMFSM_analyzer_Tl/output/20240918123838/computed/file1_92/result/file1_92PostProcessed_Result.json
2024-09-18 12:38:43,359 - File created: ./FMMFSM_analyzer_Tl/output/20240918123838/config/file1_93.json
2024-09-18 12:38:43,360 - File created: ./FMMFSM_analyzer_Tl/output/20240918123838/config/fileSys_93.json
2024-09-18 12:38:43,404 - Starting post-processing for simulation 93
2024-09-18 12:38:43,404 - Starting post-processing
2024-09-18 12:38:43,404 - First blocking state step: None
2024-09-18 12:38:43,405 - Post-processed file saved to: ./FMMFSM_analyzer_Tl/output/20240918123838/computed/file1_93/result/file1_93PostProcessed_Result.json
2024-09-18 12:38:43,406 - File created: ./FMMFSM_analyzer_Tl/output/20240918123838/config/file1_94.json
2024-09-18 12:38:43,407 - File created: ./FMMFSM_analyzer_Tl/output/20240918123838/config/fileSys_94.json
2024-09-18 12:38:43,451 - Starting post-processing for simulation 94
2024-09-18 12:38:43,451 - Starting post-processing
2024-09-18 12:38:43,451 - First blocking state step: None
2024-09-18 12:38:43,452 - Post-processed file saved to: ./FMMFSM_analyzer_Tl/output/20240918123838/computed/file1_94/result/file1_94PostProcessed_Result.json
2024-09-18 12:38:43,453 - File created: ./FMMFSM_analyzer_Tl/output/20240918123838/config/file1_95.json
2024-09-18 12:38:43,454 - File created: ./FMMFSM_analyzer_Tl/output/20240918123838/config/fileSys_95.json
2024-09-18 12:38:43,498 - Starting post-processing for simulation 95
2024-09-18 12:38:43,498 - Starting post-processing
2024-09-18 12:38:43,498 - First blocking state step: None
2024-09-18 12:38:43,499 - Post-processed file saved to: ./FMMFSM_analyzer_Tl/output/20240918123838/computed/file1_95/result/file1_95PostProcessed_Result.json
2024-09-18 12:38:43,500 - File created: ./FMMFSM_analyzer_Tl/output/20240918123838/config/file1_96.json
2024-09-18 12:38:43,500 - File created: ./FMMFSM_analyzer_Tl/output/20240918123838/config/fileSys_96.json
2024-09-18 12:38:43,542 - Starting post-processing for simulation 96
2024-09-18 12:38:43,542 - Starting post-processing
2024-09-18 12:38:43,543 - First blocking state step: None
2024-09-18 12:38:43,544 - Post-processed file saved to: ./FMMFSM_analyzer_Tl/output/20240918123838/computed/file1_96/result/file1_96PostProcessed_Result.json
2024-09-18 12:38:43,545 - File created: ./FMMFSM_analyzer_Tl/output/20240918123838/config/file1_97.json
2024-09-18 12:38:43,546 - File created: ./FMMFSM_analyzer_Tl/output/20240918123838/config/fileSys_97.json
2024-09-18 12:38:43,589 - Starting post-processing for simulation 97
2024-09-18 12:38:43,589 - Starting post-processing
2024-09-18 12:38:43,589 - First blocking state step: None
2024-09-18 12:38:43,590 - Post-processed file saved to: ./FMMFSM_analyzer_Tl/output/20240918123838/computed/file1_97/result/file1_97PostProcessed_Result.json
2024-09-18 12:38:43,591 - File created: ./FMMFSM_analyzer_Tl/output/20240918123838/config/file1_98.json
2024-09-18 12:38:43,592 - File created: ./FMMFSM_analyzer_Tl/output/20240918123838/config/fileSys_98.json
2024-09-18 12:38:43,635 - Starting post-processing for simulation 98
2024-09-18 12:38:43,635 - Starting post-processing
2024-09-18 12:38:43,636 - First blocking state step: None
2024-09-18 12:38:43,637 - Post-processed file saved to: ./FMMFSM_analyzer_Tl/output/20240918123838/computed/file1_98/result/file1_98PostProcessed_Result.json
2024-09-18 12:38:43,638 - File created: ./FMMFSM_analyzer_Tl/output/20240918123838/config/file1_99.json
2024-09-18 12:38:43,638 - File created: ./FMMFSM_analyzer_Tl/output/20240918123838/config/fileSys_99.json
2024-09-18 12:38:43,682 - Starting post-processing for simulation 99
2024-09-18 12:38:43,683 - Starting post-processing
2024-09-18 12:38:43,683 - First blocking state step: None
2024-09-18 12:38:43,684 - Post-processed file saved to: ./FMMFSM_analyzer_Tl/output/20240918123838/computed/file1_99/result/file1_99PostProcessed_Result.json
2024-09-18 12:38:43,684 - Last file created: 99
