2024-09-18 17:12:10,132 - Command executed: run.py /Users/angelcui/Documents/GitHub/FMMFSM_simulator/FMMFSM_analyzer_Tl/config/gear.json /Users/angelcui/Documents/GitHub/FMMFSM_simulator/FMMFSM_analyzer_Tl/config/gearSys.json --num 20 --iter 5 --postp --tl
2024-09-18 17:12:10,135 - File created: ./FMMFSM_analyzer_Tl/output/20240918171210/config/gear_0.json
2024-09-18 17:12:10,136 - File created: ./FMMFSM_analyzer_Tl/output/20240918171210/config/gearSys_0.json
2024-09-18 17:12:10,294 - Starting post-processing for simulation 0
2024-09-18 17:12:10,294 - Starting post-processing
2024-09-18 17:12:10,294 - First blocking state step: None
2024-09-18 17:12:10,295 - Post-processed file saved to: ./FMMFSM_analyzer_Tl/output/20240918171210/computed/gear_0/result/gear_0PostProcessed_Result.json
2024-09-18 17:12:10,296 - First file created: 0
2024-09-18 17:12:10,297 - File created: ./FMMFSM_analyzer_Tl/output/20240918171210/config/gear_1.json
2024-09-18 17:12:10,297 - File created: ./FMMFSM_analyzer_Tl/output/20240918171210/config/gearSys_1.json
2024-09-18 17:12:10,464 - Starting post-processing for simulation 1
2024-09-18 17:12:10,464 - Starting post-processing
2024-09-18 17:12:10,464 - First blocking state step: None
2024-09-18 17:12:10,465 - Post-processed file saved to: ./FMMFSM_analyzer_Tl/output/20240918171210/computed/gear_1/result/gear_1PostProcessed_Result.json
2024-09-18 17:12:10,466 - File created: ./FMMFSM_analyzer_Tl/output/20240918171210/config/gear_2.json
2024-09-18 17:12:10,467 - File created: ./FMMFSM_analyzer_Tl/output/20240918171210/config/gearSys_2.json
2024-09-18 17:12:10,617 - Starting post-processing for simulation 2
2024-09-18 17:12:10,617 - Starting post-processing
2024-09-18 17:12:10,617 - First blocking state step: None
2024-09-18 17:12:10,618 - Post-processed file saved to: ./FMMFSM_analyzer_Tl/output/20240918171210/computed/gear_2/result/gear_2PostProcessed_Result.json
2024-09-18 17:12:10,619 - File created: ./FMMFSM_analyzer_Tl/output/20240918171210/config/gear_3.json
2024-09-18 17:12:10,620 - File created: ./FMMFSM_analyzer_Tl/output/20240918171210/config/gearSys_3.json
2024-09-18 17:12:10,771 - Starting post-processing for simulation 3
2024-09-18 17:12:10,771 - Starting post-processing
2024-09-18 17:12:10,771 - First blocking state step: None
2024-09-18 17:12:10,772 - Post-processed file saved to: ./FMMFSM_analyzer_Tl/output/20240918171210/computed/gear_3/result/gear_3PostProcessed_Result.json
2024-09-18 17:12:10,774 - File created: ./FMMFSM_analyzer_Tl/output/20240918171210/config/gear_4.json
2024-09-18 17:12:10,774 - File created: ./FMMFSM_analyzer_Tl/output/20240918171210/config/gearSys_4.json
2024-09-18 17:12:10,934 - Starting post-processing for simulation 4
2024-09-18 17:12:10,934 - Starting post-processing
2024-09-18 17:12:10,934 - First blocking state step: None
2024-09-18 17:12:10,935 - Post-processed file saved to: ./FMMFSM_analyzer_Tl/output/20240918171210/computed/gear_4/result/gear_4PostProcessed_Result.json
2024-09-18 17:12:10,936 - Last file created: 4
