2024-07-21 01:04:59,014 - Command executed: run.py /Users/angelcui/Documents/GitHub/FMMFSM_simulator/FMMFSM_analyzer_Tl/config/file1.json /Users/angelcui/Documents/GitHub/FMMFSM_simulator/FMMFSM_analyzer_Tl/config/fileSys.json --num 10 --iter 100 --postp --tl
2024-07-21 01:04:59,015 - File created: ./FMMFSM_analyzer_Tl/output/20240721010459/config/file1_0.json
2024-07-21 01:04:59,015 - File created: ./FMMFSM_analyzer_Tl/output/20240721010459/config/fileSys_0.json
2024-07-21 01:04:59,058 - Starting post-processing for simulation 0
2024-07-21 01:04:59,058 - Starting post-processing
2024-07-21 01:04:59,059 - First blocking state step: 4
2024-07-21 01:04:59,059 - Post-processed file saved to: ./FMMFSM_analyzer_Tl/output/20240721010459/computed/file1_0/result/file1_0PostProcessed_Result.json
2024-07-21 01:04:59,059 - First file created: 0
2024-07-21 01:04:59,060 - File created: ./FMMFSM_analyzer_Tl/output/20240721010459/config/file1_1.json
2024-07-21 01:04:59,061 - File created: ./FMMFSM_analyzer_Tl/output/20240721010459/config/fileSys_1.json
2024-07-21 01:04:59,106 - Starting post-processing for simulation 1
2024-07-21 01:04:59,106 - Starting post-processing
2024-07-21 01:04:59,106 - First blocking state step: 7
2024-07-21 01:04:59,107 - Post-processed file saved to: ./FMMFSM_analyzer_Tl/output/20240721010459/computed/file1_1/result/file1_1PostProcessed_Result.json
2024-07-21 01:04:59,108 - File created: ./FMMFSM_analyzer_Tl/output/20240721010459/config/file1_2.json
2024-07-21 01:04:59,108 - File created: ./FMMFSM_analyzer_Tl/output/20240721010459/config/fileSys_2.json
2024-07-21 01:04:59,152 - Starting post-processing for simulation 2
2024-07-21 01:04:59,153 - Starting post-processing
2024-07-21 01:04:59,153 - First blocking state step: None
2024-07-21 01:04:59,153 - Post-processed file saved to: ./FMMFSM_analyzer_Tl/output/20240721010459/computed/file1_2/result/file1_2PostProcessed_Result.json
2024-07-21 01:04:59,154 - File created: ./FMMFSM_analyzer_Tl/output/20240721010459/config/file1_3.json
2024-07-21 01:04:59,155 - File created: ./FMMFSM_analyzer_Tl/output/20240721010459/config/fileSys_3.json
2024-07-21 01:04:59,211 - Starting post-processing for simulation 3
2024-07-21 01:04:59,212 - Starting post-processing
2024-07-21 01:04:59,212 - First blocking state step: None
2024-07-21 01:04:59,213 - Post-processed file saved to: ./FMMFSM_analyzer_Tl/output/20240721010459/computed/file1_3/result/file1_3PostProcessed_Result.json
2024-07-21 01:04:59,214 - File created: ./FMMFSM_analyzer_Tl/output/20240721010459/config/file1_4.json
2024-07-21 01:04:59,214 - File created: ./FMMFSM_analyzer_Tl/output/20240721010459/config/fileSys_4.json
2024-07-21 01:04:59,271 - Starting post-processing for simulation 4
2024-07-21 01:04:59,271 - Starting post-processing
2024-07-21 01:04:59,271 - First blocking state step: 1
2024-07-21 01:04:59,272 - Post-processed file saved to: ./FMMFSM_analyzer_Tl/output/20240721010459/computed/file1_4/result/file1_4PostProcessed_Result.json
2024-07-21 01:04:59,274 - File created: ./FMMFSM_analyzer_Tl/output/20240721010459/config/file1_5.json
2024-07-21 01:04:59,274 - File created: ./FMMFSM_analyzer_Tl/output/20240721010459/config/fileSys_5.json
2024-07-21 01:04:59,324 - Starting post-processing for simulation 5
2024-07-21 01:04:59,324 - Starting post-processing
2024-07-21 01:04:59,324 - First blocking state step: None
2024-07-21 01:04:59,325 - Post-processed file saved to: ./FMMFSM_analyzer_Tl/output/20240721010459/computed/file1_5/result/file1_5PostProcessed_Result.json
2024-07-21 01:04:59,327 - File created: ./FMMFSM_analyzer_Tl/output/20240721010459/config/file1_6.json
2024-07-21 01:04:59,327 - File created: ./FMMFSM_analyzer_Tl/output/20240721010459/config/fileSys_6.json
2024-07-21 01:04:59,375 - Starting post-processing for simulation 6
2024-07-21 01:04:59,375 - Starting post-processing
2024-07-21 01:04:59,375 - First blocking state step: None
2024-07-21 01:04:59,376 - Post-processed file saved to: ./FMMFSM_analyzer_Tl/output/20240721010459/computed/file1_6/result/file1_6PostProcessed_Result.json
2024-07-21 01:04:59,377 - File created: ./FMMFSM_analyzer_Tl/output/20240721010459/config/file1_7.json
2024-07-21 01:04:59,377 - File created: ./FMMFSM_analyzer_Tl/output/20240721010459/config/fileSys_7.json
2024-07-21 01:04:59,421 - Starting post-processing for simulation 7
2024-07-21 01:04:59,422 - Starting post-processing
2024-07-21 01:04:59,422 - First blocking state step: 6
2024-07-21 01:04:59,422 - Post-processed file saved to: ./FMMFSM_analyzer_Tl/output/20240721010459/computed/file1_7/result/file1_7PostProcessed_Result.json
2024-07-21 01:04:59,423 - File created: ./FMMFSM_analyzer_Tl/output/20240721010459/config/file1_8.json
2024-07-21 01:04:59,424 - File created: ./FMMFSM_analyzer_Tl/output/20240721010459/config/fileSys_8.json
2024-07-21 01:04:59,469 - Starting post-processing for simulation 8
2024-07-21 01:04:59,469 - Starting post-processing
2024-07-21 01:04:59,469 - First blocking state step: 3
2024-07-21 01:04:59,470 - Post-processed file saved to: ./FMMFSM_analyzer_Tl/output/20240721010459/computed/file1_8/result/file1_8PostProcessed_Result.json
2024-07-21 01:04:59,470 - File created: ./FMMFSM_analyzer_Tl/output/20240721010459/config/file1_9.json
2024-07-21 01:04:59,471 - File created: ./FMMFSM_analyzer_Tl/output/20240721010459/config/fileSys_9.json
2024-07-21 01:04:59,514 - Starting post-processing for simulation 9
2024-07-21 01:04:59,514 - Starting post-processing
2024-07-21 01:04:59,514 - First blocking state step: 6
2024-07-21 01:04:59,514 - Post-processed file saved to: ./FMMFSM_analyzer_Tl/output/20240721010459/computed/file1_9/result/file1_9PostProcessed_Result.json
2024-07-21 01:04:59,515 - File created: ./FMMFSM_analyzer_Tl/output/20240721010459/config/file1_10.json
2024-07-21 01:04:59,516 - File created: ./FMMFSM_analyzer_Tl/output/20240721010459/config/fileSys_10.json
2024-07-21 01:04:59,560 - Starting post-processing for simulation 10
2024-07-21 01:04:59,560 - Starting post-processing
2024-07-21 01:04:59,560 - First blocking state step: 9
2024-07-21 01:04:59,561 - Post-processed file saved to: ./FMMFSM_analyzer_Tl/output/20240721010459/computed/file1_10/result/file1_10PostProcessed_Result.json
2024-07-21 01:04:59,562 - File created: ./FMMFSM_analyzer_Tl/output/20240721010459/config/file1_11.json
2024-07-21 01:04:59,562 - File created: ./FMMFSM_analyzer_Tl/output/20240721010459/config/fileSys_11.json
2024-07-21 01:04:59,607 - Starting post-processing for simulation 11
2024-07-21 01:04:59,607 - Starting post-processing
2024-07-21 01:04:59,607 - First blocking state step: None
2024-07-21 01:04:59,608 - Post-processed file saved to: ./FMMFSM_analyzer_Tl/output/20240721010459/computed/file1_11/result/file1_11PostProcessed_Result.json
2024-07-21 01:04:59,610 - File created: ./FMMFSM_analyzer_Tl/output/20240721010459/config/file1_12.json
2024-07-21 01:04:59,610 - File created: ./FMMFSM_analyzer_Tl/output/20240721010459/config/fileSys_12.json
2024-07-21 01:04:59,653 - Starting post-processing for simulation 12
2024-07-21 01:04:59,653 - Starting post-processing
2024-07-21 01:04:59,653 - First blocking state step: None
2024-07-21 01:04:59,654 - Post-processed file saved to: ./FMMFSM_analyzer_Tl/output/20240721010459/computed/file1_12/result/file1_12PostProcessed_Result.json
2024-07-21 01:04:59,655 - File created: ./FMMFSM_analyzer_Tl/output/20240721010459/config/file1_13.json
2024-07-21 01:04:59,655 - File created: ./FMMFSM_analyzer_Tl/output/20240721010459/config/fileSys_13.json
2024-07-21 01:04:59,702 - Starting post-processing for simulation 13
2024-07-21 01:04:59,702 - Starting post-processing
2024-07-21 01:04:59,702 - First blocking state step: 7
2024-07-21 01:04:59,703 - Post-processed file saved to: ./FMMFSM_analyzer_Tl/output/20240721010459/computed/file1_13/result/file1_13PostProcessed_Result.json
2024-07-21 01:04:59,704 - File created: ./FMMFSM_analyzer_Tl/output/20240721010459/config/file1_14.json
2024-07-21 01:04:59,705 - File created: ./FMMFSM_analyzer_Tl/output/20240721010459/config/fileSys_14.json
2024-07-21 01:04:59,748 - Starting post-processing for simulation 14
2024-07-21 01:04:59,748 - Starting post-processing
2024-07-21 01:04:59,748 - First blocking state step: 8
2024-07-21 01:04:59,749 - Post-processed file saved to: ./FMMFSM_analyzer_Tl/output/20240721010459/computed/file1_14/result/file1_14PostProcessed_Result.json
2024-07-21 01:04:59,750 - File created: ./FMMFSM_analyzer_Tl/output/20240721010459/config/file1_15.json
2024-07-21 01:04:59,750 - File created: ./FMMFSM_analyzer_Tl/output/20240721010459/config/fileSys_15.json
2024-07-21 01:04:59,793 - Starting post-processing for simulation 15
2024-07-21 01:04:59,793 - Starting post-processing
2024-07-21 01:04:59,793 - First blocking state step: None
2024-07-21 01:04:59,794 - Post-processed file saved to: ./FMMFSM_analyzer_Tl/output/20240721010459/computed/file1_15/result/file1_15PostProcessed_Result.json
2024-07-21 01:04:59,795 - File created: ./FMMFSM_analyzer_Tl/output/20240721010459/config/file1_16.json
2024-07-21 01:04:59,796 - File created: ./FMMFSM_analyzer_Tl/output/20240721010459/config/fileSys_16.json
2024-07-21 01:04:59,840 - Starting post-processing for simulation 16
2024-07-21 01:04:59,840 - Starting post-processing
2024-07-21 01:04:59,840 - First blocking state step: 6
2024-07-21 01:04:59,841 - Post-processed file saved to: ./FMMFSM_analyzer_Tl/output/20240721010459/computed/file1_16/result/file1_16PostProcessed_Result.json
2024-07-21 01:04:59,842 - File created: ./FMMFSM_analyzer_Tl/output/20240721010459/config/file1_17.json
2024-07-21 01:04:59,842 - File created: ./FMMFSM_analyzer_Tl/output/20240721010459/config/fileSys_17.json
2024-07-21 01:04:59,887 - Starting post-processing for simulation 17
2024-07-21 01:04:59,887 - Starting post-processing
2024-07-21 01:04:59,887 - First blocking state step: 8
2024-07-21 01:04:59,888 - Post-processed file saved to: ./FMMFSM_analyzer_Tl/output/20240721010459/computed/file1_17/result/file1_17PostProcessed_Result.json
2024-07-21 01:04:59,889 - File created: ./FMMFSM_analyzer_Tl/output/20240721010459/config/file1_18.json
2024-07-21 01:04:59,889 - File created: ./FMMFSM_analyzer_Tl/output/20240721010459/config/fileSys_18.json
2024-07-21 01:04:59,934 - Starting post-processing for simulation 18
2024-07-21 01:04:59,934 - Starting post-processing
2024-07-21 01:04:59,934 - First blocking state step: None
2024-07-21 01:04:59,935 - Post-processed file saved to: ./FMMFSM_analyzer_Tl/output/20240721010459/computed/file1_18/result/file1_18PostProcessed_Result.json
2024-07-21 01:04:59,936 - File created: ./FMMFSM_analyzer_Tl/output/20240721010459/config/file1_19.json
2024-07-21 01:04:59,936 - File created: ./FMMFSM_analyzer_Tl/output/20240721010459/config/fileSys_19.json
2024-07-21 01:04:59,979 - Starting post-processing for simulation 19
2024-07-21 01:04:59,979 - Starting post-processing
2024-07-21 01:04:59,979 - First blocking state step: None
2024-07-21 01:04:59,980 - Post-processed file saved to: ./FMMFSM_analyzer_Tl/output/20240721010459/computed/file1_19/result/file1_19PostProcessed_Result.json
2024-07-21 01:04:59,981 - File created: ./FMMFSM_analyzer_Tl/output/20240721010459/config/file1_20.json
2024-07-21 01:04:59,982 - File created: ./FMMFSM_analyzer_Tl/output/20240721010459/config/fileSys_20.json
2024-07-21 01:05:00,026 - Starting post-processing for simulation 20
2024-07-21 01:05:00,026 - Starting post-processing
2024-07-21 01:05:00,026 - First blocking state step: None
2024-07-21 01:05:00,027 - Post-processed file saved to: ./FMMFSM_analyzer_Tl/output/20240721010459/computed/file1_20/result/file1_20PostProcessed_Result.json
2024-07-21 01:05:00,029 - File created: ./FMMFSM_analyzer_Tl/output/20240721010459/config/file1_21.json
2024-07-21 01:05:00,029 - File created: ./FMMFSM_analyzer_Tl/output/20240721010459/config/fileSys_21.json
2024-07-21 01:05:00,075 - Starting post-processing for simulation 21
2024-07-21 01:05:00,075 - Starting post-processing
2024-07-21 01:05:00,075 - First blocking state step: None
2024-07-21 01:05:00,076 - Post-processed file saved to: ./FMMFSM_analyzer_Tl/output/20240721010459/computed/file1_21/result/file1_21PostProcessed_Result.json
2024-07-21 01:05:00,078 - File created: ./FMMFSM_analyzer_Tl/output/20240721010459/config/file1_22.json
2024-07-21 01:05:00,079 - File created: ./FMMFSM_analyzer_Tl/output/20240721010459/config/fileSys_22.json
2024-07-21 01:05:00,125 - Starting post-processing for simulation 22
2024-07-21 01:05:00,125 - Starting post-processing
2024-07-21 01:05:00,126 - First blocking state step: 8
2024-07-21 01:05:00,126 - Post-processed file saved to: ./FMMFSM_analyzer_Tl/output/20240721010459/computed/file1_22/result/file1_22PostProcessed_Result.json
2024-07-21 01:05:00,128 - File created: ./FMMFSM_analyzer_Tl/output/20240721010459/config/file1_23.json
2024-07-21 01:05:00,129 - File created: ./FMMFSM_analyzer_Tl/output/20240721010459/config/fileSys_23.json
2024-07-21 01:05:00,174 - Starting post-processing for simulation 23
2024-07-21 01:05:00,174 - Starting post-processing
2024-07-21 01:05:00,175 - First blocking state step: None
2024-07-21 01:05:00,176 - Post-processed file saved to: ./FMMFSM_analyzer_Tl/output/20240721010459/computed/file1_23/result/file1_23PostProcessed_Result.json
2024-07-21 01:05:00,178 - File created: ./FMMFSM_analyzer_Tl/output/20240721010459/config/file1_24.json
2024-07-21 01:05:00,178 - File created: ./FMMFSM_analyzer_Tl/output/20240721010459/config/fileSys_24.json
2024-07-21 01:05:00,222 - Starting post-processing for simulation 24
2024-07-21 01:05:00,223 - Starting post-processing
2024-07-21 01:05:00,223 - First blocking state step: 4
2024-07-21 01:05:00,223 - Post-processed file saved to: ./FMMFSM_analyzer_Tl/output/20240721010459/computed/file1_24/result/file1_24PostProcessed_Result.json
2024-07-21 01:05:00,224 - File created: ./FMMFSM_analyzer_Tl/output/20240721010459/config/file1_25.json
2024-07-21 01:05:00,225 - File created: ./FMMFSM_analyzer_Tl/output/20240721010459/config/fileSys_25.json
2024-07-21 01:05:00,275 - Starting post-processing for simulation 25
2024-07-21 01:05:00,275 - Starting post-processing
2024-07-21 01:05:00,275 - First blocking state step: 1
2024-07-21 01:05:00,276 - Post-processed file saved to: ./FMMFSM_analyzer_Tl/output/20240721010459/computed/file1_25/result/file1_25PostProcessed_Result.json
2024-07-21 01:05:00,277 - File created: ./FMMFSM_analyzer_Tl/output/20240721010459/config/file1_26.json
2024-07-21 01:05:00,278 - File created: ./FMMFSM_analyzer_Tl/output/20240721010459/config/fileSys_26.json
2024-07-21 01:05:00,321 - Starting post-processing for simulation 26
2024-07-21 01:05:00,321 - Starting post-processing
2024-07-21 01:05:00,322 - First blocking state step: None
2024-07-21 01:05:00,323 - Post-processed file saved to: ./FMMFSM_analyzer_Tl/output/20240721010459/computed/file1_26/result/file1_26PostProcessed_Result.json
2024-07-21 01:05:00,324 - File created: ./FMMFSM_analyzer_Tl/output/20240721010459/config/file1_27.json
2024-07-21 01:05:00,324 - File created: ./FMMFSM_analyzer_Tl/output/20240721010459/config/fileSys_27.json
2024-07-21 01:05:00,369 - Starting post-processing for simulation 27
2024-07-21 01:05:00,369 - Starting post-processing
2024-07-21 01:05:00,369 - First blocking state step: 4
2024-07-21 01:05:00,369 - Post-processed file saved to: ./FMMFSM_analyzer_Tl/output/20240721010459/computed/file1_27/result/file1_27PostProcessed_Result.json
2024-07-21 01:05:00,371 - File created: ./FMMFSM_analyzer_Tl/output/20240721010459/config/file1_28.json
2024-07-21 01:05:00,371 - File created: ./FMMFSM_analyzer_Tl/output/20240721010459/config/fileSys_28.json
2024-07-21 01:05:00,415 - Starting post-processing for simulation 28
2024-07-21 01:05:00,415 - Starting post-processing
2024-07-21 01:05:00,415 - First blocking state step: None
2024-07-21 01:05:00,416 - Post-processed file saved to: ./FMMFSM_analyzer_Tl/output/20240721010459/computed/file1_28/result/file1_28PostProcessed_Result.json
2024-07-21 01:05:00,417 - File created: ./FMMFSM_analyzer_Tl/output/20240721010459/config/file1_29.json
2024-07-21 01:05:00,418 - File created: ./FMMFSM_analyzer_Tl/output/20240721010459/config/fileSys_29.json
2024-07-21 01:05:00,461 - Starting post-processing for simulation 29
2024-07-21 01:05:00,461 - Starting post-processing
2024-07-21 01:05:00,461 - First blocking state step: 9
2024-07-21 01:05:00,461 - Post-processed file saved to: ./FMMFSM_analyzer_Tl/output/20240721010459/computed/file1_29/result/file1_29PostProcessed_Result.json
2024-07-21 01:05:00,463 - File created: ./FMMFSM_analyzer_Tl/output/20240721010459/config/file1_30.json
2024-07-21 01:05:00,463 - File created: ./FMMFSM_analyzer_Tl/output/20240721010459/config/fileSys_30.json
2024-07-21 01:05:00,553 - Starting post-processing for simulation 30
2024-07-21 01:05:00,554 - Starting post-processing
2024-07-21 01:05:00,554 - First blocking state step: 6
2024-07-21 01:05:00,554 - Post-processed file saved to: ./FMMFSM_analyzer_Tl/output/20240721010459/computed/file1_30/result/file1_30PostProcessed_Result.json
2024-07-21 01:05:00,555 - File created: ./FMMFSM_analyzer_Tl/output/20240721010459/config/file1_31.json
2024-07-21 01:05:00,556 - File created: ./FMMFSM_analyzer_Tl/output/20240721010459/config/fileSys_31.json
2024-07-21 01:05:00,599 - Starting post-processing for simulation 31
2024-07-21 01:05:00,599 - Starting post-processing
2024-07-21 01:05:00,599 - First blocking state step: None
2024-07-21 01:05:00,600 - Post-processed file saved to: ./FMMFSM_analyzer_Tl/output/20240721010459/computed/file1_31/result/file1_31PostProcessed_Result.json
2024-07-21 01:05:00,601 - File created: ./FMMFSM_analyzer_Tl/output/20240721010459/config/file1_32.json
2024-07-21 01:05:00,601 - File created: ./FMMFSM_analyzer_Tl/output/20240721010459/config/fileSys_32.json
2024-07-21 01:05:00,646 - Starting post-processing for simulation 32
2024-07-21 01:05:00,646 - Starting post-processing
2024-07-21 01:05:00,646 - First blocking state step: 1
2024-07-21 01:05:00,646 - Post-processed file saved to: ./FMMFSM_analyzer_Tl/output/20240721010459/computed/file1_32/result/file1_32PostProcessed_Result.json
2024-07-21 01:05:00,648 - File created: ./FMMFSM_analyzer_Tl/output/20240721010459/config/file1_33.json
2024-07-21 01:05:00,648 - File created: ./FMMFSM_analyzer_Tl/output/20240721010459/config/fileSys_33.json
2024-07-21 01:05:00,691 - Starting post-processing for simulation 33
2024-07-21 01:05:00,691 - Starting post-processing
2024-07-21 01:05:00,691 - First blocking state step: None
2024-07-21 01:05:00,692 - Post-processed file saved to: ./FMMFSM_analyzer_Tl/output/20240721010459/computed/file1_33/result/file1_33PostProcessed_Result.json
2024-07-21 01:05:00,693 - File created: ./FMMFSM_analyzer_Tl/output/20240721010459/config/file1_34.json
2024-07-21 01:05:00,693 - File created: ./FMMFSM_analyzer_Tl/output/20240721010459/config/fileSys_34.json
2024-07-21 01:05:00,749 - Starting post-processing for simulation 34
2024-07-21 01:05:00,749 - Starting post-processing
2024-07-21 01:05:00,749 - First blocking state step: None
2024-07-21 01:05:00,750 - Post-processed file saved to: ./FMMFSM_analyzer_Tl/output/20240721010459/computed/file1_34/result/file1_34PostProcessed_Result.json
2024-07-21 01:05:00,751 - File created: ./FMMFSM_analyzer_Tl/output/20240721010459/config/file1_35.json
2024-07-21 01:05:00,752 - File created: ./FMMFSM_analyzer_Tl/output/20240721010459/config/fileSys_35.json
2024-07-21 01:05:00,810 - Starting post-processing for simulation 35
2024-07-21 01:05:00,810 - Starting post-processing
2024-07-21 01:05:00,811 - First blocking state step: 8
2024-07-21 01:05:00,812 - Post-processed file saved to: ./FMMFSM_analyzer_Tl/output/20240721010459/computed/file1_35/result/file1_35PostProcessed_Result.json
2024-07-21 01:05:00,813 - File created: ./FMMFSM_analyzer_Tl/output/20240721010459/config/file1_36.json
2024-07-21 01:05:00,814 - File created: ./FMMFSM_analyzer_Tl/output/20240721010459/config/fileSys_36.json
2024-07-21 01:05:00,864 - Starting post-processing for simulation 36
2024-07-21 01:05:00,864 - Starting post-processing
2024-07-21 01:05:00,864 - First blocking state step: None
2024-07-21 01:05:00,865 - Post-processed file saved to: ./FMMFSM_analyzer_Tl/output/20240721010459/computed/file1_36/result/file1_36PostProcessed_Result.json
2024-07-21 01:05:00,866 - File created: ./FMMFSM_analyzer_Tl/output/20240721010459/config/file1_37.json
2024-07-21 01:05:00,866 - File created: ./FMMFSM_analyzer_Tl/output/20240721010459/config/fileSys_37.json
2024-07-21 01:05:00,952 - Starting post-processing for simulation 37
2024-07-21 01:05:00,952 - Starting post-processing
2024-07-21 01:05:00,953 - First blocking state step: 4
2024-07-21 01:05:00,953 - Post-processed file saved to: ./FMMFSM_analyzer_Tl/output/20240721010459/computed/file1_37/result/file1_37PostProcessed_Result.json
2024-07-21 01:05:00,955 - File created: ./FMMFSM_analyzer_Tl/output/20240721010459/config/file1_38.json
2024-07-21 01:05:00,955 - File created: ./FMMFSM_analyzer_Tl/output/20240721010459/config/fileSys_38.json
2024-07-21 01:05:01,000 - Starting post-processing for simulation 38
2024-07-21 01:05:01,000 - Starting post-processing
2024-07-21 01:05:01,001 - First blocking state step: None
2024-07-21 01:05:01,001 - Post-processed file saved to: ./FMMFSM_analyzer_Tl/output/20240721010459/computed/file1_38/result/file1_38PostProcessed_Result.json
2024-07-21 01:05:01,002 - File created: ./FMMFSM_analyzer_Tl/output/20240721010459/config/file1_39.json
2024-07-21 01:05:01,003 - File created: ./FMMFSM_analyzer_Tl/output/20240721010459/config/fileSys_39.json
2024-07-21 01:05:01,048 - Starting post-processing for simulation 39
2024-07-21 01:05:01,048 - Starting post-processing
2024-07-21 01:05:01,048 - First blocking state step: 4
2024-07-21 01:05:01,049 - Post-processed file saved to: ./FMMFSM_analyzer_Tl/output/20240721010459/computed/file1_39/result/file1_39PostProcessed_Result.json
2024-07-21 01:05:01,050 - File created: ./FMMFSM_analyzer_Tl/output/20240721010459/config/file1_40.json
2024-07-21 01:05:01,050 - File created: ./FMMFSM_analyzer_Tl/output/20240721010459/config/fileSys_40.json
2024-07-21 01:05:01,095 - Starting post-processing for simulation 40
2024-07-21 01:05:01,095 - Starting post-processing
2024-07-21 01:05:01,095 - First blocking state step: None
2024-07-21 01:05:01,096 - Post-processed file saved to: ./FMMFSM_analyzer_Tl/output/20240721010459/computed/file1_40/result/file1_40PostProcessed_Result.json
2024-07-21 01:05:01,097 - File created: ./FMMFSM_analyzer_Tl/output/20240721010459/config/file1_41.json
2024-07-21 01:05:01,098 - File created: ./FMMFSM_analyzer_Tl/output/20240721010459/config/fileSys_41.json
2024-07-21 01:05:01,141 - Starting post-processing for simulation 41
2024-07-21 01:05:01,141 - Starting post-processing
2024-07-21 01:05:01,141 - First blocking state step: 4
2024-07-21 01:05:01,142 - Post-processed file saved to: ./FMMFSM_analyzer_Tl/output/20240721010459/computed/file1_41/result/file1_41PostProcessed_Result.json
2024-07-21 01:05:01,143 - File created: ./FMMFSM_analyzer_Tl/output/20240721010459/config/file1_42.json
2024-07-21 01:05:01,143 - File created: ./FMMFSM_analyzer_Tl/output/20240721010459/config/fileSys_42.json
2024-07-21 01:05:01,188 - Starting post-processing for simulation 42
2024-07-21 01:05:01,188 - Starting post-processing
2024-07-21 01:05:01,188 - First blocking state step: 7
2024-07-21 01:05:01,189 - Post-processed file saved to: ./FMMFSM_analyzer_Tl/output/20240721010459/computed/file1_42/result/file1_42PostProcessed_Result.json
2024-07-21 01:05:01,190 - File created: ./FMMFSM_analyzer_Tl/output/20240721010459/config/file1_43.json
2024-07-21 01:05:01,191 - File created: ./FMMFSM_analyzer_Tl/output/20240721010459/config/fileSys_43.json
2024-07-21 01:05:01,238 - Starting post-processing for simulation 43
2024-07-21 01:05:01,238 - Starting post-processing
2024-07-21 01:05:01,239 - First blocking state step: None
2024-07-21 01:05:01,239 - Post-processed file saved to: ./FMMFSM_analyzer_Tl/output/20240721010459/computed/file1_43/result/file1_43PostProcessed_Result.json
2024-07-21 01:05:01,241 - File created: ./FMMFSM_analyzer_Tl/output/20240721010459/config/file1_44.json
2024-07-21 01:05:01,241 - File created: ./FMMFSM_analyzer_Tl/output/20240721010459/config/fileSys_44.json
2024-07-21 01:05:01,291 - Starting post-processing for simulation 44
2024-07-21 01:05:01,291 - Starting post-processing
2024-07-21 01:05:01,291 - First blocking state step: None
2024-07-21 01:05:01,292 - Post-processed file saved to: ./FMMFSM_analyzer_Tl/output/20240721010459/computed/file1_44/result/file1_44PostProcessed_Result.json
2024-07-21 01:05:01,293 - File created: ./FMMFSM_analyzer_Tl/output/20240721010459/config/file1_45.json
2024-07-21 01:05:01,293 - File created: ./FMMFSM_analyzer_Tl/output/20240721010459/config/fileSys_45.json
2024-07-21 01:05:01,341 - Starting post-processing for simulation 45
2024-07-21 01:05:01,341 - Starting post-processing
2024-07-21 01:05:01,341 - First blocking state step: None
2024-07-21 01:05:01,342 - Post-processed file saved to: ./FMMFSM_analyzer_Tl/output/20240721010459/computed/file1_45/result/file1_45PostProcessed_Result.json
2024-07-21 01:05:01,343 - File created: ./FMMFSM_analyzer_Tl/output/20240721010459/config/file1_46.json
2024-07-21 01:05:01,344 - File created: ./FMMFSM_analyzer_Tl/output/20240721010459/config/fileSys_46.json
2024-07-21 01:05:01,390 - Starting post-processing for simulation 46
2024-07-21 01:05:01,390 - Starting post-processing
2024-07-21 01:05:01,391 - First blocking state step: None
2024-07-21 01:05:01,392 - Post-processed file saved to: ./FMMFSM_analyzer_Tl/output/20240721010459/computed/file1_46/result/file1_46PostProcessed_Result.json
2024-07-21 01:05:01,393 - File created: ./FMMFSM_analyzer_Tl/output/20240721010459/config/file1_47.json
2024-07-21 01:05:01,393 - File created: ./FMMFSM_analyzer_Tl/output/20240721010459/config/fileSys_47.json
2024-07-21 01:05:01,438 - Starting post-processing for simulation 47
2024-07-21 01:05:01,438 - Starting post-processing
2024-07-21 01:05:01,438 - First blocking state step: 2
2024-07-21 01:05:01,438 - Post-processed file saved to: ./FMMFSM_analyzer_Tl/output/20240721010459/computed/file1_47/result/file1_47PostProcessed_Result.json
2024-07-21 01:05:01,439 - File created: ./FMMFSM_analyzer_Tl/output/20240721010459/config/file1_48.json
2024-07-21 01:05:01,440 - File created: ./FMMFSM_analyzer_Tl/output/20240721010459/config/fileSys_48.json
2024-07-21 01:05:01,483 - Starting post-processing for simulation 48
2024-07-21 01:05:01,483 - Starting post-processing
2024-07-21 01:05:01,483 - First blocking state step: 4
2024-07-21 01:05:01,483 - Post-processed file saved to: ./FMMFSM_analyzer_Tl/output/20240721010459/computed/file1_48/result/file1_48PostProcessed_Result.json
2024-07-21 01:05:01,484 - File created: ./FMMFSM_analyzer_Tl/output/20240721010459/config/file1_49.json
2024-07-21 01:05:01,485 - File created: ./FMMFSM_analyzer_Tl/output/20240721010459/config/fileSys_49.json
2024-07-21 01:05:01,525 - Starting post-processing for simulation 49
2024-07-21 01:05:01,526 - Starting post-processing
2024-07-21 01:05:01,526 - First blocking state step: 6
2024-07-21 01:05:01,527 - Post-processed file saved to: ./FMMFSM_analyzer_Tl/output/20240721010459/computed/file1_49/result/file1_49PostProcessed_Result.json
2024-07-21 01:05:01,528 - File created: ./FMMFSM_analyzer_Tl/output/20240721010459/config/file1_50.json
2024-07-21 01:05:01,528 - File created: ./FMMFSM_analyzer_Tl/output/20240721010459/config/fileSys_50.json
2024-07-21 01:05:01,571 - Starting post-processing for simulation 50
2024-07-21 01:05:01,571 - Starting post-processing
2024-07-21 01:05:01,572 - First blocking state step: None
2024-07-21 01:05:01,573 - Post-processed file saved to: ./FMMFSM_analyzer_Tl/output/20240721010459/computed/file1_50/result/file1_50PostProcessed_Result.json
2024-07-21 01:05:01,574 - File created: ./FMMFSM_analyzer_Tl/output/20240721010459/config/file1_51.json
2024-07-21 01:05:01,574 - File created: ./FMMFSM_analyzer_Tl/output/20240721010459/config/fileSys_51.json
2024-07-21 01:05:01,622 - Starting post-processing for simulation 51
2024-07-21 01:05:01,622 - Starting post-processing
2024-07-21 01:05:01,622 - First blocking state step: None
2024-07-21 01:05:01,623 - Post-processed file saved to: ./FMMFSM_analyzer_Tl/output/20240721010459/computed/file1_51/result/file1_51PostProcessed_Result.json
2024-07-21 01:05:01,624 - File created: ./FMMFSM_analyzer_Tl/output/20240721010459/config/file1_52.json
2024-07-21 01:05:01,625 - File created: ./FMMFSM_analyzer_Tl/output/20240721010459/config/fileSys_52.json
2024-07-21 01:05:01,667 - Starting post-processing for simulation 52
2024-07-21 01:05:01,667 - Starting post-processing
2024-07-21 01:05:01,668 - First blocking state step: None
2024-07-21 01:05:01,669 - Post-processed file saved to: ./FMMFSM_analyzer_Tl/output/20240721010459/computed/file1_52/result/file1_52PostProcessed_Result.json
2024-07-21 01:05:01,670 - File created: ./FMMFSM_analyzer_Tl/output/20240721010459/config/file1_53.json
2024-07-21 01:05:01,670 - File created: ./FMMFSM_analyzer_Tl/output/20240721010459/config/fileSys_53.json
2024-07-21 01:05:01,715 - Starting post-processing for simulation 53
2024-07-21 01:05:01,715 - Starting post-processing
2024-07-21 01:05:01,716 - First blocking state step: 7
2024-07-21 01:05:01,716 - Post-processed file saved to: ./FMMFSM_analyzer_Tl/output/20240721010459/computed/file1_53/result/file1_53PostProcessed_Result.json
2024-07-21 01:05:01,717 - File created: ./FMMFSM_analyzer_Tl/output/20240721010459/config/file1_54.json
2024-07-21 01:05:01,718 - File created: ./FMMFSM_analyzer_Tl/output/20240721010459/config/fileSys_54.json
2024-07-21 01:05:01,764 - Starting post-processing for simulation 54
2024-07-21 01:05:01,764 - Starting post-processing
2024-07-21 01:05:01,764 - First blocking state step: 9
2024-07-21 01:05:01,765 - Post-processed file saved to: ./FMMFSM_analyzer_Tl/output/20240721010459/computed/file1_54/result/file1_54PostProcessed_Result.json
2024-07-21 01:05:01,766 - File created: ./FMMFSM_analyzer_Tl/output/20240721010459/config/file1_55.json
2024-07-21 01:05:01,766 - File created: ./FMMFSM_analyzer_Tl/output/20240721010459/config/fileSys_55.json
2024-07-21 01:05:01,813 - Starting post-processing for simulation 55
2024-07-21 01:05:01,813 - Starting post-processing
2024-07-21 01:05:01,813 - First blocking state step: 2
2024-07-21 01:05:01,813 - Post-processed file saved to: ./FMMFSM_analyzer_Tl/output/20240721010459/computed/file1_55/result/file1_55PostProcessed_Result.json
2024-07-21 01:05:01,814 - File created: ./FMMFSM_analyzer_Tl/output/20240721010459/config/file1_56.json
2024-07-21 01:05:01,815 - File created: ./FMMFSM_analyzer_Tl/output/20240721010459/config/fileSys_56.json
2024-07-21 01:05:01,860 - Starting post-processing for simulation 56
2024-07-21 01:05:01,860 - Starting post-processing
2024-07-21 01:05:01,861 - First blocking state step: None
2024-07-21 01:05:01,861 - Post-processed file saved to: ./FMMFSM_analyzer_Tl/output/20240721010459/computed/file1_56/result/file1_56PostProcessed_Result.json
2024-07-21 01:05:01,863 - File created: ./FMMFSM_analyzer_Tl/output/20240721010459/config/file1_57.json
2024-07-21 01:05:01,863 - File created: ./FMMFSM_analyzer_Tl/output/20240721010459/config/fileSys_57.json
2024-07-21 01:05:01,907 - Starting post-processing for simulation 57
2024-07-21 01:05:01,907 - Starting post-processing
2024-07-21 01:05:01,907 - First blocking state step: 5
2024-07-21 01:05:01,908 - Post-processed file saved to: ./FMMFSM_analyzer_Tl/output/20240721010459/computed/file1_57/result/file1_57PostProcessed_Result.json
2024-07-21 01:05:01,909 - File created: ./FMMFSM_analyzer_Tl/output/20240721010459/config/file1_58.json
2024-07-21 01:05:01,909 - File created: ./FMMFSM_analyzer_Tl/output/20240721010459/config/fileSys_58.json
2024-07-21 01:05:01,956 - Starting post-processing for simulation 58
2024-07-21 01:05:01,956 - Starting post-processing
2024-07-21 01:05:01,956 - First blocking state step: 4
2024-07-21 01:05:01,956 - Post-processed file saved to: ./FMMFSM_analyzer_Tl/output/20240721010459/computed/file1_58/result/file1_58PostProcessed_Result.json
2024-07-21 01:05:01,957 - File created: ./FMMFSM_analyzer_Tl/output/20240721010459/config/file1_59.json
2024-07-21 01:05:01,958 - File created: ./FMMFSM_analyzer_Tl/output/20240721010459/config/fileSys_59.json
2024-07-21 01:05:02,002 - Starting post-processing for simulation 59
2024-07-21 01:05:02,002 - Starting post-processing
2024-07-21 01:05:02,002 - First blocking state step: 4
2024-07-21 01:05:02,002 - Post-processed file saved to: ./FMMFSM_analyzer_Tl/output/20240721010459/computed/file1_59/result/file1_59PostProcessed_Result.json
2024-07-21 01:05:02,003 - File created: ./FMMFSM_analyzer_Tl/output/20240721010459/config/file1_60.json
2024-07-21 01:05:02,004 - File created: ./FMMFSM_analyzer_Tl/output/20240721010459/config/fileSys_60.json
2024-07-21 01:05:02,046 - Starting post-processing for simulation 60
2024-07-21 01:05:02,046 - Starting post-processing
2024-07-21 01:05:02,046 - First blocking state step: 8
2024-07-21 01:05:02,047 - Post-processed file saved to: ./FMMFSM_analyzer_Tl/output/20240721010459/computed/file1_60/result/file1_60PostProcessed_Result.json
2024-07-21 01:05:02,048 - File created: ./FMMFSM_analyzer_Tl/output/20240721010459/config/file1_61.json
2024-07-21 01:05:02,049 - File created: ./FMMFSM_analyzer_Tl/output/20240721010459/config/fileSys_61.json
2024-07-21 01:05:02,092 - Starting post-processing for simulation 61
2024-07-21 01:05:02,092 - Starting post-processing
2024-07-21 01:05:02,092 - First blocking state step: 6
2024-07-21 01:05:02,093 - Post-processed file saved to: ./FMMFSM_analyzer_Tl/output/20240721010459/computed/file1_61/result/file1_61PostProcessed_Result.json
2024-07-21 01:05:02,094 - File created: ./FMMFSM_analyzer_Tl/output/20240721010459/config/file1_62.json
2024-07-21 01:05:02,094 - File created: ./FMMFSM_analyzer_Tl/output/20240721010459/config/fileSys_62.json
2024-07-21 01:05:02,137 - Starting post-processing for simulation 62
2024-07-21 01:05:02,137 - Starting post-processing
2024-07-21 01:05:02,137 - First blocking state step: 3
2024-07-21 01:05:02,138 - Post-processed file saved to: ./FMMFSM_analyzer_Tl/output/20240721010459/computed/file1_62/result/file1_62PostProcessed_Result.json
2024-07-21 01:05:02,139 - File created: ./FMMFSM_analyzer_Tl/output/20240721010459/config/file1_63.json
2024-07-21 01:05:02,139 - File created: ./FMMFSM_analyzer_Tl/output/20240721010459/config/fileSys_63.json
2024-07-21 01:05:02,183 - Starting post-processing for simulation 63
2024-07-21 01:05:02,183 - Starting post-processing
2024-07-21 01:05:02,183 - First blocking state step: 4
2024-07-21 01:05:02,183 - Post-processed file saved to: ./FMMFSM_analyzer_Tl/output/20240721010459/computed/file1_63/result/file1_63PostProcessed_Result.json
2024-07-21 01:05:02,184 - File created: ./FMMFSM_analyzer_Tl/output/20240721010459/config/file1_64.json
2024-07-21 01:05:02,185 - File created: ./FMMFSM_analyzer_Tl/output/20240721010459/config/fileSys_64.json
2024-07-21 01:05:02,227 - Starting post-processing for simulation 64
2024-07-21 01:05:02,227 - Starting post-processing
2024-07-21 01:05:02,227 - First blocking state step: 9
2024-07-21 01:05:02,227 - Post-processed file saved to: ./FMMFSM_analyzer_Tl/output/20240721010459/computed/file1_64/result/file1_64PostProcessed_Result.json
2024-07-21 01:05:02,229 - File created: ./FMMFSM_analyzer_Tl/output/20240721010459/config/file1_65.json
2024-07-21 01:05:02,229 - File created: ./FMMFSM_analyzer_Tl/output/20240721010459/config/fileSys_65.json
2024-07-21 01:05:02,273 - Starting post-processing for simulation 65
2024-07-21 01:05:02,273 - Starting post-processing
2024-07-21 01:05:02,273 - First blocking state step: None
2024-07-21 01:05:02,274 - Post-processed file saved to: ./FMMFSM_analyzer_Tl/output/20240721010459/computed/file1_65/result/file1_65PostProcessed_Result.json
2024-07-21 01:05:02,276 - File created: ./FMMFSM_analyzer_Tl/output/20240721010459/config/file1_66.json
2024-07-21 01:05:02,276 - File created: ./FMMFSM_analyzer_Tl/output/20240721010459/config/fileSys_66.json
2024-07-21 01:05:02,321 - Starting post-processing for simulation 66
2024-07-21 01:05:02,321 - Starting post-processing
2024-07-21 01:05:02,321 - First blocking state step: None
2024-07-21 01:05:02,322 - Post-processed file saved to: ./FMMFSM_analyzer_Tl/output/20240721010459/computed/file1_66/result/file1_66PostProcessed_Result.json
2024-07-21 01:05:02,323 - File created: ./FMMFSM_analyzer_Tl/output/20240721010459/config/file1_67.json
2024-07-21 01:05:02,323 - File created: ./FMMFSM_analyzer_Tl/output/20240721010459/config/fileSys_67.json
2024-07-21 01:05:02,366 - Starting post-processing for simulation 67
2024-07-21 01:05:02,367 - Starting post-processing
2024-07-21 01:05:02,367 - First blocking state step: 4
2024-07-21 01:05:02,367 - Post-processed file saved to: ./FMMFSM_analyzer_Tl/output/20240721010459/computed/file1_67/result/file1_67PostProcessed_Result.json
2024-07-21 01:05:02,368 - File created: ./FMMFSM_analyzer_Tl/output/20240721010459/config/file1_68.json
2024-07-21 01:05:02,369 - File created: ./FMMFSM_analyzer_Tl/output/20240721010459/config/fileSys_68.json
2024-07-21 01:05:02,412 - Starting post-processing for simulation 68
2024-07-21 01:05:02,412 - Starting post-processing
2024-07-21 01:05:02,412 - First blocking state step: None
2024-07-21 01:05:02,413 - Post-processed file saved to: ./FMMFSM_analyzer_Tl/output/20240721010459/computed/file1_68/result/file1_68PostProcessed_Result.json
2024-07-21 01:05:02,414 - File created: ./FMMFSM_analyzer_Tl/output/20240721010459/config/file1_69.json
2024-07-21 01:05:02,415 - File created: ./FMMFSM_analyzer_Tl/output/20240721010459/config/fileSys_69.json
2024-07-21 01:05:02,457 - Starting post-processing for simulation 69
2024-07-21 01:05:02,457 - Starting post-processing
2024-07-21 01:05:02,457 - First blocking state step: None
2024-07-21 01:05:02,458 - Post-processed file saved to: ./FMMFSM_analyzer_Tl/output/20240721010459/computed/file1_69/result/file1_69PostProcessed_Result.json
2024-07-21 01:05:02,459 - File created: ./FMMFSM_analyzer_Tl/output/20240721010459/config/file1_70.json
2024-07-21 01:05:02,459 - File created: ./FMMFSM_analyzer_Tl/output/20240721010459/config/fileSys_70.json
2024-07-21 01:05:02,502 - Starting post-processing for simulation 70
2024-07-21 01:05:02,502 - Starting post-processing
2024-07-21 01:05:02,503 - First blocking state step: 6
2024-07-21 01:05:02,503 - Post-processed file saved to: ./FMMFSM_analyzer_Tl/output/20240721010459/computed/file1_70/result/file1_70PostProcessed_Result.json
2024-07-21 01:05:02,504 - File created: ./FMMFSM_analyzer_Tl/output/20240721010459/config/file1_71.json
2024-07-21 01:05:02,504 - File created: ./FMMFSM_analyzer_Tl/output/20240721010459/config/fileSys_71.json
2024-07-21 01:05:02,548 - Starting post-processing for simulation 71
2024-07-21 01:05:02,548 - Starting post-processing
2024-07-21 01:05:02,549 - First blocking state step: 5
2024-07-21 01:05:02,549 - Post-processed file saved to: ./FMMFSM_analyzer_Tl/output/20240721010459/computed/file1_71/result/file1_71PostProcessed_Result.json
2024-07-21 01:05:02,550 - File created: ./FMMFSM_analyzer_Tl/output/20240721010459/config/file1_72.json
2024-07-21 01:05:02,550 - File created: ./FMMFSM_analyzer_Tl/output/20240721010459/config/fileSys_72.json
2024-07-21 01:05:02,594 - Starting post-processing for simulation 72
2024-07-21 01:05:02,594 - Starting post-processing
2024-07-21 01:05:02,594 - First blocking state step: None
2024-07-21 01:05:02,595 - Post-processed file saved to: ./FMMFSM_analyzer_Tl/output/20240721010459/computed/file1_72/result/file1_72PostProcessed_Result.json
2024-07-21 01:05:02,596 - File created: ./FMMFSM_analyzer_Tl/output/20240721010459/config/file1_73.json
2024-07-21 01:05:02,596 - File created: ./FMMFSM_analyzer_Tl/output/20240721010459/config/fileSys_73.json
2024-07-21 01:05:02,639 - Starting post-processing for simulation 73
2024-07-21 01:05:02,639 - Starting post-processing
2024-07-21 01:05:02,639 - First blocking state step: 4
2024-07-21 01:05:02,639 - Post-processed file saved to: ./FMMFSM_analyzer_Tl/output/20240721010459/computed/file1_73/result/file1_73PostProcessed_Result.json
2024-07-21 01:05:02,640 - File created: ./FMMFSM_analyzer_Tl/output/20240721010459/config/file1_74.json
2024-07-21 01:05:02,641 - File created: ./FMMFSM_analyzer_Tl/output/20240721010459/config/fileSys_74.json
2024-07-21 01:05:02,687 - Starting post-processing for simulation 74
2024-07-21 01:05:02,687 - Starting post-processing
2024-07-21 01:05:02,688 - First blocking state step: 3
2024-07-21 01:05:02,688 - Post-processed file saved to: ./FMMFSM_analyzer_Tl/output/20240721010459/computed/file1_74/result/file1_74PostProcessed_Result.json
2024-07-21 01:05:02,689 - File created: ./FMMFSM_analyzer_Tl/output/20240721010459/config/file1_75.json
2024-07-21 01:05:02,690 - File created: ./FMMFSM_analyzer_Tl/output/20240721010459/config/fileSys_75.json
2024-07-21 01:05:02,736 - Starting post-processing for simulation 75
2024-07-21 01:05:02,736 - Starting post-processing
2024-07-21 01:05:02,737 - First blocking state step: 4
2024-07-21 01:05:02,737 - Post-processed file saved to: ./FMMFSM_analyzer_Tl/output/20240721010459/computed/file1_75/result/file1_75PostProcessed_Result.json
2024-07-21 01:05:02,738 - File created: ./FMMFSM_analyzer_Tl/output/20240721010459/config/file1_76.json
2024-07-21 01:05:02,739 - File created: ./FMMFSM_analyzer_Tl/output/20240721010459/config/fileSys_76.json
2024-07-21 01:05:02,785 - Starting post-processing for simulation 76
2024-07-21 01:05:02,785 - Starting post-processing
2024-07-21 01:05:02,785 - First blocking state step: None
2024-07-21 01:05:02,786 - Post-processed file saved to: ./FMMFSM_analyzer_Tl/output/20240721010459/computed/file1_76/result/file1_76PostProcessed_Result.json
2024-07-21 01:05:02,787 - File created: ./FMMFSM_analyzer_Tl/output/20240721010459/config/file1_77.json
2024-07-21 01:05:02,788 - File created: ./FMMFSM_analyzer_Tl/output/20240721010459/config/fileSys_77.json
2024-07-21 01:05:02,834 - Starting post-processing for simulation 77
2024-07-21 01:05:02,834 - Starting post-processing
2024-07-21 01:05:02,834 - First blocking state step: None
2024-07-21 01:05:02,835 - Post-processed file saved to: ./FMMFSM_analyzer_Tl/output/20240721010459/computed/file1_77/result/file1_77PostProcessed_Result.json
2024-07-21 01:05:02,836 - File created: ./FMMFSM_analyzer_Tl/output/20240721010459/config/file1_78.json
2024-07-21 01:05:02,836 - File created: ./FMMFSM_analyzer_Tl/output/20240721010459/config/fileSys_78.json
2024-07-21 01:05:02,879 - Starting post-processing for simulation 78
2024-07-21 01:05:02,880 - Starting post-processing
2024-07-21 01:05:02,880 - First blocking state step: 8
2024-07-21 01:05:02,881 - Post-processed file saved to: ./FMMFSM_analyzer_Tl/output/20240721010459/computed/file1_78/result/file1_78PostProcessed_Result.json
2024-07-21 01:05:02,882 - File created: ./FMMFSM_analyzer_Tl/output/20240721010459/config/file1_79.json
2024-07-21 01:05:02,882 - File created: ./FMMFSM_analyzer_Tl/output/20240721010459/config/fileSys_79.json
2024-07-21 01:05:02,923 - Starting post-processing for simulation 79
2024-07-21 01:05:02,924 - Starting post-processing
2024-07-21 01:05:02,924 - First blocking state step: 6
2024-07-21 01:05:02,924 - Post-processed file saved to: ./FMMFSM_analyzer_Tl/output/20240721010459/computed/file1_79/result/file1_79PostProcessed_Result.json
2024-07-21 01:05:02,926 - File created: ./FMMFSM_analyzer_Tl/output/20240721010459/config/file1_80.json
2024-07-21 01:05:02,926 - File created: ./FMMFSM_analyzer_Tl/output/20240721010459/config/fileSys_80.json
2024-07-21 01:05:02,971 - Starting post-processing for simulation 80
2024-07-21 01:05:02,971 - Starting post-processing
2024-07-21 01:05:02,971 - First blocking state step: None
2024-07-21 01:05:02,972 - Post-processed file saved to: ./FMMFSM_analyzer_Tl/output/20240721010459/computed/file1_80/result/file1_80PostProcessed_Result.json
2024-07-21 01:05:02,973 - File created: ./FMMFSM_analyzer_Tl/output/20240721010459/config/file1_81.json
2024-07-21 01:05:02,973 - File created: ./FMMFSM_analyzer_Tl/output/20240721010459/config/fileSys_81.json
2024-07-21 01:05:03,018 - Starting post-processing for simulation 81
2024-07-21 01:05:03,018 - Starting post-processing
2024-07-21 01:05:03,019 - First blocking state step: 6
2024-07-21 01:05:03,019 - Post-processed file saved to: ./FMMFSM_analyzer_Tl/output/20240721010459/computed/file1_81/result/file1_81PostProcessed_Result.json
2024-07-21 01:05:03,020 - File created: ./FMMFSM_analyzer_Tl/output/20240721010459/config/file1_82.json
2024-07-21 01:05:03,021 - File created: ./FMMFSM_analyzer_Tl/output/20240721010459/config/fileSys_82.json
2024-07-21 01:05:03,066 - Starting post-processing for simulation 82
2024-07-21 01:05:03,066 - Starting post-processing
2024-07-21 01:05:03,066 - First blocking state step: 6
2024-07-21 01:05:03,066 - Post-processed file saved to: ./FMMFSM_analyzer_Tl/output/20240721010459/computed/file1_82/result/file1_82PostProcessed_Result.json
2024-07-21 01:05:03,067 - File created: ./FMMFSM_analyzer_Tl/output/20240721010459/config/file1_83.json
2024-07-21 01:05:03,068 - File created: ./FMMFSM_analyzer_Tl/output/20240721010459/config/fileSys_83.json
2024-07-21 01:05:03,112 - Starting post-processing for simulation 83
2024-07-21 01:05:03,112 - Starting post-processing
2024-07-21 01:05:03,112 - First blocking state step: 6
2024-07-21 01:05:03,113 - Post-processed file saved to: ./FMMFSM_analyzer_Tl/output/20240721010459/computed/file1_83/result/file1_83PostProcessed_Result.json
2024-07-21 01:05:03,114 - File created: ./FMMFSM_analyzer_Tl/output/20240721010459/config/file1_84.json
2024-07-21 01:05:03,115 - File created: ./FMMFSM_analyzer_Tl/output/20240721010459/config/fileSys_84.json
2024-07-21 01:05:03,157 - Starting post-processing for simulation 84
2024-07-21 01:05:03,157 - Starting post-processing
2024-07-21 01:05:03,157 - First blocking state step: 6
2024-07-21 01:05:03,158 - Post-processed file saved to: ./FMMFSM_analyzer_Tl/output/20240721010459/computed/file1_84/result/file1_84PostProcessed_Result.json
2024-07-21 01:05:03,159 - File created: ./FMMFSM_analyzer_Tl/output/20240721010459/config/file1_85.json
2024-07-21 01:05:03,159 - File created: ./FMMFSM_analyzer_Tl/output/20240721010459/config/fileSys_85.json
2024-07-21 01:05:03,205 - Starting post-processing for simulation 85
2024-07-21 01:05:03,205 - Starting post-processing
2024-07-21 01:05:03,205 - First blocking state step: 6
2024-07-21 01:05:03,206 - Post-processed file saved to: ./FMMFSM_analyzer_Tl/output/20240721010459/computed/file1_85/result/file1_85PostProcessed_Result.json
2024-07-21 01:05:03,206 - File created: ./FMMFSM_analyzer_Tl/output/20240721010459/config/file1_86.json
2024-07-21 01:05:03,207 - File created: ./FMMFSM_analyzer_Tl/output/20240721010459/config/fileSys_86.json
2024-07-21 01:05:03,250 - Starting post-processing for simulation 86
2024-07-21 01:05:03,250 - Starting post-processing
2024-07-21 01:05:03,251 - First blocking state step: 2
2024-07-21 01:05:03,251 - Post-processed file saved to: ./FMMFSM_analyzer_Tl/output/20240721010459/computed/file1_86/result/file1_86PostProcessed_Result.json
2024-07-21 01:05:03,252 - File created: ./FMMFSM_analyzer_Tl/output/20240721010459/config/file1_87.json
2024-07-21 01:05:03,252 - File created: ./FMMFSM_analyzer_Tl/output/20240721010459/config/fileSys_87.json
2024-07-21 01:05:03,302 - Starting post-processing for simulation 87
2024-07-21 01:05:03,302 - Starting post-processing
2024-07-21 01:05:03,302 - First blocking state step: 7
2024-07-21 01:05:03,303 - Post-processed file saved to: ./FMMFSM_analyzer_Tl/output/20240721010459/computed/file1_87/result/file1_87PostProcessed_Result.json
2024-07-21 01:05:03,304 - File created: ./FMMFSM_analyzer_Tl/output/20240721010459/config/file1_88.json
2024-07-21 01:05:03,305 - File created: ./FMMFSM_analyzer_Tl/output/20240721010459/config/fileSys_88.json
2024-07-21 01:05:03,348 - Starting post-processing for simulation 88
2024-07-21 01:05:03,348 - Starting post-processing
2024-07-21 01:05:03,348 - First blocking state step: None
2024-07-21 01:05:03,349 - Post-processed file saved to: ./FMMFSM_analyzer_Tl/output/20240721010459/computed/file1_88/result/file1_88PostProcessed_Result.json
2024-07-21 01:05:03,350 - File created: ./FMMFSM_analyzer_Tl/output/20240721010459/config/file1_89.json
2024-07-21 01:05:03,351 - File created: ./FMMFSM_analyzer_Tl/output/20240721010459/config/fileSys_89.json
2024-07-21 01:05:03,395 - Starting post-processing for simulation 89
2024-07-21 01:05:03,396 - Starting post-processing
2024-07-21 01:05:03,396 - First blocking state step: None
2024-07-21 01:05:03,397 - Post-processed file saved to: ./FMMFSM_analyzer_Tl/output/20240721010459/computed/file1_89/result/file1_89PostProcessed_Result.json
2024-07-21 01:05:03,398 - File created: ./FMMFSM_analyzer_Tl/output/20240721010459/config/file1_90.json
2024-07-21 01:05:03,398 - File created: ./FMMFSM_analyzer_Tl/output/20240721010459/config/fileSys_90.json
2024-07-21 01:05:03,442 - Starting post-processing for simulation 90
2024-07-21 01:05:03,442 - Starting post-processing
2024-07-21 01:05:03,443 - First blocking state step: None
2024-07-21 01:05:03,443 - Post-processed file saved to: ./FMMFSM_analyzer_Tl/output/20240721010459/computed/file1_90/result/file1_90PostProcessed_Result.json
2024-07-21 01:05:03,444 - File created: ./FMMFSM_analyzer_Tl/output/20240721010459/config/file1_91.json
2024-07-21 01:05:03,445 - File created: ./FMMFSM_analyzer_Tl/output/20240721010459/config/fileSys_91.json
2024-07-21 01:05:03,488 - Starting post-processing for simulation 91
2024-07-21 01:05:03,488 - Starting post-processing
2024-07-21 01:05:03,488 - First blocking state step: None
2024-07-21 01:05:03,489 - Post-processed file saved to: ./FMMFSM_analyzer_Tl/output/20240721010459/computed/file1_91/result/file1_91PostProcessed_Result.json
2024-07-21 01:05:03,490 - File created: ./FMMFSM_analyzer_Tl/output/20240721010459/config/file1_92.json
2024-07-21 01:05:03,491 - File created: ./FMMFSM_analyzer_Tl/output/20240721010459/config/fileSys_92.json
2024-07-21 01:05:03,536 - Starting post-processing for simulation 92
2024-07-21 01:05:03,536 - Starting post-processing
2024-07-21 01:05:03,536 - First blocking state step: 7
2024-07-21 01:05:03,536 - Post-processed file saved to: ./FMMFSM_analyzer_Tl/output/20240721010459/computed/file1_92/result/file1_92PostProcessed_Result.json
2024-07-21 01:05:03,537 - File created: ./FMMFSM_analyzer_Tl/output/20240721010459/config/file1_93.json
2024-07-21 01:05:03,538 - File created: ./FMMFSM_analyzer_Tl/output/20240721010459/config/fileSys_93.json
2024-07-21 01:05:03,581 - Starting post-processing for simulation 93
2024-07-21 01:05:03,581 - Starting post-processing
2024-07-21 01:05:03,581 - First blocking state step: None
2024-07-21 01:05:03,582 - Post-processed file saved to: ./FMMFSM_analyzer_Tl/output/20240721010459/computed/file1_93/result/file1_93PostProcessed_Result.json
2024-07-21 01:05:03,583 - File created: ./FMMFSM_analyzer_Tl/output/20240721010459/config/file1_94.json
2024-07-21 01:05:03,584 - File created: ./FMMFSM_analyzer_Tl/output/20240721010459/config/fileSys_94.json
2024-07-21 01:05:03,628 - Starting post-processing for simulation 94
2024-07-21 01:05:03,628 - Starting post-processing
2024-07-21 01:05:03,629 - First blocking state step: None
2024-07-21 01:05:03,630 - Post-processed file saved to: ./FMMFSM_analyzer_Tl/output/20240721010459/computed/file1_94/result/file1_94PostProcessed_Result.json
2024-07-21 01:05:03,631 - File created: ./FMMFSM_analyzer_Tl/output/20240721010459/config/file1_95.json
2024-07-21 01:05:03,632 - File created: ./FMMFSM_analyzer_Tl/output/20240721010459/config/fileSys_95.json
2024-07-21 01:05:03,675 - Starting post-processing for simulation 95
2024-07-21 01:05:03,675 - Starting post-processing
2024-07-21 01:05:03,676 - First blocking state step: 7
2024-07-21 01:05:03,676 - Post-processed file saved to: ./FMMFSM_analyzer_Tl/output/20240721010459/computed/file1_95/result/file1_95PostProcessed_Result.json
2024-07-21 01:05:03,677 - File created: ./FMMFSM_analyzer_Tl/output/20240721010459/config/file1_96.json
2024-07-21 01:05:03,677 - File created: ./FMMFSM_analyzer_Tl/output/20240721010459/config/fileSys_96.json
2024-07-21 01:05:03,721 - Starting post-processing for simulation 96
2024-07-21 01:05:03,721 - Starting post-processing
2024-07-21 01:05:03,721 - First blocking state step: 5
2024-07-21 01:05:03,722 - Post-processed file saved to: ./FMMFSM_analyzer_Tl/output/20240721010459/computed/file1_96/result/file1_96PostProcessed_Result.json
2024-07-21 01:05:03,723 - File created: ./FMMFSM_analyzer_Tl/output/20240721010459/config/file1_97.json
2024-07-21 01:05:03,723 - File created: ./FMMFSM_analyzer_Tl/output/20240721010459/config/fileSys_97.json
2024-07-21 01:05:03,766 - Starting post-processing for simulation 97
2024-07-21 01:05:03,766 - Starting post-processing
2024-07-21 01:05:03,766 - First blocking state step: None
2024-07-21 01:05:03,767 - Post-processed file saved to: ./FMMFSM_analyzer_Tl/output/20240721010459/computed/file1_97/result/file1_97PostProcessed_Result.json
2024-07-21 01:05:03,768 - File created: ./FMMFSM_analyzer_Tl/output/20240721010459/config/file1_98.json
2024-07-21 01:05:03,769 - File created: ./FMMFSM_analyzer_Tl/output/20240721010459/config/fileSys_98.json
2024-07-21 01:05:03,812 - Starting post-processing for simulation 98
2024-07-21 01:05:03,812 - Starting post-processing
2024-07-21 01:05:03,813 - First blocking state step: 6
2024-07-21 01:05:03,813 - Post-processed file saved to: ./FMMFSM_analyzer_Tl/output/20240721010459/computed/file1_98/result/file1_98PostProcessed_Result.json
2024-07-21 01:05:03,814 - File created: ./FMMFSM_analyzer_Tl/output/20240721010459/config/file1_99.json
2024-07-21 01:05:03,815 - File created: ./FMMFSM_analyzer_Tl/output/20240721010459/config/fileSys_99.json
2024-07-21 01:05:03,857 - Starting post-processing for simulation 99
2024-07-21 01:05:03,857 - Starting post-processing
2024-07-21 01:05:03,857 - First blocking state step: 2
2024-07-21 01:05:03,858 - Post-processed file saved to: ./FMMFSM_analyzer_Tl/output/20240721010459/computed/file1_99/result/file1_99PostProcessed_Result.json
2024-07-21 01:05:03,858 - Last file created: 99
