2024-07-18 13:35:56,191 - Command executed: run.py /Users/angelcui/Documents/GitHub/FMMFSM_simulator/FMMFSM_analyzer_Tl/config/file1.json /Users/angelcui/Documents/GitHub/FMMFSM_simulator/FMMFSM_analyzer_Tl/config/fileSys.json --num 10 --iter 20 --postp
2024-07-18 13:35:56,193 - File created: ./output/20240718133556/config/file1_0.json
2024-07-18 13:35:56,193 - File created: ./output/20240718133556/config/fileSys_0.json
2024-07-18 13:35:56,241 - Starting post-processing for simulation 0
2024-07-18 13:35:56,241 - Starting post-processing
2024-07-18 13:35:56,241 - First blocking state step: 4
2024-07-18 13:35:56,241 - Post-processed file saved to: ./output/20240718133556/computed/file1_0/result/file1_0PostProcessed_Result.json
2024-07-18 13:35:56,242 - First file created: 0
2024-07-18 13:35:56,243 - File created: ./output/20240718133556/config/file1_1.json
2024-07-18 13:35:56,243 - File created: ./output/20240718133556/config/fileSys_1.json
2024-07-18 13:35:56,287 - Starting post-processing for simulation 1
2024-07-18 13:35:56,287 - Starting post-processing
2024-07-18 13:35:56,287 - First blocking state step: 6
2024-07-18 13:35:56,288 - Post-processed file saved to: ./output/20240718133556/computed/file1_1/result/file1_1PostProcessed_Result.json
2024-07-18 13:35:56,289 - File created: ./output/20240718133556/config/file1_2.json
2024-07-18 13:35:56,289 - File created: ./output/20240718133556/config/fileSys_2.json
2024-07-18 13:35:56,336 - Starting post-processing for simulation 2
2024-07-18 13:35:56,336 - Starting post-processing
2024-07-18 13:35:56,336 - First blocking state step: 9
2024-07-18 13:35:56,337 - Post-processed file saved to: ./output/20240718133556/computed/file1_2/result/file1_2PostProcessed_Result.json
2024-07-18 13:35:56,338 - File created: ./output/20240718133556/config/file1_3.json
2024-07-18 13:35:56,338 - File created: ./output/20240718133556/config/fileSys_3.json
2024-07-18 13:35:56,382 - Starting post-processing for simulation 3
2024-07-18 13:35:56,382 - Starting post-processing
2024-07-18 13:35:56,382 - First blocking state step: None
2024-07-18 13:35:56,384 - Post-processed file saved to: ./output/20240718133556/computed/file1_3/result/file1_3PostProcessed_Result.json
2024-07-18 13:35:56,385 - File created: ./output/20240718133556/config/file1_4.json
2024-07-18 13:35:56,385 - File created: ./output/20240718133556/config/fileSys_4.json
2024-07-18 13:35:56,431 - Starting post-processing for simulation 4
2024-07-18 13:35:56,431 - Starting post-processing
2024-07-18 13:35:56,432 - First blocking state step: None
2024-07-18 13:35:56,432 - Post-processed file saved to: ./output/20240718133556/computed/file1_4/result/file1_4PostProcessed_Result.json
2024-07-18 13:35:56,433 - File created: ./output/20240718133556/config/file1_5.json
2024-07-18 13:35:56,434 - File created: ./output/20240718133556/config/fileSys_5.json
2024-07-18 13:35:56,479 - Starting post-processing for simulation 5
2024-07-18 13:35:56,479 - Starting post-processing
2024-07-18 13:35:56,479 - First blocking state step: None
2024-07-18 13:35:56,480 - Post-processed file saved to: ./output/20240718133556/computed/file1_5/result/file1_5PostProcessed_Result.json
2024-07-18 13:35:56,481 - File created: ./output/20240718133556/config/file1_6.json
2024-07-18 13:35:56,482 - File created: ./output/20240718133556/config/fileSys_6.json
2024-07-18 13:35:56,527 - Starting post-processing for simulation 6
2024-07-18 13:35:56,527 - Starting post-processing
2024-07-18 13:35:56,527 - First blocking state step: 6
2024-07-18 13:35:56,528 - Post-processed file saved to: ./output/20240718133556/computed/file1_6/result/file1_6PostProcessed_Result.json
2024-07-18 13:35:56,529 - File created: ./output/20240718133556/config/file1_7.json
2024-07-18 13:35:56,529 - File created: ./output/20240718133556/config/fileSys_7.json
2024-07-18 13:35:56,574 - Starting post-processing for simulation 7
2024-07-18 13:35:56,574 - Starting post-processing
2024-07-18 13:35:56,575 - First blocking state step: None
2024-07-18 13:35:56,575 - Post-processed file saved to: ./output/20240718133556/computed/file1_7/result/file1_7PostProcessed_Result.json
2024-07-18 13:35:56,576 - File created: ./output/20240718133556/config/file1_8.json
2024-07-18 13:35:56,577 - File created: ./output/20240718133556/config/fileSys_8.json
2024-07-18 13:35:56,627 - Starting post-processing for simulation 8
2024-07-18 13:35:56,627 - Starting post-processing
2024-07-18 13:35:56,627 - First blocking state step: None
2024-07-18 13:35:56,628 - Post-processed file saved to: ./output/20240718133556/computed/file1_8/result/file1_8PostProcessed_Result.json
2024-07-18 13:35:56,630 - File created: ./output/20240718133556/config/file1_9.json
2024-07-18 13:35:56,630 - File created: ./output/20240718133556/config/fileSys_9.json
2024-07-18 13:35:56,683 - Starting post-processing for simulation 9
2024-07-18 13:35:56,684 - Starting post-processing
2024-07-18 13:35:56,684 - First blocking state step: 5
2024-07-18 13:35:56,685 - Post-processed file saved to: ./output/20240718133556/computed/file1_9/result/file1_9PostProcessed_Result.json
2024-07-18 13:35:56,686 - File created: ./output/20240718133556/config/file1_10.json
2024-07-18 13:35:56,686 - File created: ./output/20240718133556/config/fileSys_10.json
2024-07-18 13:35:56,761 - Starting post-processing for simulation 10
2024-07-18 13:35:56,761 - Starting post-processing
2024-07-18 13:35:56,761 - First blocking state step: None
2024-07-18 13:35:56,762 - Post-processed file saved to: ./output/20240718133556/computed/file1_10/result/file1_10PostProcessed_Result.json
2024-07-18 13:35:56,764 - File created: ./output/20240718133556/config/file1_11.json
2024-07-18 13:35:56,765 - File created: ./output/20240718133556/config/fileSys_11.json
2024-07-18 13:35:56,828 - Starting post-processing for simulation 11
2024-07-18 13:35:56,828 - Starting post-processing
2024-07-18 13:35:56,829 - First blocking state step: 7
2024-07-18 13:35:56,829 - Post-processed file saved to: ./output/20240718133556/computed/file1_11/result/file1_11PostProcessed_Result.json
2024-07-18 13:35:56,831 - File created: ./output/20240718133556/config/file1_12.json
2024-07-18 13:35:56,831 - File created: ./output/20240718133556/config/fileSys_12.json
2024-07-18 13:35:56,878 - Starting post-processing for simulation 12
2024-07-18 13:35:56,878 - Starting post-processing
2024-07-18 13:35:56,878 - First blocking state step: 6
2024-07-18 13:35:56,879 - Post-processed file saved to: ./output/20240718133556/computed/file1_12/result/file1_12PostProcessed_Result.json
2024-07-18 13:35:56,880 - File created: ./output/20240718133556/config/file1_13.json
2024-07-18 13:35:56,880 - File created: ./output/20240718133556/config/fileSys_13.json
2024-07-18 13:35:56,927 - Starting post-processing for simulation 13
2024-07-18 13:35:56,927 - Starting post-processing
2024-07-18 13:35:56,928 - First blocking state step: 5
2024-07-18 13:35:56,928 - Post-processed file saved to: ./output/20240718133556/computed/file1_13/result/file1_13PostProcessed_Result.json
2024-07-18 13:35:56,929 - File created: ./output/20240718133556/config/file1_14.json
2024-07-18 13:35:56,930 - File created: ./output/20240718133556/config/fileSys_14.json
2024-07-18 13:35:56,973 - Starting post-processing for simulation 14
2024-07-18 13:35:56,973 - Starting post-processing
2024-07-18 13:35:56,973 - First blocking state step: 6
2024-07-18 13:35:56,973 - Post-processed file saved to: ./output/20240718133556/computed/file1_14/result/file1_14PostProcessed_Result.json
2024-07-18 13:35:56,974 - File created: ./output/20240718133556/config/file1_15.json
2024-07-18 13:35:56,975 - File created: ./output/20240718133556/config/fileSys_15.json
2024-07-18 13:35:57,019 - Starting post-processing for simulation 15
2024-07-18 13:35:57,020 - Starting post-processing
2024-07-18 13:35:57,020 - First blocking state step: 9
2024-07-18 13:35:57,020 - Post-processed file saved to: ./output/20240718133556/computed/file1_15/result/file1_15PostProcessed_Result.json
2024-07-18 13:35:57,021 - File created: ./output/20240718133556/config/file1_16.json
2024-07-18 13:35:57,022 - File created: ./output/20240718133556/config/fileSys_16.json
2024-07-18 13:35:57,064 - Starting post-processing for simulation 16
2024-07-18 13:35:57,064 - Starting post-processing
2024-07-18 13:35:57,064 - First blocking state step: 1
2024-07-18 13:35:57,065 - Post-processed file saved to: ./output/20240718133556/computed/file1_16/result/file1_16PostProcessed_Result.json
2024-07-18 13:35:57,066 - File created: ./output/20240718133556/config/file1_17.json
2024-07-18 13:35:57,067 - File created: ./output/20240718133556/config/fileSys_17.json
2024-07-18 13:35:57,113 - Starting post-processing for simulation 17
2024-07-18 13:35:57,113 - Starting post-processing
2024-07-18 13:35:57,113 - First blocking state step: None
2024-07-18 13:35:57,114 - Post-processed file saved to: ./output/20240718133556/computed/file1_17/result/file1_17PostProcessed_Result.json
2024-07-18 13:35:57,115 - File created: ./output/20240718133556/config/file1_18.json
2024-07-18 13:35:57,115 - File created: ./output/20240718133556/config/fileSys_18.json
2024-07-18 13:35:57,214 - Starting post-processing for simulation 18
2024-07-18 13:35:57,214 - Starting post-processing
2024-07-18 13:35:57,215 - First blocking state step: 3
2024-07-18 13:35:57,224 - Post-processed file saved to: ./output/20240718133556/computed/file1_18/result/file1_18PostProcessed_Result.json
2024-07-18 13:35:57,226 - File created: ./output/20240718133556/config/file1_19.json
2024-07-18 13:35:57,227 - File created: ./output/20240718133556/config/fileSys_19.json
2024-07-18 13:35:57,288 - Starting post-processing for simulation 19
2024-07-18 13:35:57,288 - Starting post-processing
2024-07-18 13:35:57,288 - First blocking state step: 6
2024-07-18 13:35:57,289 - Post-processed file saved to: ./output/20240718133556/computed/file1_19/result/file1_19PostProcessed_Result.json
2024-07-18 13:35:57,289 - Last file created: 19
